--------------- Build Started: 05/25/2020 11:38:55 Project: AY1920_II_HW_FINAL_CARZANIGA_GUALNIERA, Configuration: ARM GCC 5.4-2016-q2-update Debug ---------------
cydsfit.exe -.appdatapath "C:\Users\Lory\AppData\Local\Cypress Semiconductor\PSoC Creator\4.3" -.fdsnotice -.fdswarpdepfile=warp_dependencies.txt -.fdselabdepfile=elab_dependencies.txt -.fdsbldfile=generated_files.txt -.fdsreffile=referenced_files.txt -p C:\Users\Lory\Desktop\info_projects\git_repositories\PSoC-Final-Project\AY1920_II_HW_FINAL_CARZANIGA_GUALNIERA\AY1920_II_HW_FINAL_CARZANIGA_GUALNIERA.cydsn\AY1920_II_HW_FINAL_CARZANIGA_GUALNIERA.cyprj -d CY8C5888LTI-LP097 -s C:\Users\Lory\Desktop\info_projects\git_repositories\PSoC-Final-Project\AY1920_II_HW_FINAL_CARZANIGA_GUALNIERA\AY1920_II_HW_FINAL_CARZANIGA_GUALNIERA.cydsn\Generated_Source\PSoC5 -- -yv2 -q10 -ygs -o2 -v3 -.fftcfgtype=LE
Elaborating Design...
ADD: fit.M0032: warning: Clock Warning: (MAIN_CLOCK's accuracy range '1  Hz -50% +100%, (0.5  Hz - 2  Hz)' is not within the specified tolerance range '1  Hz'.).
 * C:\Users\Lory\Desktop\info_projects\git_repositories\PSoC-Final-Project\AY1920_II_HW_FINAL_CARZANIGA_GUALNIERA\AY1920_II_HW_FINAL_CARZANIGA_GUALNIERA.cydsn\AY1920_II_HW_FINAL_CARZANIGA_GUALNIERA.cydwr (MAIN_CLOCK)
 * C:\Users\Lory\Desktop\info_projects\git_repositories\PSoC-Final-Project\AY1920_II_HW_FINAL_CARZANIGA_GUALNIERA\AY1920_II_HW_FINAL_CARZANIGA_GUALNIERA.cydsn\TopDesign\TopDesign.cysch (Instance:MAIN_CLOCK)
HDL Generation...
Synthesis...
Tech Mapping...
Analog Placement...
Info: apr.M0002: Analog signal "\ADC_DELSIG:Net_35\" is connected to one terminal only. (App=cydsfit)
Analog Routing...
Analog Code Generation...
Digital Placement...
Digital Routing...
Bitstream Generation...
Bitstream Verification...
Static timing analysis...
API Generation...
Dependency Generation...
Cleanup...
--------------- Build Skipped: 05/25/2020 11:39:18 ---------------
