--------------- Rebuild Started: 05/27/2020 13:25:15 Project: AY1920_II_HW_FINAL_CARZANIGA_GUALNIERA, Configuration: ARM GCC 5.4-2016-q2-update Debug ---------------
Deleting file ".\CortexM3\ARM_GCC_541\Debug\main.o"
Deleting file ".\CortexM3\ARM_GCC_541\Debug\InterruptRoutines.o"
Deleting file ".\CortexM3\ARM_GCC_541\Debug\SPI_Interface.o"
Deleting file ".\CortexM3\ARM_GCC_541\Debug\25LC256.o"
Deleting file ".\CortexM3\ARM_GCC_541\Debug\RGB_Driver.o"
Deleting file ".\CortexM3\ARM_GCC_541\Debug\LIS3DH.o"
Deleting file ".\CortexM3\ARM_GCC_541\Debug\Notifications.o"
Deleting file ".\CortexM3\ARM_GCC_541\Debug\LogUtils.o"
Deleting file ".\CortexM3\ARM_GCC_541\Debug\cyfitter_cfg.o"
Deleting file ".\CortexM3\ARM_GCC_541\Debug\cymetadata.o"
Deleting file ".\CortexM3\ARM_GCC_541\Debug\BUTTON_CLOCK.o"
Deleting file ".\CortexM3\ARM_GCC_541\Debug\ISR_CONFIG.o"
Deleting file ".\CortexM3\ARM_GCC_541\Debug\PWM_CLOCK.o"
Deleting file ".\CortexM3\ARM_GCC_541\Debug\PWM_RG.o"
Deleting file ".\CortexM3\ARM_GCC_541\Debug\PWM_RG_PM.o"
Deleting file ".\CortexM3\ARM_GCC_541\Debug\PWM_B.o"
Deleting file ".\CortexM3\ARM_GCC_541\Debug\PWM_B_PM.o"
Deleting file ".\CortexM3\ARM_GCC_541\Debug\GREEN_PIN.o"
Deleting file ".\CortexM3\ARM_GCC_541\Debug\RED_PIN.o"
Deleting file ".\CortexM3\ARM_GCC_541\Debug\BLUE_PIN.o"
Deleting file ".\CortexM3\ARM_GCC_541\Debug\ISR_START.o"
Deleting file ".\CortexM3\ARM_GCC_541\Debug\BUTTON_PIN.o"
Deleting file ".\CortexM3\ARM_GCC_541\Debug\UART.o"
Deleting file ".\CortexM3\ARM_GCC_541\Debug\UART_PM.o"
Deleting file ".\CortexM3\ARM_GCC_541\Debug\UART_INT.o"
Deleting file ".\CortexM3\ARM_GCC_541\Debug\UART_BOOT.o"
Deleting file ".\CortexM3\ARM_GCC_541\Debug\UART_IntClock.o"
Deleting file ".\CortexM3\ARM_GCC_541\Debug\Cm3Start.o"
Deleting file ".\CortexM3\ARM_GCC_541\Debug\CyBootAsmGnu.o"
Deleting file ".\CortexM3\ARM_GCC_541\Debug\CyDmac.o"
Deleting file ".\CortexM3\ARM_GCC_541\Debug\CyFlash.o"
Deleting file ".\CortexM3\ARM_GCC_541\Debug\CyLib.o"
Deleting file ".\CortexM3\ARM_GCC_541\Debug\cyPm.o"
Deleting file ".\CortexM3\ARM_GCC_541\Debug\CySpc.o"
Deleting file ".\CortexM3\ARM_GCC_541\Debug\cyutils.o"
Deleting file ".\CortexM3\ARM_GCC_541\Debug\cy_em_eeprom.o"
Deleting file ".\CortexM3\ARM_GCC_541\Debug\RX_PIN.o"
Deleting file ".\CortexM3\ARM_GCC_541\Debug\ONBOARD_LED.o"
Deleting file ".\CortexM3\ARM_GCC_541\Debug\BUTTON_TIMER.o"
Deleting file ".\CortexM3\ARM_GCC_541\Debug\BUTTON_TIMER_PM.o"
Deleting file ".\CortexM3\ARM_GCC_541\Debug\CS_IMU.o"
Deleting file ".\CortexM3\ARM_GCC_541\Debug\CS_EEPROM.o"
Deleting file ".\CortexM3\ARM_GCC_541\Debug\PWM_NOTIFY.o"
Deleting file ".\CortexM3\ARM_GCC_541\Debug\PWM_NOTIFY_PM.o"
Deleting file ".\CortexM3\ARM_GCC_541\Debug\NOTIFY_CLOCK.o"
Deleting file ".\CortexM3\ARM_GCC_541\Debug\CLICK_TIMER.o"
Deleting file ".\CortexM3\ARM_GCC_541\Debug\CLICK_TIMER_PM.o"
Deleting file ".\CortexM3\ARM_GCC_541\Debug\INT1_PIN.o"
Deleting file ".\CortexM3\ARM_GCC_541\Debug\ISR_IMU.o"
Deleting file ".\CortexM3\ARM_GCC_541\Debug\MISO_IMU.o"
Deleting file ".\CortexM3\ARM_GCC_541\Debug\MOSI_IMU.o"
Deleting file ".\CortexM3\ARM_GCC_541\Debug\SCLK_IMU.o"
Deleting file ".\CortexM3\ARM_GCC_541\Debug\SPIM_IMU.o"
Deleting file ".\CortexM3\ARM_GCC_541\Debug\SPIM_IMU_PM.o"
Deleting file ".\CortexM3\ARM_GCC_541\Debug\SPIM_IMU_INT.o"
Deleting file ".\CortexM3\ARM_GCC_541\Debug\SPIM_EEPROM.o"
Deleting file ".\CortexM3\ARM_GCC_541\Debug\SPIM_EEPROM_PM.o"
Deleting file ".\CortexM3\ARM_GCC_541\Debug\SPIM_EEPROM_INT.o"
Deleting file ".\CortexM3\ARM_GCC_541\Debug\MOSI_EEPROM.o"
Deleting file ".\CortexM3\ARM_GCC_541\Debug\SCLK_EEPROM.o"
Deleting file ".\CortexM3\ARM_GCC_541\Debug\MISO_EEPROM.o"
Deleting file ".\CortexM3\ARM_GCC_541\Debug\SPIM_IMU_IntClock.o"
Deleting file ".\CortexM3\ARM_GCC_541\Debug\SPIM_EEPROM_IntClock.o"
Deleting file ".\CortexM3\ARM_GCC_541\Debug\MAIN_CLOCK.o"
Deleting file ".\CortexM3\ARM_GCC_541\Debug\MAIN_TIMER.o"
Deleting file ".\CortexM3\ARM_GCC_541\Debug\MAIN_TIMER_PM.o"
Deleting file ".\CortexM3\ARM_GCC_541\Debug\ADC_DELSIG.o"
Deleting file ".\CortexM3\ARM_GCC_541\Debug\ADC_DELSIG_PM.o"
Deleting file ".\CortexM3\ARM_GCC_541\Debug\ADC_DELSIG_INT.o"
Deleting file ".\CortexM3\ARM_GCC_541\Debug\POT_PIN.o"
Deleting file ".\CortexM3\ARM_GCC_541\Debug\ADC_DELSIG_AMux.o"
Deleting file ".\CortexM3\ARM_GCC_541\Debug\ADC_DELSIG_Ext_CP_Clk.o"
Deleting file ".\CortexM3\ARM_GCC_541\Debug\ADC_DELSIG_IRQ.o"
Deleting file ".\CortexM3\ARM_GCC_541\Debug\ADC_DELSIG_theACLK.o"
Deleting file ".\CortexM3\ARM_GCC_541\Debug\AY1920_II_HW_FINAL_CARZANIGA_GUALNIERA.hex"
Deleting file ".\CortexM3\ARM_GCC_541\Debug\AY1920_II_HW_FINAL_CARZANIGA_GUALNIERA.elf"
Deleting file ".\CortexM3\ARM_GCC_541\Debug\AY1920_II_HW_FINAL_CARZANIGA_GUALNIERA.map"
Deleting file ".\AY1920_II_HW_FINAL_CARZANIGA_GUALNIERA.cycdx"
Deleting file ".\AY1920_II_HW_FINAL_CARZANIGA_GUALNIERA.svd"
Deleting file ".\AY1920_II_HW_FINAL_CARZANIGA_GUALNIERA.rpt"
Deleting file ".\AY1920_II_HW_FINAL_CARZANIGA_GUALNIERA_timing.html"
Deleting file ".\CortexM3\ARM_GCC_541\Debug\.deps\SOURCE_C__ARM_GCC_GENERIC.P"
Deleting file ".\CortexM3\ARM_GCC_541\Debug\.deps\SOURCE_ASM__ARM_GCC_GENERIC.P"
cydsfit.exe -.appdatapath "C:\Users\Lory\AppData\Local\Cypress Semiconductor\PSoC Creator\4.3" -.fdsnotice -.fdswarpdepfile=warp_dependencies.txt -.fdselabdepfile=elab_dependencies.txt -.fdsbldfile=generated_files.txt -.fdsreffile=referenced_files.txt -p C:\Users\Lory\Desktop\info_projects\git_repositories\PSoC-Final-Project\AY1920_II_HW_FINAL_CARZANIGA_GUALNIERA\AY1920_II_HW_FINAL_CARZANIGA_GUALNIERA.cydsn\AY1920_II_HW_FINAL_CARZANIGA_GUALNIERA.cyprj -d CY8C5888LTI-LP097 -s C:\Users\Lory\Desktop\info_projects\git_repositories\PSoC-Final-Project\AY1920_II_HW_FINAL_CARZANIGA_GUALNIERA\AY1920_II_HW_FINAL_CARZANIGA_GUALNIERA.cydsn\Generated_Source\PSoC5 -- -yv2 -q10 -ygs -o2 -v3 -.fftcfgtype=LE
Elaborating Design...
ADD: fit.M0032: warning: Clock Warning: (MAIN_CLOCK's accuracy range '1  Hz -50% +100%, (0.5  Hz - 2  Hz)' is not within the specified tolerance range '1  Hz'.).
 * C:\Users\Lory\Desktop\info_projects\git_repositories\PSoC-Final-Project\AY1920_II_HW_FINAL_CARZANIGA_GUALNIERA\AY1920_II_HW_FINAL_CARZANIGA_GUALNIERA.cydsn\AY1920_II_HW_FINAL_CARZANIGA_GUALNIERA.cydwr (MAIN_CLOCK)
 * C:\Users\Lory\Desktop\info_projects\git_repositories\PSoC-Final-Project\AY1920_II_HW_FINAL_CARZANIGA_GUALNIERA\AY1920_II_HW_FINAL_CARZANIGA_GUALNIERA.cydsn\TopDesign\TopDesign.cysch (Instance:MAIN_CLOCK)
HDL Generation...
Synthesis...
Tech Mapping...
Analog Placement...
Info: apr.M0002: Analog signal "\ADC_DELSIG:Net_35\" is connected to one terminal only. (App=cydsfit)
Analog Routing...
Analog Code Generation...
Digital Placement...
Digital Routing...
Bitstream Generation...
Bitstream Verification...
Static timing analysis...
API Generation...
Dependency Generation...
Cleanup...
arm-none-eabi-gcc.exe -mcpu=cortex-m3 -mthumb -I. -IGenerated_Source\PSoC5 -Wa,-alh=.\CortexM3\ARM_GCC_541\Debug/main.lst -g -D DEBUG -D CY_CORE_ID=0 -Wall -ffunction-sections -ffat-lto-objects -Og -c main.c -o .\CortexM3\ARM_GCC_541\Debug\main.o
arm-none-eabi-gcc.exe -mcpu=cortex-m3 -mthumb -I. -IGenerated_Source\PSoC5 -Wa,-alh=.\CortexM3\ARM_GCC_541\Debug/InterruptRoutines.lst -g -D DEBUG -D CY_CORE_ID=0 -Wall -ffunction-sections -ffat-lto-objects -Og -c InterruptRoutines.c -o .\CortexM3\ARM_GCC_541\Debug\InterruptRoutines.o
arm-none-eabi-gcc.exe -mcpu=cortex-m3 -mthumb -I. -IGenerated_Source\PSoC5 -Wa,-alh=.\CortexM3\ARM_GCC_541\Debug/SPI_Interface.lst -g -D DEBUG -D CY_CORE_ID=0 -Wall -ffunction-sections -ffat-lto-objects -Og -c SPI_Interface.c -o .\CortexM3\ARM_GCC_541\Debug\SPI_Interface.o
arm-none-eabi-gcc.exe -mcpu=cortex-m3 -mthumb -I. -IGenerated_Source\PSoC5 -Wa,-alh=.\CortexM3\ARM_GCC_541\Debug/25LC256.lst -g -D DEBUG -D CY_CORE_ID=0 -Wall -ffunction-sections -ffat-lto-objects -Og -c 25LC256.c -o .\CortexM3\ARM_GCC_541\Debug\25LC256.o
arm-none-eabi-gcc.exe -mcpu=cortex-m3 -mthumb -I. -IGenerated_Source\PSoC5 -Wa,-alh=.\CortexM3\ARM_GCC_541\Debug/RGB_Driver.lst -g -D DEBUG -D CY_CORE_ID=0 -Wall -ffunction-sections -ffat-lto-objects -Og -c RGB_Driver.c -o .\CortexM3\ARM_GCC_541\Debug\RGB_Driver.o
arm-none-eabi-gcc.exe -mcpu=cortex-m3 -mthumb -I. -IGenerated_Source\PSoC5 -Wa,-alh=.\CortexM3\ARM_GCC_541\Debug/LIS3DH.lst -g -D DEBUG -D CY_CORE_ID=0 -Wall -ffunction-sections -ffat-lto-objects -Og -c LIS3DH.c -o .\CortexM3\ARM_GCC_541\Debug\LIS3DH.o
arm-none-eabi-gcc.exe -mcpu=cortex-m3 -mthumb -I. -IGenerated_Source\PSoC5 -Wa,-alh=.\CortexM3\ARM_GCC_541\Debug/Notifications.lst -g -D DEBUG -D CY_CORE_ID=0 -Wall -ffunction-sections -ffat-lto-objects -Og -c Notifications.c -o .\CortexM3\ARM_GCC_541\Debug\Notifications.o
arm-none-eabi-gcc.exe -mcpu=cortex-m3 -mthumb -I. -IGenerated_Source\PSoC5 -Wa,-alh=.\CortexM3\ARM_GCC_541\Debug/LogUtils.lst -g -D DEBUG -D CY_CORE_ID=0 -Wall -ffunction-sections -ffat-lto-objects -Og -c LogUtils.c -o .\CortexM3\ARM_GCC_541\Debug\LogUtils.o
arm-none-eabi-gcc.exe -mcpu=cortex-m3 -mthumb -I. -IGenerated_Source\PSoC5 -Wa,-alh=.\CortexM3\ARM_GCC_541\Debug/cyfitter_cfg.lst -g -D DEBUG -D CY_CORE_ID=0 -Wall -ffunction-sections -ffat-lto-objects -Og -c Generated_Source\PSoC5\cyfitter_cfg.c -o .\CortexM3\ARM_GCC_541\Debug\cyfitter_cfg.o
arm-none-eabi-gcc.exe -mcpu=cortex-m3 -mthumb -I. -IGenerated_Source\PSoC5 -Wa,-alh=.\CortexM3\ARM_GCC_541\Debug/cymetadata.lst -g -D DEBUG -D CY_CORE_ID=0 -Wall -ffunction-sections -ffat-lto-objects -Og -c Generated_Source\PSoC5\cymetadata.c -o .\CortexM3\ARM_GCC_541\Debug\cymetadata.o
arm-none-eabi-gcc.exe -mcpu=cortex-m3 -mthumb -I. -IGenerated_Source\PSoC5 -Wa,-alh=.\CortexM3\ARM_GCC_541\Debug/BUTTON_CLOCK.lst -g -D DEBUG -D CY_CORE_ID=0 -Wall -ffunction-sections -ffat-lto-objects -Og -c Generated_Source\PSoC5\BUTTON_CLOCK.c -o .\CortexM3\ARM_GCC_541\Debug\BUTTON_CLOCK.o
arm-none-eabi-gcc.exe -mcpu=cortex-m3 -mthumb -I. -IGenerated_Source\PSoC5 -Wa,-alh=.\CortexM3\ARM_GCC_541\Debug/ISR_CONFIG.lst -g -D DEBUG -D CY_CORE_ID=0 -Wall -ffunction-sections -ffat-lto-objects -Og -c Generated_Source\PSoC5\ISR_CONFIG.c -o .\CortexM3\ARM_GCC_541\Debug\ISR_CONFIG.o
arm-none-eabi-gcc.exe -mcpu=cortex-m3 -mthumb -I. -IGenerated_Source\PSoC5 -Wa,-alh=.\CortexM3\ARM_GCC_541\Debug/PWM_CLOCK.lst -g -D DEBUG -D CY_CORE_ID=0 -Wall -ffunction-sections -ffat-lto-objects -Og -c Generated_Source\PSoC5\PWM_CLOCK.c -o .\CortexM3\ARM_GCC_541\Debug\PWM_CLOCK.o
arm-none-eabi-gcc.exe -mcpu=cortex-m3 -mthumb -I. -IGenerated_Source\PSoC5 -Wa,-alh=.\CortexM3\ARM_GCC_541\Debug/PWM_RG.lst -g -D DEBUG -D CY_CORE_ID=0 -Wall -ffunction-sections -ffat-lto-objects -Og -c Generated_Source\PSoC5\PWM_RG.c -o .\CortexM3\ARM_GCC_541\Debug\PWM_RG.o
arm-none-eabi-gcc.exe -mcpu=cortex-m3 -mthumb -I. -IGenerated_Source\PSoC5 -Wa,-alh=.\CortexM3\ARM_GCC_541\Debug/PWM_RG_PM.lst -g -D DEBUG -D CY_CORE_ID=0 -Wall -ffunction-sections -ffat-lto-objects -Og -c Generated_Source\PSoC5\PWM_RG_PM.c -o .\CortexM3\ARM_GCC_541\Debug\PWM_RG_PM.o
arm-none-eabi-gcc.exe -mcpu=cortex-m3 -mthumb -I. -IGenerated_Source\PSoC5 -Wa,-alh=.\CortexM3\ARM_GCC_541\Debug/PWM_B.lst -g -D DEBUG -D CY_CORE_ID=0 -Wall -ffunction-sections -ffat-lto-objects -Og -c Generated_Source\PSoC5\PWM_B.c -o .\CortexM3\ARM_GCC_541\Debug\PWM_B.o
arm-none-eabi-gcc.exe -mcpu=cortex-m3 -mthumb -I. -IGenerated_Source\PSoC5 -Wa,-alh=.\CortexM3\ARM_GCC_541\Debug/PWM_B_PM.lst -g -D DEBUG -D CY_CORE_ID=0 -Wall -ffunction-sections -ffat-lto-objects -Og -c Generated_Source\PSoC5\PWM_B_PM.c -o .\CortexM3\ARM_GCC_541\Debug\PWM_B_PM.o
arm-none-eabi-gcc.exe -mcpu=cortex-m3 -mthumb -I. -IGenerated_Source\PSoC5 -Wa,-alh=.\CortexM3\ARM_GCC_541\Debug/GREEN_PIN.lst -g -D DEBUG -D CY_CORE_ID=0 -Wall -ffunction-sections -ffat-lto-objects -Og -c Generated_Source\PSoC5\GREEN_PIN.c -o .\CortexM3\ARM_GCC_541\Debug\GREEN_PIN.o
arm-none-eabi-gcc.exe -mcpu=cortex-m3 -mthumb -I. -IGenerated_Source\PSoC5 -Wa,-alh=.\CortexM3\ARM_GCC_541\Debug/RED_PIN.lst -g -D DEBUG -D CY_CORE_ID=0 -Wall -ffunction-sections -ffat-lto-objects -Og -c Generated_Source\PSoC5\RED_PIN.c -o .\CortexM3\ARM_GCC_541\Debug\RED_PIN.o
arm-none-eabi-gcc.exe -mcpu=cortex-m3 -mthumb -I. -IGenerated_Source\PSoC5 -Wa,-alh=.\CortexM3\ARM_GCC_541\Debug/BLUE_PIN.lst -g -D DEBUG -D CY_CORE_ID=0 -Wall -ffunction-sections -ffat-lto-objects -Og -c Generated_Source\PSoC5\BLUE_PIN.c -o .\CortexM3\ARM_GCC_541\Debug\BLUE_PIN.o
arm-none-eabi-gcc.exe -mcpu=cortex-m3 -mthumb -I. -IGenerated_Source\PSoC5 -Wa,-alh=.\CortexM3\ARM_GCC_541\Debug/ISR_START.lst -g -D DEBUG -D CY_CORE_ID=0 -Wall -ffunction-sections -ffat-lto-objects -Og -c Generated_Source\PSoC5\ISR_START.c -o .\CortexM3\ARM_GCC_541\Debug\ISR_START.o
arm-none-eabi-gcc.exe -mcpu=cortex-m3 -mthumb -I. -IGenerated_Source\PSoC5 -Wa,-alh=.\CortexM3\ARM_GCC_541\Debug/BUTTON_PIN.lst -g -D DEBUG -D CY_CORE_ID=0 -Wall -ffunction-sections -ffat-lto-objects -Og -c Generated_Source\PSoC5\BUTTON_PIN.c -o .\CortexM3\ARM_GCC_541\Debug\BUTTON_PIN.o
arm-none-eabi-gcc.exe -mcpu=cortex-m3 -mthumb -I. -IGenerated_Source\PSoC5 -Wa,-alh=.\CortexM3\ARM_GCC_541\Debug/UART.lst -g -D DEBUG -D CY_CORE_ID=0 -Wall -ffunction-sections -ffat-lto-objects -Og -c Generated_Source\PSoC5\UART.c -o .\CortexM3\ARM_GCC_541\Debug\UART.o
arm-none-eabi-gcc.exe -mcpu=cortex-m3 -mthumb -I. -IGenerated_Source\PSoC5 -Wa,-alh=.\CortexM3\ARM_GCC_541\Debug/UART_PM.lst -g -D DEBUG -D CY_CORE_ID=0 -Wall -ffunction-sections -ffat-lto-objects -Og -c Generated_Source\PSoC5\UART_PM.c -o .\CortexM3\ARM_GCC_541\Debug\UART_PM.o
arm-none-eabi-gcc.exe -mcpu=cortex-m3 -mthumb -I. -IGenerated_Source\PSoC5 -Wa,-alh=.\CortexM3\ARM_GCC_541\Debug/UART_INT.lst -g -D DEBUG -D CY_CORE_ID=0 -Wall -ffunction-sections -ffat-lto-objects -Og -c Generated_Source\PSoC5\UART_INT.c -o .\CortexM3\ARM_GCC_541\Debug\UART_INT.o
arm-none-eabi-gcc.exe -mcpu=cortex-m3 -mthumb -I. -IGenerated_Source\PSoC5 -Wa,-alh=.\CortexM3\ARM_GCC_541\Debug/UART_BOOT.lst -g -D DEBUG -D CY_CORE_ID=0 -Wall -ffunction-sections -ffat-lto-objects -Og -c Generated_Source\PSoC5\UART_BOOT.c -o .\CortexM3\ARM_GCC_541\Debug\UART_BOOT.o
arm-none-eabi-gcc.exe -mcpu=cortex-m3 -mthumb -I. -IGenerated_Source\PSoC5 -Wa,-alh=.\CortexM3\ARM_GCC_541\Debug/UART_IntClock.lst -g -D DEBUG -D CY_CORE_ID=0 -Wall -ffunction-sections -ffat-lto-objects -Og -c Generated_Source\PSoC5\UART_IntClock.c -o .\CortexM3\ARM_GCC_541\Debug\UART_IntClock.o
arm-none-eabi-gcc.exe -mcpu=cortex-m3 -mthumb -I. -IGenerated_Source\PSoC5 -Wa,-alh=.\CortexM3\ARM_GCC_541\Debug/Cm3Start.lst -g -D DEBUG -D CY_CORE_ID=0 -Wall -ffunction-sections -ffat-lto-objects -Og -c Generated_Source\PSoC5\Cm3Start.c -o .\CortexM3\ARM_GCC_541\Debug\Cm3Start.o
arm-none-eabi-gcc.exe -mcpu=cortex-m3 -mthumb -I. -IGenerated_Source\PSoC5 -Wa,-alh=.\CortexM3\ARM_GCC_541\Debug/CyDmac.lst -g -D DEBUG -D CY_CORE_ID=0 -Wall -ffunction-sections -ffat-lto-objects -Og -c Generated_Source\PSoC5\CyDmac.c -o .\CortexM3\ARM_GCC_541\Debug\CyDmac.o
arm-none-eabi-gcc.exe -mcpu=cortex-m3 -mthumb -I. -IGenerated_Source\PSoC5 -Wa,-alh=.\CortexM3\ARM_GCC_541\Debug/CyFlash.lst -g -D DEBUG -D CY_CORE_ID=0 -Wall -ffunction-sections -ffat-lto-objects -Og -c Generated_Source\PSoC5\CyFlash.c -o .\CortexM3\ARM_GCC_541\Debug\CyFlash.o
arm-none-eabi-gcc.exe -mcpu=cortex-m3 -mthumb -I. -IGenerated_Source\PSoC5 -Wa,-alh=.\CortexM3\ARM_GCC_541\Debug/CyLib.lst -g -D DEBUG -D CY_CORE_ID=0 -Wall -ffunction-sections -ffat-lto-objects -Og -c Generated_Source\PSoC5\CyLib.c -o .\CortexM3\ARM_GCC_541\Debug\CyLib.o
arm-none-eabi-gcc.exe -mcpu=cortex-m3 -mthumb -I. -IGenerated_Source\PSoC5 -Wa,-alh=.\CortexM3\ARM_GCC_541\Debug/cyPm.lst -g -D DEBUG -D CY_CORE_ID=0 -Wall -ffunction-sections -ffat-lto-objects -Og -c Generated_Source\PSoC5\cyPm.c -o .\CortexM3\ARM_GCC_541\Debug\cyPm.o
arm-none-eabi-gcc.exe -mcpu=cortex-m3 -mthumb -I. -IGenerated_Source\PSoC5 -Wa,-alh=.\CortexM3\ARM_GCC_541\Debug/CySpc.lst -g -D DEBUG -D CY_CORE_ID=0 -Wall -ffunction-sections -ffat-lto-objects -Og -c Generated_Source\PSoC5\CySpc.c -o .\CortexM3\ARM_GCC_541\Debug\CySpc.o
arm-none-eabi-gcc.exe -mcpu=cortex-m3 -mthumb -I. -IGenerated_Source\PSoC5 -Wa,-alh=.\CortexM3\ARM_GCC_541\Debug/cyutils.lst -g -D DEBUG -D CY_CORE_ID=0 -Wall -ffunction-sections -ffat-lto-objects -Og -c Generated_Source\PSoC5\cyutils.c -o .\CortexM3\ARM_GCC_541\Debug\cyutils.o
arm-none-eabi-gcc.exe -mcpu=cortex-m3 -mthumb -I. -IGenerated_Source\PSoC5 -Wa,-alh=.\CortexM3\ARM_GCC_541\Debug/cy_em_eeprom.lst -g -D DEBUG -D CY_CORE_ID=0 -Wall -ffunction-sections -ffat-lto-objects -Og -c Generated_Source\PSoC5\cy_em_eeprom.c -o .\CortexM3\ARM_GCC_541\Debug\cy_em_eeprom.o
arm-none-eabi-gcc.exe -mcpu=cortex-m3 -mthumb -I. -IGenerated_Source\PSoC5 -Wa,-alh=.\CortexM3\ARM_GCC_541\Debug/RX_PIN.lst -g -D DEBUG -D CY_CORE_ID=0 -Wall -ffunction-sections -ffat-lto-objects -Og -c Generated_Source\PSoC5\RX_PIN.c -o .\CortexM3\ARM_GCC_541\Debug\RX_PIN.o
arm-none-eabi-gcc.exe -mcpu=cortex-m3 -mthumb -I. -IGenerated_Source\PSoC5 -Wa,-alh=.\CortexM3\ARM_GCC_541\Debug/ONBOARD_LED.lst -g -D DEBUG -D CY_CORE_ID=0 -Wall -ffunction-sections -ffat-lto-objects -Og -c Generated_Source\PSoC5\ONBOARD_LED.c -o .\CortexM3\ARM_GCC_541\Debug\ONBOARD_LED.o
arm-none-eabi-gcc.exe -mcpu=cortex-m3 -mthumb -I. -IGenerated_Source\PSoC5 -Wa,-alh=.\CortexM3\ARM_GCC_541\Debug/BUTTON_TIMER.lst -g -D DEBUG -D CY_CORE_ID=0 -Wall -ffunction-sections -ffat-lto-objects -Og -c Generated_Source\PSoC5\BUTTON_TIMER.c -o .\CortexM3\ARM_GCC_541\Debug\BUTTON_TIMER.o
arm-none-eabi-gcc.exe -mcpu=cortex-m3 -mthumb -I. -IGenerated_Source\PSoC5 -Wa,-alh=.\CortexM3\ARM_GCC_541\Debug/BUTTON_TIMER_PM.lst -g -D DEBUG -D CY_CORE_ID=0 -Wall -ffunction-sections -ffat-lto-objects -Og -c Generated_Source\PSoC5\BUTTON_TIMER_PM.c -o .\CortexM3\ARM_GCC_541\Debug\BUTTON_TIMER_PM.o
arm-none-eabi-gcc.exe -mcpu=cortex-m3 -mthumb -I. -IGenerated_Source\PSoC5 -Wa,-alh=.\CortexM3\ARM_GCC_541\Debug/CS_IMU.lst -g -D DEBUG -D CY_CORE_ID=0 -Wall -ffunction-sections -ffat-lto-objects -Og -c Generated_Source\PSoC5\CS_IMU.c -o .\CortexM3\ARM_GCC_541\Debug\CS_IMU.o
arm-none-eabi-gcc.exe -mcpu=cortex-m3 -mthumb -I. -IGenerated_Source\PSoC5 -Wa,-alh=.\CortexM3\ARM_GCC_541\Debug/CS_EEPROM.lst -g -D DEBUG -D CY_CORE_ID=0 -Wall -ffunction-sections -ffat-lto-objects -Og -c Generated_Source\PSoC5\CS_EEPROM.c -o .\CortexM3\ARM_GCC_541\Debug\CS_EEPROM.o
arm-none-eabi-gcc.exe -mcpu=cortex-m3 -mthumb -I. -IGenerated_Source\PSoC5 -Wa,-alh=.\CortexM3\ARM_GCC_541\Debug/PWM_NOTIFY.lst -g -D DEBUG -D CY_CORE_ID=0 -Wall -ffunction-sections -ffat-lto-objects -Og -c Generated_Source\PSoC5\PWM_NOTIFY.c -o .\CortexM3\ARM_GCC_541\Debug\PWM_NOTIFY.o
arm-none-eabi-gcc.exe -mcpu=cortex-m3 -mthumb -I. -IGenerated_Source\PSoC5 -Wa,-alh=.\CortexM3\ARM_GCC_541\Debug/PWM_NOTIFY_PM.lst -g -D DEBUG -D CY_CORE_ID=0 -Wall -ffunction-sections -ffat-lto-objects -Og -c Generated_Source\PSoC5\PWM_NOTIFY_PM.c -o .\CortexM3\ARM_GCC_541\Debug\PWM_NOTIFY_PM.o
arm-none-eabi-gcc.exe -mcpu=cortex-m3 -mthumb -I. -IGenerated_Source\PSoC5 -Wa,-alh=.\CortexM3\ARM_GCC_541\Debug/NOTIFY_CLOCK.lst -g -D DEBUG -D CY_CORE_ID=0 -Wall -ffunction-sections -ffat-lto-objects -Og -c Generated_Source\PSoC5\NOTIFY_CLOCK.c -o .\CortexM3\ARM_GCC_541\Debug\NOTIFY_CLOCK.o
arm-none-eabi-gcc.exe -mcpu=cortex-m3 -mthumb -I. -IGenerated_Source\PSoC5 -Wa,-alh=.\CortexM3\ARM_GCC_541\Debug/CLICK_TIMER.lst -g -D DEBUG -D CY_CORE_ID=0 -Wall -ffunction-sections -ffat-lto-objects -Og -c Generated_Source\PSoC5\CLICK_TIMER.c -o .\CortexM3\ARM_GCC_541\Debug\CLICK_TIMER.o
arm-none-eabi-gcc.exe -mcpu=cortex-m3 -mthumb -I. -IGenerated_Source\PSoC5 -Wa,-alh=.\CortexM3\ARM_GCC_541\Debug/CLICK_TIMER_PM.lst -g -D DEBUG -D CY_CORE_ID=0 -Wall -ffunction-sections -ffat-lto-objects -Og -c Generated_Source\PSoC5\CLICK_TIMER_PM.c -o .\CortexM3\ARM_GCC_541\Debug\CLICK_TIMER_PM.o
arm-none-eabi-gcc.exe -mcpu=cortex-m3 -mthumb -I. -IGenerated_Source\PSoC5 -Wa,-alh=.\CortexM3\ARM_GCC_541\Debug/INT1_PIN.lst -g -D DEBUG -D CY_CORE_ID=0 -Wall -ffunction-sections -ffat-lto-objects -Og -c Generated_Source\PSoC5\INT1_PIN.c -o .\CortexM3\ARM_GCC_541\Debug\INT1_PIN.o
arm-none-eabi-gcc.exe -mcpu=cortex-m3 -mthumb -I. -IGenerated_Source\PSoC5 -Wa,-alh=.\CortexM3\ARM_GCC_541\Debug/ISR_IMU.lst -g -D DEBUG -D CY_CORE_ID=0 -Wall -ffunction-sections -ffat-lto-objects -Og -c Generated_Source\PSoC5\ISR_IMU.c -o .\CortexM3\ARM_GCC_541\Debug\ISR_IMU.o
arm-none-eabi-gcc.exe -mcpu=cortex-m3 -mthumb -I. -IGenerated_Source\PSoC5 -Wa,-alh=.\CortexM3\ARM_GCC_541\Debug/MISO_IMU.lst -g -D DEBUG -D CY_CORE_ID=0 -Wall -ffunction-sections -ffat-lto-objects -Og -c Generated_Source\PSoC5\MISO_IMU.c -o .\CortexM3\ARM_GCC_541\Debug\MISO_IMU.o
arm-none-eabi-gcc.exe -mcpu=cortex-m3 -mthumb -I. -IGenerated_Source\PSoC5 -Wa,-alh=.\CortexM3\ARM_GCC_541\Debug/MOSI_IMU.lst -g -D DEBUG -D CY_CORE_ID=0 -Wall -ffunction-sections -ffat-lto-objects -Og -c Generated_Source\PSoC5\MOSI_IMU.c -o .\CortexM3\ARM_GCC_541\Debug\MOSI_IMU.o
arm-none-eabi-gcc.exe -mcpu=cortex-m3 -mthumb -I. -IGenerated_Source\PSoC5 -Wa,-alh=.\CortexM3\ARM_GCC_541\Debug/SCLK_IMU.lst -g -D DEBUG -D CY_CORE_ID=0 -Wall -ffunction-sections -ffat-lto-objects -Og -c Generated_Source\PSoC5\SCLK_IMU.c -o .\CortexM3\ARM_GCC_541\Debug\SCLK_IMU.o
arm-none-eabi-gcc.exe -mcpu=cortex-m3 -mthumb -I. -IGenerated_Source\PSoC5 -Wa,-alh=.\CortexM3\ARM_GCC_541\Debug/SPIM_IMU.lst -g -D DEBUG -D CY_CORE_ID=0 -Wall -ffunction-sections -ffat-lto-objects -Og -c Generated_Source\PSoC5\SPIM_IMU.c -o .\CortexM3\ARM_GCC_541\Debug\SPIM_IMU.o
arm-none-eabi-gcc.exe -mcpu=cortex-m3 -mthumb -I. -IGenerated_Source\PSoC5 -Wa,-alh=.\CortexM3\ARM_GCC_541\Debug/SPIM_IMU_PM.lst -g -D DEBUG -D CY_CORE_ID=0 -Wall -ffunction-sections -ffat-lto-objects -Og -c Generated_Source\PSoC5\SPIM_IMU_PM.c -o .\CortexM3\ARM_GCC_541\Debug\SPIM_IMU_PM.o
arm-none-eabi-gcc.exe -mcpu=cortex-m3 -mthumb -I. -IGenerated_Source\PSoC5 -Wa,-alh=.\CortexM3\ARM_GCC_541\Debug/SPIM_IMU_INT.lst -g -D DEBUG -D CY_CORE_ID=0 -Wall -ffunction-sections -ffat-lto-objects -Og -c Generated_Source\PSoC5\SPIM_IMU_INT.c -o .\CortexM3\ARM_GCC_541\Debug\SPIM_IMU_INT.o
arm-none-eabi-gcc.exe -mcpu=cortex-m3 -mthumb -I. -IGenerated_Source\PSoC5 -Wa,-alh=.\CortexM3\ARM_GCC_541\Debug/SPIM_EEPROM.lst -g -D DEBUG -D CY_CORE_ID=0 -Wall -ffunction-sections -ffat-lto-objects -Og -c Generated_Source\PSoC5\SPIM_EEPROM.c -o .\CortexM3\ARM_GCC_541\Debug\SPIM_EEPROM.o
arm-none-eabi-gcc.exe -mcpu=cortex-m3 -mthumb -I. -IGenerated_Source\PSoC5 -Wa,-alh=.\CortexM3\ARM_GCC_541\Debug/SPIM_EEPROM_PM.lst -g -D DEBUG -D CY_CORE_ID=0 -Wall -ffunction-sections -ffat-lto-objects -Og -c Generated_Source\PSoC5\SPIM_EEPROM_PM.c -o .\CortexM3\ARM_GCC_541\Debug\SPIM_EEPROM_PM.o
arm-none-eabi-gcc.exe -mcpu=cortex-m3 -mthumb -I. -IGenerated_Source\PSoC5 -Wa,-alh=.\CortexM3\ARM_GCC_541\Debug/SPIM_EEPROM_INT.lst -g -D DEBUG -D CY_CORE_ID=0 -Wall -ffunction-sections -ffat-lto-objects -Og -c Generated_Source\PSoC5\SPIM_EEPROM_INT.c -o .\CortexM3\ARM_GCC_541\Debug\SPIM_EEPROM_INT.o
arm-none-eabi-gcc.exe -mcpu=cortex-m3 -mthumb -I. -IGenerated_Source\PSoC5 -Wa,-alh=.\CortexM3\ARM_GCC_541\Debug/MOSI_EEPROM.lst -g -D DEBUG -D CY_CORE_ID=0 -Wall -ffunction-sections -ffat-lto-objects -Og -c Generated_Source\PSoC5\MOSI_EEPROM.c -o .\CortexM3\ARM_GCC_541\Debug\MOSI_EEPROM.o
arm-none-eabi-gcc.exe -mcpu=cortex-m3 -mthumb -I. -IGenerated_Source\PSoC5 -Wa,-alh=.\CortexM3\ARM_GCC_541\Debug/SCLK_EEPROM.lst -g -D DEBUG -D CY_CORE_ID=0 -Wall -ffunction-sections -ffat-lto-objects -Og -c Generated_Source\PSoC5\SCLK_EEPROM.c -o .\CortexM3\ARM_GCC_541\Debug\SCLK_EEPROM.o
arm-none-eabi-gcc.exe -mcpu=cortex-m3 -mthumb -I. -IGenerated_Source\PSoC5 -Wa,-alh=.\CortexM3\ARM_GCC_541\Debug/MISO_EEPROM.lst -g -D DEBUG -D CY_CORE_ID=0 -Wall -ffunction-sections -ffat-lto-objects -Og -c Generated_Source\PSoC5\MISO_EEPROM.c -o .\CortexM3\ARM_GCC_541\Debug\MISO_EEPROM.o
arm-none-eabi-gcc.exe -mcpu=cortex-m3 -mthumb -I. -IGenerated_Source\PSoC5 -Wa,-alh=.\CortexM3\ARM_GCC_541\Debug/SPIM_IMU_IntClock.lst -g -D DEBUG -D CY_CORE_ID=0 -Wall -ffunction-sections -ffat-lto-objects -Og -c Generated_Source\PSoC5\SPIM_IMU_IntClock.c -o .\CortexM3\ARM_GCC_541\Debug\SPIM_IMU_IntClock.o
arm-none-eabi-gcc.exe -mcpu=cortex-m3 -mthumb -I. -IGenerated_Source\PSoC5 -Wa,-alh=.\CortexM3\ARM_GCC_541\Debug/SPIM_EEPROM_IntClock.lst -g -D DEBUG -D CY_CORE_ID=0 -Wall -ffunction-sections -ffat-lto-objects -Og -c Generated_Source\PSoC5\SPIM_EEPROM_IntClock.c -o .\CortexM3\ARM_GCC_541\Debug\SPIM_EEPROM_IntClock.o
arm-none-eabi-gcc.exe -mcpu=cortex-m3 -mthumb -I. -IGenerated_Source\PSoC5 -Wa,-alh=.\CortexM3\ARM_GCC_541\Debug/MAIN_CLOCK.lst -g -D DEBUG -D CY_CORE_ID=0 -Wall -ffunction-sections -ffat-lto-objects -Og -c Generated_Source\PSoC5\MAIN_CLOCK.c -o .\CortexM3\ARM_GCC_541\Debug\MAIN_CLOCK.o
arm-none-eabi-gcc.exe -mcpu=cortex-m3 -mthumb -I. -IGenerated_Source\PSoC5 -Wa,-alh=.\CortexM3\ARM_GCC_541\Debug/MAIN_TIMER.lst -g -D DEBUG -D CY_CORE_ID=0 -Wall -ffunction-sections -ffat-lto-objects -Og -c Generated_Source\PSoC5\MAIN_TIMER.c -o .\CortexM3\ARM_GCC_541\Debug\MAIN_TIMER.o
arm-none-eabi-gcc.exe -mcpu=cortex-m3 -mthumb -I. -IGenerated_Source\PSoC5 -Wa,-alh=.\CortexM3\ARM_GCC_541\Debug/MAIN_TIMER_PM.lst -g -D DEBUG -D CY_CORE_ID=0 -Wall -ffunction-sections -ffat-lto-objects -Og -c Generated_Source\PSoC5\MAIN_TIMER_PM.c -o .\CortexM3\ARM_GCC_541\Debug\MAIN_TIMER_PM.o
arm-none-eabi-gcc.exe -mcpu=cortex-m3 -mthumb -I. -IGenerated_Source\PSoC5 -Wa,-alh=.\CortexM3\ARM_GCC_541\Debug/ADC_DELSIG.lst -g -D DEBUG -D CY_CORE_ID=0 -Wall -ffunction-sections -ffat-lto-objects -Og -c Generated_Source\PSoC5\ADC_DELSIG.c -o .\CortexM3\ARM_GCC_541\Debug\ADC_DELSIG.o
arm-none-eabi-gcc.exe -mcpu=cortex-m3 -mthumb -I. -IGenerated_Source\PSoC5 -Wa,-alh=.\CortexM3\ARM_GCC_541\Debug/ADC_DELSIG_PM.lst -g -D DEBUG -D CY_CORE_ID=0 -Wall -ffunction-sections -ffat-lto-objects -Og -c Generated_Source\PSoC5\ADC_DELSIG_PM.c -o .\CortexM3\ARM_GCC_541\Debug\ADC_DELSIG_PM.o
arm-none-eabi-gcc.exe -mcpu=cortex-m3 -mthumb -I. -IGenerated_Source\PSoC5 -Wa,-alh=.\CortexM3\ARM_GCC_541\Debug/ADC_DELSIG_INT.lst -g -D DEBUG -D CY_CORE_ID=0 -Wall -ffunction-sections -ffat-lto-objects -Og -c Generated_Source\PSoC5\ADC_DELSIG_INT.c -o .\CortexM3\ARM_GCC_541\Debug\ADC_DELSIG_INT.o
arm-none-eabi-gcc.exe -mcpu=cortex-m3 -mthumb -I. -IGenerated_Source\PSoC5 -Wa,-alh=.\CortexM3\ARM_GCC_541\Debug/POT_PIN.lst -g -D DEBUG -D CY_CORE_ID=0 -Wall -ffunction-sections -ffat-lto-objects -Og -c Generated_Source\PSoC5\POT_PIN.c -o .\CortexM3\ARM_GCC_541\Debug\POT_PIN.o
arm-none-eabi-gcc.exe -mcpu=cortex-m3 -mthumb -I. -IGenerated_Source\PSoC5 -Wa,-alh=.\CortexM3\ARM_GCC_541\Debug/ADC_DELSIG_AMux.lst -g -D DEBUG -D CY_CORE_ID=0 -Wall -ffunction-sections -ffat-lto-objects -Og -c Generated_Source\PSoC5\ADC_DELSIG_AMux.c -o .\CortexM3\ARM_GCC_541\Debug\ADC_DELSIG_AMux.o
arm-none-eabi-gcc.exe -mcpu=cortex-m3 -mthumb -I. -IGenerated_Source\PSoC5 -Wa,-alh=.\CortexM3\ARM_GCC_541\Debug/ADC_DELSIG_Ext_CP_Clk.lst -g -D DEBUG -D CY_CORE_ID=0 -Wall -ffunction-sections -ffat-lto-objects -Og -c Generated_Source\PSoC5\ADC_DELSIG_Ext_CP_Clk.c -o .\CortexM3\ARM_GCC_541\Debug\ADC_DELSIG_Ext_CP_Clk.o
arm-none-eabi-gcc.exe -mcpu=cortex-m3 -mthumb -I. -IGenerated_Source\PSoC5 -Wa,-alh=.\CortexM3\ARM_GCC_541\Debug/ADC_DELSIG_IRQ.lst -g -D DEBUG -D CY_CORE_ID=0 -Wall -ffunction-sections -ffat-lto-objects -Og -c Generated_Source\PSoC5\ADC_DELSIG_IRQ.c -o .\CortexM3\ARM_GCC_541\Debug\ADC_DELSIG_IRQ.o
arm-none-eabi-gcc.exe -mcpu=cortex-m3 -mthumb -I. -IGenerated_Source\PSoC5 -Wa,-alh=.\CortexM3\ARM_GCC_541\Debug/ADC_DELSIG_theACLK.lst -g -D DEBUG -D CY_CORE_ID=0 -Wall -ffunction-sections -ffat-lto-objects -Og -c Generated_Source\PSoC5\ADC_DELSIG_theACLK.c -o .\CortexM3\ARM_GCC_541\Debug\ADC_DELSIG_theACLK.o
arm-none-eabi-as.exe -mcpu=cortex-m3 -mthumb -I. -IGenerated_Source\PSoC5 -alh=.\CortexM3\ARM_GCC_541\Debug/CyBootAsmGnu.lst -g -W -o .\CortexM3\ARM_GCC_541\Debug\CyBootAsmGnu.o Generated_Source\PSoC5\CyBootAsmGnu.s
arm-none-eabi-ar.exe -rs .\CortexM3\ARM_GCC_541\Debug\AY1920_II_HW_FINAL_CARZANIGA_GUALNIERA.a .\CortexM3\ARM_GCC_541\Debug\BUTTON_CLOCK.o .\CortexM3\ARM_GCC_541\Debug\ISR_CONFIG.o .\CortexM3\ARM_GCC_541\Debug\PWM_CLOCK.o .\CortexM3\ARM_GCC_541\Debug\PWM_RG.o .\CortexM3\ARM_GCC_541\Debug\PWM_RG_PM.o .\CortexM3\ARM_GCC_541\Debug\PWM_B.o .\CortexM3\ARM_GCC_541\Debug\PWM_B_PM.o .\CortexM3\ARM_GCC_541\Debug\GREEN_PIN.o .\CortexM3\ARM_GCC_541\Debug\RED_PIN.o .\CortexM3\ARM_GCC_541\Debug\BLUE_PIN.o .\CortexM3\ARM_GCC_541\Debug\ISR_START.o .\CortexM3\ARM_GCC_541\Debug\BUTTON_PIN.o .\CortexM3\ARM_GCC_541\Debug\UART.o .\CortexM3\ARM_GCC_541\Debug\UART_PM.o .\CortexM3\ARM_GCC_541\Debug\UART_INT.o .\CortexM3\ARM_GCC_541\Debug\UART_BOOT.o .\CortexM3\ARM_GCC_541\Debug\UART_IntClock.o .\CortexM3\ARM_GCC_541\Debug\CyDmac.o .\CortexM3\ARM_GCC_541\Debug\CyFlash.o .\CortexM3\ARM_GCC_541\Debug\CyLib.o .\CortexM3\ARM_GCC_541\Debug\cyPm.o .\CortexM3\ARM_GCC_541\Debug\CySpc.o .\CortexM3\ARM_GCC_541\Debug\cyutils.o .\CortexM3\ARM_GCC_541\Debug\cy_em_eeprom.o .\CortexM3\ARM_GCC_541\Debug\RX_PIN.o .\CortexM3\ARM_GCC_541\Debug\ONBOARD_LED.o .\CortexM3\ARM_GCC_541\Debug\BUTTON_TIMER.o .\CortexM3\ARM_GCC_541\Debug\BUTTON_TIMER_PM.o .\CortexM3\ARM_GCC_541\Debug\CS_IMU.o .\CortexM3\ARM_GCC_541\Debug\CS_EEPROM.o .\CortexM3\ARM_GCC_541\Debug\PWM_NOTIFY.o .\CortexM3\ARM_GCC_541\Debug\PWM_NOTIFY_PM.o .\CortexM3\ARM_GCC_541\Debug\NOTIFY_CLOCK.o .\CortexM3\ARM_GCC_541\Debug\CLICK_TIMER.o .\CortexM3\ARM_GCC_541\Debug\CLICK_TIMER_PM.o .\CortexM3\ARM_GCC_541\Debug\INT1_PIN.o .\CortexM3\ARM_GCC_541\Debug\ISR_IMU.o .\CortexM3\ARM_GCC_541\Debug\MISO_IMU.o .\CortexM3\ARM_GCC_541\Debug\MOSI_IMU.o .\CortexM3\ARM_GCC_541\Debug\SCLK_IMU.o .\CortexM3\ARM_GCC_541\Debug\SPIM_IMU.o .\CortexM3\ARM_GCC_541\Debug\SPIM_IMU_PM.o .\CortexM3\ARM_GCC_541\Debug\SPIM_IMU_INT.o .\CortexM3\ARM_GCC_541\Debug\SPIM_EEPROM.o .\CortexM3\ARM_GCC_541\Debug\SPIM_EEPROM_PM.o .\CortexM3\ARM_GCC_541\Debug\SPIM_EEPROM_INT.o .\CortexM3\ARM_GCC_541\Debug\MOSI_EEPROM.o .\CortexM3\ARM_GCC_541\Debug\SCLK_EEPROM.o .\CortexM3\ARM_GCC_541\Debug\MISO_EEPROM.o .\CortexM3\ARM_GCC_541\Debug\SPIM_IMU_IntClock.o .\CortexM3\ARM_GCC_541\Debug\SPIM_EEPROM_IntClock.o .\CortexM3\ARM_GCC_541\Debug\MAIN_CLOCK.o .\CortexM3\ARM_GCC_541\Debug\MAIN_TIMER.o .\CortexM3\ARM_GCC_541\Debug\MAIN_TIMER_PM.o .\CortexM3\ARM_GCC_541\Debug\ADC_DELSIG.o .\CortexM3\ARM_GCC_541\Debug\ADC_DELSIG_PM.o .\CortexM3\ARM_GCC_541\Debug\ADC_DELSIG_INT.o .\CortexM3\ARM_GCC_541\Debug\POT_PIN.o .\CortexM3\ARM_GCC_541\Debug\ADC_DELSIG_AMux.o .\CortexM3\ARM_GCC_541\Debug\ADC_DELSIG_Ext_CP_Clk.o .\CortexM3\ARM_GCC_541\Debug\ADC_DELSIG_IRQ.o .\CortexM3\ARM_GCC_541\Debug\ADC_DELSIG_theACLK.o .\CortexM3\ARM_GCC_541\Debug\CyBootAsmGnu.o
arm-none-eabi-ar.exe: creating .\CortexM3\ARM_GCC_541\Debug\AY1920_II_HW_FINAL_CARZANIGA_GUALNIERA.a
arm-none-eabi-gcc.exe -Wl,--start-group -o C:\Users\Lory\Desktop\info_projects\git_repositories\PSoC-Final-Project\AY1920_II_HW_FINAL_CARZANIGA_GUALNIERA\AY1920_II_HW_FINAL_CARZANIGA_GUALNIERA.cydsn\CortexM3\ARM_GCC_541\Debug\AY1920_II_HW_FINAL_CARZANIGA_GUALNIERA.elf .\CortexM3\ARM_GCC_541\Debug\main.o .\CortexM3\ARM_GCC_541\Debug\InterruptRoutines.o .\CortexM3\ARM_GCC_541\Debug\SPI_Interface.o .\CortexM3\ARM_GCC_541\Debug\25LC256.o .\CortexM3\ARM_GCC_541\Debug\RGB_Driver.o .\CortexM3\ARM_GCC_541\Debug\LIS3DH.o .\CortexM3\ARM_GCC_541\Debug\Notifications.o .\CortexM3\ARM_GCC_541\Debug\LogUtils.o .\CortexM3\ARM_GCC_541\Debug\cyfitter_cfg.o .\CortexM3\ARM_GCC_541\Debug\cymetadata.o .\CortexM3\ARM_GCC_541\Debug\Cm3Start.o .\CortexM3\ARM_GCC_541\Debug\AY1920_II_HW_FINAL_CARZANIGA_GUALNIERA.a "C:\Program Files (x86)\Cypress\PSoC Creator\4.3\PSoC Creator\psoc\content\cycomponentlibrary\CyComponentLibrary.cylib\CortexM3\ARM_GCC_541\Debug\CyComponentLibrary.a" -mcpu=cortex-m3 -mthumb -L Generated_Source\PSoC5 -Wl,-Map,.\CortexM3\ARM_GCC_541\Debug/AY1920_II_HW_FINAL_CARZANIGA_GUALNIERA.map -T Generated_Source\PSoC5\cm3gcc.ld -specs=nano.specs -Wl,--gc-sections -g -ffunction-sections -Og -ffat-lto-objects -Wl,--end-group
cyelftool.exe -C C:\Users\Lory\Desktop\info_projects\git_repositories\PSoC-Final-Project\AY1920_II_HW_FINAL_CARZANIGA_GUALNIERA\AY1920_II_HW_FINAL_CARZANIGA_GUALNIERA.cydsn\CortexM3\ARM_GCC_541\Debug\AY1920_II_HW_FINAL_CARZANIGA_GUALNIERA.elf --flash_row_size 256 --flash_size 262144 --flash_offset 0x00000000
No ELF section .cychecksum found, creating one
Application checksum calculated and stored in ELF section .cychecksum
Checksum calculated and stored in ELF section .cymeta
cyelftool.exe -S C:\Users\Lory\Desktop\info_projects\git_repositories\PSoC-Final-Project\AY1920_II_HW_FINAL_CARZANIGA_GUALNIERA\AY1920_II_HW_FINAL_CARZANIGA_GUALNIERA.cydsn\CortexM3\ARM_GCC_541\Debug\AY1920_II_HW_FINAL_CARZANIGA_GUALNIERA.elf
Flash used: 14848 of 262144 bytes (5,7%).
SRAM used: 3217 of 65536 bytes (4,9%). Stack: 2048 bytes. Heap: 128 bytes.
--------------- Rebuild Succeeded: 05/27/2020 13:26:07 ---------------
