#***************************************************************************

#sjplacer

#Version:            1.1

#Build Date:         Sep  9 2019 11:47:43

#File Generated:     May 26 2020 22:20:21

#Purpose:            

#Copyright (C) 2010-2011 by Softjin Technologies Pvt Ltd. All rights reserved.

#***************************************************************************

Executing : C:\Program Files (x86)\Cypress\PSoC Creator\4.3\PSoC Creator\bin/sjplacer.exe --proj-name AY1920_II_HW_FINAL_CARZANIGA_GUALNIERA --netlist-vh2 AY1920_II_HW_FINAL_CARZANIGA_GUALNIERA_p.vh2 --arch p35_udb4x6 --arch-file C:\Program Files (x86)\Cypress\PSoC Creator\4.3\PSoC Creator\dev\arch/udbdsi_4x6_24.cydata --ip-file C:\Program Files (x86)\Cypress\PSoC Creator\4.3\PSoC Creator\dev\psoc5/psoc5lp/ip_blocks.cydata --rrg-file C:\Program Files (x86)\Cypress\PSoC Creator\4.3\PSoC Creator\dev\psoc5/psoc5lp/route_arch-rrg.cydata --irq-file C:\Program Files (x86)\Cypress\PSoC Creator\4.3\PSoC Creator\dev\psoc5/psoc5lp/irqconn.cydata --drq-file C:\Program Files (x86)\Cypress\PSoC Creator\4.3\PSoC Creator\dev\psoc5/psoc5lp/dmaconn.cydata --dsi-conn-file C:\Program Files (x86)\Cypress\PSoC Creator\4.3\PSoC Creator\dev\psoc5/psoc5lp/dsiconn.cydata --pins-file pins_68-QFN.xml --lib-file AY1920_II_HW_FINAL_CARZANIGA_GUALNIERA_p.lib --sdc-file AY1920_II_HW_FINAL_CARZANIGA_GUALNIERA.sdc --io-pcf AY1920_II_HW_FINAL_CARZANIGA_GUALNIERA.pci --outdir .

		Softjin Techologies Placer, Version 1.1

Build Date : Sep  9 2019	11:45:12

D2004: Option and Settings Summary
=============================================================
Netlist vh2 file          - AY1920_II_HW_FINAL_CARZANIGA_GUALNIERA_p.vh2
Architecture file         - C:\Program Files (x86)\Cypress\PSoC Creator\4.3\PSoC Creator\dev\arch/udbdsi_4x6_24.cydata
Package                   - 
Defparam file             - 
SDC file                  - AY1920_II_HW_FINAL_CARZANIGA_GUALNIERA.sdc
Output directory          - .
Timing library            - AY1920_II_HW_FINAL_CARZANIGA_GUALNIERA_p.lib
IO Placement file         - AY1920_II_HW_FINAL_CARZANIGA_GUALNIERA.pci

D2050: Starting reading inputs for placer
=============================================================
D2065: Reading netlist file : "AY1920_II_HW_FINAL_CARZANIGA_GUALNIERA_p.vh2"
D2065: Reading arch file : "C:\Program Files (x86)\Cypress\PSoC Creator\4.3\PSoC Creator\dev\arch/udbdsi_4x6_24.cydata"
D2051: Reading of inputs for placer completed successfully

D2053: Starting placement of the design
=============================================================

Phase 2
Phase 3

Design Statistics after Packing
    Number of Combinational MCs 	:	24
    Number of Sequential MCs    	:	55
    Number of DPs               	:	9
    Number of Controls          	:	7
    Number of Status            	:	10
    Number of SyncCells         	:	0
    Number of count7cells       	:	3

Device Utilization Summary after Packing
    Macrocells                  :	79/192
    UDBS                        :	13/24
    IOs                         :	17/72


D2088: Phase 3, elapsed time : 0.0 (sec)

Phase 4
D2088: Phase 4, elapsed time : 0.0 (sec)

Phase 5
D2088: Phase 5, elapsed time : 0.0 (sec)

Phase 6

######################################################################
Placement Timing Summary

The timing summary is based on estimated routing delays after
placement. For final timing report, please carry out the timing
analysis after routing.
======================================================================

######################################################################
                     Clock Summary 
======================================================================
Number of clocks: 19
Clock: ADC_DELSIG_Ext_CP_Clk | Frequency: N/A       | Target:  24.0 MHz
Clock: ADC_DELSIG_Ext_CP_Clk(routed) | Frequency: N/A       | Target:  24.0 MHz
Clock: ADC_DELSIG_theACLK   | Frequency: N/A       | Target:   0.1 MHz
Clock: ADC_DELSIG_theACLK(fixed-function) | Frequency: N/A       | Target:   0.1 MHz
Clock: BUTTON_CLOCK         | Frequency:  48.1 MHz | Target:   0.0 MHz
Clock: BUTTON_CLOCK(fixed-function) | Frequency: N/A       | Target:   0.0 MHz
Clock: CyBUS_CLK            | Frequency: N/A       | Target:  24.0 MHz
Clock: CyILO                | Frequency: N/A       | Target:   0.0 MHz
Clock: CyIMO                | Frequency: N/A       | Target:   3.0 MHz
Clock: CyMASTER_CLK         | Frequency: N/A       | Target:  24.0 MHz
Clock: CyPLL_OUT            | Frequency: N/A       | Target:  24.0 MHz
Clock: MAIN_CLOCK           | Frequency: N/A       | Target:   0.0 MHz
Clock: MAIN_CLOCK(fixed-function) | Frequency: N/A       | Target:   0.0 MHz
Clock: NOTIFY_CLOCK         | Frequency:  48.5 MHz | Target:   0.0 MHz
Clock: PWM_CLOCK            | Frequency:  85.3 MHz | Target:   0.1 MHz
Clock: SPIM_EEPROM_IntClock | Frequency:  65.0 MHz | Target:   6.0 MHz
Clock: SPIM_IMU_IntClock    | Frequency:  62.9 MHz | Target:   2.0 MHz
Clock: UART_IntClock        | Frequency:  53.6 MHz | Target:   0.9 MHz
Clock: \ADC_DELSIG:DSM\/dec_clock | Frequency: N/A       | Target:   0.1 MHz

======================================================================
                     End of Clock Summary
######################################################################

D2088: Phase 6, elapsed time : 0.3 (sec)

Phase 7
######################################################################
                     Clock Summary 
======================================================================
Number of clocks: 19
Clock: ADC_DELSIG_Ext_CP_Clk | Frequency: N/A       | Target:  24.0 MHz
Clock: ADC_DELSIG_Ext_CP_Clk(routed) | Frequency: N/A       | Target:  24.0 MHz
Clock: ADC_DELSIG_theACLK   | Frequency: N/A       | Target:   0.1 MHz
Clock: ADC_DELSIG_theACLK(fixed-function) | Frequency: N/A       | Target:   0.1 MHz
Clock: BUTTON_CLOCK         | Frequency:  52.3 MHz | Target:   0.0 MHz
Clock: BUTTON_CLOCK(fixed-function) | Frequency: N/A       | Target:   0.0 MHz
Clock: CyBUS_CLK            | Frequency: N/A       | Target:  24.0 MHz
Clock: CyILO                | Frequency: N/A       | Target:   0.0 MHz
Clock: CyIMO                | Frequency: N/A       | Target:   3.0 MHz
Clock: CyMASTER_CLK         | Frequency: N/A       | Target:  24.0 MHz
Clock: CyPLL_OUT            | Frequency: N/A       | Target:  24.0 MHz
Clock: MAIN_CLOCK           | Frequency: N/A       | Target:   0.0 MHz
Clock: MAIN_CLOCK(fixed-function) | Frequency: N/A       | Target:   0.0 MHz
Clock: NOTIFY_CLOCK         | Frequency:  77.2 MHz | Target:   0.0 MHz
Clock: PWM_CLOCK            | Frequency:  85.3 MHz | Target:   0.1 MHz
Clock: SPIM_EEPROM_IntClock | Frequency:  65.0 MHz | Target:   6.0 MHz
Clock: SPIM_IMU_IntClock    | Frequency:  62.9 MHz | Target:   2.0 MHz
Clock: UART_IntClock        | Frequency:  55.3 MHz | Target:   0.9 MHz
Clock: \ADC_DELSIG:DSM\/dec_clock | Frequency: N/A       | Target:   0.1 MHz

======================================================================
                     End of Clock Summary
######################################################################
D2088: Phase 7, elapsed time : 2.8 (sec)

Final Design Statistics
    Number of Combinational MCs 	:	24
    Number of Sequential MCs    	:	55
    Number of DPs               	:	9
    Number of Controls          	:	7
    Number of Status            	:	10
    Number of SyncCells         	:	0
    Number of count7cells       	:	3
    Number of IOs       	:	17

Device Utilization Summary
    Macrocells                  :	79/192
    IOs                         :	17/72



######################################################################
Placement Timing Summary

The timing summary is based on estimated routing delays after
placement. For final timing report, please carry out the timing
analysis after routing.
======================================================================


######################################################################
                     Clock Summary 
======================================================================
Number of clocks: 19
Clock: ADC_DELSIG_Ext_CP_Clk | Frequency: N/A       | Target:  24.0 MHz
Clock: ADC_DELSIG_Ext_CP_Clk(routed) | Frequency: N/A       | Target:  24.0 MHz
Clock: ADC_DELSIG_theACLK   | Frequency: N/A       | Target:   0.1 MHz
Clock: ADC_DELSIG_theACLK(fixed-function) | Frequency: N/A       | Target:   0.1 MHz
Clock: BUTTON_CLOCK         | Frequency:  50.1 MHz | Target:   0.0 MHz
Clock: BUTTON_CLOCK(fixed-function) | Frequency: N/A       | Target:   0.0 MHz
Clock: CyBUS_CLK            | Frequency: N/A       | Target:  24.0 MHz
Clock: CyILO                | Frequency: N/A       | Target:   0.0 MHz
Clock: CyIMO                | Frequency: N/A       | Target:   3.0 MHz
Clock: CyMASTER_CLK         | Frequency: N/A       | Target:  24.0 MHz
Clock: CyPLL_OUT            | Frequency: N/A       | Target:  24.0 MHz
Clock: MAIN_CLOCK           | Frequency: N/A       | Target:   0.0 MHz
Clock: MAIN_CLOCK(fixed-function) | Frequency: N/A       | Target:   0.0 MHz
Clock: NOTIFY_CLOCK         | Frequency:  85.3 MHz | Target:   0.0 MHz
Clock: PWM_CLOCK            | Frequency:  85.3 MHz | Target:   0.1 MHz
Clock: SPIM_EEPROM_IntClock | Frequency:  67.4 MHz | Target:   6.6 MHz
Clock: SPIM_IMU_IntClock    | Frequency:  61.5 MHz | Target:   2.2 MHz
Clock: UART_IntClock        | Frequency:  50.2 MHz | Target:   1.0 MHz
Clock: \ADC_DELSIG:DSM\/dec_clock | Frequency: N/A       | Target:   0.1 MHz

======================================================================
                     End of Clock Summary
######################################################################

Phase 8
D2088: Phase 8, elapsed time : 0.0 (sec)

D2054: Placement of the design completed successfully

I2076: Total run-time: 4.6 sec.

