ARM GAS  C:\Users\Lory\AppData\Local\Temp\ccaPUIFZ.s 			page 1


   1              		.syntax unified
   2              		.cpu cortex-m3
   3              		.fpu softvfp
   4              		.eabi_attribute 20, 1
   5              		.eabi_attribute 21, 1
   6              		.eabi_attribute 23, 3
   7              		.eabi_attribute 24, 1
   8              		.eabi_attribute 25, 1
   9              		.eabi_attribute 26, 1
  10              		.eabi_attribute 30, 1
  11              		.eabi_attribute 34, 1
  12              		.eabi_attribute 18, 4
  13              		.thumb
  14              		.syntax unified
  15              		.file	"25LC256.c"
  16              		.text
  17              	.Ltext0:
  18              		.cfi_sections	.debug_frame
  19              		.section	.text.EEPROM_readStatus,"ax",%progbits
  20              		.align	2
  21              		.global	EEPROM_readStatus
  22              		.thumb
  23              		.thumb_func
  24              		.type	EEPROM_readStatus, %function
  25              	EEPROM_readStatus:
  26              	.LFB0:
  27              		.file 1 "25LC256.c"
   1:25LC256.c     **** /**
   2:25LC256.c     ****  * @file 25LC256.c
   3:25LC256.c     ****  * @brief Functions required to interface with the SPI EEPROM 25LC256.
   4:25LC256.c     ****  * 
   5:25LC256.c     ****  * This c file contains the API functions to interface
   6:25LC256.c     ****  * with the SPI EEPROM 25LC256.
   7:25LC256.c     ****  *
   8:25LC256.c     ****  * @author Mattia Pesenti
   9:25LC256.c     ****  * @date 24 March, 2020
  10:25LC256.c     **** */
  11:25LC256.c     **** 
  12:25LC256.c     **** #include "25LC256.h"
  13:25LC256.c     **** 
  14:25LC256.c     **** uint8_t eeprom_Status;
  15:25LC256.c     **** 
  16:25LC256.c     **** /** ====== Helper Functions ====== **/
  17:25LC256.c     **** 
  18:25LC256.c     **** uint8_t EEPROM_readStatus() {
  28              		.loc 1 18 0
  29              		.cfi_startproc
  30              		@ args = 0, pretend = 0, frame = 0
  31              		@ frame_needed = 0, uses_anonymous_args = 0
  32 0000 08B5     		push	{r3, lr}
  33              		.cfi_def_cfa_offset 8
  34              		.cfi_offset 3, -8
  35              		.cfi_offset 14, -4
  19:25LC256.c     ****     
  20:25LC256.c     **** 	return SPI_Interface_ReadByte(SPI_EEPROM_RDSR);
  36              		.loc 1 20 0
  37 0002 0520     		movs	r0, #5
ARM GAS  C:\Users\Lory\AppData\Local\Temp\ccaPUIFZ.s 			page 2


  38 0004 FFF7FEFF 		bl	SPI_Interface_ReadByte
  39              	.LVL0:
  21:25LC256.c     ****     
  22:25LC256.c     **** }
  40              		.loc 1 22 0
  41 0008 08BD     		pop	{r3, pc}
  42              		.cfi_endproc
  43              	.LFE0:
  44              		.size	EEPROM_readStatus, .-EEPROM_readStatus
  45 000a 00BF     		.section	.text.EEPROM_writeEnable,"ax",%progbits
  46              		.align	2
  47              		.global	EEPROM_writeEnable
  48              		.thumb
  49              		.thumb_func
  50              		.type	EEPROM_writeEnable, %function
  51              	EEPROM_writeEnable:
  52              	.LFB1:
  23:25LC256.c     **** 
  24:25LC256.c     **** void EEPROM_writeEnable() {
  53              		.loc 1 24 0
  54              		.cfi_startproc
  55              		@ args = 0, pretend = 0, frame = 0
  56              		@ frame_needed = 0, uses_anonymous_args = 0
  57 0000 08B5     		push	{r3, lr}
  58              		.cfi_def_cfa_offset 8
  59              		.cfi_offset 3, -8
  60              		.cfi_offset 14, -4
  25:25LC256.c     ****     
  26:25LC256.c     **** 	/* Send 1-byte Instruction */
  27:25LC256.c     **** 	SPI_Interface_tradeByte(SPI_EEPROM_WREN);
  61              		.loc 1 27 0
  62 0002 0620     		movs	r0, #6
  63 0004 FFF7FEFF 		bl	SPI_Interface_tradeByte
  64              	.LVL1:
  65 0008 08BD     		pop	{r3, pc}
  66              		.cfi_endproc
  67              	.LFE1:
  68              		.size	EEPROM_writeEnable, .-EEPROM_writeEnable
  69 000a 00BF     		.section	.text.EEPROM_readByte,"ax",%progbits
  70              		.align	2
  71              		.global	EEPROM_readByte
  72              		.thumb
  73              		.thumb_func
  74              		.type	EEPROM_readByte, %function
  75              	EEPROM_readByte:
  76              	.LFB2:
  28:25LC256.c     ****     
  29:25LC256.c     **** }
  30:25LC256.c     **** 
  31:25LC256.c     **** /** ====== User-level Functions ====== **/
  32:25LC256.c     **** 
  33:25LC256.c     **** uint8_t EEPROM_readByte(uint16_t addr) {
  77              		.loc 1 33 0
  78              		.cfi_startproc
  79              		@ args = 0, pretend = 0, frame = 8
  80              		@ frame_needed = 0, uses_anonymous_args = 0
  81              	.LVL2:
ARM GAS  C:\Users\Lory\AppData\Local\Temp\ccaPUIFZ.s 			page 3


  82 0000 00B5     		push	{lr}
  83              		.cfi_def_cfa_offset 4
  84              		.cfi_offset 14, -4
  85 0002 83B0     		sub	sp, sp, #12
  86              		.cfi_def_cfa_offset 16
  34:25LC256.c     **** 
  35:25LC256.c     **** 	/* Prepare the TX data packet: instruction + address */
  36:25LC256.c     **** 	uint8_t dataTX[3] = {SPI_EEPROM_READ, ((addr & 0xFF00) >> 8 ), (addr & 0x00FF)};
  87              		.loc 1 36 0
  88 0004 0321     		movs	r1, #3
  89 0006 8DF80410 		strb	r1, [sp, #4]
  90 000a 030A     		lsrs	r3, r0, #8
  91 000c 8DF80530 		strb	r3, [sp, #5]
  92 0010 8DF80600 		strb	r0, [sp, #6]
  37:25LC256.c     **** 	
  38:25LC256.c     **** 	/* Prepare the RX byte */
  39:25LC256.c     **** 	uint8_t dataRX = 0;
  93              		.loc 1 39 0
  94 0014 02AA     		add	r2, sp, #8
  95 0016 0023     		movs	r3, #0
  96 0018 02F8053D 		strb	r3, [r2, #-5]!
  40:25LC256.c     **** 	
  41:25LC256.c     **** 	/* Read 1 byte from addr */
  42:25LC256.c     **** 	SPI_Interface_Multi_RW(dataTX, 3, &dataRX, 1);
  97              		.loc 1 42 0
  98 001c 0123     		movs	r3, #1
  99 001e 01A8     		add	r0, sp, #4
 100              	.LVL3:
 101 0020 FFF7FEFF 		bl	SPI_Interface_Multi_RW
 102              	.LVL4:
  43:25LC256.c     ****     
  44:25LC256.c     ****     return dataRX;
  45:25LC256.c     **** 	
  46:25LC256.c     **** 	
  47:25LC256.c     ****     
  48:25LC256.c     **** }
 103              		.loc 1 48 0
 104 0024 9DF80300 		ldrb	r0, [sp, #3]	@ zero_extendqisi2
 105 0028 03B0     		add	sp, sp, #12
 106              		.cfi_def_cfa_offset 4
 107              		@ sp needed
 108 002a 5DF804FB 		ldr	pc, [sp], #4
 109              		.cfi_endproc
 110              	.LFE2:
 111              		.size	EEPROM_readByte, .-EEPROM_readByte
 112 002e 00BF     		.section	.text.EEPROM_writeByte,"ax",%progbits
 113              		.align	2
 114              		.global	EEPROM_writeByte
 115              		.thumb
 116              		.thumb_func
 117              		.type	EEPROM_writeByte, %function
 118              	EEPROM_writeByte:
 119              	.LFB3:
  49:25LC256.c     **** 
  50:25LC256.c     **** void EEPROM_writeByte(uint16_t addr, uint8_t dataByte) {
 120              		.loc 1 50 0
 121              		.cfi_startproc
ARM GAS  C:\Users\Lory\AppData\Local\Temp\ccaPUIFZ.s 			page 4


 122              		@ args = 0, pretend = 0, frame = 8
 123              		@ frame_needed = 0, uses_anonymous_args = 0
 124              	.LVL5:
 125 0000 30B5     		push	{r4, r5, lr}
 126              		.cfi_def_cfa_offset 12
 127              		.cfi_offset 4, -12
 128              		.cfi_offset 5, -8
 129              		.cfi_offset 14, -4
 130 0002 83B0     		sub	sp, sp, #12
 131              		.cfi_def_cfa_offset 24
 132 0004 0446     		mov	r4, r0
 133 0006 0D46     		mov	r5, r1
  51:25LC256.c     ****     
  52:25LC256.c     ****     /* Enable WRITE operations */
  53:25LC256.c     ****     EEPROM_writeEnable();
 134              		.loc 1 53 0
 135 0008 FFF7FEFF 		bl	EEPROM_writeEnable
 136              	.LVL6:
  54:25LC256.c     **** 	
  55:25LC256.c     **** 	/* Prepare the TX packet */
  56:25LC256.c     ****     uint8_t dataTX[4] = {SPI_EEPROM_WRITE, ((addr & 0xFF00) >> 8), (addr & 0x00FF), dataByte};
 137              		.loc 1 56 0
 138 000c 0223     		movs	r3, #2
 139 000e 8DF80430 		strb	r3, [sp, #4]
 140 0012 230A     		lsrs	r3, r4, #8
 141 0014 8DF80530 		strb	r3, [sp, #5]
 142 0018 8DF80640 		strb	r4, [sp, #6]
 143 001c 8DF80750 		strb	r5, [sp, #7]
  57:25LC256.c     **** 	/* Nothing to RX... */
  58:25LC256.c     **** 	uint8_t temp = 0;
 144              		.loc 1 58 0
 145 0020 0023     		movs	r3, #0
 146 0022 02AA     		add	r2, sp, #8
 147 0024 02F8053D 		strb	r3, [r2, #-5]!
  59:25LC256.c     **** 	
  60:25LC256.c     **** 	/* Write 1 byte to addr */
  61:25LC256.c     **** 	SPI_Interface_Multi_RW(dataTX, 4, &temp, 0);
 148              		.loc 1 61 0
 149 0028 0421     		movs	r1, #4
 150 002a 0DEB0100 		add	r0, sp, r1
 151 002e FFF7FEFF 		bl	SPI_Interface_Multi_RW
 152              	.LVL7:
  62:25LC256.c     **** 	    
  63:25LC256.c     **** }
 153              		.loc 1 63 0
 154 0032 03B0     		add	sp, sp, #12
 155              		.cfi_def_cfa_offset 12
 156              		@ sp needed
 157 0034 30BD     		pop	{r4, r5, pc}
 158              		.cfi_endproc
 159              	.LFE3:
 160              		.size	EEPROM_writeByte, .-EEPROM_writeByte
 161 0036 00BF     		.section	.text.EEPROM_readPage,"ax",%progbits
 162              		.align	2
 163              		.global	EEPROM_readPage
 164              		.thumb
 165              		.thumb_func
ARM GAS  C:\Users\Lory\AppData\Local\Temp\ccaPUIFZ.s 			page 5


 166              		.type	EEPROM_readPage, %function
 167              	EEPROM_readPage:
 168              	.LFB4:
  64:25LC256.c     **** 
  65:25LC256.c     **** void EEPROM_readPage(uint16_t addr, uint8_t* dataRX, uint8_t nBytes) {
 169              		.loc 1 65 0
 170              		.cfi_startproc
 171              		@ args = 0, pretend = 0, frame = 0
 172              		@ frame_needed = 0, uses_anonymous_args = 0
 173              		@ link register save eliminated.
 174              	.LVL8:
 175 0000 7047     		bx	lr
 176              		.cfi_endproc
 177              	.LFE4:
 178              		.size	EEPROM_readPage, .-EEPROM_readPage
 179 0002 00BF     		.section	.text.EEPROM_writePage,"ax",%progbits
 180              		.align	2
 181              		.global	EEPROM_writePage
 182              		.thumb
 183              		.thumb_func
 184              		.type	EEPROM_writePage, %function
 185              	EEPROM_writePage:
 186              	.LFB5:
  66:25LC256.c     ****     
  67:25LC256.c     **** 	
  68:25LC256.c     **** 		
  69:25LC256.c     **** }
  70:25LC256.c     **** 
  71:25LC256.c     **** void EEPROM_writePage(uint16_t addr, uint8_t* data, uint8_t nBytes) {
 187              		.loc 1 71 0
 188              		.cfi_startproc
 189              		@ args = 0, pretend = 0, frame = 0
 190              		@ frame_needed = 0, uses_anonymous_args = 0
 191              		@ link register save eliminated.
 192              	.LVL9:
 193 0000 7047     		bx	lr
 194              		.cfi_endproc
 195              	.LFE5:
 196              		.size	EEPROM_writePage, .-EEPROM_writePage
 197 0002 00BF     		.section	.text.EEPROM_waitForWriteComplete,"ax",%progbits
 198              		.align	2
 199              		.global	EEPROM_waitForWriteComplete
 200              		.thumb
 201              		.thumb_func
 202              		.type	EEPROM_waitForWriteComplete, %function
 203              	EEPROM_waitForWriteComplete:
 204              	.LFB6:
  72:25LC256.c     **** 	    
  73:25LC256.c     ****     
  74:25LC256.c     **** 	
  75:25LC256.c     **** }
  76:25LC256.c     **** 
  77:25LC256.c     **** void EEPROM_waitForWriteComplete() {
 205              		.loc 1 77 0
 206              		.cfi_startproc
 207              		@ args = 0, pretend = 0, frame = 0
 208              		@ frame_needed = 0, uses_anonymous_args = 0
ARM GAS  C:\Users\Lory\AppData\Local\Temp\ccaPUIFZ.s 			page 6


 209              		.loc 1 77 0
 210 0000 08B5     		push	{r3, lr}
 211              		.cfi_def_cfa_offset 8
 212              		.cfi_offset 3, -8
 213              		.cfi_offset 14, -4
 214              	.L12:
  78:25LC256.c     ****     
  79:25LC256.c     ****     while( EEPROM_readStatus() & SPI_EEPROM_WRITE_IN_PROGRESS );
 215              		.loc 1 79 0 discriminator 1
 216 0002 FFF7FEFF 		bl	EEPROM_readStatus
 217              	.LVL10:
 218 0006 10F0010F 		tst	r0, #1
 219 000a FAD1     		bne	.L12
  80:25LC256.c     ****     
  81:25LC256.c     **** }
 220              		.loc 1 81 0
 221 000c 08BD     		pop	{r3, pc}
 222              		.cfi_endproc
 223              	.LFE6:
 224              		.size	EEPROM_waitForWriteComplete, .-EEPROM_waitForWriteComplete
 225              		.comm	eeprom_Status,1,1
 226 000e 00BF     		.text
 227              	.Letext0:
 228              		.file 2 "c:\\program files (x86)\\cypress\\psoc creator\\4.3\\psoc creator\\import\\gnu\\arm\\5.4.
 229              		.file 3 "c:\\program files (x86)\\cypress\\psoc creator\\4.3\\psoc creator\\import\\gnu\\arm\\5.4.
 230              		.file 4 "SPI_Interface.h"
 231              		.section	.debug_info,"",%progbits
 232              	.Ldebug_info0:
 233 0000 D4020000 		.4byte	0x2d4
 234 0004 0400     		.2byte	0x4
 235 0006 00000000 		.4byte	.Ldebug_abbrev0
 236 000a 04       		.byte	0x4
 237 000b 01       		.uleb128 0x1
 238 000c 9A000000 		.4byte	.LASF35
 239 0010 0C       		.byte	0xc
 240 0011 F0010000 		.4byte	.LASF36
 241 0015 28010000 		.4byte	.LASF37
 242 0019 00000000 		.4byte	.Ldebug_ranges0+0
 243 001d 00000000 		.4byte	0
 244 0021 00000000 		.4byte	.Ldebug_line0
 245 0025 02       		.uleb128 0x2
 246 0026 01       		.byte	0x1
 247 0027 06       		.byte	0x6
 248 0028 E3020000 		.4byte	.LASF0
 249 002c 03       		.uleb128 0x3
 250 002d 11000000 		.4byte	.LASF3
 251 0031 02       		.byte	0x2
 252 0032 1D       		.byte	0x1d
 253 0033 37000000 		.4byte	0x37
 254 0037 02       		.uleb128 0x2
 255 0038 01       		.byte	0x1
 256 0039 08       		.byte	0x8
 257 003a 8C000000 		.4byte	.LASF1
 258 003e 02       		.uleb128 0x2
 259 003f 02       		.byte	0x2
 260 0040 05       		.byte	0x5
 261 0041 AA020000 		.4byte	.LASF2
ARM GAS  C:\Users\Lory\AppData\Local\Temp\ccaPUIFZ.s 			page 7


 262 0045 03       		.uleb128 0x3
 263 0046 03020000 		.4byte	.LASF4
 264 004a 02       		.byte	0x2
 265 004b 2B       		.byte	0x2b
 266 004c 50000000 		.4byte	0x50
 267 0050 02       		.uleb128 0x2
 268 0051 02       		.byte	0x2
 269 0052 07       		.byte	0x7
 270 0053 28000000 		.4byte	.LASF5
 271 0057 02       		.uleb128 0x2
 272 0058 04       		.byte	0x4
 273 0059 05       		.byte	0x5
 274 005a CE020000 		.4byte	.LASF6
 275 005e 02       		.uleb128 0x2
 276 005f 04       		.byte	0x4
 277 0060 07       		.byte	0x7
 278 0061 C4010000 		.4byte	.LASF7
 279 0065 02       		.uleb128 0x2
 280 0066 08       		.byte	0x8
 281 0067 05       		.byte	0x5
 282 0068 97020000 		.4byte	.LASF8
 283 006c 02       		.uleb128 0x2
 284 006d 08       		.byte	0x8
 285 006e 07       		.byte	0x7
 286 006f 4C020000 		.4byte	.LASF9
 287 0073 04       		.uleb128 0x4
 288 0074 04       		.byte	0x4
 289 0075 05       		.byte	0x5
 290 0076 696E7400 		.ascii	"int\000"
 291 007a 02       		.uleb128 0x2
 292 007b 04       		.byte	0x4
 293 007c 07       		.byte	0x7
 294 007d 3F020000 		.4byte	.LASF10
 295 0081 03       		.uleb128 0x3
 296 0082 63020000 		.4byte	.LASF11
 297 0086 03       		.byte	0x3
 298 0087 18       		.byte	0x18
 299 0088 2C000000 		.4byte	0x2c
 300 008c 03       		.uleb128 0x3
 301 008d C5020000 		.4byte	.LASF12
 302 0091 03       		.byte	0x3
 303 0092 24       		.byte	0x24
 304 0093 45000000 		.4byte	0x45
 305 0097 02       		.uleb128 0x2
 306 0098 04       		.byte	0x4
 307 0099 04       		.byte	0x4
 308 009a 1B000000 		.4byte	.LASF13
 309 009e 02       		.uleb128 0x2
 310 009f 08       		.byte	0x8
 311 00a0 04       		.byte	0x4
 312 00a1 0E020000 		.4byte	.LASF14
 313 00a5 02       		.uleb128 0x2
 314 00a6 01       		.byte	0x1
 315 00a7 08       		.byte	0x8
 316 00a8 A5020000 		.4byte	.LASF15
 317 00ac 02       		.uleb128 0x2
 318 00ad 08       		.byte	0x8
ARM GAS  C:\Users\Lory\AppData\Local\Temp\ccaPUIFZ.s 			page 8


 319 00ae 04       		.byte	0x4
 320 00af D7020000 		.4byte	.LASF16
 321 00b3 02       		.uleb128 0x2
 322 00b4 04       		.byte	0x4
 323 00b5 07       		.byte	0x7
 324 00b6 8E020000 		.4byte	.LASF17
 325 00ba 05       		.uleb128 0x5
 326 00bb 2D020000 		.4byte	.LASF18
 327 00bf 01       		.byte	0x1
 328 00c0 12       		.byte	0x12
 329 00c1 81000000 		.4byte	0x81
 330 00c5 00000000 		.4byte	.LFB0
 331 00c9 0A000000 		.4byte	.LFE0-.LFB0
 332 00cd 01       		.uleb128 0x1
 333 00ce 9C       		.byte	0x9c
 334 00cf E3000000 		.4byte	0xe3
 335 00d3 06       		.uleb128 0x6
 336 00d4 08000000 		.4byte	.LVL0
 337 00d8 B6020000 		.4byte	0x2b6
 338 00dc 07       		.uleb128 0x7
 339 00dd 01       		.uleb128 0x1
 340 00de 50       		.byte	0x50
 341 00df 01       		.uleb128 0x1
 342 00e0 35       		.byte	0x35
 343 00e1 00       		.byte	0
 344 00e2 00       		.byte	0
 345 00e3 08       		.uleb128 0x8
 346 00e4 F6020000 		.4byte	.LASF22
 347 00e8 01       		.byte	0x1
 348 00e9 18       		.byte	0x18
 349 00ea 00000000 		.4byte	.LFB1
 350 00ee 0A000000 		.4byte	.LFE1-.LFB1
 351 00f2 01       		.uleb128 0x1
 352 00f3 9C       		.byte	0x9c
 353 00f4 08010000 		.4byte	0x108
 354 00f8 06       		.uleb128 0x6
 355 00f9 08000000 		.4byte	.LVL1
 356 00fd C1020000 		.4byte	0x2c1
 357 0101 07       		.uleb128 0x7
 358 0102 01       		.uleb128 0x1
 359 0103 50       		.byte	0x50
 360 0104 01       		.uleb128 0x1
 361 0105 36       		.byte	0x36
 362 0106 00       		.byte	0
 363 0107 00       		.byte	0
 364 0108 05       		.uleb128 0x5
 365 0109 E0010000 		.4byte	.LASF19
 366 010d 01       		.byte	0x1
 367 010e 21       		.byte	0x21
 368 010f 81000000 		.4byte	0x81
 369 0113 00000000 		.4byte	.LFB2
 370 0117 2E000000 		.4byte	.LFE2-.LFB2
 371 011b 01       		.uleb128 0x1
 372 011c 9C       		.byte	0x9c
 373 011d 6D010000 		.4byte	0x16d
 374 0121 09       		.uleb128 0x9
 375 0122 DB010000 		.4byte	.LASF24
ARM GAS  C:\Users\Lory\AppData\Local\Temp\ccaPUIFZ.s 			page 9


 376 0126 01       		.byte	0x1
 377 0127 21       		.byte	0x21
 378 0128 8C000000 		.4byte	0x8c
 379 012c 00000000 		.4byte	.LLST0
 380 0130 0A       		.uleb128 0xa
 381 0131 EF020000 		.4byte	.LASF20
 382 0135 01       		.byte	0x1
 383 0136 24       		.byte	0x24
 384 0137 6D010000 		.4byte	0x16d
 385 013b 02       		.uleb128 0x2
 386 013c 91       		.byte	0x91
 387 013d 74       		.sleb128 -12
 388 013e 0A       		.uleb128 0xa
 389 013f 6B020000 		.4byte	.LASF21
 390 0143 01       		.byte	0x1
 391 0144 27       		.byte	0x27
 392 0145 81000000 		.4byte	0x81
 393 0149 02       		.uleb128 0x2
 394 014a 91       		.byte	0x91
 395 014b 73       		.sleb128 -13
 396 014c 06       		.uleb128 0x6
 397 014d 24000000 		.4byte	.LVL4
 398 0151 CC020000 		.4byte	0x2cc
 399 0155 07       		.uleb128 0x7
 400 0156 01       		.uleb128 0x1
 401 0157 50       		.byte	0x50
 402 0158 02       		.uleb128 0x2
 403 0159 91       		.byte	0x91
 404 015a 74       		.sleb128 -12
 405 015b 07       		.uleb128 0x7
 406 015c 01       		.uleb128 0x1
 407 015d 51       		.byte	0x51
 408 015e 01       		.uleb128 0x1
 409 015f 33       		.byte	0x33
 410 0160 07       		.uleb128 0x7
 411 0161 01       		.uleb128 0x1
 412 0162 52       		.byte	0x52
 413 0163 02       		.uleb128 0x2
 414 0164 91       		.byte	0x91
 415 0165 73       		.sleb128 -13
 416 0166 07       		.uleb128 0x7
 417 0167 01       		.uleb128 0x1
 418 0168 53       		.byte	0x53
 419 0169 01       		.uleb128 0x1
 420 016a 31       		.byte	0x31
 421 016b 00       		.byte	0
 422 016c 00       		.byte	0
 423 016d 0B       		.uleb128 0xb
 424 016e 81000000 		.4byte	0x81
 425 0172 7D010000 		.4byte	0x17d
 426 0176 0C       		.uleb128 0xc
 427 0177 B3000000 		.4byte	0xb3
 428 017b 02       		.byte	0x2
 429 017c 00       		.byte	0
 430 017d 08       		.uleb128 0x8
 431 017e 00000000 		.4byte	.LASF23
 432 0182 01       		.byte	0x1
ARM GAS  C:\Users\Lory\AppData\Local\Temp\ccaPUIFZ.s 			page 10


 433 0183 32       		.byte	0x32
 434 0184 00000000 		.4byte	.LFB3
 435 0188 36000000 		.4byte	.LFE3-.LFB3
 436 018c 01       		.uleb128 0x1
 437 018d 9C       		.byte	0x9c
 438 018e F6010000 		.4byte	0x1f6
 439 0192 09       		.uleb128 0x9
 440 0193 DB010000 		.4byte	.LASF24
 441 0197 01       		.byte	0x1
 442 0198 32       		.byte	0x32
 443 0199 8C000000 		.4byte	0x8c
 444 019d 21000000 		.4byte	.LLST1
 445 01a1 09       		.uleb128 0x9
 446 01a2 FA010000 		.4byte	.LASF25
 447 01a6 01       		.byte	0x1
 448 01a7 32       		.byte	0x32
 449 01a8 81000000 		.4byte	0x81
 450 01ac 42000000 		.4byte	.LLST2
 451 01b0 0A       		.uleb128 0xa
 452 01b1 EF020000 		.4byte	.LASF20
 453 01b5 01       		.byte	0x1
 454 01b6 38       		.byte	0x38
 455 01b7 F6010000 		.4byte	0x1f6
 456 01bb 02       		.uleb128 0x2
 457 01bc 91       		.byte	0x91
 458 01bd 6C       		.sleb128 -20
 459 01be 0A       		.uleb128 0xa
 460 01bf D6010000 		.4byte	.LASF26
 461 01c3 01       		.byte	0x1
 462 01c4 3A       		.byte	0x3a
 463 01c5 81000000 		.4byte	0x81
 464 01c9 02       		.uleb128 0x2
 465 01ca 91       		.byte	0x91
 466 01cb 6B       		.sleb128 -21
 467 01cc 0D       		.uleb128 0xd
 468 01cd 0C000000 		.4byte	.LVL6
 469 01d1 E3000000 		.4byte	0xe3
 470 01d5 06       		.uleb128 0x6
 471 01d6 32000000 		.4byte	.LVL7
 472 01da CC020000 		.4byte	0x2cc
 473 01de 07       		.uleb128 0x7
 474 01df 01       		.uleb128 0x1
 475 01e0 50       		.byte	0x50
 476 01e1 02       		.uleb128 0x2
 477 01e2 91       		.byte	0x91
 478 01e3 6C       		.sleb128 -20
 479 01e4 07       		.uleb128 0x7
 480 01e5 01       		.uleb128 0x1
 481 01e6 51       		.byte	0x51
 482 01e7 01       		.uleb128 0x1
 483 01e8 34       		.byte	0x34
 484 01e9 07       		.uleb128 0x7
 485 01ea 01       		.uleb128 0x1
 486 01eb 52       		.byte	0x52
 487 01ec 02       		.uleb128 0x2
 488 01ed 91       		.byte	0x91
 489 01ee 6B       		.sleb128 -21
ARM GAS  C:\Users\Lory\AppData\Local\Temp\ccaPUIFZ.s 			page 11


 490 01ef 07       		.uleb128 0x7
 491 01f0 01       		.uleb128 0x1
 492 01f1 53       		.byte	0x53
 493 01f2 01       		.uleb128 0x1
 494 01f3 30       		.byte	0x30
 495 01f4 00       		.byte	0
 496 01f5 00       		.byte	0
 497 01f6 0B       		.uleb128 0xb
 498 01f7 81000000 		.4byte	0x81
 499 01fb 06020000 		.4byte	0x206
 500 01ff 0C       		.uleb128 0xc
 501 0200 B3000000 		.4byte	0xb3
 502 0204 03       		.byte	0x3
 503 0205 00       		.byte	0
 504 0206 08       		.uleb128 0x8
 505 0207 52000000 		.4byte	.LASF27
 506 020b 01       		.byte	0x1
 507 020c 41       		.byte	0x41
 508 020d 00000000 		.4byte	.LFB4
 509 0211 02000000 		.4byte	.LFE4-.LFB4
 510 0215 01       		.uleb128 0x1
 511 0216 9C       		.byte	0x9c
 512 0217 43020000 		.4byte	0x243
 513 021b 0E       		.uleb128 0xe
 514 021c DB010000 		.4byte	.LASF24
 515 0220 01       		.byte	0x1
 516 0221 41       		.byte	0x41
 517 0222 8C000000 		.4byte	0x8c
 518 0226 01       		.uleb128 0x1
 519 0227 50       		.byte	0x50
 520 0228 0E       		.uleb128 0xe
 521 0229 6B020000 		.4byte	.LASF21
 522 022d 01       		.byte	0x1
 523 022e 41       		.byte	0x41
 524 022f 43020000 		.4byte	0x243
 525 0233 01       		.uleb128 0x1
 526 0234 51       		.byte	0x51
 527 0235 0E       		.uleb128 0xe
 528 0236 21000000 		.4byte	.LASF28
 529 023a 01       		.byte	0x1
 530 023b 41       		.byte	0x41
 531 023c 81000000 		.4byte	0x81
 532 0240 01       		.uleb128 0x1
 533 0241 52       		.byte	0x52
 534 0242 00       		.byte	0
 535 0243 0F       		.uleb128 0xf
 536 0244 04       		.byte	0x4
 537 0245 81000000 		.4byte	0x81
 538 0249 08       		.uleb128 0x8
 539 024a B4020000 		.4byte	.LASF29
 540 024e 01       		.byte	0x1
 541 024f 47       		.byte	0x47
 542 0250 00000000 		.4byte	.LFB5
 543 0254 02000000 		.4byte	.LFE5-.LFB5
 544 0258 01       		.uleb128 0x1
 545 0259 9C       		.byte	0x9c
 546 025a 86020000 		.4byte	0x286
ARM GAS  C:\Users\Lory\AppData\Local\Temp\ccaPUIFZ.s 			page 12


 547 025e 0E       		.uleb128 0xe
 548 025f DB010000 		.4byte	.LASF24
 549 0263 01       		.byte	0x1
 550 0264 47       		.byte	0x47
 551 0265 8C000000 		.4byte	0x8c
 552 0269 01       		.uleb128 0x1
 553 026a 50       		.byte	0x50
 554 026b 0E       		.uleb128 0xe
 555 026c 70000000 		.4byte	.LASF30
 556 0270 01       		.byte	0x1
 557 0271 47       		.byte	0x47
 558 0272 43020000 		.4byte	0x243
 559 0276 01       		.uleb128 0x1
 560 0277 51       		.byte	0x51
 561 0278 0E       		.uleb128 0xe
 562 0279 21000000 		.4byte	.LASF28
 563 027d 01       		.byte	0x1
 564 027e 47       		.byte	0x47
 565 027f 81000000 		.4byte	0x81
 566 0283 01       		.uleb128 0x1
 567 0284 52       		.byte	0x52
 568 0285 00       		.byte	0
 569 0286 08       		.uleb128 0x8
 570 0287 72020000 		.4byte	.LASF31
 571 028b 01       		.byte	0x1
 572 028c 4D       		.byte	0x4d
 573 028d 00000000 		.4byte	.LFB6
 574 0291 0E000000 		.4byte	.LFE6-.LFB6
 575 0295 01       		.uleb128 0x1
 576 0296 9C       		.byte	0x9c
 577 0297 A5020000 		.4byte	0x2a5
 578 029b 0D       		.uleb128 0xd
 579 029c 06000000 		.4byte	.LVL10
 580 02a0 BA000000 		.4byte	0xba
 581 02a4 00       		.byte	0
 582 02a5 10       		.uleb128 0x10
 583 02a6 62000000 		.4byte	.LASF38
 584 02aa 01       		.byte	0x1
 585 02ab 0E       		.byte	0xe
 586 02ac 81000000 		.4byte	0x81
 587 02b0 05       		.uleb128 0x5
 588 02b1 03       		.byte	0x3
 589 02b2 00000000 		.4byte	eeprom_Status
 590 02b6 11       		.uleb128 0x11
 591 02b7 75000000 		.4byte	.LASF32
 592 02bb 75000000 		.4byte	.LASF32
 593 02bf 04       		.byte	0x4
 594 02c0 51       		.byte	0x51
 595 02c1 11       		.uleb128 0x11
 596 02c2 15020000 		.4byte	.LASF33
 597 02c6 15020000 		.4byte	.LASF33
 598 02ca 04       		.byte	0x4
 599 02cb 41       		.byte	0x41
 600 02cc 11       		.uleb128 0x11
 601 02cd 3B000000 		.4byte	.LASF34
 602 02d1 3B000000 		.4byte	.LASF34
 603 02d5 04       		.byte	0x4
ARM GAS  C:\Users\Lory\AppData\Local\Temp\ccaPUIFZ.s 			page 13


 604 02d6 6D       		.byte	0x6d
 605 02d7 00       		.byte	0
 606              		.section	.debug_abbrev,"",%progbits
 607              	.Ldebug_abbrev0:
 608 0000 01       		.uleb128 0x1
 609 0001 11       		.uleb128 0x11
 610 0002 01       		.byte	0x1
 611 0003 25       		.uleb128 0x25
 612 0004 0E       		.uleb128 0xe
 613 0005 13       		.uleb128 0x13
 614 0006 0B       		.uleb128 0xb
 615 0007 03       		.uleb128 0x3
 616 0008 0E       		.uleb128 0xe
 617 0009 1B       		.uleb128 0x1b
 618 000a 0E       		.uleb128 0xe
 619 000b 55       		.uleb128 0x55
 620 000c 17       		.uleb128 0x17
 621 000d 11       		.uleb128 0x11
 622 000e 01       		.uleb128 0x1
 623 000f 10       		.uleb128 0x10
 624 0010 17       		.uleb128 0x17
 625 0011 00       		.byte	0
 626 0012 00       		.byte	0
 627 0013 02       		.uleb128 0x2
 628 0014 24       		.uleb128 0x24
 629 0015 00       		.byte	0
 630 0016 0B       		.uleb128 0xb
 631 0017 0B       		.uleb128 0xb
 632 0018 3E       		.uleb128 0x3e
 633 0019 0B       		.uleb128 0xb
 634 001a 03       		.uleb128 0x3
 635 001b 0E       		.uleb128 0xe
 636 001c 00       		.byte	0
 637 001d 00       		.byte	0
 638 001e 03       		.uleb128 0x3
 639 001f 16       		.uleb128 0x16
 640 0020 00       		.byte	0
 641 0021 03       		.uleb128 0x3
 642 0022 0E       		.uleb128 0xe
 643 0023 3A       		.uleb128 0x3a
 644 0024 0B       		.uleb128 0xb
 645 0025 3B       		.uleb128 0x3b
 646 0026 0B       		.uleb128 0xb
 647 0027 49       		.uleb128 0x49
 648 0028 13       		.uleb128 0x13
 649 0029 00       		.byte	0
 650 002a 00       		.byte	0
 651 002b 04       		.uleb128 0x4
 652 002c 24       		.uleb128 0x24
 653 002d 00       		.byte	0
 654 002e 0B       		.uleb128 0xb
 655 002f 0B       		.uleb128 0xb
 656 0030 3E       		.uleb128 0x3e
 657 0031 0B       		.uleb128 0xb
 658 0032 03       		.uleb128 0x3
 659 0033 08       		.uleb128 0x8
 660 0034 00       		.byte	0
ARM GAS  C:\Users\Lory\AppData\Local\Temp\ccaPUIFZ.s 			page 14


 661 0035 00       		.byte	0
 662 0036 05       		.uleb128 0x5
 663 0037 2E       		.uleb128 0x2e
 664 0038 01       		.byte	0x1
 665 0039 3F       		.uleb128 0x3f
 666 003a 19       		.uleb128 0x19
 667 003b 03       		.uleb128 0x3
 668 003c 0E       		.uleb128 0xe
 669 003d 3A       		.uleb128 0x3a
 670 003e 0B       		.uleb128 0xb
 671 003f 3B       		.uleb128 0x3b
 672 0040 0B       		.uleb128 0xb
 673 0041 27       		.uleb128 0x27
 674 0042 19       		.uleb128 0x19
 675 0043 49       		.uleb128 0x49
 676 0044 13       		.uleb128 0x13
 677 0045 11       		.uleb128 0x11
 678 0046 01       		.uleb128 0x1
 679 0047 12       		.uleb128 0x12
 680 0048 06       		.uleb128 0x6
 681 0049 40       		.uleb128 0x40
 682 004a 18       		.uleb128 0x18
 683 004b 9742     		.uleb128 0x2117
 684 004d 19       		.uleb128 0x19
 685 004e 01       		.uleb128 0x1
 686 004f 13       		.uleb128 0x13
 687 0050 00       		.byte	0
 688 0051 00       		.byte	0
 689 0052 06       		.uleb128 0x6
 690 0053 898201   		.uleb128 0x4109
 691 0056 01       		.byte	0x1
 692 0057 11       		.uleb128 0x11
 693 0058 01       		.uleb128 0x1
 694 0059 31       		.uleb128 0x31
 695 005a 13       		.uleb128 0x13
 696 005b 00       		.byte	0
 697 005c 00       		.byte	0
 698 005d 07       		.uleb128 0x7
 699 005e 8A8201   		.uleb128 0x410a
 700 0061 00       		.byte	0
 701 0062 02       		.uleb128 0x2
 702 0063 18       		.uleb128 0x18
 703 0064 9142     		.uleb128 0x2111
 704 0066 18       		.uleb128 0x18
 705 0067 00       		.byte	0
 706 0068 00       		.byte	0
 707 0069 08       		.uleb128 0x8
 708 006a 2E       		.uleb128 0x2e
 709 006b 01       		.byte	0x1
 710 006c 3F       		.uleb128 0x3f
 711 006d 19       		.uleb128 0x19
 712 006e 03       		.uleb128 0x3
 713 006f 0E       		.uleb128 0xe
 714 0070 3A       		.uleb128 0x3a
 715 0071 0B       		.uleb128 0xb
 716 0072 3B       		.uleb128 0x3b
 717 0073 0B       		.uleb128 0xb
ARM GAS  C:\Users\Lory\AppData\Local\Temp\ccaPUIFZ.s 			page 15


 718 0074 27       		.uleb128 0x27
 719 0075 19       		.uleb128 0x19
 720 0076 11       		.uleb128 0x11
 721 0077 01       		.uleb128 0x1
 722 0078 12       		.uleb128 0x12
 723 0079 06       		.uleb128 0x6
 724 007a 40       		.uleb128 0x40
 725 007b 18       		.uleb128 0x18
 726 007c 9742     		.uleb128 0x2117
 727 007e 19       		.uleb128 0x19
 728 007f 01       		.uleb128 0x1
 729 0080 13       		.uleb128 0x13
 730 0081 00       		.byte	0
 731 0082 00       		.byte	0
 732 0083 09       		.uleb128 0x9
 733 0084 05       		.uleb128 0x5
 734 0085 00       		.byte	0
 735 0086 03       		.uleb128 0x3
 736 0087 0E       		.uleb128 0xe
 737 0088 3A       		.uleb128 0x3a
 738 0089 0B       		.uleb128 0xb
 739 008a 3B       		.uleb128 0x3b
 740 008b 0B       		.uleb128 0xb
 741 008c 49       		.uleb128 0x49
 742 008d 13       		.uleb128 0x13
 743 008e 02       		.uleb128 0x2
 744 008f 17       		.uleb128 0x17
 745 0090 00       		.byte	0
 746 0091 00       		.byte	0
 747 0092 0A       		.uleb128 0xa
 748 0093 34       		.uleb128 0x34
 749 0094 00       		.byte	0
 750 0095 03       		.uleb128 0x3
 751 0096 0E       		.uleb128 0xe
 752 0097 3A       		.uleb128 0x3a
 753 0098 0B       		.uleb128 0xb
 754 0099 3B       		.uleb128 0x3b
 755 009a 0B       		.uleb128 0xb
 756 009b 49       		.uleb128 0x49
 757 009c 13       		.uleb128 0x13
 758 009d 02       		.uleb128 0x2
 759 009e 18       		.uleb128 0x18
 760 009f 00       		.byte	0
 761 00a0 00       		.byte	0
 762 00a1 0B       		.uleb128 0xb
 763 00a2 01       		.uleb128 0x1
 764 00a3 01       		.byte	0x1
 765 00a4 49       		.uleb128 0x49
 766 00a5 13       		.uleb128 0x13
 767 00a6 01       		.uleb128 0x1
 768 00a7 13       		.uleb128 0x13
 769 00a8 00       		.byte	0
 770 00a9 00       		.byte	0
 771 00aa 0C       		.uleb128 0xc
 772 00ab 21       		.uleb128 0x21
 773 00ac 00       		.byte	0
 774 00ad 49       		.uleb128 0x49
ARM GAS  C:\Users\Lory\AppData\Local\Temp\ccaPUIFZ.s 			page 16


 775 00ae 13       		.uleb128 0x13
 776 00af 2F       		.uleb128 0x2f
 777 00b0 0B       		.uleb128 0xb
 778 00b1 00       		.byte	0
 779 00b2 00       		.byte	0
 780 00b3 0D       		.uleb128 0xd
 781 00b4 898201   		.uleb128 0x4109
 782 00b7 00       		.byte	0
 783 00b8 11       		.uleb128 0x11
 784 00b9 01       		.uleb128 0x1
 785 00ba 31       		.uleb128 0x31
 786 00bb 13       		.uleb128 0x13
 787 00bc 00       		.byte	0
 788 00bd 00       		.byte	0
 789 00be 0E       		.uleb128 0xe
 790 00bf 05       		.uleb128 0x5
 791 00c0 00       		.byte	0
 792 00c1 03       		.uleb128 0x3
 793 00c2 0E       		.uleb128 0xe
 794 00c3 3A       		.uleb128 0x3a
 795 00c4 0B       		.uleb128 0xb
 796 00c5 3B       		.uleb128 0x3b
 797 00c6 0B       		.uleb128 0xb
 798 00c7 49       		.uleb128 0x49
 799 00c8 13       		.uleb128 0x13
 800 00c9 02       		.uleb128 0x2
 801 00ca 18       		.uleb128 0x18
 802 00cb 00       		.byte	0
 803 00cc 00       		.byte	0
 804 00cd 0F       		.uleb128 0xf
 805 00ce 0F       		.uleb128 0xf
 806 00cf 00       		.byte	0
 807 00d0 0B       		.uleb128 0xb
 808 00d1 0B       		.uleb128 0xb
 809 00d2 49       		.uleb128 0x49
 810 00d3 13       		.uleb128 0x13
 811 00d4 00       		.byte	0
 812 00d5 00       		.byte	0
 813 00d6 10       		.uleb128 0x10
 814 00d7 34       		.uleb128 0x34
 815 00d8 00       		.byte	0
 816 00d9 03       		.uleb128 0x3
 817 00da 0E       		.uleb128 0xe
 818 00db 3A       		.uleb128 0x3a
 819 00dc 0B       		.uleb128 0xb
 820 00dd 3B       		.uleb128 0x3b
 821 00de 0B       		.uleb128 0xb
 822 00df 49       		.uleb128 0x49
 823 00e0 13       		.uleb128 0x13
 824 00e1 3F       		.uleb128 0x3f
 825 00e2 19       		.uleb128 0x19
 826 00e3 02       		.uleb128 0x2
 827 00e4 18       		.uleb128 0x18
 828 00e5 00       		.byte	0
 829 00e6 00       		.byte	0
 830 00e7 11       		.uleb128 0x11
 831 00e8 2E       		.uleb128 0x2e
ARM GAS  C:\Users\Lory\AppData\Local\Temp\ccaPUIFZ.s 			page 17


 832 00e9 00       		.byte	0
 833 00ea 3F       		.uleb128 0x3f
 834 00eb 19       		.uleb128 0x19
 835 00ec 3C       		.uleb128 0x3c
 836 00ed 19       		.uleb128 0x19
 837 00ee 6E       		.uleb128 0x6e
 838 00ef 0E       		.uleb128 0xe
 839 00f0 03       		.uleb128 0x3
 840 00f1 0E       		.uleb128 0xe
 841 00f2 3A       		.uleb128 0x3a
 842 00f3 0B       		.uleb128 0xb
 843 00f4 3B       		.uleb128 0x3b
 844 00f5 0B       		.uleb128 0xb
 845 00f6 00       		.byte	0
 846 00f7 00       		.byte	0
 847 00f8 00       		.byte	0
 848              		.section	.debug_loc,"",%progbits
 849              	.Ldebug_loc0:
 850              	.LLST0:
 851 0000 00000000 		.4byte	.LVL2
 852 0004 20000000 		.4byte	.LVL3
 853 0008 0100     		.2byte	0x1
 854 000a 50       		.byte	0x50
 855 000b 20000000 		.4byte	.LVL3
 856 000f 2E000000 		.4byte	.LFE2
 857 0013 0400     		.2byte	0x4
 858 0015 F3       		.byte	0xf3
 859 0016 01       		.uleb128 0x1
 860 0017 50       		.byte	0x50
 861 0018 9F       		.byte	0x9f
 862 0019 00000000 		.4byte	0
 863 001d 00000000 		.4byte	0
 864              	.LLST1:
 865 0021 00000000 		.4byte	.LVL5
 866 0025 0B000000 		.4byte	.LVL6-1
 867 0029 0100     		.2byte	0x1
 868 002b 50       		.byte	0x50
 869 002c 0B000000 		.4byte	.LVL6-1
 870 0030 36000000 		.4byte	.LFE3
 871 0034 0400     		.2byte	0x4
 872 0036 F3       		.byte	0xf3
 873 0037 01       		.uleb128 0x1
 874 0038 50       		.byte	0x50
 875 0039 9F       		.byte	0x9f
 876 003a 00000000 		.4byte	0
 877 003e 00000000 		.4byte	0
 878              	.LLST2:
 879 0042 00000000 		.4byte	.LVL5
 880 0046 0B000000 		.4byte	.LVL6-1
 881 004a 0100     		.2byte	0x1
 882 004c 51       		.byte	0x51
 883 004d 0B000000 		.4byte	.LVL6-1
 884 0051 36000000 		.4byte	.LFE3
 885 0055 0400     		.2byte	0x4
 886 0057 F3       		.byte	0xf3
 887 0058 01       		.uleb128 0x1
 888 0059 51       		.byte	0x51
ARM GAS  C:\Users\Lory\AppData\Local\Temp\ccaPUIFZ.s 			page 18


 889 005a 9F       		.byte	0x9f
 890 005b 00000000 		.4byte	0
 891 005f 00000000 		.4byte	0
 892              		.section	.debug_aranges,"",%progbits
 893 0000 4C000000 		.4byte	0x4c
 894 0004 0200     		.2byte	0x2
 895 0006 00000000 		.4byte	.Ldebug_info0
 896 000a 04       		.byte	0x4
 897 000b 00       		.byte	0
 898 000c 0000     		.2byte	0
 899 000e 0000     		.2byte	0
 900 0010 00000000 		.4byte	.LFB0
 901 0014 0A000000 		.4byte	.LFE0-.LFB0
 902 0018 00000000 		.4byte	.LFB1
 903 001c 0A000000 		.4byte	.LFE1-.LFB1
 904 0020 00000000 		.4byte	.LFB2
 905 0024 2E000000 		.4byte	.LFE2-.LFB2
 906 0028 00000000 		.4byte	.LFB3
 907 002c 36000000 		.4byte	.LFE3-.LFB3
 908 0030 00000000 		.4byte	.LFB4
 909 0034 02000000 		.4byte	.LFE4-.LFB4
 910 0038 00000000 		.4byte	.LFB5
 911 003c 02000000 		.4byte	.LFE5-.LFB5
 912 0040 00000000 		.4byte	.LFB6
 913 0044 0E000000 		.4byte	.LFE6-.LFB6
 914 0048 00000000 		.4byte	0
 915 004c 00000000 		.4byte	0
 916              		.section	.debug_ranges,"",%progbits
 917              	.Ldebug_ranges0:
 918 0000 00000000 		.4byte	.LFB0
 919 0004 0A000000 		.4byte	.LFE0
 920 0008 00000000 		.4byte	.LFB1
 921 000c 0A000000 		.4byte	.LFE1
 922 0010 00000000 		.4byte	.LFB2
 923 0014 2E000000 		.4byte	.LFE2
 924 0018 00000000 		.4byte	.LFB3
 925 001c 36000000 		.4byte	.LFE3
 926 0020 00000000 		.4byte	.LFB4
 927 0024 02000000 		.4byte	.LFE4
 928 0028 00000000 		.4byte	.LFB5
 929 002c 02000000 		.4byte	.LFE5
 930 0030 00000000 		.4byte	.LFB6
 931 0034 0E000000 		.4byte	.LFE6
 932 0038 00000000 		.4byte	0
 933 003c 00000000 		.4byte	0
 934              		.section	.debug_line,"",%progbits
 935              	.Ldebug_line0:
 936 0000 B5010000 		.section	.debug_str,"MS",%progbits,1
 936      02003001 
 936      00000201 
 936      FB0E0D00 
 936      01010101 
 937              	.LASF23:
 938 0000 45455052 		.ascii	"EEPROM_writeByte\000"
 938      4F4D5F77 
 938      72697465 
 938      42797465 
ARM GAS  C:\Users\Lory\AppData\Local\Temp\ccaPUIFZ.s 			page 19


 938      00
 939              	.LASF3:
 940 0011 5F5F7569 		.ascii	"__uint8_t\000"
 940      6E74385F 
 940      7400
 941              	.LASF13:
 942 001b 666C6F61 		.ascii	"float\000"
 942      7400
 943              	.LASF28:
 944 0021 6E427974 		.ascii	"nBytes\000"
 944      657300
 945              	.LASF5:
 946 0028 73686F72 		.ascii	"short unsigned int\000"
 946      7420756E 
 946      7369676E 
 946      65642069 
 946      6E7400
 947              	.LASF34:
 948 003b 5350495F 		.ascii	"SPI_Interface_Multi_RW\000"
 948      496E7465 
 948      72666163 
 948      655F4D75 
 948      6C74695F 
 949              	.LASF27:
 950 0052 45455052 		.ascii	"EEPROM_readPage\000"
 950      4F4D5F72 
 950      65616450 
 950      61676500 
 951              	.LASF38:
 952 0062 65657072 		.ascii	"eeprom_Status\000"
 952      6F6D5F53 
 952      74617475 
 952      7300
 953              	.LASF30:
 954 0070 64617461 		.ascii	"data\000"
 954      00
 955              	.LASF32:
 956 0075 5350495F 		.ascii	"SPI_Interface_ReadByte\000"
 956      496E7465 
 956      72666163 
 956      655F5265 
 956      61644279 
 957              	.LASF1:
 958 008c 756E7369 		.ascii	"unsigned char\000"
 958      676E6564 
 958      20636861 
 958      7200
 959              	.LASF35:
 960 009a 474E5520 		.ascii	"GNU C11 5.4.1 20160609 (release) [ARM/embedded-5-br"
 960      43313120 
 960      352E342E 
 960      31203230 
 960      31363036 
 961 00cd 616E6368 		.ascii	"anch revision 237715] -mcpu=cortex-m3 -mthumb -g -O"
 961      20726576 
 961      6973696F 
 961      6E203233 
ARM GAS  C:\Users\Lory\AppData\Local\Temp\ccaPUIFZ.s 			page 20


 961      37373135 
 962 0100 67202D66 		.ascii	"g -ffunction-sections -ffat-lto-objects\000"
 962      66756E63 
 962      74696F6E 
 962      2D736563 
 962      74696F6E 
 963              	.LASF37:
 964 0128 433A5C55 		.ascii	"C:\\Users\\Lory\\Desktop\\info_projects\\git_reposi"
 964      73657273 
 964      5C4C6F72 
 964      795C4465 
 964      736B746F 
 965 0156 746F7269 		.ascii	"tories\\PSoC-Final-Project\\AY1920_II_HW_FINAL_CARZ"
 965      65735C50 
 965      536F432D 
 965      46696E61 
 965      6C2D5072 
 966 0187 414E4947 		.ascii	"ANIGA_GUALNIERA\\AY1920_II_HW_FINAL_CARZANIGA_GUALN"
 966      415F4755 
 966      414C4E49 
 966      4552415C 
 966      41593139 
 967 01b9 49455241 		.ascii	"IERA.cydsn\000"
 967      2E637964 
 967      736E00
 968              	.LASF7:
 969 01c4 6C6F6E67 		.ascii	"long unsigned int\000"
 969      20756E73 
 969      69676E65 
 969      6420696E 
 969      7400
 970              	.LASF26:
 971 01d6 74656D70 		.ascii	"temp\000"
 971      00
 972              	.LASF24:
 973 01db 61646472 		.ascii	"addr\000"
 973      00
 974              	.LASF19:
 975 01e0 45455052 		.ascii	"EEPROM_readByte\000"
 975      4F4D5F72 
 975      65616442 
 975      79746500 
 976              	.LASF36:
 977 01f0 32354C43 		.ascii	"25LC256.c\000"
 977      3235362E 
 977      6300
 978              	.LASF25:
 979 01fa 64617461 		.ascii	"dataByte\000"
 979      42797465 
 979      00
 980              	.LASF4:
 981 0203 5F5F7569 		.ascii	"__uint16_t\000"
 981      6E743136 
 981      5F7400
 982              	.LASF14:
 983 020e 646F7562 		.ascii	"double\000"
 983      6C6500
ARM GAS  C:\Users\Lory\AppData\Local\Temp\ccaPUIFZ.s 			page 21


 984              	.LASF33:
 985 0215 5350495F 		.ascii	"SPI_Interface_tradeByte\000"
 985      496E7465 
 985      72666163 
 985      655F7472 
 985      61646542 
 986              	.LASF18:
 987 022d 45455052 		.ascii	"EEPROM_readStatus\000"
 987      4F4D5F72 
 987      65616453 
 987      74617475 
 987      7300
 988              	.LASF10:
 989 023f 756E7369 		.ascii	"unsigned int\000"
 989      676E6564 
 989      20696E74 
 989      00
 990              	.LASF9:
 991 024c 6C6F6E67 		.ascii	"long long unsigned int\000"
 991      206C6F6E 
 991      6720756E 
 991      7369676E 
 991      65642069 
 992              	.LASF11:
 993 0263 75696E74 		.ascii	"uint8_t\000"
 993      385F7400 
 994              	.LASF21:
 995 026b 64617461 		.ascii	"dataRX\000"
 995      525800
 996              	.LASF31:
 997 0272 45455052 		.ascii	"EEPROM_waitForWriteComplete\000"
 997      4F4D5F77 
 997      61697446 
 997      6F725772 
 997      69746543 
 998              	.LASF17:
 999 028e 73697A65 		.ascii	"sizetype\000"
 999      74797065 
 999      00
 1000              	.LASF8:
 1001 0297 6C6F6E67 		.ascii	"long long int\000"
 1001      206C6F6E 
 1001      6720696E 
 1001      7400
 1002              	.LASF15:
 1003 02a5 63686172 		.ascii	"char\000"
 1003      00
 1004              	.LASF2:
 1005 02aa 73686F72 		.ascii	"short int\000"
 1005      7420696E 
 1005      7400
 1006              	.LASF29:
 1007 02b4 45455052 		.ascii	"EEPROM_writePage\000"
 1007      4F4D5F77 
 1007      72697465 
 1007      50616765 
 1007      00
ARM GAS  C:\Users\Lory\AppData\Local\Temp\ccaPUIFZ.s 			page 22


 1008              	.LASF12:
 1009 02c5 75696E74 		.ascii	"uint16_t\000"
 1009      31365F74 
 1009      00
 1010              	.LASF6:
 1011 02ce 6C6F6E67 		.ascii	"long int\000"
 1011      20696E74 
 1011      00
 1012              	.LASF16:
 1013 02d7 6C6F6E67 		.ascii	"long double\000"
 1013      20646F75 
 1013      626C6500 
 1014              	.LASF0:
 1015 02e3 7369676E 		.ascii	"signed char\000"
 1015      65642063 
 1015      68617200 
 1016              	.LASF20:
 1017 02ef 64617461 		.ascii	"dataTX\000"
 1017      545800
 1018              	.LASF22:
 1019 02f6 45455052 		.ascii	"EEPROM_writeEnable\000"
 1019      4F4D5F77 
 1019      72697465 
 1019      456E6162 
 1019      6C6500
 1020              		.ident	"GCC: (GNU Tools for ARM Embedded Processors) 5.4.1 20160609 (release) [ARM/embedded-5-bran
