ARM GAS  C:\Users\Manu\AppData\Local\Temp\cc8Uvzcp.s 			page 1


   1              		.syntax unified
   2              		.cpu cortex-m3
   3              		.fpu softvfp
   4              		.eabi_attribute 20, 1
   5              		.eabi_attribute 21, 1
   6              		.eabi_attribute 23, 3
   7              		.eabi_attribute 24, 1
   8              		.eabi_attribute 25, 1
   9              		.eabi_attribute 26, 1
  10              		.eabi_attribute 30, 1
  11              		.eabi_attribute 34, 1
  12              		.eabi_attribute 18, 4
  13              		.thumb
  14              		.syntax unified
  15              		.file	"cymetadata.c"
  16              		.text
  17              	.Ltext0:
  18              		.cfi_sections	.debug_frame
  19              		.global	cy_metadata
  20              		.global	cy_meta_flashprotect
  21              		.global	cy_meta_wonvl
  22              		.global	cy_meta_custnvl
  23              		.global	cy_meta_configecc
  24              		.section	.cyconfigecc,"a",%progbits
  25              		.align	2
  26              		.type	cy_meta_configecc, %object
  27              		.size	cy_meta_configecc, 1924
  28              	cy_meta_configecc:
  29 0000 02       		.byte	2
  30 0001 4F       		.byte	79
  31 0002 00       		.byte	0
  32 0003 40       		.byte	64
  33 0004 04       		.byte	4
  34 0005 52       		.byte	82
  35 0006 00       		.byte	0
  36 0007 40       		.byte	64
  37 0008 02       		.byte	2
  38 0009 64       		.byte	100
  39 000a 00       		.byte	0
  40 000b 40       		.byte	64
  41 000c 04       		.byte	4
  42 000d 65       		.byte	101
  43 000e 00       		.byte	0
  44 000f 40       		.byte	64
  45 0010 01       		.byte	1
  46 0011 03       		.byte	3
  47 0012 01       		.byte	1
  48 0013 40       		.byte	64
  49 0014 69       		.byte	105
  50 0015 04       		.byte	4
  51 0016 01       		.byte	1
  52 0017 40       		.byte	64
  53 0018 3A       		.byte	58
  54 0019 05       		.byte	5
  55 001a 01       		.byte	1
  56 001b 40       		.byte	64
  57 001c 53       		.byte	83
ARM GAS  C:\Users\Manu\AppData\Local\Temp\cc8Uvzcp.s 			page 2


  58 001d 06       		.byte	6
  59 001e 01       		.byte	1
  60 001f 40       		.byte	64
  61 0020 3C       		.byte	60
  62 0021 07       		.byte	7
  63 0022 01       		.byte	1
  64 0023 40       		.byte	64
  65 0024 03       		.byte	3
  66 0025 09       		.byte	9
  67 0026 01       		.byte	1
  68 0027 40       		.byte	64
  69 0028 01       		.byte	1
  70 0029 0D       		.byte	13
  71 002a 01       		.byte	1
  72 002b 40       		.byte	64
  73 002c 50       		.byte	80
  74 002d 14       		.byte	20
  75 002e 01       		.byte	1
  76 002f 40       		.byte	64
  77 0030 50       		.byte	80
  78 0031 15       		.byte	21
  79 0032 01       		.byte	1
  80 0033 40       		.byte	64
  81 0034 5A       		.byte	90
  82 0035 16       		.byte	22
  83 0036 01       		.byte	1
  84 0037 40       		.byte	64
  85 0038 4E       		.byte	78
  86 0039 17       		.byte	23
  87 003a 01       		.byte	1
  88 003b 40       		.byte	64
  89 003c 02       		.byte	2
  90 003d 19       		.byte	25
  91 003e 01       		.byte	1
  92 003f 40       		.byte	64
  93 0040 0B       		.byte	11
  94 0041 1A       		.byte	26
  95 0042 01       		.byte	1
  96 0043 40       		.byte	64
  97 0044 49       		.byte	73
  98 0045 1B       		.byte	27
  99 0046 01       		.byte	1
 100 0047 40       		.byte	64
 101 0048 04       		.byte	4
 102 0049 40       		.byte	64
 103 004a 01       		.byte	1
 104 004b 40       		.byte	64
 105 004c 03       		.byte	3
 106 004d 41       		.byte	65
 107 004e 01       		.byte	1
 108 004f 40       		.byte	64
 109 0050 0E       		.byte	14
 110 0051 42       		.byte	66
 111 0052 01       		.byte	1
 112 0053 40       		.byte	64
 113 0054 09       		.byte	9
 114 0055 43       		.byte	67
ARM GAS  C:\Users\Manu\AppData\Local\Temp\cc8Uvzcp.s 			page 3


 115 0056 01       		.byte	1
 116 0057 40       		.byte	64
 117 0058 02       		.byte	2
 118 0059 44       		.byte	68
 119 005a 01       		.byte	1
 120 005b 40       		.byte	64
 121 005c 05       		.byte	5
 122 005d 45       		.byte	69
 123 005e 01       		.byte	1
 124 005f 40       		.byte	64
 125 0060 01       		.byte	1
 126 0061 46       		.byte	70
 127 0062 01       		.byte	1
 128 0063 40       		.byte	64
 129 0064 01       		.byte	1
 130 0065 47       		.byte	71
 131 0066 01       		.byte	1
 132 0067 40       		.byte	64
 133 0068 0F       		.byte	15
 134 0069 48       		.byte	72
 135 006a 01       		.byte	1
 136 006b 40       		.byte	64
 137 006c 09       		.byte	9
 138 006d 49       		.byte	73
 139 006e 01       		.byte	1
 140 006f 40       		.byte	64
 141 0070 03       		.byte	3
 142 0071 4C       		.byte	76
 143 0072 01       		.byte	1
 144 0073 40       		.byte	64
 145 0074 03       		.byte	3
 146 0075 4D       		.byte	77
 147 0076 01       		.byte	1
 148 0077 40       		.byte	64
 149 0078 05       		.byte	5
 150 0079 50       		.byte	80
 151 007a 01       		.byte	1
 152 007b 40       		.byte	64
 153 007c 02       		.byte	2
 154 007d 51       		.byte	81
 155 007e 01       		.byte	1
 156 007f 40       		.byte	64
 157 0080 01       		.byte	1
 158 0081 30       		.byte	48
 159 0082 0A       		.byte	10
 160 0083 E1       		.byte	-31
 161 0084 18       		.byte	24
 162 0085 60       		.byte	96
 163 0086 19       		.byte	25
 164 0087 20       		.byte	32
 165 0088 60       		.byte	96
 166 0089 82       		.byte	-126
 167 008a 61       		.byte	97
 168 008b 03       		.byte	3
 169 008c 85       		.byte	-123
 170 008d 0F       		.byte	15
 171 008e 86       		.byte	-122
ARM GAS  C:\Users\Manu\AppData\Local\Temp\cc8Uvzcp.s 			page 4


 172 008f 0D       		.byte	13
 173 0090 84       		.byte	-124
 174 0091 38       		.byte	56
 175 0092 86       		.byte	-122
 176 0093 0F       		.byte	15
 177 0094 87       		.byte	-121
 178 0095 0F       		.byte	15
 179 0096 8B       		.byte	-117
 180 0097 72       		.byte	114
 181 0098 8A       		.byte	-118
 182 0099 02       		.byte	2
 183 009a 00       		.byte	0
 184 009b 03       		.byte	3
 185 009c 01       		.byte	1
 186 009d 02       		.byte	2
 187 009e 02       		.byte	2
 188 009f 2C       		.byte	44
 189 00a0 04       		.byte	4
 190 00a1 23       		.byte	35
 191 00a2 06       		.byte	6
 192 00a3 14       		.byte	20
 193 00a4 08       		.byte	8
 194 00a5 02       		.byte	2
 195 00a6 09       		.byte	9
 196 00a7 01       		.byte	1
 197 00a8 0A       		.byte	10
 198 00a9 1D       		.byte	29
 199 00aa 0C       		.byte	12
 200 00ab D0       		.byte	-48
 201 00ac 12       		.byte	18
 202 00ad 40       		.byte	64
 203 00ae 14       		.byte	20
 204 00af D0       		.byte	-48
 205 00b0 18       		.byte	24
 206 00b1 01       		.byte	1
 207 00b2 1A       		.byte	26
 208 00b3 3A       		.byte	58
 209 00b4 1E       		.byte	30
 210 00b5 D0       		.byte	-48
 211 00b6 20       		.byte	32
 212 00b7 D0       		.byte	-48
 213 00b8 21       		.byte	33
 214 00b9 01       		.byte	1
 215 00ba 28       		.byte	40
 216 00bb D0       		.byte	-48
 217 00bc 29       		.byte	41
 218 00bd 01       		.byte	1
 219 00be 30       		.byte	48
 220 00bf 20       		.byte	32
 221 00c0 31       		.byte	49
 222 00c1 02       		.byte	2
 223 00c2 32       		.byte	50
 224 00c3 1F       		.byte	31
 225 00c4 33       		.byte	51
 226 00c5 01       		.byte	1
 227 00c6 34       		.byte	52
 228 00c7 40       		.byte	64
ARM GAS  C:\Users\Manu\AppData\Local\Temp\cc8Uvzcp.s 			page 5


 229 00c8 36       		.byte	54
 230 00c9 80       		.byte	-128
 231 00ca 3A       		.byte	58
 232 00cb 08       		.byte	8
 233 00cc 3E       		.byte	62
 234 00cd 51       		.byte	81
 235 00ce 3F       		.byte	63
 236 00cf 01       		.byte	1
 237 00d0 40       		.byte	64
 238 00d1 23       		.byte	35
 239 00d2 41       		.byte	65
 240 00d3 05       		.byte	5
 241 00d4 42       		.byte	66
 242 00d5 10       		.byte	16
 243 00d6 44       		.byte	68
 244 00d7 06       		.byte	6
 245 00d8 45       		.byte	69
 246 00d9 CE       		.byte	-50
 247 00da 46       		.byte	70
 248 00db FD       		.byte	-3
 249 00dc 47       		.byte	71
 250 00dd 0B       		.byte	11
 251 00de 48       		.byte	72
 252 00df 1F       		.byte	31
 253 00e0 49       		.byte	73
 254 00e1 FF       		.byte	-1
 255 00e2 4A       		.byte	74
 256 00e3 FF       		.byte	-1
 257 00e4 4B       		.byte	75
 258 00e5 FF       		.byte	-1
 259 00e6 4C       		.byte	76
 260 00e7 22       		.byte	34
 261 00e8 4E       		.byte	78
 262 00e9 F0       		.byte	-16
 263 00ea 4F       		.byte	79
 264 00eb 0C       		.byte	12
 265 00ec 50       		.byte	80
 266 00ed 04       		.byte	4
 267 00ee 54       		.byte	84
 268 00ef 40       		.byte	64
 269 00f0 56       		.byte	86
 270 00f1 04       		.byte	4
 271 00f2 58       		.byte	88
 272 00f3 04       		.byte	4
 273 00f4 59       		.byte	89
 274 00f5 04       		.byte	4
 275 00f6 5A       		.byte	90
 276 00f7 04       		.byte	4
 277 00f8 5B       		.byte	91
 278 00f9 04       		.byte	4
 279 00fa 5C       		.byte	92
 280 00fb 10       		.byte	16
 281 00fc 5F       		.byte	95
 282 00fd 01       		.byte	1
 283 00fe 62       		.byte	98
 284 00ff C0       		.byte	-64
 285 0100 64       		.byte	100
ARM GAS  C:\Users\Manu\AppData\Local\Temp\cc8Uvzcp.s 			page 6


 286 0101 40       		.byte	64
 287 0102 65       		.byte	101
 288 0103 01       		.byte	1
 289 0104 66       		.byte	102
 290 0105 10       		.byte	16
 291 0106 67       		.byte	103
 292 0107 11       		.byte	17
 293 0108 68       		.byte	104
 294 0109 C0       		.byte	-64
 295 010a 69       		.byte	105
 296 010b 01       		.byte	1
 297 010c 6B       		.byte	107
 298 010d 11       		.byte	17
 299 010e 6C       		.byte	108
 300 010f 40       		.byte	64
 301 0110 6D       		.byte	109
 302 0111 01       		.byte	1
 303 0112 6E       		.byte	110
 304 0113 40       		.byte	64
 305 0114 6F       		.byte	111
 306 0115 01       		.byte	1
 307 0116 80       		.byte	-128
 308 0117 22       		.byte	34
 309 0118 81       		.byte	-127
 310 0119 11       		.byte	17
 311 011a 83       		.byte	-125
 312 011b 22       		.byte	34
 313 011c 84       		.byte	-124
 314 011d 72       		.byte	114
 315 011e 85       		.byte	-123
 316 011f 24       		.byte	36
 317 0120 87       		.byte	-121
 318 0121 49       		.byte	73
 319 0122 88       		.byte	-120
 320 0123 23       		.byte	35
 321 0124 89       		.byte	-119
 322 0125 D1       		.byte	-47
 323 0126 8A       		.byte	-118
 324 0127 58       		.byte	88
 325 0128 8B       		.byte	-117
 326 0129 08       		.byte	8
 327 012a 8C       		.byte	-116
 328 012b 72       		.byte	114
 329 012c 8D       		.byte	-115
 330 012d D9       		.byte	-39
 331 012e 91       		.byte	-111
 332 012f D8       		.byte	-40
 333 0130 93       		.byte	-109
 334 0131 01       		.byte	1
 335 0132 95       		.byte	-107
 336 0133 2E       		.byte	46
 337 0134 97       		.byte	-105
 338 0135 81       		.byte	-127
 339 0136 98       		.byte	-104
 340 0137 01       		.byte	1
 341 0138 99       		.byte	-103
 342 0139 20       		.byte	32
ARM GAS  C:\Users\Manu\AppData\Local\Temp\cc8Uvzcp.s 			page 7


 343 013a 9A       		.byte	-102
 344 013b 74       		.byte	116
 345 013c 9B       		.byte	-101
 346 013d D0       		.byte	-48
 347 013e 9C       		.byte	-100
 348 013f 63       		.byte	99
 349 0140 9D       		.byte	-99
 350 0141 D9       		.byte	-39
 351 0142 9E       		.byte	-98
 352 0143 0C       		.byte	12
 353 0144 A0       		.byte	-96
 354 0145 22       		.byte	34
 355 0146 A2       		.byte	-94
 356 0147 50       		.byte	80
 357 0148 A5       		.byte	-91
 358 0149 D9       		.byte	-39
 359 014a A8       		.byte	-88
 360 014b 50       		.byte	80
 361 014c AA       		.byte	-86
 362 014d 22       		.byte	34
 363 014e AC       		.byte	-84
 364 014f 72       		.byte	114
 365 0150 AD       		.byte	-83
 366 0151 08       		.byte	8
 367 0152 AF       		.byte	-81
 368 0153 04       		.byte	4
 369 0154 B3       		.byte	-77
 370 0155 F0       		.byte	-16
 371 0156 B4       		.byte	-76
 372 0157 1F       		.byte	31
 373 0158 B5       		.byte	-75
 374 0159 0F       		.byte	15
 375 015a B6       		.byte	-74
 376 015b 60       		.byte	96
 377 015c B8       		.byte	-72
 378 015d 20       		.byte	32
 379 015e BB       		.byte	-69
 380 015f 38       		.byte	56
 381 0160 D6       		.byte	-42
 382 0161 02       		.byte	2
 383 0162 D7       		.byte	-41
 384 0163 28       		.byte	40
 385 0164 D8       		.byte	-40
 386 0165 04       		.byte	4
 387 0166 D9       		.byte	-39
 388 0167 04       		.byte	4
 389 0168 DB       		.byte	-37
 390 0169 04       		.byte	4
 391 016a DF       		.byte	-33
 392 016b 01       		.byte	1
 393 016c 00       		.byte	0
 394 016d 86       		.byte	-122
 395 016e 03       		.byte	3
 396 016f 08       		.byte	8
 397 0170 05       		.byte	5
 398 0171 01       		.byte	1
 399 0172 07       		.byte	7
ARM GAS  C:\Users\Manu\AppData\Local\Temp\cc8Uvzcp.s 			page 8


 400 0173 16       		.byte	22
 401 0174 09       		.byte	9
 402 0175 54       		.byte	84
 403 0176 0B       		.byte	11
 404 0177 80       		.byte	-128
 405 0178 0E       		.byte	14
 406 0179 06       		.byte	6
 407 017a 10       		.byte	16
 408 017b 88       		.byte	-120
 409 017c 15       		.byte	21
 410 017d 10       		.byte	16
 411 017e 17       		.byte	23
 412 017f 41       		.byte	65
 413 0180 18       		.byte	24
 414 0181 01       		.byte	1
 415 0182 19       		.byte	25
 416 0183 08       		.byte	8
 417 0184 1A       		.byte	26
 418 0185 42       		.byte	66
 419 0186 1B       		.byte	27
 420 0187 18       		.byte	24
 421 0188 1C       		.byte	28
 422 0189 06       		.byte	6
 423 018a 1E       		.byte	30
 424 018b 06       		.byte	6
 425 018c 21       		.byte	33
 426 018d 08       		.byte	8
 427 018e 22       		.byte	34
 428 018f 02       		.byte	2
 429 0190 23       		.byte	35
 430 0191 10       		.byte	16
 431 0192 25       		.byte	37
 432 0193 10       		.byte	16
 433 0194 27       		.byte	39
 434 0195 24       		.byte	36
 435 0196 28       		.byte	40
 436 0197 80       		.byte	-128
 437 0198 2A       		.byte	42
 438 0199 20       		.byte	32
 439 019a 2F       		.byte	47
 440 019b 21       		.byte	33
 441 019c 37       		.byte	55
 442 019d 65       		.byte	101
 443 019e 39       		.byte	57
 444 019f 02       		.byte	2
 445 01a0 3A       		.byte	58
 446 01a1 10       		.byte	16
 447 01a2 3C       		.byte	60
 448 01a3 82       		.byte	-126
 449 01a4 3E       		.byte	62
 450 01a5 14       		.byte	20
 451 01a6 40       		.byte	64
 452 01a7 05       		.byte	5
 453 01a8 43       		.byte	67
 454 01a9 04       		.byte	4
 455 01aa 48       		.byte	72
 456 01ab 01       		.byte	1
ARM GAS  C:\Users\Manu\AppData\Local\Temp\cc8Uvzcp.s 			page 9


 457 01ac 49       		.byte	73
 458 01ad 05       		.byte	5
 459 01ae 4B       		.byte	75
 460 01af 22       		.byte	34
 461 01b0 51       		.byte	81
 462 01b1 20       		.byte	32
 463 01b2 52       		.byte	82
 464 01b3 48       		.byte	72
 465 01b4 53       		.byte	83
 466 01b5 40       		.byte	64
 467 01b6 61       		.byte	97
 468 01b7 20       		.byte	32
 469 01b8 62       		.byte	98
 470 01b9 40       		.byte	64
 471 01ba 63       		.byte	99
 472 01bb 60       		.byte	96
 473 01bc 65       		.byte	101
 474 01bd 08       		.byte	8
 475 01be 6C       		.byte	108
 476 01bf 88       		.byte	-120
 477 01c0 6D       		.byte	109
 478 01c1 98       		.byte	-104
 479 01c2 6E       		.byte	110
 480 01c3 10       		.byte	16
 481 01c4 6F       		.byte	111
 482 01c5 71       		.byte	113
 483 01c6 74       		.byte	116
 484 01c7 40       		.byte	64
 485 01c8 77       		.byte	119
 486 01c9 02       		.byte	2
 487 01ca 87       		.byte	-121
 488 01cb 40       		.byte	64
 489 01cc A6       		.byte	-90
 490 01cd 02       		.byte	2
 491 01ce C0       		.byte	-64
 492 01cf FF       		.byte	-1
 493 01d0 C2       		.byte	-62
 494 01d1 CF       		.byte	-49
 495 01d2 C4       		.byte	-60
 496 01d3 DA       		.byte	-38
 497 01d4 CA       		.byte	-54
 498 01d5 55       		.byte	85
 499 01d6 CC       		.byte	-52
 500 01d7 F0       		.byte	-16
 501 01d8 CE       		.byte	-50
 502 01d9 F5       		.byte	-11
 503 01da D0       		.byte	-48
 504 01db 0E       		.byte	14
 505 01dc D2       		.byte	-46
 506 01dd 0C       		.byte	12
 507 01de D8       		.byte	-40
 508 01df 4F       		.byte	79
 509 01e0 02       		.byte	2
 510 01e1 02       		.byte	2
 511 01e2 0A       		.byte	10
 512 01e3 01       		.byte	1
 513 01e4 0C       		.byte	12
ARM GAS  C:\Users\Manu\AppData\Local\Temp\cc8Uvzcp.s 			page 10


 514 01e5 01       		.byte	1
 515 01e6 16       		.byte	22
 516 01e7 04       		.byte	4
 517 01e8 17       		.byte	23
 518 01e9 02       		.byte	2
 519 01ea 26       		.byte	38
 520 01eb 04       		.byte	4
 521 01ec 2B       		.byte	43
 522 01ed 06       		.byte	6
 523 01ee 2F       		.byte	47
 524 01ef 01       		.byte	1
 525 01f0 30       		.byte	48
 526 01f1 01       		.byte	1
 527 01f2 33       		.byte	51
 528 01f3 02       		.byte	2
 529 01f4 34       		.byte	52
 530 01f5 04       		.byte	4
 531 01f6 35       		.byte	53
 532 01f7 01       		.byte	1
 533 01f8 36       		.byte	54
 534 01f9 02       		.byte	2
 535 01fa 37       		.byte	55
 536 01fb 04       		.byte	4
 537 01fc 3E       		.byte	62
 538 01fd 10       		.byte	16
 539 01fe 40       		.byte	64
 540 01ff 30       		.byte	48
 541 0200 41       		.byte	65
 542 0201 06       		.byte	6
 543 0202 45       		.byte	69
 544 0203 D0       		.byte	-48
 545 0204 46       		.byte	70
 546 0205 20       		.byte	32
 547 0206 47       		.byte	71
 548 0207 01       		.byte	1
 549 0208 48       		.byte	72
 550 0209 1A       		.byte	26
 551 020a 49       		.byte	73
 552 020b FF       		.byte	-1
 553 020c 4A       		.byte	74
 554 020d FF       		.byte	-1
 555 020e 4B       		.byte	75
 556 020f FF       		.byte	-1
 557 0210 4D       		.byte	77
 558 0211 A0       		.byte	-96
 559 0212 4F       		.byte	79
 560 0213 04       		.byte	4
 561 0214 50       		.byte	80
 562 0215 18       		.byte	24
 563 0216 52       		.byte	82
 564 0217 80       		.byte	-128
 565 0218 54       		.byte	84
 566 0219 05       		.byte	5
 567 021a 58       		.byte	88
 568 021b 04       		.byte	4
 569 021c 59       		.byte	89
 570 021d 04       		.byte	4
ARM GAS  C:\Users\Manu\AppData\Local\Temp\cc8Uvzcp.s 			page 11


 571 021e 5A       		.byte	90
 572 021f 04       		.byte	4
 573 0220 5B       		.byte	91
 574 0221 04       		.byte	4
 575 0222 5C       		.byte	92
 576 0223 22       		.byte	34
 577 0224 5D       		.byte	93
 578 0225 22       		.byte	34
 579 0226 5F       		.byte	95
 580 0227 01       		.byte	1
 581 0228 60       		.byte	96
 582 0229 40       		.byte	64
 583 022a 62       		.byte	98
 584 022b C0       		.byte	-64
 585 022c 64       		.byte	100
 586 022d 40       		.byte	64
 587 022e 65       		.byte	101
 588 022f 40       		.byte	64
 589 0230 66       		.byte	102
 590 0231 C0       		.byte	-64
 591 0232 68       		.byte	104
 592 0233 C0       		.byte	-64
 593 0234 6A       		.byte	106
 594 0235 C0       		.byte	-64
 595 0236 6C       		.byte	108
 596 0237 C0       		.byte	-64
 597 0238 6E       		.byte	110
 598 0239 C0       		.byte	-64
 599 023a 80       		.byte	-128
 600 023b EB       		.byte	-21
 601 023c 82       		.byte	-126
 602 023d 14       		.byte	20
 603 023e 83       		.byte	-125
 604 023f 03       		.byte	3
 605 0240 85       		.byte	-123
 606 0241 0C       		.byte	12
 607 0242 86       		.byte	-122
 608 0243 18       		.byte	24
 609 0244 87       		.byte	-121
 610 0245 71       		.byte	113
 611 0246 8A       		.byte	-118
 612 0247 20       		.byte	32
 613 0248 8B       		.byte	-117
 614 0249 20       		.byte	32
 615 024a 8D       		.byte	-115
 616 024b DC       		.byte	-36
 617 024c 8F       		.byte	-113
 618 024d 22       		.byte	34
 619 024e 94       		.byte	-108
 620 024f 06       		.byte	6
 621 0250 98       		.byte	-104
 622 0251 55       		.byte	85
 623 0252 99       		.byte	-103
 624 0253 14       		.byte	20
 625 0254 9A       		.byte	-102
 626 0255 A2       		.byte	-94
 627 0256 9D       		.byte	-99
ARM GAS  C:\Users\Manu\AppData\Local\Temp\cc8Uvzcp.s 			page 12


 628 0257 09       		.byte	9
 629 0258 9F       		.byte	-97
 630 0259 D0       		.byte	-48
 631 025a A5       		.byte	-91
 632 025b 10       		.byte	16
 633 025c A7       		.byte	-89
 634 025d 40       		.byte	64
 635 025e A8       		.byte	-88
 636 025f F0       		.byte	-16
 637 0260 A9       		.byte	-87
 638 0261 10       		.byte	16
 639 0262 AA       		.byte	-86
 640 0263 09       		.byte	9
 641 0264 AB       		.byte	-85
 642 0265 AC       		.byte	-84
 643 0266 B0       		.byte	-80
 644 0267 80       		.byte	-128
 645 0268 B1       		.byte	-79
 646 0269 1F       		.byte	31
 647 026a B2       		.byte	-78
 648 026b 07       		.byte	7
 649 026c B3       		.byte	-77
 650 026d E0       		.byte	-32
 651 026e B4       		.byte	-76
 652 026f 38       		.byte	56
 653 0270 B6       		.byte	-74
 654 0271 40       		.byte	64
 655 0272 B8       		.byte	-72
 656 0273 0A       		.byte	10
 657 0274 BB       		.byte	-69
 658 0275 08       		.byte	8
 659 0276 BE       		.byte	-66
 660 0277 40       		.byte	64
 661 0278 D4       		.byte	-44
 662 0279 09       		.byte	9
 663 027a D6       		.byte	-42
 664 027b 04       		.byte	4
 665 027c D8       		.byte	-40
 666 027d 04       		.byte	4
 667 027e D9       		.byte	-39
 668 027f 04       		.byte	4
 669 0280 DB       		.byte	-37
 670 0281 04       		.byte	4
 671 0282 DC       		.byte	-36
 672 0283 10       		.byte	16
 673 0284 DF       		.byte	-33
 674 0285 01       		.byte	1
 675 0286 00       		.byte	0
 676 0287 06       		.byte	6
 677 0288 02       		.byte	2
 678 0289 08       		.byte	8
 679 028a 05       		.byte	5
 680 028b 02       		.byte	2
 681 028c 06       		.byte	6
 682 028d 04       		.byte	4
 683 028e 07       		.byte	7
 684 028f 01       		.byte	1
ARM GAS  C:\Users\Manu\AppData\Local\Temp\cc8Uvzcp.s 			page 13


 685 0290 0A       		.byte	10
 686 0291 24       		.byte	36
 687 0292 0F       		.byte	15
 688 0293 20       		.byte	32
 689 0294 11       		.byte	17
 690 0295 20       		.byte	32
 691 0296 17       		.byte	23
 692 0297 08       		.byte	8
 693 0298 18       		.byte	24
 694 0299 05       		.byte	5
 695 029a 1A       		.byte	26
 696 029b 20       		.byte	32
 697 029c 1B       		.byte	27
 698 029d 02       		.byte	2
 699 029e 1C       		.byte	28
 700 029f 40       		.byte	64
 701 02a0 1E       		.byte	30
 702 02a1 09       		.byte	9
 703 02a2 21       		.byte	33
 704 02a3 05       		.byte	5
 705 02a4 27       		.byte	39
 706 02a5 29       		.byte	41
 707 02a6 29       		.byte	41
 708 02a7 28       		.byte	40
 709 02a8 2E       		.byte	46
 710 02a9 80       		.byte	-128
 711 02aa 2F       		.byte	47
 712 02ab 08       		.byte	8
 713 02ac 30       		.byte	48
 714 02ad 20       		.byte	32
 715 02ae 32       		.byte	50
 716 02af 40       		.byte	64
 717 02b0 37       		.byte	55
 718 02b1 08       		.byte	8
 719 02b2 38       		.byte	56
 720 02b3 A0       		.byte	-96
 721 02b4 39       		.byte	57
 722 02b5 0A       		.byte	10
 723 02b6 47       		.byte	71
 724 02b7 08       		.byte	8
 725 02b8 4F       		.byte	79
 726 02b9 21       		.byte	33
 727 02ba 56       		.byte	86
 728 02bb 04       		.byte	4
 729 02bc 57       		.byte	87
 730 02bd 18       		.byte	24
 731 02be 59       		.byte	89
 732 02bf 04       		.byte	4
 733 02c0 5A       		.byte	90
 734 02c1 42       		.byte	66
 735 02c2 5B       		.byte	91
 736 02c3 10       		.byte	16
 737 02c4 5C       		.byte	92
 738 02c5 40       		.byte	64
 739 02c6 5E       		.byte	94
 740 02c7 08       		.byte	8
 741 02c8 5F       		.byte	95
ARM GAS  C:\Users\Manu\AppData\Local\Temp\cc8Uvzcp.s 			page 14


 742 02c9 01       		.byte	1
 743 02ca 60       		.byte	96
 744 02cb 01       		.byte	1
 745 02cc 62       		.byte	98
 746 02cd 02       		.byte	2
 747 02ce 75       		.byte	117
 748 02cf 02       		.byte	2
 749 02d0 8C       		.byte	-116
 750 02d1 04       		.byte	4
 751 02d2 92       		.byte	-110
 752 02d3 46       		.byte	70
 753 02d4 93       		.byte	-109
 754 02d5 10       		.byte	16
 755 02d6 95       		.byte	-107
 756 02d7 02       		.byte	2
 757 02d8 99       		.byte	-103
 758 02d9 05       		.byte	5
 759 02da 9C       		.byte	-100
 760 02db 80       		.byte	-128
 761 02dc 9E       		.byte	-98
 762 02dd 30       		.byte	48
 763 02de A0       		.byte	-96
 764 02df 01       		.byte	1
 765 02e0 A1       		.byte	-95
 766 02e1 10       		.byte	16
 767 02e2 A2       		.byte	-94
 768 02e3 08       		.byte	8
 769 02e4 AF       		.byte	-81
 770 02e5 10       		.byte	16
 771 02e6 B1       		.byte	-79
 772 02e7 08       		.byte	8
 773 02e8 C0       		.byte	-64
 774 02e9 DE       		.byte	-34
 775 02ea C2       		.byte	-62
 776 02eb 26       		.byte	38
 777 02ec C4       		.byte	-60
 778 02ed 22       		.byte	34
 779 02ee CA       		.byte	-54
 780 02ef 36       		.byte	54
 781 02f0 CC       		.byte	-52
 782 02f1 4C       		.byte	76
 783 02f2 CE       		.byte	-50
 784 02f3 0F       		.byte	15
 785 02f4 D0       		.byte	-48
 786 02f5 40       		.byte	64
 787 02f6 D2       		.byte	-46
 788 02f7 20       		.byte	32
 789 02f8 D6       		.byte	-42
 790 02f9 DF       		.byte	-33
 791 02fa D8       		.byte	-40
 792 02fb 09       		.byte	9
 793 02fc E6       		.byte	-26
 794 02fd 40       		.byte	64
 795 02fe 9A       		.byte	-102
 796 02ff 80       		.byte	-128
 797 0300 B2       		.byte	-78
 798 0301 80       		.byte	-128
ARM GAS  C:\Users\Manu\AppData\Local\Temp\cc8Uvzcp.s 			page 15


 799 0302 EC       		.byte	-20
 800 0303 20       		.byte	32
 801 0304 E4       		.byte	-28
 802 0305 20       		.byte	32
 803 0306 04       		.byte	4
 804 0307 31       		.byte	49
 805 0308 06       		.byte	6
 806 0309 C6       		.byte	-58
 807 030a 07       		.byte	7
 808 030b 07       		.byte	7
 809 030c 0B       		.byte	11
 810 030d 06       		.byte	6
 811 030e 0D       		.byte	13
 812 030f 04       		.byte	4
 813 0310 0E       		.byte	14
 814 0311 8C       		.byte	-116
 815 0312 10       		.byte	16
 816 0313 AC       		.byte	-84
 817 0314 12       		.byte	18
 818 0315 43       		.byte	67
 819 0316 13       		.byte	19
 820 0317 10       		.byte	16
 821 0318 14       		.byte	20
 822 0319 31       		.byte	49
 823 031a 15       		.byte	21
 824 031b 08       		.byte	8
 825 031c 16       		.byte	22
 826 031d 4E       		.byte	78
 827 031e 19       		.byte	25
 828 031f 06       		.byte	6
 829 0320 1A       		.byte	26
 830 0321 53       		.byte	83
 831 0322 1D       		.byte	29
 832 0323 02       		.byte	2
 833 0324 21       		.byte	33
 834 0325 07       		.byte	7
 835 0326 25       		.byte	37
 836 0327 07       		.byte	7
 837 0328 26       		.byte	38
 838 0329 08       		.byte	8
 839 032a 28       		.byte	40
 840 032b 30       		.byte	48
 841 032c 2A       		.byte	42
 842 032d 40       		.byte	64
 843 032e 2B       		.byte	43
 844 032f 07       		.byte	7
 845 0330 2F       		.byte	47
 846 0331 10       		.byte	16
 847 0332 30       		.byte	48
 848 0333 0F       		.byte	15
 849 0334 31       		.byte	49
 850 0335 01       		.byte	1
 851 0336 33       		.byte	51
 852 0337 08       		.byte	8
 853 0338 34       		.byte	52
 854 0339 F0       		.byte	-16
 855 033a 35       		.byte	53
ARM GAS  C:\Users\Manu\AppData\Local\Temp\cc8Uvzcp.s 			page 16


 856 033b 10       		.byte	16
 857 033c 37       		.byte	55
 858 033d 06       		.byte	6
 859 033e 39       		.byte	57
 860 033f 02       		.byte	2
 861 0340 3A       		.byte	58
 862 0341 22       		.byte	34
 863 0342 3F       		.byte	63
 864 0343 14       		.byte	20
 865 0344 40       		.byte	64
 866 0345 62       		.byte	98
 867 0346 41       		.byte	65
 868 0347 03       		.byte	3
 869 0348 45       		.byte	69
 870 0349 E0       		.byte	-32
 871 034a 46       		.byte	70
 872 034b B0       		.byte	-80
 873 034c 47       		.byte	71
 874 034d 0C       		.byte	12
 875 034e 48       		.byte	72
 876 034f 1A       		.byte	26
 877 0350 49       		.byte	73
 878 0351 FF       		.byte	-1
 879 0352 4A       		.byte	74
 880 0353 FF       		.byte	-1
 881 0354 4B       		.byte	75
 882 0355 FF       		.byte	-1
 883 0356 4E       		.byte	78
 884 0357 F0       		.byte	-16
 885 0358 4F       		.byte	79
 886 0359 44       		.byte	68
 887 035a 50       		.byte	80
 888 035b 0C       		.byte	12
 889 035c 54       		.byte	84
 890 035d 18       		.byte	24
 891 035e 58       		.byte	88
 892 035f 04       		.byte	4
 893 0360 59       		.byte	89
 894 0361 04       		.byte	4
 895 0362 5A       		.byte	90
 896 0363 04       		.byte	4
 897 0364 5B       		.byte	91
 898 0365 04       		.byte	4
 899 0366 5C       		.byte	92
 900 0367 11       		.byte	17
 901 0368 5D       		.byte	93
 902 0369 11       		.byte	17
 903 036a 5F       		.byte	95
 904 036b 01       		.byte	1
 905 036c 66       		.byte	102
 906 036d C0       		.byte	-64
 907 036e 6A       		.byte	106
 908 036f 40       		.byte	64
 909 0370 6B       		.byte	107
 910 0371 02       		.byte	2
 911 0372 84       		.byte	-124
 912 0373 01       		.byte	1
ARM GAS  C:\Users\Manu\AppData\Local\Temp\cc8Uvzcp.s 			page 17


 913 0374 85       		.byte	-123
 914 0375 1F       		.byte	31
 915 0376 86       		.byte	-122
 916 0377 04       		.byte	4
 917 0378 89       		.byte	-119
 918 0379 0A       		.byte	10
 919 037a 8B       		.byte	-117
 920 037b 11       		.byte	17
 921 037c 8D       		.byte	-115
 922 037d 1F       		.byte	31
 923 037e 8E       		.byte	-114
 924 037f 10       		.byte	16
 925 0380 94       		.byte	-108
 926 0381 04       		.byte	4
 927 0382 95       		.byte	-107
 928 0383 14       		.byte	20
 929 0384 96       		.byte	-106
 930 0385 03       		.byte	3
 931 0386 97       		.byte	-105
 932 0387 09       		.byte	9
 933 0388 99       		.byte	-103
 934 0389 01       		.byte	1
 935 038a 9B       		.byte	-101
 936 038b 06       		.byte	6
 937 038c A6       		.byte	-90
 938 038d 10       		.byte	16
 939 038e AA       		.byte	-86
 940 038f 08       		.byte	8
 941 0390 B0       		.byte	-80
 942 0391 01       		.byte	1
 943 0392 B2       		.byte	-78
 944 0393 02       		.byte	2
 945 0394 B3       		.byte	-77
 946 0395 07       		.byte	7
 947 0396 B4       		.byte	-76
 948 0397 18       		.byte	24
 949 0398 B5       		.byte	-75
 950 0399 18       		.byte	24
 951 039a B6       		.byte	-74
 952 039b 04       		.byte	4
 953 039c BE       		.byte	-66
 954 039d 10       		.byte	16
 955 039e D8       		.byte	-40
 956 039f 04       		.byte	4
 957 03a0 D9       		.byte	-39
 958 03a1 04       		.byte	4
 959 03a2 DC       		.byte	-36
 960 03a3 14       		.byte	20
 961 03a4 DF       		.byte	-33
 962 03a5 01       		.byte	1
 963 03a6 03       		.byte	3
 964 03a7 22       		.byte	34
 965 03a8 05       		.byte	5
 966 03a9 44       		.byte	68
 967 03aa 06       		.byte	6
 968 03ab 01       		.byte	1
 969 03ac 09       		.byte	9
ARM GAS  C:\Users\Manu\AppData\Local\Temp\cc8Uvzcp.s 			page 18


 970 03ad 20       		.byte	32
 971 03ae 0A       		.byte	10
 972 03af 50       		.byte	80
 973 03b0 0D       		.byte	13
 974 03b1 08       		.byte	8
 975 03b2 10       		.byte	16
 976 03b3 08       		.byte	8
 977 03b4 12       		.byte	18
 978 03b5 20       		.byte	32
 979 03b6 17       		.byte	23
 980 03b7 14       		.byte	20
 981 03b8 18       		.byte	24
 982 03b9 80       		.byte	-128
 983 03ba 19       		.byte	25
 984 03bb 20       		.byte	32
 985 03bc 1A       		.byte	26
 986 03bd 40       		.byte	64
 987 03be 1B       		.byte	27
 988 03bf 20       		.byte	32
 989 03c0 1D       		.byte	29
 990 03c1 04       		.byte	4
 991 03c2 1E       		.byte	30
 992 03c3 06       		.byte	6
 993 03c4 1F       		.byte	31
 994 03c5 01       		.byte	1
 995 03c6 20       		.byte	32
 996 03c7 04       		.byte	4
 997 03c8 22       		.byte	34
 998 03c9 09       		.byte	9
 999 03ca 23       		.byte	35
 1000 03cb 02       		.byte	2
 1001 03cc 27       		.byte	39
 1002 03cd 14       		.byte	20
 1003 03ce 28       		.byte	40
 1004 03cf A0       		.byte	-96
 1005 03d0 29       		.byte	41
 1006 03d1 90       		.byte	-112
 1007 03d2 31       		.byte	49
 1008 03d3 48       		.byte	72
 1009 03d4 32       		.byte	50
 1010 03d5 01       		.byte	1
 1011 03d6 33       		.byte	51
 1012 03d7 10       		.byte	16
 1013 03d8 37       		.byte	55
 1014 03d9 14       		.byte	20
 1015 03da 39       		.byte	57
 1016 03db 80       		.byte	-128
 1017 03dc 3B       		.byte	59
 1018 03dd 18       		.byte	24
 1019 03de 3D       		.byte	61
 1020 03df 80       		.byte	-128
 1021 03e0 3E       		.byte	62
 1022 03e1 28       		.byte	40
 1023 03e2 41       		.byte	65
 1024 03e3 34       		.byte	52
 1025 03e4 42       		.byte	66
 1026 03e5 10       		.byte	16
ARM GAS  C:\Users\Manu\AppData\Local\Temp\cc8Uvzcp.s 			page 19


 1027 03e6 48       		.byte	72
 1028 03e7 40       		.byte	64
 1029 03e8 49       		.byte	73
 1030 03e9 20       		.byte	32
 1031 03ea 50       		.byte	80
 1032 03eb 28       		.byte	40
 1033 03ec 5B       		.byte	91
 1034 03ed 02       		.byte	2
 1035 03ee 60       		.byte	96
 1036 03ef 04       		.byte	4
 1037 03f0 62       		.byte	98
 1038 03f1 80       		.byte	-128
 1039 03f2 80       		.byte	-128
 1040 03f3 A0       		.byte	-96
 1041 03f4 82       		.byte	-126
 1042 03f5 21       		.byte	33
 1043 03f6 85       		.byte	-123
 1044 03f7 80       		.byte	-128
 1045 03f8 86       		.byte	-122
 1046 03f9 04       		.byte	4
 1047 03fa 87       		.byte	-121
 1048 03fb 04       		.byte	4
 1049 03fc 89       		.byte	-119
 1050 03fd 40       		.byte	64
 1051 03fe 8A       		.byte	-118
 1052 03ff 90       		.byte	-112
 1053 0400 8D       		.byte	-115
 1054 0401 50       		.byte	80
 1055 0402 8F       		.byte	-113
 1056 0403 14       		.byte	20
 1057 0404 91       		.byte	-111
 1058 0405 28       		.byte	40
 1059 0406 93       		.byte	-109
 1060 0407 10       		.byte	16
 1061 0408 94       		.byte	-108
 1062 0409 80       		.byte	-128
 1063 040a 97       		.byte	-105
 1064 040b 02       		.byte	2
 1065 040c 9A       		.byte	-102
 1066 040d 08       		.byte	8
 1067 040e 9D       		.byte	-99
 1068 040f 20       		.byte	32
 1069 0410 9E       		.byte	-98
 1070 0411 10       		.byte	16
 1071 0412 A1       		.byte	-95
 1072 0413 08       		.byte	8
 1073 0414 A2       		.byte	-94
 1074 0415 20       		.byte	32
 1075 0416 A3       		.byte	-93
 1076 0417 02       		.byte	2
 1077 0418 A4       		.byte	-92
 1078 0419 68       		.byte	104
 1079 041a A6       		.byte	-90
 1080 041b 09       		.byte	9
 1081 041c A8       		.byte	-88
 1082 041d 08       		.byte	8
 1083 041e AA       		.byte	-86
ARM GAS  C:\Users\Manu\AppData\Local\Temp\cc8Uvzcp.s 			page 20


 1084 041f 20       		.byte	32
 1085 0420 AB       		.byte	-85
 1086 0421 20       		.byte	32
 1087 0422 AC       		.byte	-84
 1088 0423 80       		.byte	-128
 1089 0424 AE       		.byte	-82
 1090 0425 08       		.byte	8
 1091 0426 B5       		.byte	-75
 1092 0427 10       		.byte	16
 1093 0428 C0       		.byte	-64
 1094 0429 A5       		.byte	-91
 1095 042a C2       		.byte	-62
 1096 042b 2E       		.byte	46
 1097 042c C4       		.byte	-60
 1098 042d 66       		.byte	102
 1099 042e CA       		.byte	-54
 1100 042f 0F       		.byte	15
 1101 0430 CC       		.byte	-52
 1102 0431 6F       		.byte	111
 1103 0432 CE       		.byte	-50
 1104 0433 7E       		.byte	126
 1105 0434 D0       		.byte	-48
 1106 0435 06       		.byte	6
 1107 0436 D2       		.byte	-46
 1108 0437 04       		.byte	4
 1109 0438 D6       		.byte	-42
 1110 0439 01       		.byte	1
 1111 043a D8       		.byte	-40
 1112 043b 0C       		.byte	12
 1113 043c E0       		.byte	-32
 1114 043d 02       		.byte	2
 1115 043e E2       		.byte	-30
 1116 043f 0C       		.byte	12
 1117 0440 E6       		.byte	-26
 1118 0441 0D       		.byte	13
 1119 0442 EA       		.byte	-22
 1120 0443 44       		.byte	68
 1121 0444 EE       		.byte	-18
 1122 0445 02       		.byte	2
 1123 0446 03       		.byte	3
 1124 0447 02       		.byte	2
 1125 0448 04       		.byte	4
 1126 0449 02       		.byte	2
 1127 044a 0A       		.byte	10
 1128 044b 0A       		.byte	10
 1129 044c 0B       		.byte	11
 1130 044d 04       		.byte	4
 1131 044e 0C       		.byte	12
 1132 044f 04       		.byte	4
 1133 0450 16       		.byte	22
 1134 0451 05       		.byte	5
 1135 0452 1E       		.byte	30
 1136 0453 09       		.byte	9
 1137 0454 23       		.byte	35
 1138 0455 02       		.byte	2
 1139 0456 2B       		.byte	43
 1140 0457 01       		.byte	1
ARM GAS  C:\Users\Manu\AppData\Local\Temp\cc8Uvzcp.s 			page 21


 1141 0458 30       		.byte	48
 1142 0459 04       		.byte	4
 1143 045a 32       		.byte	50
 1144 045b 02       		.byte	2
 1145 045c 33       		.byte	51
 1146 045d 01       		.byte	1
 1147 045e 34       		.byte	52
 1148 045f 01       		.byte	1
 1149 0460 35       		.byte	53
 1150 0461 02       		.byte	2
 1151 0462 36       		.byte	54
 1152 0463 08       		.byte	8
 1153 0464 37       		.byte	55
 1154 0465 04       		.byte	4
 1155 0466 3F       		.byte	63
 1156 0467 10       		.byte	16
 1157 0468 40       		.byte	64
 1158 0469 10       		.byte	16
 1159 046a 41       		.byte	65
 1160 046b 05       		.byte	5
 1161 046c 45       		.byte	69
 1162 046d D0       		.byte	-48
 1163 046e 46       		.byte	70
 1164 046f 10       		.byte	16
 1165 0470 47       		.byte	71
 1166 0471 25       		.byte	37
 1167 0472 48       		.byte	72
 1168 0473 3A       		.byte	58
 1169 0474 49       		.byte	73
 1170 0475 FF       		.byte	-1
 1171 0476 4A       		.byte	74
 1172 0477 FF       		.byte	-1
 1173 0478 4B       		.byte	75
 1174 0479 FF       		.byte	-1
 1175 047a 4D       		.byte	77
 1176 047b A0       		.byte	-96
 1177 047c 4F       		.byte	79
 1178 047d 04       		.byte	4
 1179 047e 50       		.byte	80
 1180 047f 18       		.byte	24
 1181 0480 52       		.byte	82
 1182 0481 80       		.byte	-128
 1183 0482 54       		.byte	84
 1184 0483 07       		.byte	7
 1185 0484 58       		.byte	88
 1186 0485 04       		.byte	4
 1187 0486 59       		.byte	89
 1188 0487 04       		.byte	4
 1189 0488 5A       		.byte	90
 1190 0489 04       		.byte	4
 1191 048a 5B       		.byte	91
 1192 048b 04       		.byte	4
 1193 048c 5C       		.byte	92
 1194 048d 22       		.byte	34
 1195 048e 5D       		.byte	93
 1196 048f 22       		.byte	34
 1197 0490 5F       		.byte	95
ARM GAS  C:\Users\Manu\AppData\Local\Temp\cc8Uvzcp.s 			page 22


 1198 0491 01       		.byte	1
 1199 0492 60       		.byte	96
 1200 0493 40       		.byte	64
 1201 0494 62       		.byte	98
 1202 0495 C0       		.byte	-64
 1203 0496 64       		.byte	100
 1204 0497 40       		.byte	64
 1205 0498 65       		.byte	101
 1206 0499 40       		.byte	64
 1207 049a 66       		.byte	102
 1208 049b C0       		.byte	-64
 1209 049c 68       		.byte	104
 1210 049d C0       		.byte	-64
 1211 049e 6A       		.byte	106
 1212 049f C0       		.byte	-64
 1213 04a0 6C       		.byte	108
 1214 04a1 C0       		.byte	-64
 1215 04a2 6E       		.byte	110
 1216 04a3 C0       		.byte	-64
 1217 04a4 85       		.byte	-123
 1218 04a5 07       		.byte	7
 1219 04a6 88       		.byte	-120
 1220 04a7 01       		.byte	1
 1221 04a8 8B       		.byte	-117
 1222 04a9 03       		.byte	3
 1223 04aa 8C       		.byte	-116
 1224 04ab 04       		.byte	4
 1225 04ac 8D       		.byte	-115
 1226 04ad 04       		.byte	4
 1227 04ae 8F       		.byte	-113
 1228 04af 01       		.byte	1
 1229 04b0 97       		.byte	-105
 1230 04b1 01       		.byte	1
 1231 04b2 98       		.byte	-104
 1232 04b3 02       		.byte	2
 1233 04b4 A2       		.byte	-94
 1234 04b5 01       		.byte	1
 1235 04b6 A3       		.byte	-93
 1236 04b7 08       		.byte	8
 1237 04b8 A4       		.byte	-92
 1238 04b9 01       		.byte	1
 1239 04ba A9       		.byte	-87
 1240 04bb 07       		.byte	7
 1241 04bc B0       		.byte	-80
 1242 04bd 03       		.byte	3
 1243 04be B1       		.byte	-79
 1244 04bf 01       		.byte	1
 1245 04c0 B3       		.byte	-77
 1246 04c1 08       		.byte	8
 1247 04c2 B4       		.byte	-76
 1248 04c3 04       		.byte	4
 1249 04c4 B5       		.byte	-75
 1250 04c5 06       		.byte	6
 1251 04c6 B8       		.byte	-72
 1252 04c7 02       		.byte	2
 1253 04c8 B9       		.byte	-71
 1254 04c9 20       		.byte	32
ARM GAS  C:\Users\Manu\AppData\Local\Temp\cc8Uvzcp.s 			page 23


 1255 04ca BE       		.byte	-66
 1256 04cb 10       		.byte	16
 1257 04cc BF       		.byte	-65
 1258 04cd 11       		.byte	17
 1259 04ce C0       		.byte	-64
 1260 04cf 02       		.byte	2
 1261 04d0 C5       		.byte	-59
 1262 04d1 04       		.byte	4
 1263 04d2 C9       		.byte	-55
 1264 04d3 FF       		.byte	-1
 1265 04d4 CA       		.byte	-54
 1266 04d5 07       		.byte	7
 1267 04d6 CB       		.byte	-53
 1268 04d7 FF       		.byte	-1
 1269 04d8 CC       		.byte	-52
 1270 04d9 40       		.byte	64
 1271 04da CD       		.byte	-51
 1272 04db 20       		.byte	32
 1273 04dc CE       		.byte	-50
 1274 04dd F0       		.byte	-16
 1275 04de CF       		.byte	-49
 1276 04df 05       		.byte	5
 1277 04e0 D0       		.byte	-48
 1278 04e1 08       		.byte	8
 1279 04e2 D4       		.byte	-44
 1280 04e3 01       		.byte	1
 1281 04e4 D8       		.byte	-40
 1282 04e5 04       		.byte	4
 1283 04e6 D9       		.byte	-39
 1284 04e7 04       		.byte	4
 1285 04e8 DA       		.byte	-38
 1286 04e9 04       		.byte	4
 1287 04ea DB       		.byte	-37
 1288 04eb 04       		.byte	4
 1289 04ec DC       		.byte	-36
 1290 04ed 41       		.byte	65
 1291 04ee DD       		.byte	-35
 1292 04ef 11       		.byte	17
 1293 04f0 DF       		.byte	-33
 1294 04f1 01       		.byte	1
 1295 04f2 E0       		.byte	-32
 1296 04f3 40       		.byte	64
 1297 04f4 E1       		.byte	-31
 1298 04f5 A8       		.byte	-88
 1299 04f6 E2       		.byte	-30
 1300 04f7 40       		.byte	64
 1301 04f8 E3       		.byte	-29
 1302 04f9 20       		.byte	32
 1303 04fa 00       		.byte	0
 1304 04fb 80       		.byte	-128
 1305 04fc 01       		.byte	1
 1306 04fd 20       		.byte	32
 1307 04fe 03       		.byte	3
 1308 04ff 01       		.byte	1
 1309 0500 06       		.byte	6
 1310 0501 04       		.byte	4
 1311 0502 07       		.byte	7
ARM GAS  C:\Users\Manu\AppData\Local\Temp\cc8Uvzcp.s 			page 24


 1312 0503 12       		.byte	18
 1313 0504 09       		.byte	9
 1314 0505 20       		.byte	32
 1315 0506 0E       		.byte	14
 1316 0507 01       		.byte	1
 1317 0508 0F       		.byte	15
 1318 0509 20       		.byte	32
 1319 050a 11       		.byte	17
 1320 050b 04       		.byte	4
 1321 050c 12       		.byte	18
 1322 050d 40       		.byte	64
 1323 050e 1A       		.byte	26
 1324 050f 84       		.byte	-124
 1325 0510 1B       		.byte	27
 1326 0511 02       		.byte	2
 1327 0512 1C       		.byte	28
 1328 0513 40       		.byte	64
 1329 0514 1D       		.byte	29
 1330 0515 10       		.byte	16
 1331 0516 1E       		.byte	30
 1332 0517 20       		.byte	32
 1333 0518 1F       		.byte	31
 1334 0519 80       		.byte	-128
 1335 051a 20       		.byte	32
 1336 051b 04       		.byte	4
 1337 051c 21       		.byte	33
 1338 051d 0A       		.byte	10
 1339 051e 27       		.byte	39
 1340 051f 1A       		.byte	26
 1341 0520 29       		.byte	41
 1342 0521 20       		.byte	32
 1343 0522 2A       		.byte	42
 1344 0523 01       		.byte	1
 1345 0524 2E       		.byte	46
 1346 0525 03       		.byte	3
 1347 0526 2F       		.byte	47
 1348 0527 08       		.byte	8
 1349 0528 30       		.byte	48
 1350 0529 08       		.byte	8
 1351 052a 38       		.byte	56
 1352 052b A0       		.byte	-96
 1353 052c 39       		.byte	57
 1354 052d 0C       		.byte	12
 1355 052e 3A       		.byte	58
 1356 052f 40       		.byte	64
 1357 0530 3C       		.byte	60
 1358 0531 02       		.byte	2
 1359 0532 3F       		.byte	63
 1360 0533 20       		.byte	32
 1361 0534 40       		.byte	64
 1362 0535 04       		.byte	4
 1363 0536 44       		.byte	68
 1364 0537 40       		.byte	64
 1365 0538 45       		.byte	69
 1366 0539 02       		.byte	2
 1367 053a 46       		.byte	70
 1368 053b 02       		.byte	2
ARM GAS  C:\Users\Manu\AppData\Local\Temp\cc8Uvzcp.s 			page 25


 1369 053c 49       		.byte	73
 1370 053d 08       		.byte	8
 1371 053e 4A       		.byte	74
 1372 053f 20       		.byte	32
 1373 0540 4C       		.byte	76
 1374 0541 02       		.byte	2
 1375 0542 4F       		.byte	79
 1376 0543 01       		.byte	1
 1377 0544 50       		.byte	80
 1378 0545 10       		.byte	16
 1379 0546 51       		.byte	81
 1380 0547 30       		.byte	48
 1381 0548 54       		.byte	84
 1382 0549 03       		.byte	3
 1383 054a 56       		.byte	86
 1384 054b 04       		.byte	4
 1385 054c 57       		.byte	87
 1386 054d 18       		.byte	24
 1387 054e 58       		.byte	88
 1388 054f 40       		.byte	64
 1389 0550 5A       		.byte	90
 1390 0551 04       		.byte	4
 1391 0552 5B       		.byte	91
 1392 0553 21       		.byte	33
 1393 0554 5C       		.byte	92
 1394 0555 40       		.byte	64
 1395 0556 5E       		.byte	94
 1396 0557 20       		.byte	32
 1397 0558 5F       		.byte	95
 1398 0559 09       		.byte	9
 1399 055a 76       		.byte	118
 1400 055b 80       		.byte	-128
 1401 055c 82       		.byte	-126
 1402 055d 09       		.byte	9
 1403 055e 8E       		.byte	-114
 1404 055f 01       		.byte	1
 1405 0560 8F       		.byte	-113
 1406 0561 80       		.byte	-128
 1407 0562 91       		.byte	-111
 1408 0563 08       		.byte	8
 1409 0564 92       		.byte	-110
 1410 0565 01       		.byte	1
 1411 0566 93       		.byte	-109
 1412 0567 10       		.byte	16
 1413 0568 94       		.byte	-108
 1414 0569 A0       		.byte	-96
 1415 056a 96       		.byte	-106
 1416 056b 80       		.byte	-128
 1417 056c 97       		.byte	-105
 1418 056d 02       		.byte	2
 1419 056e 9C       		.byte	-100
 1420 056f 80       		.byte	-128
 1421 0570 9D       		.byte	-99
 1422 0571 28       		.byte	40
 1423 0572 9E       		.byte	-98
 1424 0573 B0       		.byte	-80
 1425 0574 A4       		.byte	-92
ARM GAS  C:\Users\Manu\AppData\Local\Temp\cc8Uvzcp.s 			page 26


 1426 0575 20       		.byte	32
 1427 0576 A9       		.byte	-87
 1428 0577 01       		.byte	1
 1429 0578 AA       		.byte	-86
 1430 0579 02       		.byte	2
 1431 057a AB       		.byte	-85
 1432 057b 11       		.byte	17
 1433 057c AF       		.byte	-81
 1434 057d 02       		.byte	2
 1435 057e B7       		.byte	-73
 1436 057f 20       		.byte	32
 1437 0580 C0       		.byte	-64
 1438 0581 E3       		.byte	-29
 1439 0582 C2       		.byte	-62
 1440 0583 A2       		.byte	-94
 1441 0584 C4       		.byte	-60
 1442 0585 0C       		.byte	12
 1443 0586 CA       		.byte	-54
 1444 0587 A5       		.byte	-91
 1445 0588 CC       		.byte	-52
 1446 0589 02       		.byte	2
 1447 058a CE       		.byte	-50
 1448 058b AE       		.byte	-82
 1449 058c D0       		.byte	-48
 1450 058d 14       		.byte	20
 1451 058e D2       		.byte	-46
 1452 058f 10       		.byte	16
 1453 0590 D6       		.byte	-42
 1454 0591 FF       		.byte	-1
 1455 0592 E2       		.byte	-30
 1456 0593 40       		.byte	64
 1457 0594 EE       		.byte	-18
 1458 0595 10       		.byte	16
 1459 0596 9A       		.byte	-102
 1460 0597 80       		.byte	-128
 1461 0598 E6       		.byte	-26
 1462 0599 40       		.byte	64
 1463 059a 04       		.byte	4
 1464 059b 01       		.byte	1
 1465 059c 10       		.byte	16
 1466 059d 01       		.byte	1
 1467 059e 14       		.byte	20
 1468 059f 01       		.byte	1
 1469 05a0 2C       		.byte	44
 1470 05a1 01       		.byte	1
 1471 05a2 36       		.byte	54
 1472 05a3 01       		.byte	1
 1473 05a4 3B       		.byte	59
 1474 05a5 02       		.byte	2
 1475 05a6 3E       		.byte	62
 1476 05a7 40       		.byte	64
 1477 05a8 58       		.byte	88
 1478 05a9 04       		.byte	4
 1479 05aa 59       		.byte	89
 1480 05ab 04       		.byte	4
 1481 05ac 5C       		.byte	92
 1482 05ad 10       		.byte	16
ARM GAS  C:\Users\Manu\AppData\Local\Temp\cc8Uvzcp.s 			page 27


 1483 05ae 5F       		.byte	95
 1484 05af 01       		.byte	1
 1485 05b0 00       		.byte	0
 1486 05b1 04       		.byte	4
 1487 05b2 01       		.byte	1
 1488 05b3 08       		.byte	8
 1489 05b4 04       		.byte	4
 1490 05b5 02       		.byte	2
 1491 05b6 06       		.byte	6
 1492 05b7 01       		.byte	1
 1493 05b8 07       		.byte	7
 1494 05b9 14       		.byte	20
 1495 05ba 09       		.byte	9
 1496 05bb 0A       		.byte	10
 1497 05bc 0B       		.byte	11
 1498 05bd 90       		.byte	-112
 1499 05be 0C       		.byte	12
 1500 05bf 40       		.byte	64
 1501 05c0 0D       		.byte	13
 1502 05c1 08       		.byte	8
 1503 05c2 0E       		.byte	14
 1504 05c3 08       		.byte	8
 1505 05c4 0F       		.byte	15
 1506 05c5 40       		.byte	64
 1507 05c6 11       		.byte	17
 1508 05c7 80       		.byte	-128
 1509 05c8 16       		.byte	22
 1510 05c9 24       		.byte	36
 1511 05ca 17       		.byte	23
 1512 05cb 02       		.byte	2
 1513 05cc 19       		.byte	25
 1514 05cd 80       		.byte	-128
 1515 05ce 1C       		.byte	28
 1516 05cf 04       		.byte	4
 1517 05d0 1D       		.byte	29
 1518 05d1 0C       		.byte	12
 1519 05d2 1E       		.byte	30
 1520 05d3 08       		.byte	8
 1521 05d4 1F       		.byte	31
 1522 05d5 02       		.byte	2
 1523 05d6 20       		.byte	32
 1524 05d7 40       		.byte	64
 1525 05d8 21       		.byte	33
 1526 05d9 02       		.byte	2
 1527 05da 23       		.byte	35
 1528 05db 40       		.byte	64
 1529 05dc 24       		.byte	36
 1530 05dd 02       		.byte	2
 1531 05de 25       		.byte	37
 1532 05df 40       		.byte	64
 1533 05e0 26       		.byte	38
 1534 05e1 90       		.byte	-112
 1535 05e2 27       		.byte	39
 1536 05e3 40       		.byte	64
 1537 05e4 2C       		.byte	44
 1538 05e5 08       		.byte	8
 1539 05e6 2D       		.byte	45
ARM GAS  C:\Users\Manu\AppData\Local\Temp\cc8Uvzcp.s 			page 28


 1540 05e7 08       		.byte	8
 1541 05e8 2F       		.byte	47
 1542 05e9 42       		.byte	66
 1543 05ea 35       		.byte	53
 1544 05eb 04       		.byte	4
 1545 05ec 37       		.byte	55
 1546 05ed 52       		.byte	82
 1547 05ee 3D       		.byte	61
 1548 05ef 80       		.byte	-128
 1549 05f0 3E       		.byte	62
 1550 05f1 28       		.byte	40
 1551 05f2 3F       		.byte	63
 1552 05f3 02       		.byte	2
 1553 05f4 44       		.byte	68
 1554 05f5 40       		.byte	64
 1555 05f6 46       		.byte	70
 1556 05f7 90       		.byte	-112
 1557 05f8 47       		.byte	71
 1558 05f9 40       		.byte	64
 1559 05fa 4C       		.byte	76
 1560 05fb 80       		.byte	-128
 1561 05fc 4F       		.byte	79
 1562 05fd 50       		.byte	80
 1563 05fe 57       		.byte	87
 1564 05ff 01       		.byte	1
 1565 0600 5D       		.byte	93
 1566 0601 80       		.byte	-128
 1567 0602 6E       		.byte	110
 1568 0603 44       		.byte	68
 1569 0604 6F       		.byte	111
 1570 0605 08       		.byte	8
 1571 0606 76       		.byte	118
 1572 0607 28       		.byte	40
 1573 0608 77       		.byte	119
 1574 0609 06       		.byte	6
 1575 060a 80       		.byte	-128
 1576 060b 40       		.byte	64
 1577 060c 81       		.byte	-127
 1578 060d 04       		.byte	4
 1579 060e 83       		.byte	-125
 1580 060f 10       		.byte	16
 1581 0610 84       		.byte	-124
 1582 0611 80       		.byte	-128
 1583 0612 86       		.byte	-122
 1584 0613 90       		.byte	-112
 1585 0614 8A       		.byte	-118
 1586 0615 14       		.byte	20
 1587 0616 8D       		.byte	-115
 1588 0617 08       		.byte	8
 1589 0618 8E       		.byte	-114
 1590 0619 05       		.byte	5
 1591 061a 96       		.byte	-106
 1592 061b 40       		.byte	64
 1593 061c 9A       		.byte	-102
 1594 061d 80       		.byte	-128
 1595 061e A0       		.byte	-96
 1596 061f 08       		.byte	8
ARM GAS  C:\Users\Manu\AppData\Local\Temp\cc8Uvzcp.s 			page 29


 1597 0620 A7       		.byte	-89
 1598 0621 08       		.byte	8
 1599 0622 AA       		.byte	-86
 1600 0623 40       		.byte	64
 1601 0624 AF       		.byte	-81
 1602 0625 08       		.byte	8
 1603 0626 B0       		.byte	-80
 1604 0627 08       		.byte	8
 1605 0628 B2       		.byte	-78
 1606 0629 80       		.byte	-128
 1607 062a C0       		.byte	-64
 1608 062b F4       		.byte	-12
 1609 062c C2       		.byte	-62
 1610 062d FC       		.byte	-4
 1611 062e C4       		.byte	-60
 1612 062f 71       		.byte	113
 1613 0630 CA       		.byte	-54
 1614 0631 F0       		.byte	-16
 1615 0632 CC       		.byte	-52
 1616 0633 F0       		.byte	-16
 1617 0634 CE       		.byte	-50
 1618 0635 F0       		.byte	-16
 1619 0636 D0       		.byte	-48
 1620 0637 D0       		.byte	-48
 1621 0638 D2       		.byte	-46
 1622 0639 30       		.byte	48
 1623 063a D6       		.byte	-42
 1624 063b 10       		.byte	16
 1625 063c E2       		.byte	-30
 1626 063d C4       		.byte	-60
 1627 063e E4       		.byte	-28
 1628 063f 50       		.byte	80
 1629 0640 E6       		.byte	-26
 1630 0641 20       		.byte	32
 1631 0642 31       		.byte	49
 1632 0643 02       		.byte	2
 1633 0644 32       		.byte	50
 1634 0645 10       		.byte	16
 1635 0646 36       		.byte	54
 1636 0647 40       		.byte	64
 1637 0648 CC       		.byte	-52
 1638 0649 70       		.byte	112
 1639 064a 96       		.byte	-106
 1640 064b 20       		.byte	32
 1641 064c A5       		.byte	-91
 1642 064d 02       		.byte	2
 1643 064e A6       		.byte	-90
 1644 064f 40       		.byte	64
 1645 0650 02       		.byte	2
 1646 0651 20       		.byte	32
 1647 0652 1B       		.byte	27
 1648 0653 04       		.byte	4
 1649 0654 3F       		.byte	63
 1650 0655 08       		.byte	8
 1651 0656 53       		.byte	83
 1652 0657 40       		.byte	64
 1653 0658 57       		.byte	87
ARM GAS  C:\Users\Manu\AppData\Local\Temp\cc8Uvzcp.s 			page 30


 1654 0659 40       		.byte	64
 1655 065a 86       		.byte	-122
 1656 065b 40       		.byte	64
 1657 065c 96       		.byte	-106
 1658 065d 20       		.byte	32
 1659 065e A5       		.byte	-91
 1660 065f 02       		.byte	2
 1661 0660 A6       		.byte	-90
 1662 0661 40       		.byte	64
 1663 0662 C0       		.byte	-64
 1664 0663 10       		.byte	16
 1665 0664 C6       		.byte	-58
 1666 0665 10       		.byte	16
 1667 0666 CE       		.byte	-50
 1668 0667 80       		.byte	-128
 1669 0668 D4       		.byte	-44
 1670 0669 60       		.byte	96
 1671 066a E6       		.byte	-26
 1672 066b 40       		.byte	64
 1673 066c 70       		.byte	112
 1674 066d 10       		.byte	16
 1675 066e 8F       		.byte	-113
 1676 066f 40       		.byte	64
 1677 0670 96       		.byte	-106
 1678 0671 20       		.byte	32
 1679 0672 97       		.byte	-105
 1680 0673 80       		.byte	-128
 1681 0674 A5       		.byte	-91
 1682 0675 02       		.byte	2
 1683 0676 A7       		.byte	-89
 1684 0677 40       		.byte	64
 1685 0678 AE       		.byte	-82
 1686 0679 20       		.byte	32
 1687 067a DC       		.byte	-36
 1688 067b 20       		.byte	32
 1689 067c EC       		.byte	-20
 1690 067d 40       		.byte	64
 1691 067e 7D       		.byte	125
 1692 067f 80       		.byte	-128
 1693 0680 DE       		.byte	-34
 1694 0681 04       		.byte	4
 1695 0682 01       		.byte	1
 1696 0683 80       		.byte	-128
 1697 0684 89       		.byte	-119
 1698 0685 40       		.byte	64
 1699 0686 A5       		.byte	-91
 1700 0687 40       		.byte	64
 1701 0688 C0       		.byte	-64
 1702 0689 02       		.byte	2
 1703 068a E4       		.byte	-28
 1704 068b 04       		.byte	4
 1705 068c 99       		.byte	-103
 1706 068d 80       		.byte	-128
 1707 068e 99       		.byte	-103
 1708 068f 80       		.byte	-128
 1709 0690 65       		.byte	101
 1710 0691 20       		.byte	32
ARM GAS  C:\Users\Manu\AppData\Local\Temp\cc8Uvzcp.s 			page 31


 1711 0692 80       		.byte	-128
 1712 0693 10       		.byte	16
 1713 0694 81       		.byte	-127
 1714 0695 20       		.byte	32
 1715 0696 8F       		.byte	-113
 1716 0697 01       		.byte	1
 1717 0698 94       		.byte	-108
 1718 0699 20       		.byte	32
 1719 069a 9B       		.byte	-101
 1720 069b 04       		.byte	4
 1721 069c A9       		.byte	-87
 1722 069d 02       		.byte	2
 1723 069e AA       		.byte	-86
 1724 069f 10       		.byte	16
 1725 06a0 AF       		.byte	-81
 1726 06a1 40       		.byte	64
 1727 06a2 B7       		.byte	-73
 1728 06a3 04       		.byte	4
 1729 06a4 D8       		.byte	-40
 1730 06a5 80       		.byte	-128
 1731 06a6 E2       		.byte	-30
 1732 06a7 20       		.byte	32
 1733 06a8 E6       		.byte	-26
 1734 06a9 80       		.byte	-128
 1735 06aa EA       		.byte	-22
 1736 06ab 90       		.byte	-112
 1737 06ac EE       		.byte	-18
 1738 06ad 20       		.byte	32
 1739 06ae 5B       		.byte	91
 1740 06af 04       		.byte	4
 1741 06b0 66       		.byte	102
 1742 06b1 02       		.byte	2
 1743 06b2 67       		.byte	103
 1744 06b3 02       		.byte	2
 1745 06b4 93       		.byte	-109
 1746 06b5 02       		.byte	2
 1747 06b6 9A       		.byte	-102
 1748 06b7 02       		.byte	2
 1749 06b8 9B       		.byte	-101
 1750 06b9 04       		.byte	4
 1751 06ba B6       		.byte	-74
 1752 06bb 02       		.byte	2
 1753 06bc D6       		.byte	-42
 1754 06bd C0       		.byte	-64
 1755 06be D8       		.byte	-40
 1756 06bf 80       		.byte	-128
 1757 06c0 8D       		.byte	-115
 1758 06c1 80       		.byte	-128
 1759 06c2 99       		.byte	-103
 1760 06c3 80       		.byte	-128
 1761 06c4 E6       		.byte	-26
 1762 06c5 02       		.byte	2
 1763 06c6 11       		.byte	17
 1764 06c7 08       		.byte	8
 1765 06c8 81       		.byte	-127
 1766 06c9 04       		.byte	4
 1767 06ca C4       		.byte	-60
ARM GAS  C:\Users\Manu\AppData\Local\Temp\cc8Uvzcp.s 			page 32


 1768 06cb 08       		.byte	8
 1769 06cc 00       		.byte	0
 1770 06cd 07       		.byte	7
 1771 06ce 0A       		.byte	10
 1772 06cf 07       		.byte	7
 1773 06d0 10       		.byte	16
 1774 06d1 16       		.byte	22
 1775 06d2 1A       		.byte	26
 1776 06d3 16       		.byte	22
 1777 06d4 1C       		.byte	28
 1778 06d5 02       		.byte	2
 1779 06d6 00       		.byte	0
 1780 06d7 3F       		.byte	63
 1781 06d8 04       		.byte	4
 1782 06d9 0C       		.byte	12
 1783 06da 00       		.byte	0
 1784 06db 00       		.byte	0
 1785 06dc 0C       		.byte	12
 1786 06dd 00       		.byte	0
 1787 06de 13       		.byte	19
 1788 06df 40       		.byte	64
 1789 06e0 01       		.byte	1
 1790 06e1 08       		.byte	8
 1791 06e2 20       		.byte	32
 1792 06e3 00       		.byte	0
 1793 06e4 04       		.byte	4
 1794 06e5 18       		.byte	24
 1795 06e6 00       		.byte	0
 1796 06e7 00       		.byte	0
 1797 06e8 03       		.byte	3
 1798 06e9 3C       		.byte	60
 1799 06ea 00       		.byte	0
 1800 06eb 02       		.byte	2
 1801 06ec 1F       		.byte	31
 1802 06ed 10       		.byte	16
 1803 06ee 00       		.byte	0
 1804 06ef 00       		.byte	0
 1805 06f0 13       		.byte	19
 1806 06f1 27       		.byte	39
 1807 06f2 0C       		.byte	12
 1808 06f3 18       		.byte	24
 1809 06f4 0F       		.byte	15
 1810 06f5 04       		.byte	4
 1811 06f6 10       		.byte	16
 1812 06f7 00       		.byte	0
 1813 06f8 00       		.byte	0
 1814 06f9 00       		.byte	0
 1815 06fa 13       		.byte	19
 1816 06fb 40       		.byte	64
 1817 06fc 08       		.byte	8
 1818 06fd 3F       		.byte	63
 1819 06fe 00       		.byte	0
 1820 06ff 00       		.byte	0
 1821 0700 0C       		.byte	12
 1822 0701 1C       		.byte	28
 1823 0702 00       		.byte	0
 1824 0703 21       		.byte	33
ARM GAS  C:\Users\Manu\AppData\Local\Temp\cc8Uvzcp.s 			page 33


 1825 0704 02       		.byte	2
 1826 0705 00       		.byte	0
 1827 0706 00       		.byte	0
 1828 0707 23       		.byte	35
 1829 0708 00       		.byte	0
 1830 0709 00       		.byte	0
 1831 070a 00       		.byte	0
 1832 070b 04       		.byte	4
 1833 070c 20       		.byte	32
 1834 070d 38       		.byte	56
 1835 070e 0F       		.byte	15
 1836 070f 00       		.byte	0
 1837 0710 1C       		.byte	28
 1838 0711 40       		.byte	64
 1839 0712 00       		.byte	0
 1840 0713 1F       		.byte	31
 1841 0714 00       		.byte	0
 1842 0715 00       		.byte	0
 1843 0716 28       		.byte	40
 1844 0717 80       		.byte	-128
 1845 0718 00       		.byte	0
 1846 0719 00       		.byte	0
 1847 071a 00       		.byte	0
 1848 071b 10       		.byte	16
 1849 071c 64       		.byte	100
 1850 071d 05       		.byte	5
 1851 071e 01       		.byte	1
 1852 071f 00       		.byte	0
 1853 0720 03       		.byte	3
 1854 0721 E0       		.byte	-32
 1855 0722 00       		.byte	0
 1856 0723 C0       		.byte	-64
 1857 0724 22       		.byte	34
 1858 0725 FF       		.byte	-1
 1859 0726 FF       		.byte	-1
 1860 0727 FF       		.byte	-1
 1861 0728 62       		.byte	98
 1862 0729 A0       		.byte	-96
 1863 072a F0       		.byte	-16
 1864 072b 41       		.byte	65
 1865 072c 0C       		.byte	12
 1866 072d 00       		.byte	0
 1867 072e 00       		.byte	0
 1868 072f 00       		.byte	0
 1869 0730 00       		.byte	0
 1870 0731 00       		.byte	0
 1871 0732 02       		.byte	2
 1872 0733 10       		.byte	16
 1873 0734 04       		.byte	4
 1874 0735 04       		.byte	4
 1875 0736 04       		.byte	4
 1876 0737 04       		.byte	4
 1877 0738 11       		.byte	17
 1878 0739 11       		.byte	17
 1879 073a 00       		.byte	0
 1880 073b 01       		.byte	1
 1881 073c 00       		.byte	0
ARM GAS  C:\Users\Manu\AppData\Local\Temp\cc8Uvzcp.s 			page 34


 1882 073d 00       		.byte	0
 1883 073e 00       		.byte	0
 1884 073f 00       		.byte	0
 1885 0740 00       		.byte	0
 1886 0741 00       		.byte	0
 1887 0742 40       		.byte	64
 1888 0743 02       		.byte	2
 1889 0744 00       		.byte	0
 1890 0745 10       		.byte	16
 1891 0746 30       		.byte	48
 1892 0747 10       		.byte	16
 1893 0748 00       		.byte	0
 1894 0749 10       		.byte	16
 1895 074a 10       		.byte	16
 1896 074b 12       		.byte	18
 1897 074c 00       		.byte	0
 1898 074d 00       		.byte	0
 1899 074e 00       		.byte	0
 1900 074f 00       		.byte	0
 1901 0750 00       		.byte	0
 1902 0751 00       		.byte	0
 1903 0752 00       		.byte	0
 1904 0753 00       		.byte	0
 1905 0754 00       		.byte	0
 1906 0755 00       		.byte	0
 1907 0756 00       		.byte	0
 1908 0757 00       		.byte	0
 1909 0758 00       		.byte	0
 1910 0759 00       		.byte	0
 1911 075a 00       		.byte	0
 1912 075b 00       		.byte	0
 1913 075c 89       		.byte	-119
 1914 075d 00       		.byte	0
 1915 075e 44       		.byte	68
 1916 075f 8B       		.byte	-117
 1917 0760 8B       		.byte	-117
 1918 0761 00       		.byte	0
 1919 0762 83       		.byte	-125
 1920 0763 00       		.byte	0
 1921 0764 00       		.byte	0
 1922 0765 00       		.byte	0
 1923 0766 00       		.byte	0
 1924 0767 00       		.byte	0
 1925 0768 00       		.byte	0
 1926 0769 0B       		.byte	11
 1927 076a 0B       		.byte	11
 1928 076b 00       		.byte	0
 1929 076c 00       		.byte	0
 1930 076d 00       		.byte	0
 1931 076e 00       		.byte	0
 1932 076f 00       		.byte	0
 1933 0770 04       		.byte	4
 1934 0771 00       		.byte	0
 1935 0772 00       		.byte	0
 1936 0773 04       		.byte	4
 1937 0774 00       		.byte	0
 1938 0775 00       		.byte	0
ARM GAS  C:\Users\Manu\AppData\Local\Temp\cc8Uvzcp.s 			page 35


 1939 0776 00       		.byte	0
 1940 0777 00       		.byte	0
 1941 0778 00       		.byte	0
 1942 0779 00       		.byte	0
 1943 077a 00       		.byte	0
 1944 077b 00       		.byte	0
 1945 077c 00       		.byte	0
 1946 077d E0       		.byte	-32
 1947 077e E0       		.byte	-32
 1948 077f 00       		.byte	0
 1949 0780 E0       		.byte	-32
 1950 0781 00       		.byte	0
 1951 0782 00       		.byte	0
 1952 0783 00       		.byte	0
 1953              		.section	.cywolatch,"a",%progbits
 1954              		.align	2
 1955              		.type	cy_meta_wonvl, %object
 1956              		.size	cy_meta_wonvl, 4
 1957              	cy_meta_wonvl:
 1958 0000 BC       		.byte	-68
 1959 0001 90       		.byte	-112
 1960 0002 AC       		.byte	-84
 1961 0003 AF       		.byte	-81
 1962              		.section	.cycustnvl,"a",%progbits
 1963              		.align	2
 1964              		.type	cy_meta_custnvl, %object
 1965              		.size	cy_meta_custnvl, 4
 1966              	cy_meta_custnvl:
 1967 0000 00       		.byte	0
 1968 0001 00       		.byte	0
 1969 0002 40       		.byte	64
 1970 0003 05       		.byte	5
 1971              		.section	.cymeta,"a",%progbits
 1972              		.align	2
 1973              		.type	cy_metadata, %object
 1974              		.size	cy_metadata, 12
 1975              	cy_metadata:
 1976 0000 00       		.byte	0
 1977 0001 01       		.byte	1
 1978 0002 2E       		.byte	46
 1979 0003 16       		.byte	22
 1980 0004 10       		.byte	16
 1981 0005 69       		.byte	105
 1982 0006 00       		.byte	0
 1983 0007 01       		.byte	1
 1984 0008 00       		.byte	0
 1985 0009 00       		.byte	0
 1986 000a 00       		.byte	0
 1987 000b 00       		.byte	0
 1988              		.section	.cyflashprotect,"a",%progbits
 1989              		.align	2
 1990              		.type	cy_meta_flashprotect, %object
 1991              		.size	cy_meta_flashprotect, 256
 1992              	cy_meta_flashprotect:
 1993 0000 00000000 		.space	256
 1993      00000000 
 1993      00000000 
ARM GAS  C:\Users\Manu\AppData\Local\Temp\cc8Uvzcp.s 			page 36


 1993      00000000 
 1993      00000000 
 1994              		.text
 1995              	.Letext0:
 1996              		.file 1 "c:\\program files (x86)\\cypress\\psoc creator\\4.3\\psoc creator\\import\\gnu\\arm\\5.4.
 1997              		.file 2 "c:\\program files (x86)\\cypress\\psoc creator\\4.3\\psoc creator\\import\\gnu\\arm\\5.4.
 1998              		.file 3 "Generated_Source\\PSoC5\\cymetadata.c"
 1999              		.section	.debug_info,"",%progbits
 2000              	.Ldebug_info0:
 2001 0000 35010000 		.4byte	0x135
 2002 0004 0400     		.2byte	0x4
 2003 0006 00000000 		.4byte	.Ldebug_abbrev0
 2004 000a 04       		.byte	0x4
 2005 000b 01       		.uleb128 0x1
 2006 000c A8000000 		.4byte	.LASF17
 2007 0010 0C       		.byte	0xc
 2008 0011 02020000 		.4byte	.LASF18
 2009 0015 0A000000 		.4byte	.LASF19
 2010 0019 00000000 		.4byte	.Ldebug_line0
 2011 001d 02       		.uleb128 0x2
 2012 001e 01       		.byte	0x1
 2013 001f 06       		.byte	0x6
 2014 0020 F6010000 		.4byte	.LASF0
 2015 0024 03       		.uleb128 0x3
 2016 0025 00000000 		.4byte	.LASF9
 2017 0029 01       		.byte	0x1
 2018 002a 1D       		.byte	0x1d
 2019 002b 2F000000 		.4byte	0x2f
 2020 002f 02       		.uleb128 0x2
 2021 0030 01       		.byte	0x1
 2022 0031 08       		.byte	0x8
 2023 0032 9A000000 		.4byte	.LASF1
 2024 0036 02       		.uleb128 0x2
 2025 0037 02       		.byte	0x2
 2026 0038 05       		.byte	0x5
 2027 0039 E3010000 		.4byte	.LASF2
 2028 003d 02       		.uleb128 0x2
 2029 003e 02       		.byte	0x2
 2030 003f 07       		.byte	0x7
 2031 0040 48010000 		.4byte	.LASF3
 2032 0044 02       		.uleb128 0x2
 2033 0045 04       		.byte	0x4
 2034 0046 05       		.byte	0x5
 2035 0047 ED010000 		.4byte	.LASF4
 2036 004b 02       		.uleb128 0x2
 2037 004c 04       		.byte	0x4
 2038 004d 07       		.byte	0x7
 2039 004e 36010000 		.4byte	.LASF5
 2040 0052 02       		.uleb128 0x2
 2041 0053 08       		.byte	0x8
 2042 0054 05       		.byte	0x5
 2043 0055 D5010000 		.4byte	.LASF6
 2044 0059 02       		.uleb128 0x2
 2045 005a 08       		.byte	0x8
 2046 005b 07       		.byte	0x7
 2047 005c 8A010000 		.4byte	.LASF7
 2048 0060 04       		.uleb128 0x4
ARM GAS  C:\Users\Manu\AppData\Local\Temp\cc8Uvzcp.s 			page 37


 2049 0061 04       		.byte	0x4
 2050 0062 05       		.byte	0x5
 2051 0063 696E7400 		.ascii	"int\000"
 2052 0067 02       		.uleb128 0x2
 2053 0068 04       		.byte	0x4
 2054 0069 07       		.byte	0x7
 2055 006a 7D010000 		.4byte	.LASF8
 2056 006e 03       		.uleb128 0x3
 2057 006f A1010000 		.4byte	.LASF10
 2058 0073 02       		.byte	0x2
 2059 0074 18       		.byte	0x18
 2060 0075 24000000 		.4byte	0x24
 2061 0079 05       		.uleb128 0x5
 2062 007a 91000000 		.4byte	0x91
 2063 007e 8A000000 		.4byte	0x8a
 2064 0082 06       		.uleb128 0x6
 2065 0083 8A000000 		.4byte	0x8a
 2066 0087 8307     		.2byte	0x783
 2067 0089 00       		.byte	0
 2068 008a 02       		.uleb128 0x2
 2069 008b 04       		.byte	0x4
 2070 008c 07       		.byte	0x7
 2071 008d CC010000 		.4byte	.LASF11
 2072 0091 07       		.uleb128 0x7
 2073 0092 6E000000 		.4byte	0x6e
 2074 0096 08       		.uleb128 0x8
 2075 0097 6B010000 		.4byte	.LASF12
 2076 009b 03       		.byte	0x3
 2077 009c 1F       		.byte	0x1f
 2078 009d A7000000 		.4byte	0xa7
 2079 00a1 05       		.uleb128 0x5
 2080 00a2 03       		.byte	0x3
 2081 00a3 00000000 		.4byte	cy_meta_configecc
 2082 00a7 07       		.uleb128 0x7
 2083 00a8 79000000 		.4byte	0x79
 2084 00ac 05       		.uleb128 0x5
 2085 00ad 91000000 		.4byte	0x91
 2086 00b1 BC000000 		.4byte	0xbc
 2087 00b5 09       		.uleb128 0x9
 2088 00b6 8A000000 		.4byte	0x8a
 2089 00ba 03       		.byte	0x3
 2090 00bb 00       		.byte	0
 2091 00bc 0A       		.uleb128 0xa
 2092 00bd 5B010000 		.4byte	.LASF13
 2093 00c1 03       		.byte	0x3
 2094 00c2 1D01     		.2byte	0x11d
 2095 00c4 CE000000 		.4byte	0xce
 2096 00c8 05       		.uleb128 0x5
 2097 00c9 03       		.byte	0x3
 2098 00ca 00000000 		.4byte	cy_meta_custnvl
 2099 00ce 07       		.uleb128 0x7
 2100 00cf AC000000 		.4byte	0xac
 2101 00d3 0A       		.uleb128 0xa
 2102 00d4 BE010000 		.4byte	.LASF14
 2103 00d8 03       		.byte	0x3
 2104 00d9 2B01     		.2byte	0x12b
 2105 00db E5000000 		.4byte	0xe5
ARM GAS  C:\Users\Manu\AppData\Local\Temp\cc8Uvzcp.s 			page 38


 2106 00df 05       		.uleb128 0x5
 2107 00e0 03       		.byte	0x3
 2108 00e1 00000000 		.4byte	cy_meta_wonvl
 2109 00e5 07       		.uleb128 0x7
 2110 00e6 AC000000 		.4byte	0xac
 2111 00ea 05       		.uleb128 0x5
 2112 00eb 91000000 		.4byte	0x91
 2113 00ef FA000000 		.4byte	0xfa
 2114 00f3 09       		.uleb128 0x9
 2115 00f4 8A000000 		.4byte	0x8a
 2116 00f8 FF       		.byte	0xff
 2117 00f9 00       		.byte	0
 2118 00fa 0A       		.uleb128 0xa
 2119 00fb A9010000 		.4byte	.LASF15
 2120 00ff 03       		.byte	0x3
 2121 0100 3901     		.2byte	0x139
 2122 0102 0C010000 		.4byte	0x10c
 2123 0106 05       		.uleb128 0x5
 2124 0107 03       		.byte	0x3
 2125 0108 00000000 		.4byte	cy_meta_flashprotect
 2126 010c 07       		.uleb128 0x7
 2127 010d EA000000 		.4byte	0xea
 2128 0111 05       		.uleb128 0x5
 2129 0112 91000000 		.4byte	0x91
 2130 0116 21010000 		.4byte	0x121
 2131 011a 09       		.uleb128 0x9
 2132 011b 8A000000 		.4byte	0x8a
 2133 011f 0B       		.byte	0xb
 2134 0120 00       		.byte	0
 2135 0121 0A       		.uleb128 0xa
 2136 0122 8E000000 		.4byte	.LASF16
 2137 0126 03       		.byte	0x3
 2138 0127 6601     		.2byte	0x166
 2139 0129 33010000 		.4byte	0x133
 2140 012d 05       		.uleb128 0x5
 2141 012e 03       		.byte	0x3
 2142 012f 00000000 		.4byte	cy_metadata
 2143 0133 07       		.uleb128 0x7
 2144 0134 11010000 		.4byte	0x111
 2145 0138 00       		.byte	0
 2146              		.section	.debug_abbrev,"",%progbits
 2147              	.Ldebug_abbrev0:
 2148 0000 01       		.uleb128 0x1
 2149 0001 11       		.uleb128 0x11
 2150 0002 01       		.byte	0x1
 2151 0003 25       		.uleb128 0x25
 2152 0004 0E       		.uleb128 0xe
 2153 0005 13       		.uleb128 0x13
 2154 0006 0B       		.uleb128 0xb
 2155 0007 03       		.uleb128 0x3
 2156 0008 0E       		.uleb128 0xe
 2157 0009 1B       		.uleb128 0x1b
 2158 000a 0E       		.uleb128 0xe
 2159 000b 10       		.uleb128 0x10
 2160 000c 17       		.uleb128 0x17
 2161 000d 00       		.byte	0
 2162 000e 00       		.byte	0
ARM GAS  C:\Users\Manu\AppData\Local\Temp\cc8Uvzcp.s 			page 39


 2163 000f 02       		.uleb128 0x2
 2164 0010 24       		.uleb128 0x24
 2165 0011 00       		.byte	0
 2166 0012 0B       		.uleb128 0xb
 2167 0013 0B       		.uleb128 0xb
 2168 0014 3E       		.uleb128 0x3e
 2169 0015 0B       		.uleb128 0xb
 2170 0016 03       		.uleb128 0x3
 2171 0017 0E       		.uleb128 0xe
 2172 0018 00       		.byte	0
 2173 0019 00       		.byte	0
 2174 001a 03       		.uleb128 0x3
 2175 001b 16       		.uleb128 0x16
 2176 001c 00       		.byte	0
 2177 001d 03       		.uleb128 0x3
 2178 001e 0E       		.uleb128 0xe
 2179 001f 3A       		.uleb128 0x3a
 2180 0020 0B       		.uleb128 0xb
 2181 0021 3B       		.uleb128 0x3b
 2182 0022 0B       		.uleb128 0xb
 2183 0023 49       		.uleb128 0x49
 2184 0024 13       		.uleb128 0x13
 2185 0025 00       		.byte	0
 2186 0026 00       		.byte	0
 2187 0027 04       		.uleb128 0x4
 2188 0028 24       		.uleb128 0x24
 2189 0029 00       		.byte	0
 2190 002a 0B       		.uleb128 0xb
 2191 002b 0B       		.uleb128 0xb
 2192 002c 3E       		.uleb128 0x3e
 2193 002d 0B       		.uleb128 0xb
 2194 002e 03       		.uleb128 0x3
 2195 002f 08       		.uleb128 0x8
 2196 0030 00       		.byte	0
 2197 0031 00       		.byte	0
 2198 0032 05       		.uleb128 0x5
 2199 0033 01       		.uleb128 0x1
 2200 0034 01       		.byte	0x1
 2201 0035 49       		.uleb128 0x49
 2202 0036 13       		.uleb128 0x13
 2203 0037 01       		.uleb128 0x1
 2204 0038 13       		.uleb128 0x13
 2205 0039 00       		.byte	0
 2206 003a 00       		.byte	0
 2207 003b 06       		.uleb128 0x6
 2208 003c 21       		.uleb128 0x21
 2209 003d 00       		.byte	0
 2210 003e 49       		.uleb128 0x49
 2211 003f 13       		.uleb128 0x13
 2212 0040 2F       		.uleb128 0x2f
 2213 0041 05       		.uleb128 0x5
 2214 0042 00       		.byte	0
 2215 0043 00       		.byte	0
 2216 0044 07       		.uleb128 0x7
 2217 0045 26       		.uleb128 0x26
 2218 0046 00       		.byte	0
 2219 0047 49       		.uleb128 0x49
ARM GAS  C:\Users\Manu\AppData\Local\Temp\cc8Uvzcp.s 			page 40


 2220 0048 13       		.uleb128 0x13
 2221 0049 00       		.byte	0
 2222 004a 00       		.byte	0
 2223 004b 08       		.uleb128 0x8
 2224 004c 34       		.uleb128 0x34
 2225 004d 00       		.byte	0
 2226 004e 03       		.uleb128 0x3
 2227 004f 0E       		.uleb128 0xe
 2228 0050 3A       		.uleb128 0x3a
 2229 0051 0B       		.uleb128 0xb
 2230 0052 3B       		.uleb128 0x3b
 2231 0053 0B       		.uleb128 0xb
 2232 0054 49       		.uleb128 0x49
 2233 0055 13       		.uleb128 0x13
 2234 0056 3F       		.uleb128 0x3f
 2235 0057 19       		.uleb128 0x19
 2236 0058 02       		.uleb128 0x2
 2237 0059 18       		.uleb128 0x18
 2238 005a 00       		.byte	0
 2239 005b 00       		.byte	0
 2240 005c 09       		.uleb128 0x9
 2241 005d 21       		.uleb128 0x21
 2242 005e 00       		.byte	0
 2243 005f 49       		.uleb128 0x49
 2244 0060 13       		.uleb128 0x13
 2245 0061 2F       		.uleb128 0x2f
 2246 0062 0B       		.uleb128 0xb
 2247 0063 00       		.byte	0
 2248 0064 00       		.byte	0
 2249 0065 0A       		.uleb128 0xa
 2250 0066 34       		.uleb128 0x34
 2251 0067 00       		.byte	0
 2252 0068 03       		.uleb128 0x3
 2253 0069 0E       		.uleb128 0xe
 2254 006a 3A       		.uleb128 0x3a
 2255 006b 0B       		.uleb128 0xb
 2256 006c 3B       		.uleb128 0x3b
 2257 006d 05       		.uleb128 0x5
 2258 006e 49       		.uleb128 0x49
 2259 006f 13       		.uleb128 0x13
 2260 0070 3F       		.uleb128 0x3f
 2261 0071 19       		.uleb128 0x19
 2262 0072 02       		.uleb128 0x2
 2263 0073 18       		.uleb128 0x18
 2264 0074 00       		.byte	0
 2265 0075 00       		.byte	0
 2266 0076 00       		.byte	0
 2267              		.section	.debug_aranges,"",%progbits
 2268 0000 14000000 		.4byte	0x14
 2269 0004 0200     		.2byte	0x2
 2270 0006 00000000 		.4byte	.Ldebug_info0
 2271 000a 04       		.byte	0x4
 2272 000b 00       		.byte	0
 2273 000c 0000     		.2byte	0
 2274 000e 0000     		.2byte	0
 2275 0010 00000000 		.4byte	0
 2276 0014 00000000 		.4byte	0
ARM GAS  C:\Users\Manu\AppData\Local\Temp\cc8Uvzcp.s 			page 41


 2277              		.section	.debug_line,"",%progbits
 2278              	.Ldebug_line0:
 2279 0000 3D010000 		.section	.debug_str,"MS",%progbits,1
 2279      02003701 
 2279      00000201 
 2279      FB0E0D00 
 2279      01010101 
 2280              	.LASF9:
 2281 0000 5F5F7569 		.ascii	"__uint8_t\000"
 2281      6E74385F 
 2281      7400
 2282              	.LASF19:
 2283 000a 433A5C55 		.ascii	"C:\\Users\\Manu\\Desktop\\github\\PSoC-Final-Projec"
 2283      73657273 
 2283      5C4D616E 
 2283      755C4465 
 2283      736B746F 
 2284 0038 745C4159 		.ascii	"t\\AY1920_II_HW_FINAL_CARZANIGA_GUALNIERA\\AY1920_I"
 2284      31393230 
 2284      5F49495F 
 2284      48575F46 
 2284      494E414C 
 2285 0069 495F4857 		.ascii	"I_HW_FINAL_CARZANIGA_GUALNIERA.cydsn\000"
 2285      5F46494E 
 2285      414C5F43 
 2285      41525A41 
 2285      4E494741 
 2286              	.LASF16:
 2287 008e 63795F6D 		.ascii	"cy_metadata\000"
 2287      65746164 
 2287      61746100 
 2288              	.LASF1:
 2289 009a 756E7369 		.ascii	"unsigned char\000"
 2289      676E6564 
 2289      20636861 
 2289      7200
 2290              	.LASF17:
 2291 00a8 474E5520 		.ascii	"GNU C11 5.4.1 20160609 (release) [ARM/embedded-5-br"
 2291      43313120 
 2291      352E342E 
 2291      31203230 
 2291      31363036 
 2292 00db 616E6368 		.ascii	"anch revision 237715] -mcpu=cortex-m3 -mthumb -g -O"
 2292      20726576 
 2292      6973696F 
 2292      6E203233 
 2292      37373135 
 2293 010e 67202D66 		.ascii	"g -ffunction-sections -ffat-lto-objects\000"
 2293      66756E63 
 2293      74696F6E 
 2293      2D736563 
 2293      74696F6E 
 2294              	.LASF5:
 2295 0136 6C6F6E67 		.ascii	"long unsigned int\000"
 2295      20756E73 
 2295      69676E65 
 2295      6420696E 
ARM GAS  C:\Users\Manu\AppData\Local\Temp\cc8Uvzcp.s 			page 42


 2295      7400
 2296              	.LASF3:
 2297 0148 73686F72 		.ascii	"short unsigned int\000"
 2297      7420756E 
 2297      7369676E 
 2297      65642069 
 2297      6E7400
 2298              	.LASF13:
 2299 015b 63795F6D 		.ascii	"cy_meta_custnvl\000"
 2299      6574615F 
 2299      63757374 
 2299      6E766C00 
 2300              	.LASF12:
 2301 016b 63795F6D 		.ascii	"cy_meta_configecc\000"
 2301      6574615F 
 2301      636F6E66 
 2301      69676563 
 2301      6300
 2302              	.LASF8:
 2303 017d 756E7369 		.ascii	"unsigned int\000"
 2303      676E6564 
 2303      20696E74 
 2303      00
 2304              	.LASF7:
 2305 018a 6C6F6E67 		.ascii	"long long unsigned int\000"
 2305      206C6F6E 
 2305      6720756E 
 2305      7369676E 
 2305      65642069 
 2306              	.LASF10:
 2307 01a1 75696E74 		.ascii	"uint8_t\000"
 2307      385F7400 
 2308              	.LASF15:
 2309 01a9 63795F6D 		.ascii	"cy_meta_flashprotect\000"
 2309      6574615F 
 2309      666C6173 
 2309      6870726F 
 2309      74656374 
 2310              	.LASF14:
 2311 01be 63795F6D 		.ascii	"cy_meta_wonvl\000"
 2311      6574615F 
 2311      776F6E76 
 2311      6C00
 2312              	.LASF11:
 2313 01cc 73697A65 		.ascii	"sizetype\000"
 2313      74797065 
 2313      00
 2314              	.LASF6:
 2315 01d5 6C6F6E67 		.ascii	"long long int\000"
 2315      206C6F6E 
 2315      6720696E 
 2315      7400
 2316              	.LASF2:
 2317 01e3 73686F72 		.ascii	"short int\000"
 2317      7420696E 
 2317      7400
 2318              	.LASF4:
ARM GAS  C:\Users\Manu\AppData\Local\Temp\cc8Uvzcp.s 			page 43


 2319 01ed 6C6F6E67 		.ascii	"long int\000"
 2319      20696E74 
 2319      00
 2320              	.LASF0:
 2321 01f6 7369676E 		.ascii	"signed char\000"
 2321      65642063 
 2321      68617200 
 2322              	.LASF18:
 2323 0202 47656E65 		.ascii	"Generated_Source\\PSoC5\\cymetadata.c\000"
 2323      72617465 
 2323      645F536F 
 2323      75726365 
 2323      5C50536F 
 2324              		.ident	"GCC: (GNU Tools for ARM Embedded Processors) 5.4.1 20160609 (release) [ARM/embedded-5-bran
