ARM GAS  C:\Users\Lory\AppData\Local\Temp\ccwbPfyy.s 			page 1


   1              		.syntax unified
   2              		.cpu cortex-m3
   3              		.fpu softvfp
   4              		.eabi_attribute 20, 1
   5              		.eabi_attribute 21, 1
   6              		.eabi_attribute 23, 3
   7              		.eabi_attribute 24, 1
   8              		.eabi_attribute 25, 1
   9              		.eabi_attribute 26, 1
  10              		.eabi_attribute 30, 1
  11              		.eabi_attribute 34, 1
  12              		.eabi_attribute 18, 4
  13              		.thumb
  14              		.syntax unified
  15              		.file	"InterruptRoutines.c"
  16              		.text
  17              	.Ltext0:
  18              		.cfi_sections	.debug_frame
  19              		.section	.text.CUSTOM_ISR_CONFIG,"ax",%progbits
  20              		.align	2
  21              		.global	CUSTOM_ISR_CONFIG
  22              		.thumb
  23              		.thumb_func
  24              		.type	CUSTOM_ISR_CONFIG, %function
  25              	CUSTOM_ISR_CONFIG:
  26              	.LFB64:
  27              		.file 1 "InterruptRoutines.c"
   1:InterruptRoutines.c **** /* ========================================
   2:InterruptRoutines.c ****  *
   3:InterruptRoutines.c ****  * This file contains ISR functions needed
   4:InterruptRoutines.c ****  * to link transitions between finite states 
   5:InterruptRoutines.c ****  * and hardware events.
   6:InterruptRoutines.c ****  *
   7:InterruptRoutines.c ****  * CUSTOM_ISR_CONFIG: Triggered with a long 
   8:InterruptRoutines.c ****  * press of 2 seconds of the on-board button, 
   9:InterruptRoutines.c ****  * it toggles the configuration mode state and
  10:InterruptRoutines.c ****  * save config flag inside EEPROM.
  11:InterruptRoutines.c ****  * (Priotity level: 5)
  12:InterruptRoutines.c ****  *
  13:InterruptRoutines.c ****  * CUSTOM_ISR_START: Triggered with a double
  14:InterruptRoutines.c ****  * click event (with time delta between clicks
  15:InterruptRoutines.c ****  * less than 1s), it toggles the start/stop
  16:InterruptRoutines.c ****  * state and save it inside the EEPROM.
  17:InterruptRoutines.c ****  * (Priority level: 6)
  18:InterruptRoutines.c ****  *
  19:InterruptRoutines.c ****  * ========================================
  20:InterruptRoutines.c **** */
  21:InterruptRoutines.c **** 
  22:InterruptRoutines.c **** /* Include project dependencies. */
  23:InterruptRoutines.c **** #include "InterruptRoutines.h"
  24:InterruptRoutines.c **** 
  25:InterruptRoutines.c **** /*
  26:InterruptRoutines.c ****  * ISR function that toggles configuration mode
  27:InterruptRoutines.c ****  * and save state inside EEPROM.
  28:InterruptRoutines.c ****  */
  29:InterruptRoutines.c **** CY_ISR(CUSTOM_ISR_CONFIG)
  30:InterruptRoutines.c **** {   
ARM GAS  C:\Users\Lory\AppData\Local\Temp\ccwbPfyy.s 			page 2


  28              		.loc 1 30 0
  29              		.cfi_startproc
  30              		@ args = 0, pretend = 0, frame = 0
  31              		@ frame_needed = 0, uses_anonymous_args = 0
  32 0000 10B5     		push	{r4, lr}
  33              		.cfi_def_cfa_offset 8
  34              		.cfi_offset 4, -8
  35              		.cfi_offset 14, -4
  31:InterruptRoutines.c ****     // Toggle configuration state
  32:InterruptRoutines.c ****     if (button_state != CONFIG_MODE)
  36              		.loc 1 32 0
  37 0002 144B     		ldr	r3, .L7
  38 0004 1B78     		ldrb	r3, [r3]	@ zero_extendqisi2
  39 0006 DBB2     		uxtb	r3, r3
  40 0008 022B     		cmp	r3, #2
  41 000a 0AD0     		beq	.L2
  33:InterruptRoutines.c ****     {
  34:InterruptRoutines.c ****         // Enter configuration mode
  35:InterruptRoutines.c ****         button_state = CONFIG_MODE;
  42              		.loc 1 35 0
  43 000c 0222     		movs	r2, #2
  44 000e 114B     		ldr	r3, .L7
  45 0010 1A70     		strb	r2, [r3]
  36:InterruptRoutines.c ****         
  37:InterruptRoutines.c ****         // Save config flag inside EEPROM
  38:InterruptRoutines.c ****         EEPROM_saveConfigFlag(1);
  46              		.loc 1 38 0
  47 0012 0120     		movs	r0, #1
  48 0014 FFF7FEFF 		bl	EEPROM_saveConfigFlag
  49              	.LVL0:
  39:InterruptRoutines.c ****         
  40:InterruptRoutines.c ****         // Blink on-board LED
  41:InterruptRoutines.c ****         LED_Notify_Config();
  50              		.loc 1 41 0
  51 0018 FFF7FEFF 		bl	LED_Notify_Config
  52              	.LVL1:
  42:InterruptRoutines.c ****         
  43:InterruptRoutines.c ****         // Enable ADC sampling 
  44:InterruptRoutines.c ****         ADC_DELSIG_StartConvert();
  53              		.loc 1 44 0
  54 001c FFF7FEFF 		bl	ADC_DELSIG_StartConvert
  55              	.LVL2:
  56 0020 10BD     		pop	{r4, pc}
  57              	.L2:
  45:InterruptRoutines.c ****     }
  46:InterruptRoutines.c ****     else
  47:InterruptRoutines.c ****     {
  48:InterruptRoutines.c ****         // Resume start/stop mode
  49:InterruptRoutines.c ****         button_state = EEPROM_retrieveStartStopState();
  58              		.loc 1 49 0
  59 0022 FFF7FEFF 		bl	EEPROM_retrieveStartStopState
  60              	.LVL3:
  61 0026 0B4C     		ldr	r4, .L7
  62 0028 2070     		strb	r0, [r4]
  50:InterruptRoutines.c ****         
  51:InterruptRoutines.c ****         // Reset config flag inside EEPROM
  52:InterruptRoutines.c ****         EEPROM_saveConfigFlag(0);
ARM GAS  C:\Users\Lory\AppData\Local\Temp\ccwbPfyy.s 			page 3


  63              		.loc 1 52 0
  64 002a 0020     		movs	r0, #0
  65 002c FFF7FEFF 		bl	EEPROM_saveConfigFlag
  66              	.LVL4:
  53:InterruptRoutines.c ****         
  54:InterruptRoutines.c ****         if (button_state == STOP_MODE)
  67              		.loc 1 54 0
  68 0030 2378     		ldrb	r3, [r4]	@ zero_extendqisi2
  69 0032 13F0FF0F 		tst	r3, #255
  70 0036 02D1     		bne	.L4
  55:InterruptRoutines.c ****         {
  56:InterruptRoutines.c ****             // Turn on-board LED off
  57:InterruptRoutines.c ****             LED_Notify_Stop();
  71              		.loc 1 57 0
  72 0038 FFF7FEFF 		bl	LED_Notify_Stop
  73              	.LVL5:
  74 003c 06E0     		b	.L5
  75              	.L4:
  58:InterruptRoutines.c ****         }
  59:InterruptRoutines.c ****         else if (button_state == START_MODE)
  76              		.loc 1 59 0
  77 003e 054B     		ldr	r3, .L7
  78 0040 1B78     		ldrb	r3, [r3]	@ zero_extendqisi2
  79 0042 DBB2     		uxtb	r3, r3
  80 0044 012B     		cmp	r3, #1
  81 0046 01D1     		bne	.L5
  60:InterruptRoutines.c ****         {
  61:InterruptRoutines.c ****             // Turn on-board LED on
  62:InterruptRoutines.c ****             LED_Notify_Start();
  82              		.loc 1 62 0
  83 0048 FFF7FEFF 		bl	LED_Notify_Start
  84              	.LVL6:
  85              	.L5:
  63:InterruptRoutines.c ****         }
  64:InterruptRoutines.c ****         
  65:InterruptRoutines.c ****         // Disable ADC sampling 
  66:InterruptRoutines.c ****         ADC_DELSIG_StartConvert();
  86              		.loc 1 66 0
  87 004c FFF7FEFF 		bl	ADC_DELSIG_StartConvert
  88              	.LVL7:
  89 0050 10BD     		pop	{r4, pc}
  90              	.L8:
  91 0052 00BF     		.align	2
  92              	.L7:
  93 0054 00000000 		.word	button_state
  94              		.cfi_endproc
  95              	.LFE64:
  96              		.size	CUSTOM_ISR_CONFIG, .-CUSTOM_ISR_CONFIG
  97              		.section	.text.CUSTOM_ISR_START,"ax",%progbits
  98              		.align	2
  99              		.global	CUSTOM_ISR_START
 100              		.thumb
 101              		.thumb_func
 102              		.type	CUSTOM_ISR_START, %function
 103              	CUSTOM_ISR_START:
 104              	.LFB65:
  67:InterruptRoutines.c ****     }
ARM GAS  C:\Users\Lory\AppData\Local\Temp\ccwbPfyy.s 			page 4


  68:InterruptRoutines.c **** }
  69:InterruptRoutines.c **** 
  70:InterruptRoutines.c **** /* 
  71:InterruptRoutines.c ****  * ISR function that implements start/stop functionality
  72:InterruptRoutines.c ****  * and save state inside EEPROM.
  73:InterruptRoutines.c ****  */
  74:InterruptRoutines.c **** CY_ISR(CUSTOM_ISR_START)
  75:InterruptRoutines.c **** {   
 105              		.loc 1 75 0
 106              		.cfi_startproc
 107              		@ args = 0, pretend = 0, frame = 0
 108              		@ frame_needed = 0, uses_anonymous_args = 0
 109 0000 08B5     		push	{r3, lr}
 110              		.cfi_def_cfa_offset 8
 111              		.cfi_offset 3, -8
 112              		.cfi_offset 14, -4
  76:InterruptRoutines.c ****     // Toggle start/stop state
  77:InterruptRoutines.c ****     if (button_state == START_MODE)
 113              		.loc 1 77 0
 114 0002 104B     		ldr	r3, .L13
 115 0004 1B78     		ldrb	r3, [r3]	@ zero_extendqisi2
 116 0006 DBB2     		uxtb	r3, r3
 117 0008 012B     		cmp	r3, #1
 118 000a 0AD1     		bne	.L10
  78:InterruptRoutines.c ****     {   
  79:InterruptRoutines.c ****         // Save stop bit inside EEPROM
  80:InterruptRoutines.c ****         EEPROM_saveStartStopState(0);
 119              		.loc 1 80 0
 120 000c 0020     		movs	r0, #0
 121 000e FFF7FEFF 		bl	EEPROM_saveStartStopState
 122              	.LVL8:
  81:InterruptRoutines.c ****         
  82:InterruptRoutines.c ****         // Turn RGB LED off
  83:InterruptRoutines.c ****         RGB_Stop();
 123              		.loc 1 83 0
 124 0012 FFF7FEFF 		bl	RGB_Stop
 125              	.LVL9:
  84:InterruptRoutines.c ****         
  85:InterruptRoutines.c ****         // Turn on-board LED off
  86:InterruptRoutines.c ****         LED_Notify_Stop();
 126              		.loc 1 86 0
 127 0016 FFF7FEFF 		bl	LED_Notify_Stop
 128              	.LVL10:
  87:InterruptRoutines.c ****                 
  88:InterruptRoutines.c ****         // Update button state
  89:InterruptRoutines.c ****         button_state = STOP_MODE;
 129              		.loc 1 89 0
 130 001a 0022     		movs	r2, #0
 131 001c 094B     		ldr	r3, .L13
 132 001e 1A70     		strb	r2, [r3]
 133 0020 08BD     		pop	{r3, pc}
 134              	.L10:
  90:InterruptRoutines.c ****     }
  91:InterruptRoutines.c ****     else if (button_state == STOP_MODE)
 135              		.loc 1 91 0
 136 0022 084B     		ldr	r3, .L13
 137 0024 1B78     		ldrb	r3, [r3]	@ zero_extendqisi2
ARM GAS  C:\Users\Lory\AppData\Local\Temp\ccwbPfyy.s 			page 5


 138 0026 13F0FF0F 		tst	r3, #255
 139 002a 09D1     		bne	.L9
  92:InterruptRoutines.c ****     {
  93:InterruptRoutines.c ****         // Save start bit inside EEPROM
  94:InterruptRoutines.c ****         EEPROM_saveStartStopState(1);
 140              		.loc 1 94 0
 141 002c 0120     		movs	r0, #1
 142 002e FFF7FEFF 		bl	EEPROM_saveStartStopState
 143              	.LVL11:
  95:InterruptRoutines.c ****         
  96:InterruptRoutines.c ****         // Turn RGB LED on
  97:InterruptRoutines.c ****         RGB_Start();
 144              		.loc 1 97 0
 145 0032 FFF7FEFF 		bl	RGB_Start
 146              	.LVL12:
  98:InterruptRoutines.c ****         
  99:InterruptRoutines.c ****         // Turn on-board LED on
 100:InterruptRoutines.c ****         LED_Notify_Start();
 147              		.loc 1 100 0
 148 0036 FFF7FEFF 		bl	LED_Notify_Start
 149              	.LVL13:
 101:InterruptRoutines.c ****                 
 102:InterruptRoutines.c ****         // Update button state
 103:InterruptRoutines.c ****         button_state = START_MODE;
 150              		.loc 1 103 0
 151 003a 0122     		movs	r2, #1
 152 003c 014B     		ldr	r3, .L13
 153 003e 1A70     		strb	r2, [r3]
 154              	.L9:
 155 0040 08BD     		pop	{r3, pc}
 156              	.L14:
 157 0042 00BF     		.align	2
 158              	.L13:
 159 0044 00000000 		.word	button_state
 160              		.cfi_endproc
 161              	.LFE65:
 162              		.size	CUSTOM_ISR_START, .-CUSTOM_ISR_START
 163              		.section	.text.CUSTOM_ISR_IMU,"ax",%progbits
 164              		.align	2
 165              		.global	CUSTOM_ISR_IMU
 166              		.thumb
 167              		.thumb_func
 168              		.type	CUSTOM_ISR_IMU, %function
 169              	CUSTOM_ISR_IMU:
 170              	.LFB66:
 104:InterruptRoutines.c ****     }
 105:InterruptRoutines.c **** }
 106:InterruptRoutines.c **** 
 107:InterruptRoutines.c **** /*
 108:InterruptRoutines.c ****  * ISR function that notify incoming external ISR from LIS3DH.
 109:InterruptRoutines.c ****  */
 110:InterruptRoutines.c **** CY_ISR(CUSTOM_ISR_IMU)
 111:InterruptRoutines.c **** {
 171              		.loc 1 111 0
 172              		.cfi_startproc
 173              		@ args = 0, pretend = 0, frame = 0
 174              		@ frame_needed = 0, uses_anonymous_args = 0
ARM GAS  C:\Users\Lory\AppData\Local\Temp\ccwbPfyy.s 			page 6


 175 0000 08B5     		push	{r3, lr}
 176              		.cfi_def_cfa_offset 8
 177              		.cfi_offset 3, -8
 178              		.cfi_offset 14, -4
 112:InterruptRoutines.c ****     // IMU interrupt data overrun event handler
 113:InterruptRoutines.c ****     if (IMU_ReadByte(LIS3DH_FIFO_SRC_REG) & LIS3DH_FIFO_SRC_REG_OVR_MASK)
 179              		.loc 1 113 0
 180 0002 2F20     		movs	r0, #47
 181 0004 FFF7FEFF 		bl	IMU_ReadByte
 182              	.LVL14:
 183 0008 10F0400F 		tst	r0, #64
 184 000c 02D0     		beq	.L16
 114:InterruptRoutines.c ****     {
 115:InterruptRoutines.c ****         IMU_data_ready_flag = 1;
 185              		.loc 1 115 0
 186 000e 0122     		movs	r2, #1
 187 0010 054B     		ldr	r3, .L19
 188 0012 1A70     		strb	r2, [r3]
 189              	.L16:
 116:InterruptRoutines.c ****     }
 117:InterruptRoutines.c ****     
 118:InterruptRoutines.c ****     // IMU interrupt over threshold event handler
 119:InterruptRoutines.c ****     if (IMU_ReadByte(LIS3DH_INT1_SRC) & LIS3DH_INT1_SRC_IA_MASK)
 190              		.loc 1 119 0
 191 0014 3120     		movs	r0, #49
 192 0016 FFF7FEFF 		bl	IMU_ReadByte
 193              	.LVL15:
 194 001a 10F0400F 		tst	r0, #64
 195 001e 02D0     		beq	.L15
 120:InterruptRoutines.c ****     {
 121:InterruptRoutines.c ****         IMU_over_threshold_flag = 1;
 196              		.loc 1 121 0
 197 0020 0122     		movs	r2, #1
 198 0022 024B     		ldr	r3, .L19+4
 199 0024 1A70     		strb	r2, [r3]
 200              	.L15:
 201 0026 08BD     		pop	{r3, pc}
 202              	.L20:
 203              		.align	2
 204              	.L19:
 205 0028 00000000 		.word	IMU_data_ready_flag
 206 002c 00000000 		.word	IMU_over_threshold_flag
 207              		.cfi_endproc
 208              	.LFE66:
 209              		.size	CUSTOM_ISR_IMU, .-CUSTOM_ISR_IMU
 210              		.comm	button_state,1,1
 211              		.comm	IMU_over_threshold_flag,1,1
 212              		.comm	IMU_data_ready_flag,1,1
 213              		.comm	RGB_DataBuffer,3,4
 214              		.comm	IMU_log_queue,288,4
 215              		.comm	IMU_DataBuffer,192,4
 216              		.text
 217              	.Letext0:
 218              		.file 2 "c:\\program files (x86)\\cypress\\psoc creator\\4.3\\psoc creator\\import\\gnu\\arm\\5.4.
 219              		.file 3 "c:\\program files (x86)\\cypress\\psoc creator\\4.3\\psoc creator\\import\\gnu\\arm\\5.4.
 220              		.file 4 "InterruptRoutines.h"
 221              		.file 5 "Generated_Source\\PSoC5/core_cm3.h"
ARM GAS  C:\Users\Lory\AppData\Local\Temp\ccwbPfyy.s 			page 7


 222              		.file 6 "LIS3DH.h"
 223              		.file 7 "RGB_Driver.h"
 224              		.file 8 "25LC256.h"
 225              		.file 9 "Notifications.h"
 226              		.file 10 "Generated_Source\\PSoC5/ADC_DELSIG.h"
 227              		.section	.debug_info,"",%progbits
 228              	.Ldebug_info0:
 229 0000 0E030000 		.4byte	0x30e
 230 0004 0400     		.2byte	0x4
 231 0006 00000000 		.4byte	.Ldebug_abbrev0
 232 000a 04       		.byte	0x4
 233 000b 01       		.uleb128 0x1
 234 000c 7F000000 		.4byte	.LASF42
 235 0010 0C       		.byte	0xc
 236 0011 80030000 		.4byte	.LASF43
 237 0015 83020000 		.4byte	.LASF44
 238 0019 00000000 		.4byte	.Ldebug_ranges0+0
 239 001d 00000000 		.4byte	0
 240 0021 00000000 		.4byte	.Ldebug_line0
 241 0025 02       		.uleb128 0x2
 242 0026 01       		.byte	0x1
 243 0027 06       		.byte	0x6
 244 0028 5F030000 		.4byte	.LASF0
 245 002c 03       		.uleb128 0x3
 246 002d 2B000000 		.4byte	.LASF4
 247 0031 02       		.byte	0x2
 248 0032 1D       		.byte	0x1d
 249 0033 37000000 		.4byte	0x37
 250 0037 02       		.uleb128 0x2
 251 0038 01       		.byte	0x1
 252 0039 08       		.byte	0x8
 253 003a 71000000 		.4byte	.LASF1
 254 003e 02       		.uleb128 0x2
 255 003f 02       		.byte	0x2
 256 0040 05       		.byte	0x5
 257 0041 79020000 		.4byte	.LASF2
 258 0045 02       		.uleb128 0x2
 259 0046 02       		.byte	0x2
 260 0047 07       		.byte	0x7
 261 0048 1F010000 		.4byte	.LASF3
 262 004c 03       		.uleb128 0x3
 263 004d 44000000 		.4byte	.LASF5
 264 0051 02       		.byte	0x2
 265 0052 3F       		.byte	0x3f
 266 0053 57000000 		.4byte	0x57
 267 0057 02       		.uleb128 0x2
 268 0058 04       		.byte	0x4
 269 0059 05       		.byte	0x5
 270 005a 33030000 		.4byte	.LASF6
 271 005e 02       		.uleb128 0x2
 272 005f 04       		.byte	0x4
 273 0060 07       		.byte	0x7
 274 0061 0D010000 		.4byte	.LASF7
 275 0065 02       		.uleb128 0x2
 276 0066 08       		.byte	0x8
 277 0067 05       		.byte	0x5
 278 0068 46020000 		.4byte	.LASF8
ARM GAS  C:\Users\Lory\AppData\Local\Temp\ccwbPfyy.s 			page 8


 279 006c 02       		.uleb128 0x2
 280 006d 08       		.byte	0x8
 281 006e 07       		.byte	0x7
 282 006f D0010000 		.4byte	.LASF9
 283 0073 04       		.uleb128 0x4
 284 0074 04       		.byte	0x4
 285 0075 05       		.byte	0x5
 286 0076 696E7400 		.ascii	"int\000"
 287 007a 02       		.uleb128 0x2
 288 007b 04       		.byte	0x4
 289 007c 07       		.byte	0x7
 290 007d B9010000 		.4byte	.LASF10
 291 0081 03       		.uleb128 0x3
 292 0082 E7010000 		.4byte	.LASF11
 293 0086 03       		.byte	0x3
 294 0087 18       		.byte	0x18
 295 0088 2C000000 		.4byte	0x2c
 296 008c 03       		.uleb128 0x3
 297 008d 71020000 		.4byte	.LASF12
 298 0091 03       		.byte	0x3
 299 0092 2C       		.byte	0x2c
 300 0093 4C000000 		.4byte	0x4c
 301 0097 02       		.uleb128 0x2
 302 0098 04       		.byte	0x4
 303 0099 04       		.byte	0x4
 304 009a 6B000000 		.4byte	.LASF13
 305 009e 02       		.uleb128 0x2
 306 009f 08       		.byte	0x8
 307 00a0 04       		.byte	0x4
 308 00a1 6F010000 		.4byte	.LASF14
 309 00a5 02       		.uleb128 0x2
 310 00a6 01       		.byte	0x1
 311 00a7 08       		.byte	0x8
 312 00a8 5D020000 		.4byte	.LASF15
 313 00ac 02       		.uleb128 0x2
 314 00ad 08       		.byte	0x8
 315 00ae 04       		.byte	0x4
 316 00af 31020000 		.4byte	.LASF16
 317 00b3 02       		.uleb128 0x2
 318 00b4 04       		.byte	0x4
 319 00b5 07       		.byte	0x7
 320 00b6 3D020000 		.4byte	.LASF17
 321 00ba 05       		.uleb128 0x5
 322 00bb 81000000 		.4byte	0x81
 323 00bf 06       		.uleb128 0x6
 324 00c0 01       		.byte	0x1
 325 00c1 37000000 		.4byte	0x37
 326 00c5 04       		.byte	0x4
 327 00c6 17       		.byte	0x17
 328 00c7 DE000000 		.4byte	0xde
 329 00cb 07       		.uleb128 0x7
 330 00cc 0F020000 		.4byte	.LASF18
 331 00d0 00       		.byte	0
 332 00d1 07       		.uleb128 0x7
 333 00d2 32010000 		.4byte	.LASF19
 334 00d6 01       		.byte	0x1
 335 00d7 07       		.uleb128 0x7
ARM GAS  C:\Users\Lory\AppData\Local\Temp\ccwbPfyy.s 			page 9


 336 00d8 6B030000 		.4byte	.LASF20
 337 00dc 02       		.byte	0x2
 338 00dd 00       		.byte	0
 339 00de 03       		.uleb128 0x3
 340 00df 77030000 		.4byte	.LASF21
 341 00e3 04       		.byte	0x4
 342 00e4 1B       		.byte	0x1b
 343 00e5 BF000000 		.4byte	0xbf
 344 00e9 08       		.uleb128 0x8
 345 00ea EF010000 		.4byte	.LASF22
 346 00ee 01       		.byte	0x1
 347 00ef 1D       		.byte	0x1d
 348 00f0 00000000 		.4byte	.LFB64
 349 00f4 58000000 		.4byte	.LFE64-.LFB64
 350 00f8 01       		.uleb128 0x1
 351 00f9 9C       		.byte	0x9c
 352 00fa 5B010000 		.4byte	0x15b
 353 00fe 09       		.uleb128 0x9
 354 00ff 18000000 		.4byte	.LVL0
 355 0103 A2020000 		.4byte	0x2a2
 356 0107 11010000 		.4byte	0x111
 357 010b 0A       		.uleb128 0xa
 358 010c 01       		.uleb128 0x1
 359 010d 50       		.byte	0x50
 360 010e 01       		.uleb128 0x1
 361 010f 31       		.byte	0x31
 362 0110 00       		.byte	0
 363 0111 0B       		.uleb128 0xb
 364 0112 1C000000 		.4byte	.LVL1
 365 0116 AD020000 		.4byte	0x2ad
 366 011a 0B       		.uleb128 0xb
 367 011b 20000000 		.4byte	.LVL2
 368 011f B8020000 		.4byte	0x2b8
 369 0123 0B       		.uleb128 0xb
 370 0124 26000000 		.4byte	.LVL3
 371 0128 C3020000 		.4byte	0x2c3
 372 012c 09       		.uleb128 0x9
 373 012d 30000000 		.4byte	.LVL4
 374 0131 A2020000 		.4byte	0x2a2
 375 0135 3F010000 		.4byte	0x13f
 376 0139 0A       		.uleb128 0xa
 377 013a 01       		.uleb128 0x1
 378 013b 50       		.byte	0x50
 379 013c 01       		.uleb128 0x1
 380 013d 30       		.byte	0x30
 381 013e 00       		.byte	0
 382 013f 0B       		.uleb128 0xb
 383 0140 3C000000 		.4byte	.LVL5
 384 0144 CE020000 		.4byte	0x2ce
 385 0148 0B       		.uleb128 0xb
 386 0149 4C000000 		.4byte	.LVL6
 387 014d D9020000 		.4byte	0x2d9
 388 0151 0B       		.uleb128 0xb
 389 0152 50000000 		.4byte	.LVL7
 390 0156 B8020000 		.4byte	0x2b8
 391 015a 00       		.byte	0
 392 015b 08       		.uleb128 0x8
ARM GAS  C:\Users\Lory\AppData\Local\Temp\ccwbPfyy.s 			page 10


 393 015c 00000000 		.4byte	.LASF23
 394 0160 01       		.byte	0x1
 395 0161 4A       		.byte	0x4a
 396 0162 00000000 		.4byte	.LFB65
 397 0166 48000000 		.4byte	.LFE65-.LFB65
 398 016a 01       		.uleb128 0x1
 399 016b 9C       		.byte	0x9c
 400 016c BB010000 		.4byte	0x1bb
 401 0170 09       		.uleb128 0x9
 402 0171 12000000 		.4byte	.LVL8
 403 0175 E4020000 		.4byte	0x2e4
 404 0179 83010000 		.4byte	0x183
 405 017d 0A       		.uleb128 0xa
 406 017e 01       		.uleb128 0x1
 407 017f 50       		.byte	0x50
 408 0180 01       		.uleb128 0x1
 409 0181 30       		.byte	0x30
 410 0182 00       		.byte	0
 411 0183 0B       		.uleb128 0xb
 412 0184 16000000 		.4byte	.LVL9
 413 0188 EF020000 		.4byte	0x2ef
 414 018c 0B       		.uleb128 0xb
 415 018d 1A000000 		.4byte	.LVL10
 416 0191 CE020000 		.4byte	0x2ce
 417 0195 09       		.uleb128 0x9
 418 0196 32000000 		.4byte	.LVL11
 419 019a E4020000 		.4byte	0x2e4
 420 019e A8010000 		.4byte	0x1a8
 421 01a2 0A       		.uleb128 0xa
 422 01a3 01       		.uleb128 0x1
 423 01a4 50       		.byte	0x50
 424 01a5 01       		.uleb128 0x1
 425 01a6 31       		.byte	0x31
 426 01a7 00       		.byte	0
 427 01a8 0B       		.uleb128 0xb
 428 01a9 36000000 		.4byte	.LVL12
 429 01ad FA020000 		.4byte	0x2fa
 430 01b1 0B       		.uleb128 0xb
 431 01b2 3A000000 		.4byte	.LVL13
 432 01b6 D9020000 		.4byte	0x2d9
 433 01ba 00       		.byte	0
 434 01bb 08       		.uleb128 0x8
 435 01bc 62020000 		.4byte	.LASF24
 436 01c0 01       		.byte	0x1
 437 01c1 6E       		.byte	0x6e
 438 01c2 00000000 		.4byte	.LFB66
 439 01c6 30000000 		.4byte	.LFE66-.LFB66
 440 01ca 01       		.uleb128 0x1
 441 01cb 9C       		.byte	0x9c
 442 01cc F5010000 		.4byte	0x1f5
 443 01d0 09       		.uleb128 0x9
 444 01d1 08000000 		.4byte	.LVL14
 445 01d5 05030000 		.4byte	0x305
 446 01d9 E4010000 		.4byte	0x1e4
 447 01dd 0A       		.uleb128 0xa
 448 01de 01       		.uleb128 0x1
 449 01df 50       		.byte	0x50
ARM GAS  C:\Users\Lory\AppData\Local\Temp\ccwbPfyy.s 			page 11


 450 01e0 02       		.uleb128 0x2
 451 01e1 08       		.byte	0x8
 452 01e2 2F       		.byte	0x2f
 453 01e3 00       		.byte	0
 454 01e4 0C       		.uleb128 0xc
 455 01e5 1A000000 		.4byte	.LVL15
 456 01e9 05030000 		.4byte	0x305
 457 01ed 0A       		.uleb128 0xa
 458 01ee 01       		.uleb128 0x1
 459 01ef 50       		.byte	0x50
 460 01f0 02       		.uleb128 0x2
 461 01f1 08       		.byte	0x8
 462 01f2 31       		.byte	0x31
 463 01f3 00       		.byte	0
 464 01f4 00       		.byte	0
 465 01f5 0D       		.uleb128 0xd
 466 01f6 53010000 		.4byte	.LASF25
 467 01fa 05       		.byte	0x5
 468 01fb 1207     		.2byte	0x712
 469 01fd 01020000 		.4byte	0x201
 470 0201 05       		.uleb128 0x5
 471 0202 8C000000 		.4byte	0x8c
 472 0206 0E       		.uleb128 0xe
 473 0207 81000000 		.4byte	0x81
 474 020b 16020000 		.4byte	0x216
 475 020f 0F       		.uleb128 0xf
 476 0210 B3000000 		.4byte	0xb3
 477 0214 BF       		.byte	0xbf
 478 0215 00       		.byte	0
 479 0216 10       		.uleb128 0x10
 480 0217 35000000 		.4byte	.LASF26
 481 021b 06       		.byte	0x6
 482 021c 1A       		.byte	0x1a
 483 021d 06020000 		.4byte	0x206
 484 0221 05       		.uleb128 0x5
 485 0222 03       		.byte	0x3
 486 0223 00000000 		.4byte	IMU_DataBuffer
 487 0227 0E       		.uleb128 0xe
 488 0228 81000000 		.4byte	0x81
 489 022c 38020000 		.4byte	0x238
 490 0230 11       		.uleb128 0x11
 491 0231 B3000000 		.4byte	0xb3
 492 0235 1F01     		.2byte	0x11f
 493 0237 00       		.byte	0
 494 0238 10       		.uleb128 0x10
 495 0239 01020000 		.4byte	.LASF27
 496 023d 06       		.byte	0x6
 497 023e 1C       		.byte	0x1c
 498 023f 27020000 		.4byte	0x227
 499 0243 05       		.uleb128 0x5
 500 0244 03       		.byte	0x3
 501 0245 00000000 		.4byte	IMU_log_queue
 502 0249 0E       		.uleb128 0xe
 503 024a 81000000 		.4byte	0x81
 504 024e 59020000 		.4byte	0x259
 505 0252 0F       		.uleb128 0xf
 506 0253 B3000000 		.4byte	0xb3
ARM GAS  C:\Users\Lory\AppData\Local\Temp\ccwbPfyy.s 			page 12


 507 0257 02       		.byte	0x2
 508 0258 00       		.byte	0
 509 0259 10       		.uleb128 0x10
 510 025a 60010000 		.4byte	.LASF28
 511 025e 07       		.byte	0x7
 512 025f 21       		.byte	0x21
 513 0260 49020000 		.4byte	0x249
 514 0264 05       		.uleb128 0x5
 515 0265 03       		.byte	0x3
 516 0266 00000000 		.4byte	RGB_DataBuffer
 517 026a 10       		.uleb128 0x10
 518 026b 1F030000 		.4byte	.LASF29
 519 026f 04       		.byte	0x4
 520 0270 23       		.byte	0x23
 521 0271 BA000000 		.4byte	0xba
 522 0275 05       		.uleb128 0x5
 523 0276 03       		.byte	0x3
 524 0277 00000000 		.4byte	IMU_data_ready_flag
 525 027b 10       		.uleb128 0x10
 526 027c A1010000 		.4byte	.LASF30
 527 0280 04       		.byte	0x4
 528 0281 24       		.byte	0x24
 529 0282 BA000000 		.4byte	0xba
 530 0286 05       		.uleb128 0x5
 531 0287 03       		.byte	0x3
 532 0288 00000000 		.4byte	IMU_over_threshold_flag
 533 028c 10       		.uleb128 0x10
 534 028d 76010000 		.4byte	.LASF31
 535 0291 04       		.byte	0x4
 536 0292 27       		.byte	0x27
 537 0293 9D020000 		.4byte	0x29d
 538 0297 05       		.uleb128 0x5
 539 0298 03       		.byte	0x3
 540 0299 00000000 		.4byte	button_state
 541 029d 05       		.uleb128 0x5
 542 029e DE000000 		.4byte	0xde
 543 02a2 12       		.uleb128 0x12
 544 02a3 3D010000 		.4byte	.LASF32
 545 02a7 3D010000 		.4byte	.LASF32
 546 02ab 08       		.byte	0x8
 547 02ac 8F       		.byte	0x8f
 548 02ad 12       		.uleb128 0x12
 549 02ae 4D030000 		.4byte	.LASF33
 550 02b2 4D030000 		.4byte	.LASF33
 551 02b6 09       		.byte	0x9
 552 02b7 19       		.byte	0x19
 553 02b8 12       		.uleb128 0x12
 554 02b9 19020000 		.4byte	.LASF34
 555 02bd 19020000 		.4byte	.LASF34
 556 02c1 0A       		.byte	0xa
 557 02c2 3D       		.byte	0x3d
 558 02c3 12       		.uleb128 0x12
 559 02c4 83010000 		.4byte	.LASF35
 560 02c8 83010000 		.4byte	.LASF35
 561 02cc 08       		.byte	0x8
 562 02cd 8A       		.byte	0x8a
 563 02ce 12       		.uleb128 0x12
ARM GAS  C:\Users\Lory\AppData\Local\Temp\ccwbPfyy.s 			page 13


 564 02cf 4E000000 		.4byte	.LASF36
 565 02d3 4E000000 		.4byte	.LASF36
 566 02d7 09       		.byte	0x9
 567 02d8 17       		.byte	0x17
 568 02d9 12       		.uleb128 0x12
 569 02da 3C030000 		.4byte	.LASF37
 570 02de 3C030000 		.4byte	.LASF37
 571 02e2 09       		.byte	0x9
 572 02e3 18       		.byte	0x18
 573 02e4 12       		.uleb128 0x12
 574 02e5 11000000 		.4byte	.LASF38
 575 02e9 11000000 		.4byte	.LASF38
 576 02ed 08       		.byte	0x8
 577 02ee 85       		.byte	0x85
 578 02ef 12       		.uleb128 0x12
 579 02f0 54020000 		.4byte	.LASF39
 580 02f4 54020000 		.4byte	.LASF39
 581 02f8 07       		.byte	0x7
 582 02f9 17       		.byte	0x17
 583 02fa 12       		.uleb128 0x12
 584 02fb C6010000 		.4byte	.LASF40
 585 02ff C6010000 		.4byte	.LASF40
 586 0303 07       		.byte	0x7
 587 0304 18       		.byte	0x18
 588 0305 13       		.uleb128 0x13
 589 0306 5E000000 		.4byte	.LASF41
 590 030a 5E000000 		.4byte	.LASF41
 591 030e 06       		.byte	0x6
 592 030f 0701     		.2byte	0x107
 593 0311 00       		.byte	0
 594              		.section	.debug_abbrev,"",%progbits
 595              	.Ldebug_abbrev0:
 596 0000 01       		.uleb128 0x1
 597 0001 11       		.uleb128 0x11
 598 0002 01       		.byte	0x1
 599 0003 25       		.uleb128 0x25
 600 0004 0E       		.uleb128 0xe
 601 0005 13       		.uleb128 0x13
 602 0006 0B       		.uleb128 0xb
 603 0007 03       		.uleb128 0x3
 604 0008 0E       		.uleb128 0xe
 605 0009 1B       		.uleb128 0x1b
 606 000a 0E       		.uleb128 0xe
 607 000b 55       		.uleb128 0x55
 608 000c 17       		.uleb128 0x17
 609 000d 11       		.uleb128 0x11
 610 000e 01       		.uleb128 0x1
 611 000f 10       		.uleb128 0x10
 612 0010 17       		.uleb128 0x17
 613 0011 00       		.byte	0
 614 0012 00       		.byte	0
 615 0013 02       		.uleb128 0x2
 616 0014 24       		.uleb128 0x24
 617 0015 00       		.byte	0
 618 0016 0B       		.uleb128 0xb
 619 0017 0B       		.uleb128 0xb
 620 0018 3E       		.uleb128 0x3e
ARM GAS  C:\Users\Lory\AppData\Local\Temp\ccwbPfyy.s 			page 14


 621 0019 0B       		.uleb128 0xb
 622 001a 03       		.uleb128 0x3
 623 001b 0E       		.uleb128 0xe
 624 001c 00       		.byte	0
 625 001d 00       		.byte	0
 626 001e 03       		.uleb128 0x3
 627 001f 16       		.uleb128 0x16
 628 0020 00       		.byte	0
 629 0021 03       		.uleb128 0x3
 630 0022 0E       		.uleb128 0xe
 631 0023 3A       		.uleb128 0x3a
 632 0024 0B       		.uleb128 0xb
 633 0025 3B       		.uleb128 0x3b
 634 0026 0B       		.uleb128 0xb
 635 0027 49       		.uleb128 0x49
 636 0028 13       		.uleb128 0x13
 637 0029 00       		.byte	0
 638 002a 00       		.byte	0
 639 002b 04       		.uleb128 0x4
 640 002c 24       		.uleb128 0x24
 641 002d 00       		.byte	0
 642 002e 0B       		.uleb128 0xb
 643 002f 0B       		.uleb128 0xb
 644 0030 3E       		.uleb128 0x3e
 645 0031 0B       		.uleb128 0xb
 646 0032 03       		.uleb128 0x3
 647 0033 08       		.uleb128 0x8
 648 0034 00       		.byte	0
 649 0035 00       		.byte	0
 650 0036 05       		.uleb128 0x5
 651 0037 35       		.uleb128 0x35
 652 0038 00       		.byte	0
 653 0039 49       		.uleb128 0x49
 654 003a 13       		.uleb128 0x13
 655 003b 00       		.byte	0
 656 003c 00       		.byte	0
 657 003d 06       		.uleb128 0x6
 658 003e 04       		.uleb128 0x4
 659 003f 01       		.byte	0x1
 660 0040 0B       		.uleb128 0xb
 661 0041 0B       		.uleb128 0xb
 662 0042 49       		.uleb128 0x49
 663 0043 13       		.uleb128 0x13
 664 0044 3A       		.uleb128 0x3a
 665 0045 0B       		.uleb128 0xb
 666 0046 3B       		.uleb128 0x3b
 667 0047 0B       		.uleb128 0xb
 668 0048 01       		.uleb128 0x1
 669 0049 13       		.uleb128 0x13
 670 004a 00       		.byte	0
 671 004b 00       		.byte	0
 672 004c 07       		.uleb128 0x7
 673 004d 28       		.uleb128 0x28
 674 004e 00       		.byte	0
 675 004f 03       		.uleb128 0x3
 676 0050 0E       		.uleb128 0xe
 677 0051 1C       		.uleb128 0x1c
ARM GAS  C:\Users\Lory\AppData\Local\Temp\ccwbPfyy.s 			page 15


 678 0052 0B       		.uleb128 0xb
 679 0053 00       		.byte	0
 680 0054 00       		.byte	0
 681 0055 08       		.uleb128 0x8
 682 0056 2E       		.uleb128 0x2e
 683 0057 01       		.byte	0x1
 684 0058 3F       		.uleb128 0x3f
 685 0059 19       		.uleb128 0x19
 686 005a 03       		.uleb128 0x3
 687 005b 0E       		.uleb128 0xe
 688 005c 3A       		.uleb128 0x3a
 689 005d 0B       		.uleb128 0xb
 690 005e 3B       		.uleb128 0x3b
 691 005f 0B       		.uleb128 0xb
 692 0060 27       		.uleb128 0x27
 693 0061 19       		.uleb128 0x19
 694 0062 11       		.uleb128 0x11
 695 0063 01       		.uleb128 0x1
 696 0064 12       		.uleb128 0x12
 697 0065 06       		.uleb128 0x6
 698 0066 40       		.uleb128 0x40
 699 0067 18       		.uleb128 0x18
 700 0068 9742     		.uleb128 0x2117
 701 006a 19       		.uleb128 0x19
 702 006b 01       		.uleb128 0x1
 703 006c 13       		.uleb128 0x13
 704 006d 00       		.byte	0
 705 006e 00       		.byte	0
 706 006f 09       		.uleb128 0x9
 707 0070 898201   		.uleb128 0x4109
 708 0073 01       		.byte	0x1
 709 0074 11       		.uleb128 0x11
 710 0075 01       		.uleb128 0x1
 711 0076 31       		.uleb128 0x31
 712 0077 13       		.uleb128 0x13
 713 0078 01       		.uleb128 0x1
 714 0079 13       		.uleb128 0x13
 715 007a 00       		.byte	0
 716 007b 00       		.byte	0
 717 007c 0A       		.uleb128 0xa
 718 007d 8A8201   		.uleb128 0x410a
 719 0080 00       		.byte	0
 720 0081 02       		.uleb128 0x2
 721 0082 18       		.uleb128 0x18
 722 0083 9142     		.uleb128 0x2111
 723 0085 18       		.uleb128 0x18
 724 0086 00       		.byte	0
 725 0087 00       		.byte	0
 726 0088 0B       		.uleb128 0xb
 727 0089 898201   		.uleb128 0x4109
 728 008c 00       		.byte	0
 729 008d 11       		.uleb128 0x11
 730 008e 01       		.uleb128 0x1
 731 008f 31       		.uleb128 0x31
 732 0090 13       		.uleb128 0x13
 733 0091 00       		.byte	0
 734 0092 00       		.byte	0
ARM GAS  C:\Users\Lory\AppData\Local\Temp\ccwbPfyy.s 			page 16


 735 0093 0C       		.uleb128 0xc
 736 0094 898201   		.uleb128 0x4109
 737 0097 01       		.byte	0x1
 738 0098 11       		.uleb128 0x11
 739 0099 01       		.uleb128 0x1
 740 009a 31       		.uleb128 0x31
 741 009b 13       		.uleb128 0x13
 742 009c 00       		.byte	0
 743 009d 00       		.byte	0
 744 009e 0D       		.uleb128 0xd
 745 009f 34       		.uleb128 0x34
 746 00a0 00       		.byte	0
 747 00a1 03       		.uleb128 0x3
 748 00a2 0E       		.uleb128 0xe
 749 00a3 3A       		.uleb128 0x3a
 750 00a4 0B       		.uleb128 0xb
 751 00a5 3B       		.uleb128 0x3b
 752 00a6 05       		.uleb128 0x5
 753 00a7 49       		.uleb128 0x49
 754 00a8 13       		.uleb128 0x13
 755 00a9 3F       		.uleb128 0x3f
 756 00aa 19       		.uleb128 0x19
 757 00ab 3C       		.uleb128 0x3c
 758 00ac 19       		.uleb128 0x19
 759 00ad 00       		.byte	0
 760 00ae 00       		.byte	0
 761 00af 0E       		.uleb128 0xe
 762 00b0 01       		.uleb128 0x1
 763 00b1 01       		.byte	0x1
 764 00b2 49       		.uleb128 0x49
 765 00b3 13       		.uleb128 0x13
 766 00b4 01       		.uleb128 0x1
 767 00b5 13       		.uleb128 0x13
 768 00b6 00       		.byte	0
 769 00b7 00       		.byte	0
 770 00b8 0F       		.uleb128 0xf
 771 00b9 21       		.uleb128 0x21
 772 00ba 00       		.byte	0
 773 00bb 49       		.uleb128 0x49
 774 00bc 13       		.uleb128 0x13
 775 00bd 2F       		.uleb128 0x2f
 776 00be 0B       		.uleb128 0xb
 777 00bf 00       		.byte	0
 778 00c0 00       		.byte	0
 779 00c1 10       		.uleb128 0x10
 780 00c2 34       		.uleb128 0x34
 781 00c3 00       		.byte	0
 782 00c4 03       		.uleb128 0x3
 783 00c5 0E       		.uleb128 0xe
 784 00c6 3A       		.uleb128 0x3a
 785 00c7 0B       		.uleb128 0xb
 786 00c8 3B       		.uleb128 0x3b
 787 00c9 0B       		.uleb128 0xb
 788 00ca 49       		.uleb128 0x49
 789 00cb 13       		.uleb128 0x13
 790 00cc 3F       		.uleb128 0x3f
 791 00cd 19       		.uleb128 0x19
ARM GAS  C:\Users\Lory\AppData\Local\Temp\ccwbPfyy.s 			page 17


 792 00ce 02       		.uleb128 0x2
 793 00cf 18       		.uleb128 0x18
 794 00d0 00       		.byte	0
 795 00d1 00       		.byte	0
 796 00d2 11       		.uleb128 0x11
 797 00d3 21       		.uleb128 0x21
 798 00d4 00       		.byte	0
 799 00d5 49       		.uleb128 0x49
 800 00d6 13       		.uleb128 0x13
 801 00d7 2F       		.uleb128 0x2f
 802 00d8 05       		.uleb128 0x5
 803 00d9 00       		.byte	0
 804 00da 00       		.byte	0
 805 00db 12       		.uleb128 0x12
 806 00dc 2E       		.uleb128 0x2e
 807 00dd 00       		.byte	0
 808 00de 3F       		.uleb128 0x3f
 809 00df 19       		.uleb128 0x19
 810 00e0 3C       		.uleb128 0x3c
 811 00e1 19       		.uleb128 0x19
 812 00e2 6E       		.uleb128 0x6e
 813 00e3 0E       		.uleb128 0xe
 814 00e4 03       		.uleb128 0x3
 815 00e5 0E       		.uleb128 0xe
 816 00e6 3A       		.uleb128 0x3a
 817 00e7 0B       		.uleb128 0xb
 818 00e8 3B       		.uleb128 0x3b
 819 00e9 0B       		.uleb128 0xb
 820 00ea 00       		.byte	0
 821 00eb 00       		.byte	0
 822 00ec 13       		.uleb128 0x13
 823 00ed 2E       		.uleb128 0x2e
 824 00ee 00       		.byte	0
 825 00ef 3F       		.uleb128 0x3f
 826 00f0 19       		.uleb128 0x19
 827 00f1 3C       		.uleb128 0x3c
 828 00f2 19       		.uleb128 0x19
 829 00f3 6E       		.uleb128 0x6e
 830 00f4 0E       		.uleb128 0xe
 831 00f5 03       		.uleb128 0x3
 832 00f6 0E       		.uleb128 0xe
 833 00f7 3A       		.uleb128 0x3a
 834 00f8 0B       		.uleb128 0xb
 835 00f9 3B       		.uleb128 0x3b
 836 00fa 05       		.uleb128 0x5
 837 00fb 00       		.byte	0
 838 00fc 00       		.byte	0
 839 00fd 00       		.byte	0
 840              		.section	.debug_aranges,"",%progbits
 841 0000 2C000000 		.4byte	0x2c
 842 0004 0200     		.2byte	0x2
 843 0006 00000000 		.4byte	.Ldebug_info0
 844 000a 04       		.byte	0x4
 845 000b 00       		.byte	0
 846 000c 0000     		.2byte	0
 847 000e 0000     		.2byte	0
 848 0010 00000000 		.4byte	.LFB64
ARM GAS  C:\Users\Lory\AppData\Local\Temp\ccwbPfyy.s 			page 18


 849 0014 58000000 		.4byte	.LFE64-.LFB64
 850 0018 00000000 		.4byte	.LFB65
 851 001c 48000000 		.4byte	.LFE65-.LFB65
 852 0020 00000000 		.4byte	.LFB66
 853 0024 30000000 		.4byte	.LFE66-.LFB66
 854 0028 00000000 		.4byte	0
 855 002c 00000000 		.4byte	0
 856              		.section	.debug_ranges,"",%progbits
 857              	.Ldebug_ranges0:
 858 0000 00000000 		.4byte	.LFB64
 859 0004 58000000 		.4byte	.LFE64
 860 0008 00000000 		.4byte	.LFB65
 861 000c 48000000 		.4byte	.LFE65
 862 0010 00000000 		.4byte	.LFB66
 863 0014 30000000 		.4byte	.LFE66
 864 0018 00000000 		.4byte	0
 865 001c 00000000 		.4byte	0
 866              		.section	.debug_line,"",%progbits
 867              	.Ldebug_line0:
 868 0000 FE010000 		.section	.debug_str,"MS",%progbits,1
 868      0200AF01 
 868      00000201 
 868      FB0E0D00 
 868      01010101 
 869              	.LASF23:
 870 0000 43555354 		.ascii	"CUSTOM_ISR_START\000"
 870      4F4D5F49 
 870      53525F53 
 870      54415254 
 870      00
 871              	.LASF38:
 872 0011 45455052 		.ascii	"EEPROM_saveStartStopState\000"
 872      4F4D5F73 
 872      61766553 
 872      74617274 
 872      53746F70 
 873              	.LASF4:
 874 002b 5F5F7569 		.ascii	"__uint8_t\000"
 874      6E74385F 
 874      7400
 875              	.LASF26:
 876 0035 494D555F 		.ascii	"IMU_DataBuffer\000"
 876      44617461 
 876      42756666 
 876      657200
 877              	.LASF5:
 878 0044 5F5F696E 		.ascii	"__int32_t\000"
 878      7433325F 
 878      7400
 879              	.LASF36:
 880 004e 4C45445F 		.ascii	"LED_Notify_Stop\000"
 880      4E6F7469 
 880      66795F53 
 880      746F7000 
 881              	.LASF41:
 882 005e 494D555F 		.ascii	"IMU_ReadByte\000"
 882      52656164 
ARM GAS  C:\Users\Lory\AppData\Local\Temp\ccwbPfyy.s 			page 19


 882      42797465 
 882      00
 883              	.LASF13:
 884 006b 666C6F61 		.ascii	"float\000"
 884      7400
 885              	.LASF1:
 886 0071 756E7369 		.ascii	"unsigned char\000"
 886      676E6564 
 886      20636861 
 886      7200
 887              	.LASF42:
 888 007f 474E5520 		.ascii	"GNU C11 5.4.1 20160609 (release) [ARM/embedded-5-br"
 888      43313120 
 888      352E342E 
 888      31203230 
 888      31363036 
 889 00b2 616E6368 		.ascii	"anch revision 237715] -mcpu=cortex-m3 -mthumb -g -O"
 889      20726576 
 889      6973696F 
 889      6E203233 
 889      37373135 
 890 00e5 67202D66 		.ascii	"g -ffunction-sections -ffat-lto-objects\000"
 890      66756E63 
 890      74696F6E 
 890      2D736563 
 890      74696F6E 
 891              	.LASF7:
 892 010d 6C6F6E67 		.ascii	"long unsigned int\000"
 892      20756E73 
 892      69676E65 
 892      6420696E 
 892      7400
 893              	.LASF3:
 894 011f 73686F72 		.ascii	"short unsigned int\000"
 894      7420756E 
 894      7369676E 
 894      65642069 
 894      6E7400
 895              	.LASF19:
 896 0132 53544152 		.ascii	"START_MODE\000"
 896      545F4D4F 
 896      444500
 897              	.LASF32:
 898 013d 45455052 		.ascii	"EEPROM_saveConfigFlag\000"
 898      4F4D5F73 
 898      61766543 
 898      6F6E6669 
 898      67466C61 
 899              	.LASF25:
 900 0153 49544D5F 		.ascii	"ITM_RxBuffer\000"
 900      52784275 
 900      66666572 
 900      00
 901              	.LASF28:
 902 0160 5247425F 		.ascii	"RGB_DataBuffer\000"
 902      44617461 
 902      42756666 
ARM GAS  C:\Users\Lory\AppData\Local\Temp\ccwbPfyy.s 			page 20


 902      657200
 903              	.LASF14:
 904 016f 646F7562 		.ascii	"double\000"
 904      6C6500
 905              	.LASF31:
 906 0176 62757474 		.ascii	"button_state\000"
 906      6F6E5F73 
 906      74617465 
 906      00
 907              	.LASF35:
 908 0183 45455052 		.ascii	"EEPROM_retrieveStartStopState\000"
 908      4F4D5F72 
 908      65747269 
 908      65766553 
 908      74617274 
 909              	.LASF30:
 910 01a1 494D555F 		.ascii	"IMU_over_threshold_flag\000"
 910      6F766572 
 910      5F746872 
 910      6573686F 
 910      6C645F66 
 911              	.LASF10:
 912 01b9 756E7369 		.ascii	"unsigned int\000"
 912      676E6564 
 912      20696E74 
 912      00
 913              	.LASF40:
 914 01c6 5247425F 		.ascii	"RGB_Start\000"
 914      53746172 
 914      7400
 915              	.LASF9:
 916 01d0 6C6F6E67 		.ascii	"long long unsigned int\000"
 916      206C6F6E 
 916      6720756E 
 916      7369676E 
 916      65642069 
 917              	.LASF11:
 918 01e7 75696E74 		.ascii	"uint8_t\000"
 918      385F7400 
 919              	.LASF22:
 920 01ef 43555354 		.ascii	"CUSTOM_ISR_CONFIG\000"
 920      4F4D5F49 
 920      53525F43 
 920      4F4E4649 
 920      4700
 921              	.LASF27:
 922 0201 494D555F 		.ascii	"IMU_log_queue\000"
 922      6C6F675F 
 922      71756575 
 922      6500
 923              	.LASF18:
 924 020f 53544F50 		.ascii	"STOP_MODE\000"
 924      5F4D4F44 
 924      4500
 925              	.LASF34:
 926 0219 4144435F 		.ascii	"ADC_DELSIG_StartConvert\000"
 926      44454C53 
ARM GAS  C:\Users\Lory\AppData\Local\Temp\ccwbPfyy.s 			page 21


 926      49475F53 
 926      74617274 
 926      436F6E76 
 927              	.LASF16:
 928 0231 6C6F6E67 		.ascii	"long double\000"
 928      20646F75 
 928      626C6500 
 929              	.LASF17:
 930 023d 73697A65 		.ascii	"sizetype\000"
 930      74797065 
 930      00
 931              	.LASF8:
 932 0246 6C6F6E67 		.ascii	"long long int\000"
 932      206C6F6E 
 932      6720696E 
 932      7400
 933              	.LASF39:
 934 0254 5247425F 		.ascii	"RGB_Stop\000"
 934      53746F70 
 934      00
 935              	.LASF15:
 936 025d 63686172 		.ascii	"char\000"
 936      00
 937              	.LASF24:
 938 0262 43555354 		.ascii	"CUSTOM_ISR_IMU\000"
 938      4F4D5F49 
 938      53525F49 
 938      4D5500
 939              	.LASF12:
 940 0271 696E7433 		.ascii	"int32_t\000"
 940      325F7400 
 941              	.LASF2:
 942 0279 73686F72 		.ascii	"short int\000"
 942      7420696E 
 942      7400
 943              	.LASF44:
 944 0283 433A5C55 		.ascii	"C:\\Users\\Lory\\Desktop\\info_projects\\git_reposi"
 944      73657273 
 944      5C4C6F72 
 944      795C4465 
 944      736B746F 
 945 02b1 746F7269 		.ascii	"tories\\PSoC-Final-Project\\AY1920_II_HW_FINAL_CARZ"
 945      65735C50 
 945      536F432D 
 945      46696E61 
 945      6C2D5072 
 946 02e2 414E4947 		.ascii	"ANIGA_GUALNIERA\\AY1920_II_HW_FINAL_CARZANIGA_GUALN"
 946      415F4755 
 946      414C4E49 
 946      4552415C 
 946      41593139 
 947 0314 49455241 		.ascii	"IERA.cydsn\000"
 947      2E637964 
 947      736E00
 948              	.LASF29:
 949 031f 494D555F 		.ascii	"IMU_data_ready_flag\000"
 949      64617461 
ARM GAS  C:\Users\Lory\AppData\Local\Temp\ccwbPfyy.s 			page 22


 949      5F726561 
 949      64795F66 
 949      6C616700 
 950              	.LASF6:
 951 0333 6C6F6E67 		.ascii	"long int\000"
 951      20696E74 
 951      00
 952              	.LASF37:
 953 033c 4C45445F 		.ascii	"LED_Notify_Start\000"
 953      4E6F7469 
 953      66795F53 
 953      74617274 
 953      00
 954              	.LASF33:
 955 034d 4C45445F 		.ascii	"LED_Notify_Config\000"
 955      4E6F7469 
 955      66795F43 
 955      6F6E6669 
 955      6700
 956              	.LASF0:
 957 035f 7369676E 		.ascii	"signed char\000"
 957      65642063 
 957      68617200 
 958              	.LASF20:
 959 036b 434F4E46 		.ascii	"CONFIG_MODE\000"
 959      49475F4D 
 959      4F444500 
 960              	.LASF21:
 961 0377 62757474 		.ascii	"button_t\000"
 961      6F6E5F74 
 961      00
 962              	.LASF43:
 963 0380 496E7465 		.ascii	"InterruptRoutines.c\000"
 963      72727570 
 963      74526F75 
 963      74696E65 
 963      732E6300 
 964              		.ident	"GCC: (GNU Tools for ARM Embedded Processors) 5.4.1 20160609 (release) [ARM/embedded-5-bran
