ARM GAS  C:\Users\Manu\AppData\Local\Temp\ccOoYSOa.s 			page 1


   1              		.syntax unified
   2              		.cpu cortex-m3
   3              		.fpu softvfp
   4              		.eabi_attribute 20, 1
   5              		.eabi_attribute 21, 1
   6              		.eabi_attribute 23, 3
   7              		.eabi_attribute 24, 1
   8              		.eabi_attribute 25, 1
   9              		.eabi_attribute 26, 1
  10              		.eabi_attribute 30, 1
  11              		.eabi_attribute 34, 1
  12              		.eabi_attribute 18, 4
  13              		.thumb
  14              		.syntax unified
  15              		.file	"LED_Driver.c"
  16              		.text
  17              	.Ltext0:
  18              		.cfi_sections	.debug_frame
  19              		.section	.text.RGB_Init,"ax",%progbits
  20              		.align	2
  21              		.global	RGB_Init
  22              		.thumb
  23              		.thumb_func
  24              		.type	RGB_Init, %function
  25              	RGB_Init:
  26              	.LFB64:
  27              		.file 1 "LED_Driver.c"
   1:LED_Driver.c  **** /* ========================================
   2:LED_Driver.c  ****  *
   3:LED_Driver.c  ****  * This file contains utility functions used
   4:LED_Driver.c  ****  * to drive the RGB LED based on IMU data.
   5:LED_Driver.c  ****  *
   6:LED_Driver.c  ****  * RGB_Driver: high level function that enable
   7:LED_Driver.c  ****  * LED driving based on IMU data coming from LIS3DH.
   8:LED_Driver.c  ****  *
   9:LED_Driver.c  ****  * PWM_Driver: set the PWM compare values 
  10:LED_Driver.c  ****  * to change the duty cycles of all LED channels.
  11:LED_Driver.c  ****  *
  12:LED_Driver.c  ****  * IMU_Data_Process: map raw IMU data to cover
  13:LED_Driver.c  ****  * the full range of the LED by taking the
  14:LED_Driver.c  ****  * absolute value of each axis, doubling it
  15:LED_Driver.c  ****  * and negate the RGB value to drive common
  16:LED_Driver.c  ****  * anode LED.
  17:LED_Driver.c  ****  *
  18:LED_Driver.c  ****  * Absolute_value: light weight abs function
  19:LED_Driver.c  ****  * that does not use conditional statements.
  20:LED_Driver.c  ****  *
  21:LED_Driver.c  ****  * ========================================
  22:LED_Driver.c  **** */
  23:LED_Driver.c  **** 
  24:LED_Driver.c  **** /* Project dependencies. */
  25:LED_Driver.c  **** #include "LED_Driver.h"
  26:LED_Driver.c  **** 
  27:LED_Driver.c  **** /*
  28:LED_Driver.c  ****  * Drive LED RGB by setting PWM duty cycles based
  29:LED_Driver.c  ****  * on xyz-axes IMU data so that:
  30:LED_Driver.c  ****  * -> X value drives RED channel
ARM GAS  C:\Users\Manu\AppData\Local\Temp\ccOoYSOa.s 			page 2


  31:LED_Driver.c  ****  * -> Y value drives GREEN channel
  32:LED_Driver.c  ****  * -> Z value drives BLUE channel
  33:LED_Driver.c  ****  */
  34:LED_Driver.c  **** void RGB_Driver(uint8_t *dataPtr)
  35:LED_Driver.c  **** {
  36:LED_Driver.c  ****     // Process IMU data in place
  37:LED_Driver.c  ****     IMU_Data_Process(dataPtr);
  38:LED_Driver.c  ****     
  39:LED_Driver.c  ****     // Set PWM compare values
  40:LED_Driver.c  ****     PWM_Driver(dataPtr);
  41:LED_Driver.c  **** }
  42:LED_Driver.c  **** 
  43:LED_Driver.c  **** /*
  44:LED_Driver.c  ****  * Initialize pulse width modulators.
  45:LED_Driver.c  ****  */
  46:LED_Driver.c  **** void RGB_Init(void)
  47:LED_Driver.c  **** {
  28              		.loc 1 47 0
  29              		.cfi_startproc
  30              		@ args = 0, pretend = 0, frame = 0
  31              		@ frame_needed = 0, uses_anonymous_args = 0
  32 0000 08B5     		push	{r3, lr}
  33              		.cfi_def_cfa_offset 8
  34              		.cfi_offset 3, -8
  35              		.cfi_offset 14, -4
  48:LED_Driver.c  ****     // Enable red/green PWM
  49:LED_Driver.c  ****     PWM_RG_Start();
  36              		.loc 1 49 0
  37 0002 FFF7FEFF 		bl	PWM_RG_Start
  38              	.LVL0:
  50:LED_Driver.c  ****     
  51:LED_Driver.c  ****     // Enable blue PWM
  52:LED_Driver.c  ****     PWM_B_Start();
  39              		.loc 1 52 0
  40 0006 FFF7FEFF 		bl	PWM_B_Start
  41              	.LVL1:
  42 000a 08BD     		pop	{r3, pc}
  43              		.cfi_endproc
  44              	.LFE64:
  45              		.size	RGB_Init, .-RGB_Init
  46              		.section	.text.PWM_Driver,"ax",%progbits
  47              		.align	2
  48              		.global	PWM_Driver
  49              		.thumb
  50              		.thumb_func
  51              		.type	PWM_Driver, %function
  52              	PWM_Driver:
  53              	.LFB65:
  53:LED_Driver.c  **** }
  54:LED_Driver.c  **** 
  55:LED_Driver.c  **** /*
  56:LED_Driver.c  ****  * Write PWM_RG and PWM_B compare values.
  57:LED_Driver.c  ****  */
  58:LED_Driver.c  **** void PWM_Driver(uint8_t *dataPtr)
  59:LED_Driver.c  **** {
  54              		.loc 1 59 0
  55              		.cfi_startproc
ARM GAS  C:\Users\Manu\AppData\Local\Temp\ccOoYSOa.s 			page 3


  56              		@ args = 0, pretend = 0, frame = 0
  57              		@ frame_needed = 0, uses_anonymous_args = 0
  58              	.LVL2:
  59 0000 10B5     		push	{r4, lr}
  60              		.cfi_def_cfa_offset 8
  61              		.cfi_offset 4, -8
  62              		.cfi_offset 14, -4
  63 0002 0446     		mov	r4, r0
  60:LED_Driver.c  ****     // Set red channel PWM compare value
  61:LED_Driver.c  ****     PWM_RG_WriteCompare1(dataPtr[0]);
  64              		.loc 1 61 0
  65 0004 0078     		ldrb	r0, [r0]	@ zero_extendqisi2
  66              	.LVL3:
  67 0006 FFF7FEFF 		bl	PWM_RG_WriteCompare1
  68              	.LVL4:
  62:LED_Driver.c  ****     
  63:LED_Driver.c  ****     // Set green channel PWM compare value
  64:LED_Driver.c  ****     PWM_RG_WriteCompare2(dataPtr[1]);
  69              		.loc 1 64 0
  70 000a 6078     		ldrb	r0, [r4, #1]	@ zero_extendqisi2
  71 000c FFF7FEFF 		bl	PWM_RG_WriteCompare2
  72              	.LVL5:
  65:LED_Driver.c  ****     
  66:LED_Driver.c  ****     //Set blue channel PWM compare value
  67:LED_Driver.c  ****     PWM_B_WriteCompare(dataPtr[2]);
  73              		.loc 1 67 0
  74 0010 A078     		ldrb	r0, [r4, #2]	@ zero_extendqisi2
  75 0012 FFF7FEFF 		bl	PWM_B_WriteCompare
  76              	.LVL6:
  77 0016 10BD     		pop	{r4, pc}
  78              		.cfi_endproc
  79              	.LFE65:
  80              		.size	PWM_Driver, .-PWM_Driver
  81              		.section	.text.Absolute_Value,"ax",%progbits
  82              		.align	2
  83              		.global	Absolute_Value
  84              		.thumb
  85              		.thumb_func
  86              		.type	Absolute_Value, %function
  87              	Absolute_Value:
  88              	.LFB67:
  68:LED_Driver.c  **** }
  69:LED_Driver.c  **** 
  70:LED_Driver.c  **** /*
  71:LED_Driver.c  ****  * Process IMU data in place to map full LED range.
  72:LED_Driver.c  ****  */
  73:LED_Driver.c  **** void IMU_Data_Process(uint8_t *dataPtr)
  74:LED_Driver.c  **** {    
  75:LED_Driver.c  ****     // For all 3 channels
  76:LED_Driver.c  ****     for (uint8_t i=0; i<3; i++)
  77:LED_Driver.c  ****     {   
  78:LED_Driver.c  ****         // Get absolute value and multiply by 2 to use full range
  79:LED_Driver.c  ****         uint16_t tmp = (int16_t)Absolute_Value(dataPtr[i])*2;
  80:LED_Driver.c  ****         
  81:LED_Driver.c  ****         // Avoid uint8_t variable overflow
  82:LED_Driver.c  ****         if (tmp > 255)
  83:LED_Driver.c  ****         {
ARM GAS  C:\Users\Manu\AppData\Local\Temp\ccOoYSOa.s 			page 4


  84:LED_Driver.c  ****             tmp = 255;
  85:LED_Driver.c  ****         }
  86:LED_Driver.c  ****         
  87:LED_Driver.c  ****         // Get negated value to drive common anode LED
  88:LED_Driver.c  ****         dataPtr[i] = ~((uint8_t)tmp);
  89:LED_Driver.c  ****     }
  90:LED_Driver.c  **** }
  91:LED_Driver.c  **** 
  92:LED_Driver.c  **** /*
  93:LED_Driver.c  ****  * Get absolute value of int8_t variable without
  94:LED_Driver.c  ****  * conditional jumps.
  95:LED_Driver.c  ****  */
  96:LED_Driver.c  **** uint8_t Absolute_Value(uint8_t value)
  97:LED_Driver.c  **** {
  89              		.loc 1 97 0
  90              		.cfi_startproc
  91              		@ args = 0, pretend = 0, frame = 0
  92              		@ frame_needed = 0, uses_anonymous_args = 0
  93              		@ link register save eliminated.
  94              	.LVL7:
  98:LED_Driver.c  ****     // Get sign of val
  99:LED_Driver.c  ****     uint8_t mask = (value >> 7);
  95              		.loc 1 99 0
  96 0000 C309     		lsrs	r3, r0, #7
  97              	.LVL8:
 100:LED_Driver.c  ****     
 101:LED_Driver.c  ****     // XOR mask and subtract mask
 102:LED_Driver.c  ****     return (value ^ mask) - mask;
  98              		.loc 1 102 0
  99 0002 5840     		eors	r0, r0, r3
 100              	.LVL9:
 101 0004 C01A     		subs	r0, r0, r3
 103:LED_Driver.c  **** }
 102              		.loc 1 103 0
 103 0006 C0B2     		uxtb	r0, r0
 104 0008 7047     		bx	lr
 105              		.cfi_endproc
 106              	.LFE67:
 107              		.size	Absolute_Value, .-Absolute_Value
 108 000a 00BF     		.section	.text.IMU_Data_Process,"ax",%progbits
 109              		.align	2
 110              		.global	IMU_Data_Process
 111              		.thumb
 112              		.thumb_func
 113              		.type	IMU_Data_Process, %function
 114              	IMU_Data_Process:
 115              	.LFB66:
  74:LED_Driver.c  ****     // For all 3 channels
 116              		.loc 1 74 0
 117              		.cfi_startproc
 118              		@ args = 0, pretend = 0, frame = 0
 119              		@ frame_needed = 0, uses_anonymous_args = 0
 120              	.LVL10:
 121 0000 70B5     		push	{r4, r5, r6, lr}
 122              		.cfi_def_cfa_offset 16
 123              		.cfi_offset 4, -16
 124              		.cfi_offset 5, -12
ARM GAS  C:\Users\Manu\AppData\Local\Temp\ccOoYSOa.s 			page 5


 125              		.cfi_offset 6, -8
 126              		.cfi_offset 14, -4
 127 0002 0546     		mov	r5, r0
 128              	.LVL11:
 129              	.LBB2:
  76:LED_Driver.c  ****     {   
 130              		.loc 1 76 0
 131 0004 0024     		movs	r4, #0
 132 0006 0DE0     		b	.L7
 133              	.LVL12:
 134              	.L9:
 135              	.LBB3:
  79:LED_Driver.c  ****         
 136              		.loc 1 79 0
 137 0008 2E19     		adds	r6, r5, r4
 138 000a 285D     		ldrb	r0, [r5, r4]	@ zero_extendqisi2
 139 000c FFF7FEFF 		bl	Absolute_Value
 140              	.LVL13:
 141 0010 4000     		lsls	r0, r0, #1
 142 0012 80B2     		uxth	r0, r0
 143              	.LVL14:
  82:LED_Driver.c  ****         {
 144              		.loc 1 82 0
 145 0014 FF28     		cmp	r0, #255
 146 0016 00D9     		bls	.L8
  84:LED_Driver.c  ****         }
 147              		.loc 1 84 0
 148 0018 FF20     		movs	r0, #255
 149              	.LVL15:
 150              	.L8:
  88:LED_Driver.c  ****     }
 151              		.loc 1 88 0 discriminator 2
 152 001a C0B2     		uxtb	r0, r0
 153              	.LVL16:
 154 001c C043     		mvns	r0, r0
 155 001e 3070     		strb	r0, [r6]
 156              	.LBE3:
  76:LED_Driver.c  ****     {   
 157              		.loc 1 76 0 discriminator 2
 158 0020 0134     		adds	r4, r4, #1
 159              	.LVL17:
 160 0022 E4B2     		uxtb	r4, r4
 161              	.LVL18:
 162              	.L7:
  76:LED_Driver.c  ****     {   
 163              		.loc 1 76 0 is_stmt 0 discriminator 1
 164 0024 022C     		cmp	r4, #2
 165 0026 EFD9     		bls	.L9
 166              	.LBE2:
  90:LED_Driver.c  **** 
 167              		.loc 1 90 0 is_stmt 1
 168 0028 70BD     		pop	{r4, r5, r6, pc}
 169              		.cfi_endproc
 170              	.LFE66:
 171              		.size	IMU_Data_Process, .-IMU_Data_Process
 172 002a 00BF     		.section	.text.RGB_Driver,"ax",%progbits
 173              		.align	2
ARM GAS  C:\Users\Manu\AppData\Local\Temp\ccOoYSOa.s 			page 6


 174              		.global	RGB_Driver
 175              		.thumb
 176              		.thumb_func
 177              		.type	RGB_Driver, %function
 178              	RGB_Driver:
 179              	.LFB63:
  35:LED_Driver.c  ****     // Process IMU data in place
 180              		.loc 1 35 0
 181              		.cfi_startproc
 182              		@ args = 0, pretend = 0, frame = 0
 183              		@ frame_needed = 0, uses_anonymous_args = 0
 184              	.LVL19:
 185 0000 10B5     		push	{r4, lr}
 186              		.cfi_def_cfa_offset 8
 187              		.cfi_offset 4, -8
 188              		.cfi_offset 14, -4
 189 0002 0446     		mov	r4, r0
  37:LED_Driver.c  ****     
 190              		.loc 1 37 0
 191 0004 FFF7FEFF 		bl	IMU_Data_Process
 192              	.LVL20:
  40:LED_Driver.c  **** }
 193              		.loc 1 40 0
 194 0008 2046     		mov	r0, r4
 195 000a FFF7FEFF 		bl	PWM_Driver
 196              	.LVL21:
 197 000e 10BD     		pop	{r4, pc}
 198              		.cfi_endproc
 199              	.LFE63:
 200              		.size	RGB_Driver, .-RGB_Driver
 201              		.text
 202              	.Letext0:
 203              		.file 2 "c:\\program files (x86)\\cypress\\psoc creator\\4.3\\psoc creator\\import\\gnu\\arm\\5.4.
 204              		.file 3 "c:\\program files (x86)\\cypress\\psoc creator\\4.3\\psoc creator\\import\\gnu\\arm\\5.4.
 205              		.file 4 "Generated_Source\\PSoC5/PWM_RG.h"
 206              		.file 5 "Generated_Source\\PSoC5/PWM_B.h"
 207              		.file 6 "Generated_Source\\PSoC5/core_cm3.h"
 208              		.section	.debug_info,"",%progbits
 209              	.Ldebug_info0:
 210 0000 76020000 		.4byte	0x276
 211 0004 0400     		.2byte	0x4
 212 0006 00000000 		.4byte	.Ldebug_abbrev0
 213 000a 04       		.byte	0x4
 214 000b 01       		.uleb128 0x1
 215 000c D3000000 		.4byte	.LASF34
 216 0010 0C       		.byte	0xc
 217 0011 B1010000 		.4byte	.LASF35
 218 0015 29000000 		.4byte	.LASF36
 219 0019 00000000 		.4byte	.Ldebug_ranges0+0
 220 001d 00000000 		.4byte	0
 221 0021 00000000 		.4byte	.Ldebug_line0
 222 0025 02       		.uleb128 0x2
 223 0026 01       		.byte	0x1
 224 0027 06       		.byte	0x6
 225 0028 AC020000 		.4byte	.LASF0
 226 002c 03       		.uleb128 0x3
 227 002d 00000000 		.4byte	.LASF2
ARM GAS  C:\Users\Manu\AppData\Local\Temp\ccOoYSOa.s 			page 7


 228 0031 02       		.byte	0x2
 229 0032 1D       		.byte	0x1d
 230 0033 37000000 		.4byte	0x37
 231 0037 02       		.uleb128 0x2
 232 0038 01       		.byte	0x1
 233 0039 08       		.byte	0x8
 234 003a C5000000 		.4byte	.LASF1
 235 003e 03       		.uleb128 0x3
 236 003f 0A000000 		.4byte	.LASF3
 237 0043 02       		.byte	0x2
 238 0044 29       		.byte	0x29
 239 0045 49000000 		.4byte	0x49
 240 0049 02       		.uleb128 0x2
 241 004a 02       		.byte	0x2
 242 004b 05       		.byte	0x5
 243 004c 69020000 		.4byte	.LASF4
 244 0050 03       		.uleb128 0x3
 245 0051 BE010000 		.4byte	.LASF5
 246 0055 02       		.byte	0x2
 247 0056 2B       		.byte	0x2b
 248 0057 5B000000 		.4byte	0x5b
 249 005b 02       		.uleb128 0x2
 250 005c 02       		.byte	0x2
 251 005d 07       		.byte	0x7
 252 005e 88010000 		.4byte	.LASF6
 253 0062 03       		.uleb128 0x3
 254 0063 1A000000 		.4byte	.LASF7
 255 0067 02       		.byte	0x2
 256 0068 3F       		.byte	0x3f
 257 0069 6D000000 		.4byte	0x6d
 258 006d 02       		.uleb128 0x2
 259 006e 04       		.byte	0x4
 260 006f 05       		.byte	0x5
 261 0070 97020000 		.4byte	.LASF8
 262 0074 02       		.uleb128 0x2
 263 0075 04       		.byte	0x4
 264 0076 07       		.byte	0x7
 265 0077 69010000 		.4byte	.LASF9
 266 007b 02       		.uleb128 0x2
 267 007c 08       		.byte	0x8
 268 007d 05       		.byte	0x5
 269 007e 43020000 		.4byte	.LASF10
 270 0082 02       		.uleb128 0x2
 271 0083 08       		.byte	0x8
 272 0084 07       		.byte	0x7
 273 0085 0B020000 		.4byte	.LASF11
 274 0089 04       		.uleb128 0x4
 275 008a 04       		.byte	0x4
 276 008b 05       		.byte	0x5
 277 008c 696E7400 		.ascii	"int\000"
 278 0090 02       		.uleb128 0x2
 279 0091 04       		.byte	0x4
 280 0092 07       		.byte	0x7
 281 0093 F3010000 		.4byte	.LASF12
 282 0097 03       		.uleb128 0x3
 283 0098 22020000 		.4byte	.LASF13
 284 009c 03       		.byte	0x3
ARM GAS  C:\Users\Manu\AppData\Local\Temp\ccOoYSOa.s 			page 8


 285 009d 18       		.byte	0x18
 286 009e 2C000000 		.4byte	0x2c
 287 00a2 03       		.uleb128 0x3
 288 00a3 2A020000 		.4byte	.LASF14
 289 00a7 03       		.byte	0x3
 290 00a8 20       		.byte	0x20
 291 00a9 3E000000 		.4byte	0x3e
 292 00ad 03       		.uleb128 0x3
 293 00ae 73020000 		.4byte	.LASF15
 294 00b2 03       		.byte	0x3
 295 00b3 24       		.byte	0x24
 296 00b4 50000000 		.4byte	0x50
 297 00b8 03       		.uleb128 0x3
 298 00b9 32020000 		.4byte	.LASF16
 299 00bd 03       		.byte	0x3
 300 00be 2C       		.byte	0x2c
 301 00bf 62000000 		.4byte	0x62
 302 00c3 02       		.uleb128 0x2
 303 00c4 04       		.byte	0x4
 304 00c5 04       		.byte	0x4
 305 00c6 B4000000 		.4byte	.LASF17
 306 00ca 02       		.uleb128 0x2
 307 00cb 08       		.byte	0x8
 308 00cc 04       		.byte	0x4
 309 00cd AD000000 		.4byte	.LASF18
 310 00d1 02       		.uleb128 0x2
 311 00d2 01       		.byte	0x1
 312 00d3 08       		.byte	0x8
 313 00d4 51020000 		.4byte	.LASF19
 314 00d8 02       		.uleb128 0x2
 315 00d9 08       		.byte	0x8
 316 00da 04       		.byte	0x4
 317 00db A0020000 		.4byte	.LASF20
 318 00df 02       		.uleb128 0x2
 319 00e0 04       		.byte	0x4
 320 00e1 07       		.byte	0x7
 321 00e2 3A020000 		.4byte	.LASF21
 322 00e6 05       		.uleb128 0x5
 323 00e7 9B010000 		.4byte	.LASF22
 324 00eb 01       		.byte	0x1
 325 00ec 2E       		.byte	0x2e
 326 00ed 00000000 		.4byte	.LFB64
 327 00f1 0C000000 		.4byte	.LFE64-.LFB64
 328 00f5 01       		.uleb128 0x1
 329 00f6 9C       		.byte	0x9c
 330 00f7 0E010000 		.4byte	0x10e
 331 00fb 06       		.uleb128 0x6
 332 00fc 06000000 		.4byte	.LVL0
 333 0100 42020000 		.4byte	0x242
 334 0104 06       		.uleb128 0x6
 335 0105 0A000000 		.4byte	.LVL1
 336 0109 4D020000 		.4byte	0x24d
 337 010d 00       		.byte	0
 338 010e 05       		.uleb128 0x5
 339 010f 00020000 		.4byte	.LASF23
 340 0113 01       		.byte	0x1
 341 0114 3A       		.byte	0x3a
ARM GAS  C:\Users\Manu\AppData\Local\Temp\ccOoYSOa.s 			page 9


 342 0115 00000000 		.4byte	.LFB65
 343 0119 18000000 		.4byte	.LFE65-.LFB65
 344 011d 01       		.uleb128 0x1
 345 011e 9C       		.byte	0x9c
 346 011f 4E010000 		.4byte	0x14e
 347 0123 07       		.uleb128 0x7
 348 0124 61010000 		.4byte	.LASF24
 349 0128 01       		.byte	0x1
 350 0129 3A       		.byte	0x3a
 351 012a 4E010000 		.4byte	0x14e
 352 012e 00000000 		.4byte	.LLST0
 353 0132 06       		.uleb128 0x6
 354 0133 0A000000 		.4byte	.LVL4
 355 0137 58020000 		.4byte	0x258
 356 013b 06       		.uleb128 0x6
 357 013c 10000000 		.4byte	.LVL5
 358 0140 63020000 		.4byte	0x263
 359 0144 06       		.uleb128 0x6
 360 0145 16000000 		.4byte	.LVL6
 361 0149 6E020000 		.4byte	0x26e
 362 014d 00       		.byte	0
 363 014e 08       		.uleb128 0x8
 364 014f 04       		.byte	0x4
 365 0150 97000000 		.4byte	0x97
 366 0154 09       		.uleb128 0x9
 367 0155 88020000 		.4byte	.LASF37
 368 0159 01       		.byte	0x1
 369 015a 60       		.byte	0x60
 370 015b 97000000 		.4byte	0x97
 371 015f 00000000 		.4byte	.LFB67
 372 0163 0A000000 		.4byte	.LFE67-.LFB67
 373 0167 01       		.uleb128 0x1
 374 0168 9C       		.byte	0x9c
 375 0169 8A010000 		.4byte	0x18a
 376 016d 07       		.uleb128 0x7
 377 016e 14000000 		.4byte	.LASF25
 378 0172 01       		.byte	0x1
 379 0173 60       		.byte	0x60
 380 0174 97000000 		.4byte	0x97
 381 0178 1E000000 		.4byte	.LLST1
 382 017c 0A       		.uleb128 0xa
 383 017d 24000000 		.4byte	.LASF27
 384 0181 01       		.byte	0x1
 385 0182 63       		.byte	0x63
 386 0183 97000000 		.4byte	0x97
 387 0187 01       		.uleb128 0x1
 388 0188 53       		.byte	0x53
 389 0189 00       		.byte	0
 390 018a 05       		.uleb128 0x5
 391 018b B8020000 		.4byte	.LASF26
 392 018f 01       		.byte	0x1
 393 0190 49       		.byte	0x49
 394 0191 00000000 		.4byte	.LFB66
 395 0195 2A000000 		.4byte	.LFE66-.LFB66
 396 0199 01       		.uleb128 0x1
 397 019a 9C       		.byte	0x9c
 398 019b E8010000 		.4byte	0x1e8
ARM GAS  C:\Users\Manu\AppData\Local\Temp\ccOoYSOa.s 			page 10


 399 019f 07       		.uleb128 0x7
 400 01a0 61010000 		.4byte	.LASF24
 401 01a4 01       		.byte	0x1
 402 01a5 49       		.byte	0x49
 403 01a6 4E010000 		.4byte	0x14e
 404 01aa 3F000000 		.4byte	.LLST2
 405 01ae 0B       		.uleb128 0xb
 406 01af 04000000 		.4byte	.LBB2
 407 01b3 24000000 		.4byte	.LBE2-.LBB2
 408 01b7 0C       		.uleb128 0xc
 409 01b8 6900     		.ascii	"i\000"
 410 01ba 01       		.byte	0x1
 411 01bb 4C       		.byte	0x4c
 412 01bc 97000000 		.4byte	0x97
 413 01c0 5D000000 		.4byte	.LLST3
 414 01c4 0B       		.uleb128 0xb
 415 01c5 08000000 		.4byte	.LBB3
 416 01c9 18000000 		.4byte	.LBE3-.LBB3
 417 01cd 0C       		.uleb128 0xc
 418 01ce 746D7000 		.ascii	"tmp\000"
 419 01d2 01       		.byte	0x1
 420 01d3 4F       		.byte	0x4f
 421 01d4 AD000000 		.4byte	0xad
 422 01d8 87000000 		.4byte	.LLST4
 423 01dc 06       		.uleb128 0x6
 424 01dd 10000000 		.4byte	.LVL13
 425 01e1 54010000 		.4byte	0x154
 426 01e5 00       		.byte	0
 427 01e6 00       		.byte	0
 428 01e7 00       		.byte	0
 429 01e8 05       		.uleb128 0x5
 430 01e9 BA000000 		.4byte	.LASF28
 431 01ed 01       		.byte	0x1
 432 01ee 22       		.byte	0x22
 433 01ef 00000000 		.4byte	.LFB63
 434 01f3 10000000 		.4byte	.LFE63-.LFB63
 435 01f7 01       		.uleb128 0x1
 436 01f8 9C       		.byte	0x9c
 437 01f9 31020000 		.4byte	0x231
 438 01fd 07       		.uleb128 0x7
 439 01fe 61010000 		.4byte	.LASF24
 440 0202 01       		.byte	0x1
 441 0203 22       		.byte	0x22
 442 0204 4E010000 		.4byte	0x14e
 443 0208 9A000000 		.4byte	.LLST5
 444 020c 0D       		.uleb128 0xd
 445 020d 08000000 		.4byte	.LVL20
 446 0211 8A010000 		.4byte	0x18a
 447 0215 20020000 		.4byte	0x220
 448 0219 0E       		.uleb128 0xe
 449 021a 01       		.uleb128 0x1
 450 021b 50       		.byte	0x50
 451 021c 02       		.uleb128 0x2
 452 021d 74       		.byte	0x74
 453 021e 00       		.sleb128 0
 454 021f 00       		.byte	0
 455 0220 0F       		.uleb128 0xf
ARM GAS  C:\Users\Manu\AppData\Local\Temp\ccOoYSOa.s 			page 11


 456 0221 0E000000 		.4byte	.LVL21
 457 0225 0E010000 		.4byte	0x10e
 458 0229 0E       		.uleb128 0xe
 459 022a 01       		.uleb128 0x1
 460 022b 50       		.byte	0x50
 461 022c 02       		.uleb128 0x2
 462 022d 74       		.byte	0x74
 463 022e 00       		.sleb128 0
 464 022f 00       		.byte	0
 465 0230 00       		.byte	0
 466 0231 10       		.uleb128 0x10
 467 0232 A4010000 		.4byte	.LASF38
 468 0236 06       		.byte	0x6
 469 0237 1207     		.2byte	0x712
 470 0239 3D020000 		.4byte	0x23d
 471 023d 11       		.uleb128 0x11
 472 023e B8000000 		.4byte	0xb8
 473 0242 12       		.uleb128 0x12
 474 0243 7B010000 		.4byte	.LASF29
 475 0247 7B010000 		.4byte	.LASF29
 476 024b 04       		.byte	0x4
 477 024c 92       		.byte	0x92
 478 024d 12       		.uleb128 0x12
 479 024e 7C020000 		.4byte	.LASF30
 480 0252 7C020000 		.4byte	.LASF30
 481 0256 05       		.byte	0x5
 482 0257 92       		.byte	0x92
 483 0258 12       		.uleb128 0x12
 484 0259 C9010000 		.4byte	.LASF31
 485 025d C9010000 		.4byte	.LASF31
 486 0261 04       		.byte	0x4
 487 0262 C7       		.byte	0xc7
 488 0263 12       		.uleb128 0x12
 489 0264 DE010000 		.4byte	.LASF32
 490 0268 DE010000 		.4byte	.LASF32
 491 026c 04       		.byte	0x4
 492 026d CA       		.byte	0xca
 493 026e 12       		.uleb128 0x12
 494 026f 56020000 		.4byte	.LASF33
 495 0273 56020000 		.4byte	.LASF33
 496 0277 05       		.byte	0x5
 497 0278 C3       		.byte	0xc3
 498 0279 00       		.byte	0
 499              		.section	.debug_abbrev,"",%progbits
 500              	.Ldebug_abbrev0:
 501 0000 01       		.uleb128 0x1
 502 0001 11       		.uleb128 0x11
 503 0002 01       		.byte	0x1
 504 0003 25       		.uleb128 0x25
 505 0004 0E       		.uleb128 0xe
 506 0005 13       		.uleb128 0x13
 507 0006 0B       		.uleb128 0xb
 508 0007 03       		.uleb128 0x3
 509 0008 0E       		.uleb128 0xe
 510 0009 1B       		.uleb128 0x1b
 511 000a 0E       		.uleb128 0xe
 512 000b 55       		.uleb128 0x55
ARM GAS  C:\Users\Manu\AppData\Local\Temp\ccOoYSOa.s 			page 12


 513 000c 17       		.uleb128 0x17
 514 000d 11       		.uleb128 0x11
 515 000e 01       		.uleb128 0x1
 516 000f 10       		.uleb128 0x10
 517 0010 17       		.uleb128 0x17
 518 0011 00       		.byte	0
 519 0012 00       		.byte	0
 520 0013 02       		.uleb128 0x2
 521 0014 24       		.uleb128 0x24
 522 0015 00       		.byte	0
 523 0016 0B       		.uleb128 0xb
 524 0017 0B       		.uleb128 0xb
 525 0018 3E       		.uleb128 0x3e
 526 0019 0B       		.uleb128 0xb
 527 001a 03       		.uleb128 0x3
 528 001b 0E       		.uleb128 0xe
 529 001c 00       		.byte	0
 530 001d 00       		.byte	0
 531 001e 03       		.uleb128 0x3
 532 001f 16       		.uleb128 0x16
 533 0020 00       		.byte	0
 534 0021 03       		.uleb128 0x3
 535 0022 0E       		.uleb128 0xe
 536 0023 3A       		.uleb128 0x3a
 537 0024 0B       		.uleb128 0xb
 538 0025 3B       		.uleb128 0x3b
 539 0026 0B       		.uleb128 0xb
 540 0027 49       		.uleb128 0x49
 541 0028 13       		.uleb128 0x13
 542 0029 00       		.byte	0
 543 002a 00       		.byte	0
 544 002b 04       		.uleb128 0x4
 545 002c 24       		.uleb128 0x24
 546 002d 00       		.byte	0
 547 002e 0B       		.uleb128 0xb
 548 002f 0B       		.uleb128 0xb
 549 0030 3E       		.uleb128 0x3e
 550 0031 0B       		.uleb128 0xb
 551 0032 03       		.uleb128 0x3
 552 0033 08       		.uleb128 0x8
 553 0034 00       		.byte	0
 554 0035 00       		.byte	0
 555 0036 05       		.uleb128 0x5
 556 0037 2E       		.uleb128 0x2e
 557 0038 01       		.byte	0x1
 558 0039 3F       		.uleb128 0x3f
 559 003a 19       		.uleb128 0x19
 560 003b 03       		.uleb128 0x3
 561 003c 0E       		.uleb128 0xe
 562 003d 3A       		.uleb128 0x3a
 563 003e 0B       		.uleb128 0xb
 564 003f 3B       		.uleb128 0x3b
 565 0040 0B       		.uleb128 0xb
 566 0041 27       		.uleb128 0x27
 567 0042 19       		.uleb128 0x19
 568 0043 11       		.uleb128 0x11
 569 0044 01       		.uleb128 0x1
ARM GAS  C:\Users\Manu\AppData\Local\Temp\ccOoYSOa.s 			page 13


 570 0045 12       		.uleb128 0x12
 571 0046 06       		.uleb128 0x6
 572 0047 40       		.uleb128 0x40
 573 0048 18       		.uleb128 0x18
 574 0049 9742     		.uleb128 0x2117
 575 004b 19       		.uleb128 0x19
 576 004c 01       		.uleb128 0x1
 577 004d 13       		.uleb128 0x13
 578 004e 00       		.byte	0
 579 004f 00       		.byte	0
 580 0050 06       		.uleb128 0x6
 581 0051 898201   		.uleb128 0x4109
 582 0054 00       		.byte	0
 583 0055 11       		.uleb128 0x11
 584 0056 01       		.uleb128 0x1
 585 0057 31       		.uleb128 0x31
 586 0058 13       		.uleb128 0x13
 587 0059 00       		.byte	0
 588 005a 00       		.byte	0
 589 005b 07       		.uleb128 0x7
 590 005c 05       		.uleb128 0x5
 591 005d 00       		.byte	0
 592 005e 03       		.uleb128 0x3
 593 005f 0E       		.uleb128 0xe
 594 0060 3A       		.uleb128 0x3a
 595 0061 0B       		.uleb128 0xb
 596 0062 3B       		.uleb128 0x3b
 597 0063 0B       		.uleb128 0xb
 598 0064 49       		.uleb128 0x49
 599 0065 13       		.uleb128 0x13
 600 0066 02       		.uleb128 0x2
 601 0067 17       		.uleb128 0x17
 602 0068 00       		.byte	0
 603 0069 00       		.byte	0
 604 006a 08       		.uleb128 0x8
 605 006b 0F       		.uleb128 0xf
 606 006c 00       		.byte	0
 607 006d 0B       		.uleb128 0xb
 608 006e 0B       		.uleb128 0xb
 609 006f 49       		.uleb128 0x49
 610 0070 13       		.uleb128 0x13
 611 0071 00       		.byte	0
 612 0072 00       		.byte	0
 613 0073 09       		.uleb128 0x9
 614 0074 2E       		.uleb128 0x2e
 615 0075 01       		.byte	0x1
 616 0076 3F       		.uleb128 0x3f
 617 0077 19       		.uleb128 0x19
 618 0078 03       		.uleb128 0x3
 619 0079 0E       		.uleb128 0xe
 620 007a 3A       		.uleb128 0x3a
 621 007b 0B       		.uleb128 0xb
 622 007c 3B       		.uleb128 0x3b
 623 007d 0B       		.uleb128 0xb
 624 007e 27       		.uleb128 0x27
 625 007f 19       		.uleb128 0x19
 626 0080 49       		.uleb128 0x49
ARM GAS  C:\Users\Manu\AppData\Local\Temp\ccOoYSOa.s 			page 14


 627 0081 13       		.uleb128 0x13
 628 0082 11       		.uleb128 0x11
 629 0083 01       		.uleb128 0x1
 630 0084 12       		.uleb128 0x12
 631 0085 06       		.uleb128 0x6
 632 0086 40       		.uleb128 0x40
 633 0087 18       		.uleb128 0x18
 634 0088 9742     		.uleb128 0x2117
 635 008a 19       		.uleb128 0x19
 636 008b 01       		.uleb128 0x1
 637 008c 13       		.uleb128 0x13
 638 008d 00       		.byte	0
 639 008e 00       		.byte	0
 640 008f 0A       		.uleb128 0xa
 641 0090 34       		.uleb128 0x34
 642 0091 00       		.byte	0
 643 0092 03       		.uleb128 0x3
 644 0093 0E       		.uleb128 0xe
 645 0094 3A       		.uleb128 0x3a
 646 0095 0B       		.uleb128 0xb
 647 0096 3B       		.uleb128 0x3b
 648 0097 0B       		.uleb128 0xb
 649 0098 49       		.uleb128 0x49
 650 0099 13       		.uleb128 0x13
 651 009a 02       		.uleb128 0x2
 652 009b 18       		.uleb128 0x18
 653 009c 00       		.byte	0
 654 009d 00       		.byte	0
 655 009e 0B       		.uleb128 0xb
 656 009f 0B       		.uleb128 0xb
 657 00a0 01       		.byte	0x1
 658 00a1 11       		.uleb128 0x11
 659 00a2 01       		.uleb128 0x1
 660 00a3 12       		.uleb128 0x12
 661 00a4 06       		.uleb128 0x6
 662 00a5 00       		.byte	0
 663 00a6 00       		.byte	0
 664 00a7 0C       		.uleb128 0xc
 665 00a8 34       		.uleb128 0x34
 666 00a9 00       		.byte	0
 667 00aa 03       		.uleb128 0x3
 668 00ab 08       		.uleb128 0x8
 669 00ac 3A       		.uleb128 0x3a
 670 00ad 0B       		.uleb128 0xb
 671 00ae 3B       		.uleb128 0x3b
 672 00af 0B       		.uleb128 0xb
 673 00b0 49       		.uleb128 0x49
 674 00b1 13       		.uleb128 0x13
 675 00b2 02       		.uleb128 0x2
 676 00b3 17       		.uleb128 0x17
 677 00b4 00       		.byte	0
 678 00b5 00       		.byte	0
 679 00b6 0D       		.uleb128 0xd
 680 00b7 898201   		.uleb128 0x4109
 681 00ba 01       		.byte	0x1
 682 00bb 11       		.uleb128 0x11
 683 00bc 01       		.uleb128 0x1
ARM GAS  C:\Users\Manu\AppData\Local\Temp\ccOoYSOa.s 			page 15


 684 00bd 31       		.uleb128 0x31
 685 00be 13       		.uleb128 0x13
 686 00bf 01       		.uleb128 0x1
 687 00c0 13       		.uleb128 0x13
 688 00c1 00       		.byte	0
 689 00c2 00       		.byte	0
 690 00c3 0E       		.uleb128 0xe
 691 00c4 8A8201   		.uleb128 0x410a
 692 00c7 00       		.byte	0
 693 00c8 02       		.uleb128 0x2
 694 00c9 18       		.uleb128 0x18
 695 00ca 9142     		.uleb128 0x2111
 696 00cc 18       		.uleb128 0x18
 697 00cd 00       		.byte	0
 698 00ce 00       		.byte	0
 699 00cf 0F       		.uleb128 0xf
 700 00d0 898201   		.uleb128 0x4109
 701 00d3 01       		.byte	0x1
 702 00d4 11       		.uleb128 0x11
 703 00d5 01       		.uleb128 0x1
 704 00d6 31       		.uleb128 0x31
 705 00d7 13       		.uleb128 0x13
 706 00d8 00       		.byte	0
 707 00d9 00       		.byte	0
 708 00da 10       		.uleb128 0x10
 709 00db 34       		.uleb128 0x34
 710 00dc 00       		.byte	0
 711 00dd 03       		.uleb128 0x3
 712 00de 0E       		.uleb128 0xe
 713 00df 3A       		.uleb128 0x3a
 714 00e0 0B       		.uleb128 0xb
 715 00e1 3B       		.uleb128 0x3b
 716 00e2 05       		.uleb128 0x5
 717 00e3 49       		.uleb128 0x49
 718 00e4 13       		.uleb128 0x13
 719 00e5 3F       		.uleb128 0x3f
 720 00e6 19       		.uleb128 0x19
 721 00e7 3C       		.uleb128 0x3c
 722 00e8 19       		.uleb128 0x19
 723 00e9 00       		.byte	0
 724 00ea 00       		.byte	0
 725 00eb 11       		.uleb128 0x11
 726 00ec 35       		.uleb128 0x35
 727 00ed 00       		.byte	0
 728 00ee 49       		.uleb128 0x49
 729 00ef 13       		.uleb128 0x13
 730 00f0 00       		.byte	0
 731 00f1 00       		.byte	0
 732 00f2 12       		.uleb128 0x12
 733 00f3 2E       		.uleb128 0x2e
 734 00f4 00       		.byte	0
 735 00f5 3F       		.uleb128 0x3f
 736 00f6 19       		.uleb128 0x19
 737 00f7 3C       		.uleb128 0x3c
 738 00f8 19       		.uleb128 0x19
 739 00f9 6E       		.uleb128 0x6e
 740 00fa 0E       		.uleb128 0xe
ARM GAS  C:\Users\Manu\AppData\Local\Temp\ccOoYSOa.s 			page 16


 741 00fb 03       		.uleb128 0x3
 742 00fc 0E       		.uleb128 0xe
 743 00fd 3A       		.uleb128 0x3a
 744 00fe 0B       		.uleb128 0xb
 745 00ff 3B       		.uleb128 0x3b
 746 0100 0B       		.uleb128 0xb
 747 0101 00       		.byte	0
 748 0102 00       		.byte	0
 749 0103 00       		.byte	0
 750              		.section	.debug_loc,"",%progbits
 751              	.Ldebug_loc0:
 752              	.LLST0:
 753 0000 00000000 		.4byte	.LVL2
 754 0004 06000000 		.4byte	.LVL3
 755 0008 0100     		.2byte	0x1
 756 000a 50       		.byte	0x50
 757 000b 06000000 		.4byte	.LVL3
 758 000f 18000000 		.4byte	.LFE65
 759 0013 0100     		.2byte	0x1
 760 0015 54       		.byte	0x54
 761 0016 00000000 		.4byte	0
 762 001a 00000000 		.4byte	0
 763              	.LLST1:
 764 001e 00000000 		.4byte	.LVL7
 765 0022 04000000 		.4byte	.LVL9
 766 0026 0100     		.2byte	0x1
 767 0028 50       		.byte	0x50
 768 0029 04000000 		.4byte	.LVL9
 769 002d 0A000000 		.4byte	.LFE67
 770 0031 0400     		.2byte	0x4
 771 0033 F3       		.byte	0xf3
 772 0034 01       		.uleb128 0x1
 773 0035 50       		.byte	0x50
 774 0036 9F       		.byte	0x9f
 775 0037 00000000 		.4byte	0
 776 003b 00000000 		.4byte	0
 777              	.LLST2:
 778 003f 00000000 		.4byte	.LVL10
 779 0043 08000000 		.4byte	.LVL12
 780 0047 0100     		.2byte	0x1
 781 0049 50       		.byte	0x50
 782 004a 08000000 		.4byte	.LVL12
 783 004e 2A000000 		.4byte	.LFE66
 784 0052 0100     		.2byte	0x1
 785 0054 55       		.byte	0x55
 786 0055 00000000 		.4byte	0
 787 0059 00000000 		.4byte	0
 788              	.LLST3:
 789 005d 04000000 		.4byte	.LVL11
 790 0061 08000000 		.4byte	.LVL12
 791 0065 0200     		.2byte	0x2
 792 0067 30       		.byte	0x30
 793 0068 9F       		.byte	0x9f
 794 0069 08000000 		.4byte	.LVL12
 795 006d 22000000 		.4byte	.LVL17
 796 0071 0100     		.2byte	0x1
 797 0073 54       		.byte	0x54
ARM GAS  C:\Users\Manu\AppData\Local\Temp\ccOoYSOa.s 			page 17


 798 0074 24000000 		.4byte	.LVL18
 799 0078 2A000000 		.4byte	.LFE66
 800 007c 0100     		.2byte	0x1
 801 007e 54       		.byte	0x54
 802 007f 00000000 		.4byte	0
 803 0083 00000000 		.4byte	0
 804              	.LLST4:
 805 0087 14000000 		.4byte	.LVL14
 806 008b 1C000000 		.4byte	.LVL16
 807 008f 0100     		.2byte	0x1
 808 0091 50       		.byte	0x50
 809 0092 00000000 		.4byte	0
 810 0096 00000000 		.4byte	0
 811              	.LLST5:
 812 009a 00000000 		.4byte	.LVL19
 813 009e 07000000 		.4byte	.LVL20-1
 814 00a2 0100     		.2byte	0x1
 815 00a4 50       		.byte	0x50
 816 00a5 07000000 		.4byte	.LVL20-1
 817 00a9 10000000 		.4byte	.LFE63
 818 00ad 0100     		.2byte	0x1
 819 00af 54       		.byte	0x54
 820 00b0 00000000 		.4byte	0
 821 00b4 00000000 		.4byte	0
 822              		.section	.debug_aranges,"",%progbits
 823 0000 3C000000 		.4byte	0x3c
 824 0004 0200     		.2byte	0x2
 825 0006 00000000 		.4byte	.Ldebug_info0
 826 000a 04       		.byte	0x4
 827 000b 00       		.byte	0
 828 000c 0000     		.2byte	0
 829 000e 0000     		.2byte	0
 830 0010 00000000 		.4byte	.LFB64
 831 0014 0C000000 		.4byte	.LFE64-.LFB64
 832 0018 00000000 		.4byte	.LFB65
 833 001c 18000000 		.4byte	.LFE65-.LFB65
 834 0020 00000000 		.4byte	.LFB67
 835 0024 0A000000 		.4byte	.LFE67-.LFB67
 836 0028 00000000 		.4byte	.LFB66
 837 002c 2A000000 		.4byte	.LFE66-.LFB66
 838 0030 00000000 		.4byte	.LFB63
 839 0034 10000000 		.4byte	.LFE63-.LFB63
 840 0038 00000000 		.4byte	0
 841 003c 00000000 		.4byte	0
 842              		.section	.debug_ranges,"",%progbits
 843              	.Ldebug_ranges0:
 844 0000 00000000 		.4byte	.LFB64
 845 0004 0C000000 		.4byte	.LFE64
 846 0008 00000000 		.4byte	.LFB65
 847 000c 18000000 		.4byte	.LFE65
 848 0010 00000000 		.4byte	.LFB67
 849 0014 0A000000 		.4byte	.LFE67
 850 0018 00000000 		.4byte	.LFB66
 851 001c 2A000000 		.4byte	.LFE66
 852 0020 00000000 		.4byte	.LFB63
 853 0024 10000000 		.4byte	.LFE63
 854 0028 00000000 		.4byte	0
ARM GAS  C:\Users\Manu\AppData\Local\Temp\ccOoYSOa.s 			page 18


 855 002c 00000000 		.4byte	0
 856              		.section	.debug_line,"",%progbits
 857              	.Ldebug_line0:
 858 0000 D3010000 		.section	.debug_str,"MS",%progbits,1
 858      02005C01 
 858      00000201 
 858      FB0E0D00 
 858      01010101 
 859              	.LASF2:
 860 0000 5F5F7569 		.ascii	"__uint8_t\000"
 860      6E74385F 
 860      7400
 861              	.LASF3:
 862 000a 5F5F696E 		.ascii	"__int16_t\000"
 862      7431365F 
 862      7400
 863              	.LASF25:
 864 0014 76616C75 		.ascii	"value\000"
 864      6500
 865              	.LASF7:
 866 001a 5F5F696E 		.ascii	"__int32_t\000"
 866      7433325F 
 866      7400
 867              	.LASF27:
 868 0024 6D61736B 		.ascii	"mask\000"
 868      00
 869              	.LASF36:
 870 0029 433A5C55 		.ascii	"C:\\Users\\Manu\\Desktop\\github\\PSoC-Final-Projec"
 870      73657273 
 870      5C4D616E 
 870      755C4465 
 870      736B746F 
 871 0057 745C4159 		.ascii	"t\\AY1920_II_HW_FINAL_CARZANIGA_GUALNIERA\\AY1920_I"
 871      31393230 
 871      5F49495F 
 871      48575F46 
 871      494E414C 
 872 0088 495F4857 		.ascii	"I_HW_FINAL_CARZANIGA_GUALNIERA.cydsn\000"
 872      5F46494E 
 872      414C5F43 
 872      41525A41 
 872      4E494741 
 873              	.LASF18:
 874 00ad 646F7562 		.ascii	"double\000"
 874      6C6500
 875              	.LASF17:
 876 00b4 666C6F61 		.ascii	"float\000"
 876      7400
 877              	.LASF28:
 878 00ba 5247425F 		.ascii	"RGB_Driver\000"
 878      44726976 
 878      657200
 879              	.LASF1:
 880 00c5 756E7369 		.ascii	"unsigned char\000"
 880      676E6564 
 880      20636861 
 880      7200
ARM GAS  C:\Users\Manu\AppData\Local\Temp\ccOoYSOa.s 			page 19


 881              	.LASF34:
 882 00d3 474E5520 		.ascii	"GNU C11 5.4.1 20160609 (release) [ARM/embedded-5-br"
 882      43313120 
 882      352E342E 
 882      31203230 
 882      31363036 
 883 0106 616E6368 		.ascii	"anch revision 237715] -mcpu=cortex-m3 -mthumb -g -O"
 883      20726576 
 883      6973696F 
 883      6E203233 
 883      37373135 
 884 0139 67202D66 		.ascii	"g -ffunction-sections -ffat-lto-objects\000"
 884      66756E63 
 884      74696F6E 
 884      2D736563 
 884      74696F6E 
 885              	.LASF24:
 886 0161 64617461 		.ascii	"dataPtr\000"
 886      50747200 
 887              	.LASF9:
 888 0169 6C6F6E67 		.ascii	"long unsigned int\000"
 888      20756E73 
 888      69676E65 
 888      6420696E 
 888      7400
 889              	.LASF29:
 890 017b 50574D5F 		.ascii	"PWM_RG_Start\000"
 890      52475F53 
 890      74617274 
 890      00
 891              	.LASF6:
 892 0188 73686F72 		.ascii	"short unsigned int\000"
 892      7420756E 
 892      7369676E 
 892      65642069 
 892      6E7400
 893              	.LASF22:
 894 019b 5247425F 		.ascii	"RGB_Init\000"
 894      496E6974 
 894      00
 895              	.LASF38:
 896 01a4 49544D5F 		.ascii	"ITM_RxBuffer\000"
 896      52784275 
 896      66666572 
 896      00
 897              	.LASF35:
 898 01b1 4C45445F 		.ascii	"LED_Driver.c\000"
 898      44726976 
 898      65722E63 
 898      00
 899              	.LASF5:
 900 01be 5F5F7569 		.ascii	"__uint16_t\000"
 900      6E743136 
 900      5F7400
 901              	.LASF31:
 902 01c9 50574D5F 		.ascii	"PWM_RG_WriteCompare1\000"
 902      52475F57 
ARM GAS  C:\Users\Manu\AppData\Local\Temp\ccOoYSOa.s 			page 20


 902      72697465 
 902      436F6D70 
 902      61726531 
 903              	.LASF32:
 904 01de 50574D5F 		.ascii	"PWM_RG_WriteCompare2\000"
 904      52475F57 
 904      72697465 
 904      436F6D70 
 904      61726532 
 905              	.LASF12:
 906 01f3 756E7369 		.ascii	"unsigned int\000"
 906      676E6564 
 906      20696E74 
 906      00
 907              	.LASF23:
 908 0200 50574D5F 		.ascii	"PWM_Driver\000"
 908      44726976 
 908      657200
 909              	.LASF11:
 910 020b 6C6F6E67 		.ascii	"long long unsigned int\000"
 910      206C6F6E 
 910      6720756E 
 910      7369676E 
 910      65642069 
 911              	.LASF13:
 912 0222 75696E74 		.ascii	"uint8_t\000"
 912      385F7400 
 913              	.LASF14:
 914 022a 696E7431 		.ascii	"int16_t\000"
 914      365F7400 
 915              	.LASF16:
 916 0232 696E7433 		.ascii	"int32_t\000"
 916      325F7400 
 917              	.LASF21:
 918 023a 73697A65 		.ascii	"sizetype\000"
 918      74797065 
 918      00
 919              	.LASF10:
 920 0243 6C6F6E67 		.ascii	"long long int\000"
 920      206C6F6E 
 920      6720696E 
 920      7400
 921              	.LASF19:
 922 0251 63686172 		.ascii	"char\000"
 922      00
 923              	.LASF33:
 924 0256 50574D5F 		.ascii	"PWM_B_WriteCompare\000"
 924      425F5772 
 924      69746543 
 924      6F6D7061 
 924      726500
 925              	.LASF4:
 926 0269 73686F72 		.ascii	"short int\000"
 926      7420696E 
 926      7400
 927              	.LASF15:
 928 0273 75696E74 		.ascii	"uint16_t\000"
ARM GAS  C:\Users\Manu\AppData\Local\Temp\ccOoYSOa.s 			page 21


 928      31365F74 
 928      00
 929              	.LASF30:
 930 027c 50574D5F 		.ascii	"PWM_B_Start\000"
 930      425F5374 
 930      61727400 
 931              	.LASF37:
 932 0288 4162736F 		.ascii	"Absolute_Value\000"
 932      6C757465 
 932      5F56616C 
 932      756500
 933              	.LASF8:
 934 0297 6C6F6E67 		.ascii	"long int\000"
 934      20696E74 
 934      00
 935              	.LASF20:
 936 02a0 6C6F6E67 		.ascii	"long double\000"
 936      20646F75 
 936      626C6500 
 937              	.LASF0:
 938 02ac 7369676E 		.ascii	"signed char\000"
 938      65642063 
 938      68617200 
 939              	.LASF26:
 940 02b8 494D555F 		.ascii	"IMU_Data_Process\000"
 940      44617461 
 940      5F50726F 
 940      63657373 
 940      00
 941              		.ident	"GCC: (GNU Tools for ARM Embedded Processors) 5.4.1 20160609 (release) [ARM/embedded-5-bran
