ARM GAS  C:\Users\Lory\AppData\Local\Temp\ccDT4Ixc.s 			page 1


   1              		.syntax unified
   2              		.cpu cortex-m3
   3              		.fpu softvfp
   4              		.eabi_attribute 20, 1
   5              		.eabi_attribute 21, 1
   6              		.eabi_attribute 23, 3
   7              		.eabi_attribute 24, 1
   8              		.eabi_attribute 25, 1
   9              		.eabi_attribute 26, 1
  10              		.eabi_attribute 30, 1
  11              		.eabi_attribute 34, 1
  12              		.eabi_attribute 18, 4
  13              		.thumb
  14              		.syntax unified
  15              		.file	"main.c"
  16              		.text
  17              	.Ltext0:
  18              		.cfi_sections	.debug_frame
  19              		.section	.text.main,"ax",%progbits
  20              		.align	2
  21              		.global	main
  22              		.thumb
  23              		.thumb_func
  24              		.type	main, %function
  25              	main:
  26              	.LFB64:
  27              		.file 1 "main.c"
   1:main.c        **** /* ========================================
   2:main.c        ****  *
   3:main.c        ****  * This file contains the main function which
   4:main.c        ****  * is designed to enable all ISRs and setup
   5:main.c        ****  * all communication protocols to interface
   6:main.c        ****  * the PSoC board with: 
   7:main.c        ****  * -> 25LC256 EEPROM
   8:main.c        ****  * -> LIS3DH accelerometer
   9:main.c        ****  * -> Serial monitor (UART)
  10:main.c        ****  *
  11:main.c        ****  * ========================================
  12:main.c        **** */
  13:main.c        **** 
  14:main.c        **** /* Project dependencies. */
  15:main.c        **** #include "InterruptRoutines.h"
  16:main.c        **** #include "SPI_Interface.h"
  17:main.c        **** #include "RGB_Driver.h"
  18:main.c        **** #include "LogUtils.h"
  19:main.c        **** #include "25LC256.h"
  20:main.c        **** #include "stdio.h"
  21:main.c        **** 
  22:main.c        **** /* Global variables. */
  23:main.c        **** char bufferUART[100];
  24:main.c        **** 
  25:main.c        **** /*
  26:main.c        ****  * Main function designated to setup stuff.
  27:main.c        ****  */
  28:main.c        **** int main(void)
  29:main.c        **** {   
  28              		.loc 1 29 0
ARM GAS  C:\Users\Lory\AppData\Local\Temp\ccDT4Ixc.s 			page 2


  29              		.cfi_startproc
  30              		@ args = 0, pretend = 0, frame = 192
  31              		@ frame_needed = 0, uses_anonymous_args = 0
  32 0000 2DE9F04F 		push	{r4, r5, r6, r7, r8, r9, r10, fp, lr}
  33              		.cfi_def_cfa_offset 36
  34              		.cfi_offset 4, -36
  35              		.cfi_offset 5, -32
  36              		.cfi_offset 6, -28
  37              		.cfi_offset 7, -24
  38              		.cfi_offset 8, -20
  39              		.cfi_offset 9, -16
  40              		.cfi_offset 10, -12
  41              		.cfi_offset 11, -8
  42              		.cfi_offset 14, -4
  43 0004 BDB0     		sub	sp, sp, #244
  44              		.cfi_def_cfa_offset 280
  30:main.c        ****     // Enable global interrupts
  31:main.c        ****     CyGlobalIntEnable;
  45              		.loc 1 31 0
  46              		.syntax unified
  47              	@ 31 "main.c" 1
  48 0006 62B6     		CPSIE   i
  49              	@ 0 "" 2
  32:main.c        ****     
  33:main.c        ****     // Enable UART communication
  34:main.c        ****     UART_Start();
  50              		.loc 1 34 0
  51              		.thumb
  52              		.syntax unified
  53 0008 FFF7FEFF 		bl	UART_Start
  54              	.LVL0:
  35:main.c        ****     
  36:main.c        ****     // Enable all SPI Master
  37:main.c        ****     SPIM_IMU_Start();
  55              		.loc 1 37 0
  56 000c FFF7FEFF 		bl	SPIM_IMU_Start
  57              	.LVL1:
  38:main.c        ****     SPIM_EEPROM_Start();
  58              		.loc 1 38 0
  59 0010 FFF7FEFF 		bl	SPIM_EEPROM_Start
  60              	.LVL2:
  39:main.c        ****     CyDelay(10);
  61              		.loc 1 39 0
  62 0014 0A20     		movs	r0, #10
  63 0016 FFF7FEFF 		bl	CyDelay
  64              	.LVL3:
  40:main.c        ****     
  41:main.c        ****     // Setup all registers via SPI to LIS3DH
  42:main.c        ****     IMU_RegistersSetup();
  65              		.loc 1 42 0
  66 001a FFF7FEFF 		bl	IMU_RegistersSetup
  67              	.LVL4:
  43:main.c        ****     
  44:main.c        ****     // Enable external ISR from IMU
  45:main.c        ****     ISR_IMU_StartEx(CUSTOM_ISR_IMU);
  68              		.loc 1 45 0
  69 001e 4C48     		ldr	r0, .L15
ARM GAS  C:\Users\Lory\AppData\Local\Temp\ccDT4Ixc.s 			page 3


  70 0020 FFF7FEFF 		bl	ISR_IMU_StartEx
  71              	.LVL5:
  46:main.c        ****     
  47:main.c        ****     // Enable configuration mode ISR
  48:main.c        ****     ISR_CONFIG_StartEx(CUSTOM_ISR_CONFIG);
  72              		.loc 1 48 0
  73 0024 4B48     		ldr	r0, .L15+4
  74 0026 FFF7FEFF 		bl	ISR_CONFIG_StartEx
  75              	.LVL6:
  49:main.c        ****     
  50:main.c        ****     // Enable start/stop mode ISR
  51:main.c        ****     ISR_START_StartEx(CUSTOM_ISR_START);
  76              		.loc 1 51 0
  77 002a 4B48     		ldr	r0, .L15+8
  78 002c FFF7FEFF 		bl	ISR_START_StartEx
  79              	.LVL7:
  52:main.c        **** 
  53:main.c        ****     // Initialize timers 
  54:main.c        ****     BUTTON_TIMER_Start();
  80              		.loc 1 54 0
  81 0030 FFF7FEFF 		bl	BUTTON_TIMER_Start
  82              	.LVL8:
  55:main.c        ****     CLICK_TIMER_Start();
  83              		.loc 1 55 0
  84 0034 FFF7FEFF 		bl	CLICK_TIMER_Start
  85              	.LVL9:
  56:main.c        ****     MAIN_TIMER_Start();
  86              		.loc 1 56 0
  87 0038 FFF7FEFF 		bl	MAIN_TIMER_Start
  88              	.LVL10:
  57:main.c        ****     
  58:main.c        ****     // Initialize ADC
  59:main.c        ****     ADC_DELSIG_Start();
  89              		.loc 1 59 0
  90 003c FFF7FEFF 		bl	ADC_DELSIG_Start
  91              	.LVL11:
  60:main.c        ****     
  61:main.c        ****     // Initliazide RGB LED
  62:main.c        ****     RGB_Init();
  92              		.loc 1 62 0
  93 0040 FFF7FEFF 		bl	RGB_Init
  94              	.LVL12:
  63:main.c        **** 
  64:main.c        ****     // Initialize button state
  65:main.c        ****     button_state = STOP_MODE;
  95              		.loc 1 65 0
  96 0044 4FF00009 		mov	r9, #0
  97 0048 444B     		ldr	r3, .L15+12
  98 004a 83F80090 		strb	r9, [r3]
  66:main.c        ****     
  67:main.c        ****     // Initialize IMU flags
  68:main.c        ****     IMU_data_ready_flag = 0;
  99              		.loc 1 68 0
 100 004e 444B     		ldr	r3, .L15+16
 101 0050 83F80090 		strb	r9, [r3]
  69:main.c        ****     IMU_over_threshold_flag = 0;
 102              		.loc 1 69 0
ARM GAS  C:\Users\Lory\AppData\Local\Temp\ccDT4Ixc.s 			page 4


 103 0054 434B     		ldr	r3, .L15+20
 104 0056 83F80090 		strb	r9, [r3]
  70:main.c        **** 
  71:main.c        ****     // End of setup
  72:main.c        ****     CyDelay(10);
 105              		.loc 1 72 0
 106 005a 0A20     		movs	r0, #10
 107 005c FFF7FEFF 		bl	CyDelay
 108              	.LVL13:
  73:main.c        ****     
  74:main.c        ****     // Define send flag
  75:main.c        ****     uint8_t send_flag = 0;
  76:main.c        **** 
  77:main.c        ****     // Uncomment this to erase EEPROM memory
  78:main.c        ****     EEPROM_resetMemory();
 109              		.loc 1 78 0
 110 0060 FFF7FEFF 		bl	EEPROM_resetMemory
 111              	.LVL14:
 112              	.L2:
  79:main.c        ****     
  80:main.c        ****     // Main loop
  81:main.c        ****     for(;;)
  82:main.c        ****     {   
  83:main.c        ****         // Board state handler
  84:main.c        ****         switch (button_state)
 113              		.loc 1 84 0
 114 0064 3D4B     		ldr	r3, .L15+12
 115 0066 1B78     		ldrb	r3, [r3]	@ zero_extendqisi2
 116 0068 DBB2     		uxtb	r3, r3
 117 006a 012B     		cmp	r3, #1
 118 006c 02D0     		beq	.L4
 119 006e 022B     		cmp	r3, #2
 120 0070 04D0     		beq	.L5
 121 0072 15E0     		b	.L3
 122              	.L4:
  85:main.c        ****         {
  86:main.c        ****             case STOP_MODE:
  87:main.c        ****                 
  88:main.c        ****                 // Do nothing
  89:main.c        ****                 break;
  90:main.c        ****             
  91:main.c        ****             case START_MODE:
  92:main.c        ****                 
  93:main.c        ****                 // Drive LED based on IMU data
  94:main.c        ****                 RGB_Driver(IMU_DataBuffer);
 123              		.loc 1 94 0
 124 0074 3C48     		ldr	r0, .L15+24
 125 0076 FFF7FEFF 		bl	RGB_Driver
 126              	.LVL15:
  95:main.c        ****                 break;
 127              		.loc 1 95 0
 128 007a 11E0     		b	.L3
 129              	.L5:
  96:main.c        ****      
  97:main.c        ****             case CONFIG_MODE:
  98:main.c        ****                 
  99:main.c        ****                 // Turn RGB LED on
ARM GAS  C:\Users\Lory\AppData\Local\Temp\ccDT4Ixc.s 			page 5


 100:main.c        ****                 RGB_Start();
 130              		.loc 1 100 0
 131 007c FFF7FEFF 		bl	RGB_Start
 132              	.LVL16:
 101:main.c        ****                 
 102:main.c        ****                 // Change send flag to send IMU data over UART
 103:main.c        ****                 while(EEPROM_retrieveConfigFlag() == 1)
 133              		.loc 1 103 0
 134 0080 05E0     		b	.L6
 135              	.L7:
 104:main.c        ****                 {
 105:main.c        ****                     // Assign new send flag based on knob
 106:main.c        ****                     send_flag = POT_Read_Value(send_flag);
 136              		.loc 1 106 0
 137 0082 4846     		mov	r0, r9
 138 0084 FFF7FEFF 		bl	POT_Read_Value
 139              	.LVL17:
 140 0088 8146     		mov	r9, r0
 141              	.LVL18:
 107:main.c        ****                     
 108:main.c        ****                     // Drive LED blue channel based on flag
 109:main.c        ****                     RGB_sendFlagNotify(send_flag);
 142              		.loc 1 109 0
 143 008a FFF7FEFF 		bl	RGB_sendFlagNotify
 144              	.LVL19:
 145              	.L6:
 103:main.c        ****                 {
 146              		.loc 1 103 0
 147 008e FFF7FEFF 		bl	EEPROM_retrieveConfigFlag
 148              	.LVL20:
 149 0092 0128     		cmp	r0, #1
 150 0094 F5D0     		beq	.L7
 110:main.c        ****                 }
 111:main.c        ****                 RGB_Stop();
 151              		.loc 1 111 0
 152 0096 FFF7FEFF 		bl	RGB_Stop
 153              	.LVL21:
 112:main.c        **** 
 113:main.c        ****                 // Save send flag inside EEPROM
 114:main.c        ****                 EEPROM_saveSendFlag(send_flag);
 154              		.loc 1 114 0
 155 009a 4846     		mov	r0, r9
 156 009c FFF7FEFF 		bl	EEPROM_saveSendFlag
 157              	.LVL22:
 158              	.L3:
 115:main.c        ****                 break;  
 116:main.c        ****         }
 117:main.c        ****         
 118:main.c        ****         // IMU ISR FIFO data overrun event
 119:main.c        ****         if (IMU_data_ready_flag == 1)
 159              		.loc 1 119 0
 160 00a0 2F4B     		ldr	r3, .L15+16
 161 00a2 1B78     		ldrb	r3, [r3]	@ zero_extendqisi2
 162 00a4 DBB2     		uxtb	r3, r3
 163 00a6 012B     		cmp	r3, #1
 164 00a8 12D1     		bne	.L8
 120:main.c        ****         {
ARM GAS  C:\Users\Lory\AppData\Local\Temp\ccDT4Ixc.s 			page 6


 121:main.c        ****             // Read data via SPI from IMU
 122:main.c        ****             IMU_ReadFIFO(IMU_DataBuffer);
 165              		.loc 1 122 0
 166 00aa 2F4C     		ldr	r4, .L15+24
 167 00ac 2046     		mov	r0, r4
 168 00ae FFF7FEFF 		bl	IMU_ReadFIFO
 169              	.LVL23:
 123:main.c        ****             
 124:main.c        ****             // Store the read FIFO in the LOG buffer
 125:main.c        ****             IMU_StoreFIFO(IMU_DataBuffer);
 170              		.loc 1 125 0
 171 00b2 2046     		mov	r0, r4
 172 00b4 FFF7FEFF 		bl	IMU_StoreFIFO
 173              	.LVL24:
 126:main.c        ****             
 127:main.c        ****             // Check EEPROM if send flag is set
 128:main.c        ****             if (EEPROM_retrieveSendFlag() == 1)
 174              		.loc 1 128 0
 175 00b8 FFF7FEFF 		bl	EEPROM_retrieveSendFlag
 176              	.LVL25:
 177 00bc 0128     		cmp	r0, #1
 178 00be 02D1     		bne	.L9
 129:main.c        ****             {
 130:main.c        ****                 //Send data read from FIFO via UART
 131:main.c        ****                 IMU_DataSend(IMU_DataBuffer);
 179              		.loc 1 131 0
 180 00c0 2046     		mov	r0, r4
 181 00c2 FFF7FEFF 		bl	IMU_DataSend
 182              	.LVL26:
 183              	.L9:
 132:main.c        ****             }
 133:main.c        **** 
 134:main.c        ****             // Reset the FIFO to enable next ISR occurrences
 135:main.c        ****             IMU_ResetFIFO();
 184              		.loc 1 135 0
 185 00c6 FFF7FEFF 		bl	IMU_ResetFIFO
 186              	.LVL27:
 136:main.c        ****             
 137:main.c        ****             // End of IMU data reading
 138:main.c        ****             IMU_data_ready_flag = 0;
 187              		.loc 1 138 0
 188 00ca 0022     		movs	r2, #0
 189 00cc 244B     		ldr	r3, .L15+16
 190 00ce 1A70     		strb	r2, [r3]
 191              	.L8:
 139:main.c        ****         }
 140:main.c        ****         
 141:main.c        ****         // IMU ISR over threshold event
 142:main.c        ****         if (IMU_over_threshold_flag == 1)
 192              		.loc 1 142 0
 193 00d0 244B     		ldr	r3, .L15+20
 194 00d2 1B78     		ldrb	r3, [r3]	@ zero_extendqisi2
 195 00d4 DBB2     		uxtb	r3, r3
 196 00d6 012B     		cmp	r3, #1
 197 00d8 C4D1     		bne	.L2
 198              	.L11:
 199              	.LBB2:
ARM GAS  C:\Users\Lory\AppData\Local\Temp\ccDT4Ixc.s 			page 7


 143:main.c        ****         {   
 144:main.c        ****             // Capture all over threshold event's interrupts
 145:main.c        ****             uint8_t int_reg;
 146:main.c        ****             while((int_reg = IMU_ReadByte(LIS3DH_INT1_SRC)) & (LIS3DH_INT1_SRC_IA_MASK));
 200              		.loc 1 146 0 discriminator 1
 201 00da 3120     		movs	r0, #49
 202 00dc FFF7FEFF 		bl	IMU_ReadByte
 203              	.LVL28:
 204 00e0 0646     		mov	r6, r0
 205              	.LVL29:
 206 00e2 10F0400F 		tst	r0, #64
 207 00e6 F8D1     		bne	.L11
 147:main.c        ****             
 148:main.c        ****             // Get sequential ID number
 149:main.c        ****             uint8_t log_id = EEPROM_retrieveLogCount();
 208              		.loc 1 149 0
 209 00e8 FFF7FEFF 		bl	EEPROM_retrieveLogCount
 210              	.LVL30:
 211 00ec 8246     		mov	r10, r0
 212              	.LVL31:
 150:main.c        ****             
 151:main.c        ****             // Get timestamp in seconds from boot
 152:main.c        ****             uint16_t timestamp = LOG_getTimestamp();
 213              		.loc 1 152 0
 214 00ee FFF7FEFF 		bl	LOG_getTimestamp
 215              	.LVL32:
 216 00f2 8346     		mov	fp, r0
 217              	.LVL33:
 218              	.LBB3:
 153:main.c        ****             
 154:main.c        ****             for (uint8_t i=0; i<LOG_PAGES_PER_EVENT; i++)
 219              		.loc 1 154 0
 220 00f4 0027     		movs	r7, #0
 221 00f6 22E0     		b	.L12
 222              	.LVL34:
 223              	.L13:
 224              	.LBB4:
 155:main.c        ****             {        
 156:main.c        ****                 // Get payload of 60 bytes from the IMU queue
 157:main.c        ****                 uint8_t payload[LOG_MESSAGE_DATA_BYTE];
 158:main.c        ****                 IMU_getPayload(payload, i);
 225              		.loc 1 158 0 discriminator 3
 226 00f8 0DAC     		add	r4, sp, #52
 227 00fa 3946     		mov	r1, r7
 228 00fc 2046     		mov	r0, r4
 229 00fe FFF7FEFF 		bl	IMU_getPayload
 230              	.LVL35:
 159:main.c        ****                 
 160:main.c        ****                 // Create log type message
 161:main.c        ****                 log_t log_message = LOG_createMessage(log_id, int_reg, timestamp, payload);
 231              		.loc 1 161 0 discriminator 3
 232 0102 0DF17008 		add	r8, sp, #112
 233 0106 0094     		str	r4, [sp]
 234 0108 5B46     		mov	r3, fp
 235 010a 3246     		mov	r2, r6
 236 010c 5146     		mov	r1, r10
 237 010e 4046     		mov	r0, r8
ARM GAS  C:\Users\Lory\AppData\Local\Temp\ccDT4Ixc.s 			page 8


 238 0110 FFF7FEFF 		bl	LOG_createMessage
 239              	.LVL36:
 162:main.c        ****                 
 163:main.c        ****                 // Store message inside EEPROM
 164:main.c        ****                 EEPROM_storeLogMessage(log_message);
 240              		.loc 1 164 0 discriminator 3
 241 0114 6C46     		mov	r4, sp
 242 0116 20AD     		add	r5, sp, #128
 243 0118 0FCD     		ldmia	r5!, {r0, r1, r2, r3}
 244 011a 0FC4     		stmia	r4!, {r0, r1, r2, r3}
 245 011c 0FCD     		ldmia	r5!, {r0, r1, r2, r3}
 246 011e 0FC4     		stmia	r4!, {r0, r1, r2, r3}
 247 0120 95E80F00 		ldmia	r5, {r0, r1, r2, r3}
 248 0124 84E80F00 		stmia	r4, {r0, r1, r2, r3}
 249 0128 98E80F00 		ldmia	r8, {r0, r1, r2, r3}
 250 012c FFF7FEFF 		bl	EEPROM_storeLogMessage
 251              	.LVL37:
 165:main.c        ****                 
 166:main.c        ****                 // Get page of first log
 167:main.c        ****                 log_t asd = EEPROM_retrieveLogMessage(log_id, i);
 252              		.loc 1 167 0 discriminator 3
 253 0130 3A46     		mov	r2, r7
 254 0132 5146     		mov	r1, r10
 255 0134 2CA8     		add	r0, sp, #176
 256 0136 FFF7FEFF 		bl	EEPROM_retrieveLogMessage
 257              	.LVL38:
 258              	.LBE4:
 154:main.c        ****             {        
 259              		.loc 1 154 0 discriminator 3
 260 013a 0137     		adds	r7, r7, #1
 261              	.LVL39:
 262 013c FFB2     		uxtb	r7, r7
 263              	.LVL40:
 264              	.L12:
 154:main.c        ****             {        
 265              		.loc 1 154 0 is_stmt 0 discriminator 1
 266 013e 042F     		cmp	r7, #4
 267 0140 DAD9     		bls	.L13
 268              	.LBE3:
 168:main.c        ****                 
 169:main.c        ****                 // Send message via uart
 170:main.c        ****                 //LOG_sendData(&asd);
 171:main.c        ****             }
 172:main.c        ****             
 173:main.c        ****             // End of over threshold event
 174:main.c        ****             IMU_over_threshold_flag = 0;
 269              		.loc 1 174 0 is_stmt 1
 270 0142 0022     		movs	r2, #0
 271 0144 074B     		ldr	r3, .L15+20
 272 0146 1A70     		strb	r2, [r3]
 175:main.c        ****             
 176:main.c        ****             // Reset the FIFO to enable new ISR occurrences
 177:main.c        ****             IMU_ResetFIFO();
 273              		.loc 1 177 0
 274 0148 FFF7FEFF 		bl	IMU_ResetFIFO
 275              	.LVL41:
 276 014c 8AE7     		b	.L2
ARM GAS  C:\Users\Lory\AppData\Local\Temp\ccDT4Ixc.s 			page 9


 277              	.L16:
 278 014e 00BF     		.align	2
 279              	.L15:
 280 0150 00000000 		.word	CUSTOM_ISR_IMU
 281 0154 00000000 		.word	CUSTOM_ISR_CONFIG
 282 0158 00000000 		.word	CUSTOM_ISR_START
 283 015c 00000000 		.word	button_state
 284 0160 00000000 		.word	IMU_data_ready_flag
 285 0164 00000000 		.word	IMU_over_threshold_flag
 286 0168 00000000 		.word	IMU_DataBuffer
 287              	.LBE2:
 288              		.cfi_endproc
 289              	.LFE64:
 290              		.size	main, .-main
 291              		.comm	bufferUART,100,4
 292              		.comm	button_state,1,1
 293              		.comm	IMU_over_threshold_flag,1,1
 294              		.comm	IMU_data_ready_flag,1,1
 295              		.comm	RGB_DataBuffer,3,4
 296              		.comm	IMU_log_queue,288,4
 297              		.comm	IMU_DataBuffer,192,4
 298              		.text
 299              	.Letext0:
 300              		.file 2 "c:\\program files (x86)\\cypress\\psoc creator\\4.3\\psoc creator\\import\\gnu\\arm\\5.4.
 301              		.file 3 "c:\\program files (x86)\\cypress\\psoc creator\\4.3\\psoc creator\\import\\gnu\\arm\\5.4.
 302              		.file 4 "LogUtils.h"
 303              		.file 5 "InterruptRoutines.h"
 304              		.file 6 "Generated_Source\\PSoC5/core_cm3.h"
 305              		.file 7 "LIS3DH.h"
 306              		.file 8 "RGB_Driver.h"
 307              		.file 9 "25LC256.h"
 308              		.file 10 "Generated_Source\\PSoC5/UART.h"
 309              		.file 11 "Generated_Source\\PSoC5/SPIM_IMU.h"
 310              		.file 12 "Generated_Source\\PSoC5/SPIM_EEPROM.h"
 311              		.file 13 "Generated_Source\\PSoC5/CyLib.h"
 312              		.file 14 "Generated_Source\\PSoC5/ISR_IMU.h"
 313              		.file 15 "Generated_Source\\PSoC5/ISR_CONFIG.h"
 314              		.file 16 "Generated_Source\\PSoC5/ISR_START.h"
 315              		.file 17 "Generated_Source\\PSoC5/BUTTON_TIMER.h"
 316              		.file 18 "Generated_Source\\PSoC5/CLICK_TIMER.h"
 317              		.file 19 "Generated_Source\\PSoC5/MAIN_TIMER.h"
 318              		.file 20 "Generated_Source\\PSoC5/ADC_DELSIG.h"
 319              		.file 21 "Notifications.h"
 320              		.section	.debug_info,"",%progbits
 321              	.Ldebug_info0:
 322 0000 2F060000 		.4byte	0x62f
 323 0004 0400     		.2byte	0x4
 324 0006 00000000 		.4byte	.Ldebug_abbrev0
 325 000a 04       		.byte	0x4
 326 000b 01       		.uleb128 0x1
 327 000c C2030000 		.4byte	.LASF75
 328 0010 0C       		.byte	0xc
 329 0011 0E030000 		.4byte	.LASF76
 330 0015 64040000 		.4byte	.LASF77
 331 0019 00000000 		.4byte	.Ldebug_ranges0+0
 332 001d 00000000 		.4byte	0
 333 0021 00000000 		.4byte	.Ldebug_line0
ARM GAS  C:\Users\Lory\AppData\Local\Temp\ccDT4Ixc.s 			page 10


 334 0025 02       		.uleb128 0x2
 335 0026 01       		.byte	0x1
 336 0027 06       		.byte	0x6
 337 0028 11020000 		.4byte	.LASF0
 338 002c 03       		.uleb128 0x3
 339 002d 88010000 		.4byte	.LASF3
 340 0031 02       		.byte	0x2
 341 0032 1D       		.byte	0x1d
 342 0033 37000000 		.4byte	0x37
 343 0037 02       		.uleb128 0x2
 344 0038 01       		.byte	0x1
 345 0039 08       		.byte	0x8
 346 003a EA010000 		.4byte	.LASF1
 347 003e 02       		.uleb128 0x2
 348 003f 02       		.byte	0x2
 349 0040 05       		.byte	0x5
 350 0041 82000000 		.4byte	.LASF2
 351 0045 03       		.uleb128 0x3
 352 0046 C7000000 		.4byte	.LASF4
 353 004a 02       		.byte	0x2
 354 004b 2B       		.byte	0x2b
 355 004c 50000000 		.4byte	0x50
 356 0050 02       		.uleb128 0x2
 357 0051 02       		.byte	0x2
 358 0052 07       		.byte	0x7
 359 0053 58020000 		.4byte	.LASF5
 360 0057 03       		.uleb128 0x3
 361 0058 65030000 		.4byte	.LASF6
 362 005c 02       		.byte	0x2
 363 005d 3F       		.byte	0x3f
 364 005e 62000000 		.4byte	0x62
 365 0062 02       		.uleb128 0x2
 366 0063 04       		.byte	0x4
 367 0064 05       		.byte	0x5
 368 0065 96020000 		.4byte	.LASF7
 369 0069 02       		.uleb128 0x2
 370 006a 04       		.byte	0x4
 371 006b 07       		.byte	0x7
 372 006c 15030000 		.4byte	.LASF8
 373 0070 02       		.uleb128 0x2
 374 0071 08       		.byte	0x8
 375 0072 05       		.byte	0x5
 376 0073 33010000 		.4byte	.LASF9
 377 0077 02       		.uleb128 0x2
 378 0078 08       		.byte	0x8
 379 0079 07       		.byte	0x7
 380 007a 25020000 		.4byte	.LASF10
 381 007e 04       		.uleb128 0x4
 382 007f 04       		.byte	0x4
 383 0080 05       		.byte	0x5
 384 0081 696E7400 		.ascii	"int\000"
 385 0085 02       		.uleb128 0x2
 386 0086 04       		.byte	0x4
 387 0087 07       		.byte	0x7
 388 0088 3C020000 		.4byte	.LASF11
 389 008c 03       		.uleb128 0x3
 390 008d 05010000 		.4byte	.LASF12
ARM GAS  C:\Users\Lory\AppData\Local\Temp\ccDT4Ixc.s 			page 11


 391 0091 03       		.byte	0x3
 392 0092 18       		.byte	0x18
 393 0093 2C000000 		.4byte	0x2c
 394 0097 03       		.uleb128 0x3
 395 0098 49020000 		.4byte	.LASF13
 396 009c 03       		.byte	0x3
 397 009d 24       		.byte	0x24
 398 009e 45000000 		.4byte	0x45
 399 00a2 03       		.uleb128 0x3
 400 00a3 1D020000 		.4byte	.LASF14
 401 00a7 03       		.byte	0x3
 402 00a8 2C       		.byte	0x2c
 403 00a9 57000000 		.4byte	0x57
 404 00ad 02       		.uleb128 0x2
 405 00ae 04       		.byte	0x4
 406 00af 04       		.byte	0x4
 407 00b0 0D010000 		.4byte	.LASF15
 408 00b4 02       		.uleb128 0x2
 409 00b5 08       		.byte	0x8
 410 00b6 04       		.byte	0x4
 411 00b7 A7030000 		.4byte	.LASF16
 412 00bb 02       		.uleb128 0x2
 413 00bc 01       		.byte	0x1
 414 00bd 08       		.byte	0x8
 415 00be 84020000 		.4byte	.LASF17
 416 00c2 02       		.uleb128 0x2
 417 00c3 08       		.byte	0x8
 418 00c4 04       		.byte	0x4
 419 00c5 CF010000 		.4byte	.LASF18
 420 00c9 02       		.uleb128 0x2
 421 00ca 04       		.byte	0x4
 422 00cb 07       		.byte	0x7
 423 00cc 93030000 		.4byte	.LASF19
 424 00d0 05       		.uleb128 0x5
 425 00d1 8C000000 		.4byte	0x8c
 426 00d5 06       		.uleb128 0x6
 427 00d6 40       		.byte	0x40
 428 00d7 04       		.byte	0x4
 429 00d8 1A       		.byte	0x1a
 430 00d9 0E010000 		.4byte	0x10e
 431 00dd 07       		.uleb128 0x7
 432 00de 0B020000 		.4byte	.LASF20
 433 00e2 04       		.byte	0x4
 434 00e3 1B       		.byte	0x1b
 435 00e4 8C000000 		.4byte	0x8c
 436 00e8 00       		.byte	0
 437 00e9 07       		.uleb128 0x7
 438 00ea 6B020000 		.4byte	.LASF21
 439 00ee 04       		.byte	0x4
 440 00ef 1C       		.byte	0x1c
 441 00f0 8C000000 		.4byte	0x8c
 442 00f4 01       		.byte	0x1
 443 00f5 07       		.uleb128 0x7
 444 00f6 26000000 		.4byte	.LASF22
 445 00fa 04       		.byte	0x4
 446 00fb 1D       		.byte	0x1d
 447 00fc 97000000 		.4byte	0x97
ARM GAS  C:\Users\Lory\AppData\Local\Temp\ccDT4Ixc.s 			page 12


 448 0100 02       		.byte	0x2
 449 0101 07       		.uleb128 0x7
 450 0102 E2020000 		.4byte	.LASF23
 451 0106 04       		.byte	0x4
 452 0107 1E       		.byte	0x1e
 453 0108 0E010000 		.4byte	0x10e
 454 010c 04       		.byte	0x4
 455 010d 00       		.byte	0
 456 010e 08       		.uleb128 0x8
 457 010f 8C000000 		.4byte	0x8c
 458 0113 1E010000 		.4byte	0x11e
 459 0117 09       		.uleb128 0x9
 460 0118 C9000000 		.4byte	0xc9
 461 011c 3B       		.byte	0x3b
 462 011d 00       		.byte	0
 463 011e 03       		.uleb128 0x3
 464 011f 52020000 		.4byte	.LASF24
 465 0123 04       		.byte	0x4
 466 0124 1F       		.byte	0x1f
 467 0125 D5000000 		.4byte	0xd5
 468 0129 0A       		.uleb128 0xa
 469 012a 01       		.byte	0x1
 470 012b 37000000 		.4byte	0x37
 471 012f 05       		.byte	0x5
 472 0130 17       		.byte	0x17
 473 0131 48010000 		.4byte	0x148
 474 0135 0B       		.uleb128 0xb
 475 0136 41010000 		.4byte	.LASF25
 476 013a 00       		.byte	0
 477 013b 0B       		.uleb128 0xb
 478 013c 9C030000 		.4byte	.LASF26
 479 0140 01       		.byte	0x1
 480 0141 0B       		.uleb128 0xb
 481 0142 50040000 		.4byte	.LASF27
 482 0146 02       		.byte	0x2
 483 0147 00       		.byte	0
 484 0148 03       		.uleb128 0x3
 485 0149 61000000 		.4byte	.LASF28
 486 014d 05       		.byte	0x5
 487 014e 1B       		.byte	0x1b
 488 014f 29010000 		.4byte	0x129
 489 0153 0C       		.uleb128 0xc
 490 0154 B4000000 		.4byte	.LASF78
 491 0158 01       		.byte	0x1
 492 0159 1C       		.byte	0x1c
 493 015a 7E000000 		.4byte	0x7e
 494 015e 00000000 		.4byte	.LFB64
 495 0162 6C010000 		.4byte	.LFE64-.LFB64
 496 0166 01       		.uleb128 0x1
 497 0167 9C       		.byte	0x9c
 498 0168 F8030000 		.4byte	0x3f8
 499 016c 0D       		.uleb128 0xd
 500 016d FB000000 		.4byte	.LASF29
 501 0171 01       		.byte	0x1
 502 0172 4B       		.byte	0x4b
 503 0173 8C000000 		.4byte	0x8c
 504 0177 00000000 		.4byte	.LLST0
ARM GAS  C:\Users\Lory\AppData\Local\Temp\ccDT4Ixc.s 			page 13


 505 017b 0E       		.uleb128 0xe
 506 017c DA000000 		.4byte	.LBB2
 507 0180 92000000 		.4byte	.LBE2-.LBB2
 508 0184 A0020000 		.4byte	0x2a0
 509 0188 0D       		.uleb128 0xd
 510 0189 2B010000 		.4byte	.LASF30
 511 018d 01       		.byte	0x1
 512 018e 91       		.byte	0x91
 513 018f 8C000000 		.4byte	0x8c
 514 0193 1F000000 		.4byte	.LLST1
 515 0197 0F       		.uleb128 0xf
 516 0198 AD000000 		.4byte	.LASF31
 517 019c 01       		.byte	0x1
 518 019d 95       		.byte	0x95
 519 019e 8C000000 		.4byte	0x8c
 520 01a2 01       		.uleb128 0x1
 521 01a3 5A       		.byte	0x5a
 522 01a4 0F       		.uleb128 0xf
 523 01a5 26000000 		.4byte	.LASF22
 524 01a9 01       		.byte	0x1
 525 01aa 98       		.byte	0x98
 526 01ab 97000000 		.4byte	0x97
 527 01af 01       		.uleb128 0x1
 528 01b0 5B       		.byte	0x5b
 529 01b1 0E       		.uleb128 0xe
 530 01b2 F4000000 		.4byte	.LBB3
 531 01b6 4E000000 		.4byte	.LBE3-.LBB3
 532 01ba 70020000 		.4byte	0x270
 533 01be 10       		.uleb128 0x10
 534 01bf 6900     		.ascii	"i\000"
 535 01c1 01       		.byte	0x1
 536 01c2 9A       		.byte	0x9a
 537 01c3 8C000000 		.4byte	0x8c
 538 01c7 32000000 		.4byte	.LLST2
 539 01cb 11       		.uleb128 0x11
 540 01cc F8000000 		.4byte	.LBB4
 541 01d0 42000000 		.4byte	.LBE4-.LBB4
 542 01d4 0F       		.uleb128 0xf
 543 01d5 1D050000 		.4byte	.LASF32
 544 01d9 01       		.byte	0x1
 545 01da 9D       		.byte	0x9d
 546 01db 0E010000 		.4byte	0x10e
 547 01df 03       		.uleb128 0x3
 548 01e0 91       		.byte	0x91
 549 01e1 9C7E     		.sleb128 -228
 550 01e3 0F       		.uleb128 0xf
 551 01e4 59010000 		.4byte	.LASF33
 552 01e8 01       		.byte	0x1
 553 01e9 A1       		.byte	0xa1
 554 01ea 1E010000 		.4byte	0x11e
 555 01ee 03       		.uleb128 0x3
 556 01ef 91       		.byte	0x91
 557 01f0 D87E     		.sleb128 -168
 558 01f2 12       		.uleb128 0x12
 559 01f3 61736400 		.ascii	"asd\000"
 560 01f7 01       		.byte	0x1
 561 01f8 A7       		.byte	0xa7
ARM GAS  C:\Users\Lory\AppData\Local\Temp\ccDT4Ixc.s 			page 14


 562 01f9 1E010000 		.4byte	0x11e
 563 01fd 03       		.uleb128 0x3
 564 01fe 91       		.byte	0x91
 565 01ff 987F     		.sleb128 -104
 566 0201 13       		.uleb128 0x13
 567 0202 02010000 		.4byte	.LVL35
 568 0206 C6040000 		.4byte	0x4c6
 569 020a 1B020000 		.4byte	0x21b
 570 020e 14       		.uleb128 0x14
 571 020f 01       		.uleb128 0x1
 572 0210 50       		.byte	0x50
 573 0211 02       		.uleb128 0x2
 574 0212 74       		.byte	0x74
 575 0213 00       		.sleb128 0
 576 0214 14       		.uleb128 0x14
 577 0215 01       		.uleb128 0x1
 578 0216 51       		.byte	0x51
 579 0217 02       		.uleb128 0x2
 580 0218 77       		.byte	0x77
 581 0219 00       		.sleb128 0
 582 021a 00       		.byte	0
 583 021b 13       		.uleb128 0x13
 584 021c 14010000 		.4byte	.LVL36
 585 0220 D1040000 		.4byte	0x4d1
 586 0224 48020000 		.4byte	0x248
 587 0228 14       		.uleb128 0x14
 588 0229 01       		.uleb128 0x1
 589 022a 50       		.byte	0x50
 590 022b 02       		.uleb128 0x2
 591 022c 78       		.byte	0x78
 592 022d 00       		.sleb128 0
 593 022e 14       		.uleb128 0x14
 594 022f 01       		.uleb128 0x1
 595 0230 51       		.byte	0x51
 596 0231 02       		.uleb128 0x2
 597 0232 7A       		.byte	0x7a
 598 0233 00       		.sleb128 0
 599 0234 14       		.uleb128 0x14
 600 0235 01       		.uleb128 0x1
 601 0236 52       		.byte	0x52
 602 0237 02       		.uleb128 0x2
 603 0238 76       		.byte	0x76
 604 0239 00       		.sleb128 0
 605 023a 14       		.uleb128 0x14
 606 023b 01       		.uleb128 0x1
 607 023c 53       		.byte	0x53
 608 023d 02       		.uleb128 0x2
 609 023e 7B       		.byte	0x7b
 610 023f 00       		.sleb128 0
 611 0240 14       		.uleb128 0x14
 612 0241 02       		.uleb128 0x2
 613 0242 7D       		.byte	0x7d
 614 0243 00       		.sleb128 0
 615 0244 02       		.uleb128 0x2
 616 0245 74       		.byte	0x74
 617 0246 00       		.sleb128 0
 618 0247 00       		.byte	0
ARM GAS  C:\Users\Lory\AppData\Local\Temp\ccDT4Ixc.s 			page 15


 619 0248 15       		.uleb128 0x15
 620 0249 30010000 		.4byte	.LVL37
 621 024d DC040000 		.4byte	0x4dc
 622 0251 16       		.uleb128 0x16
 623 0252 3A010000 		.4byte	.LVL38
 624 0256 E7040000 		.4byte	0x4e7
 625 025a 14       		.uleb128 0x14
 626 025b 01       		.uleb128 0x1
 627 025c 50       		.byte	0x50
 628 025d 03       		.uleb128 0x3
 629 025e 91       		.byte	0x91
 630 025f 987F     		.sleb128 -104
 631 0261 14       		.uleb128 0x14
 632 0262 01       		.uleb128 0x1
 633 0263 51       		.byte	0x51
 634 0264 02       		.uleb128 0x2
 635 0265 7A       		.byte	0x7a
 636 0266 00       		.sleb128 0
 637 0267 14       		.uleb128 0x14
 638 0268 01       		.uleb128 0x1
 639 0269 52       		.byte	0x52
 640 026a 02       		.uleb128 0x2
 641 026b 77       		.byte	0x77
 642 026c 00       		.sleb128 0
 643 026d 00       		.byte	0
 644 026e 00       		.byte	0
 645 026f 00       		.byte	0
 646 0270 13       		.uleb128 0x13
 647 0271 E0000000 		.4byte	.LVL28
 648 0275 F2040000 		.4byte	0x4f2
 649 0279 84020000 		.4byte	0x284
 650 027d 14       		.uleb128 0x14
 651 027e 01       		.uleb128 0x1
 652 027f 50       		.byte	0x50
 653 0280 02       		.uleb128 0x2
 654 0281 08       		.byte	0x8
 655 0282 31       		.byte	0x31
 656 0283 00       		.byte	0
 657 0284 15       		.uleb128 0x15
 658 0285 EC000000 		.4byte	.LVL30
 659 0289 FE040000 		.4byte	0x4fe
 660 028d 15       		.uleb128 0x15
 661 028e F2000000 		.4byte	.LVL32
 662 0292 09050000 		.4byte	0x509
 663 0296 15       		.uleb128 0x15
 664 0297 4C010000 		.4byte	.LVL41
 665 029b 14050000 		.4byte	0x514
 666 029f 00       		.byte	0
 667 02a0 15       		.uleb128 0x15
 668 02a1 0C000000 		.4byte	.LVL0
 669 02a5 1F050000 		.4byte	0x51f
 670 02a9 15       		.uleb128 0x15
 671 02aa 10000000 		.4byte	.LVL1
 672 02ae 2A050000 		.4byte	0x52a
 673 02b2 15       		.uleb128 0x15
 674 02b3 14000000 		.4byte	.LVL2
 675 02b7 35050000 		.4byte	0x535
ARM GAS  C:\Users\Lory\AppData\Local\Temp\ccDT4Ixc.s 			page 16


 676 02bb 13       		.uleb128 0x13
 677 02bc 1A000000 		.4byte	.LVL3
 678 02c0 40050000 		.4byte	0x540
 679 02c4 CE020000 		.4byte	0x2ce
 680 02c8 14       		.uleb128 0x14
 681 02c9 01       		.uleb128 0x1
 682 02ca 50       		.byte	0x50
 683 02cb 01       		.uleb128 0x1
 684 02cc 3A       		.byte	0x3a
 685 02cd 00       		.byte	0
 686 02ce 15       		.uleb128 0x15
 687 02cf 1E000000 		.4byte	.LVL4
 688 02d3 4B050000 		.4byte	0x54b
 689 02d7 15       		.uleb128 0x15
 690 02d8 24000000 		.4byte	.LVL5
 691 02dc 56050000 		.4byte	0x556
 692 02e0 15       		.uleb128 0x15
 693 02e1 2A000000 		.4byte	.LVL6
 694 02e5 61050000 		.4byte	0x561
 695 02e9 15       		.uleb128 0x15
 696 02ea 30000000 		.4byte	.LVL7
 697 02ee 6C050000 		.4byte	0x56c
 698 02f2 15       		.uleb128 0x15
 699 02f3 34000000 		.4byte	.LVL8
 700 02f7 77050000 		.4byte	0x577
 701 02fb 15       		.uleb128 0x15
 702 02fc 38000000 		.4byte	.LVL9
 703 0300 82050000 		.4byte	0x582
 704 0304 15       		.uleb128 0x15
 705 0305 3C000000 		.4byte	.LVL10
 706 0309 8D050000 		.4byte	0x58d
 707 030d 15       		.uleb128 0x15
 708 030e 40000000 		.4byte	.LVL11
 709 0312 98050000 		.4byte	0x598
 710 0316 15       		.uleb128 0x15
 711 0317 44000000 		.4byte	.LVL12
 712 031b A3050000 		.4byte	0x5a3
 713 031f 13       		.uleb128 0x13
 714 0320 60000000 		.4byte	.LVL13
 715 0324 40050000 		.4byte	0x540
 716 0328 32030000 		.4byte	0x332
 717 032c 14       		.uleb128 0x14
 718 032d 01       		.uleb128 0x1
 719 032e 50       		.byte	0x50
 720 032f 01       		.uleb128 0x1
 721 0330 3A       		.byte	0x3a
 722 0331 00       		.byte	0
 723 0332 15       		.uleb128 0x15
 724 0333 64000000 		.4byte	.LVL14
 725 0337 AE050000 		.4byte	0x5ae
 726 033b 13       		.uleb128 0x13
 727 033c 7A000000 		.4byte	.LVL15
 728 0340 B9050000 		.4byte	0x5b9
 729 0344 52030000 		.4byte	0x352
 730 0348 14       		.uleb128 0x14
 731 0349 01       		.uleb128 0x1
 732 034a 50       		.byte	0x50
ARM GAS  C:\Users\Lory\AppData\Local\Temp\ccDT4Ixc.s 			page 17


 733 034b 05       		.uleb128 0x5
 734 034c 03       		.byte	0x3
 735 034d 00000000 		.4byte	IMU_DataBuffer
 736 0351 00       		.byte	0
 737 0352 15       		.uleb128 0x15
 738 0353 80000000 		.4byte	.LVL16
 739 0357 C4050000 		.4byte	0x5c4
 740 035b 13       		.uleb128 0x13
 741 035c 88000000 		.4byte	.LVL17
 742 0360 CF050000 		.4byte	0x5cf
 743 0364 6F030000 		.4byte	0x36f
 744 0368 14       		.uleb128 0x14
 745 0369 01       		.uleb128 0x1
 746 036a 50       		.byte	0x50
 747 036b 02       		.uleb128 0x2
 748 036c 79       		.byte	0x79
 749 036d 00       		.sleb128 0
 750 036e 00       		.byte	0
 751 036f 13       		.uleb128 0x13
 752 0370 8E000000 		.4byte	.LVL19
 753 0374 DA050000 		.4byte	0x5da
 754 0378 83030000 		.4byte	0x383
 755 037c 14       		.uleb128 0x14
 756 037d 01       		.uleb128 0x1
 757 037e 50       		.byte	0x50
 758 037f 02       		.uleb128 0x2
 759 0380 79       		.byte	0x79
 760 0381 00       		.sleb128 0
 761 0382 00       		.byte	0
 762 0383 15       		.uleb128 0x15
 763 0384 92000000 		.4byte	.LVL20
 764 0388 E5050000 		.4byte	0x5e5
 765 038c 15       		.uleb128 0x15
 766 038d 9A000000 		.4byte	.LVL21
 767 0391 F0050000 		.4byte	0x5f0
 768 0395 13       		.uleb128 0x13
 769 0396 A0000000 		.4byte	.LVL22
 770 039a FB050000 		.4byte	0x5fb
 771 039e A9030000 		.4byte	0x3a9
 772 03a2 14       		.uleb128 0x14
 773 03a3 01       		.uleb128 0x1
 774 03a4 50       		.byte	0x50
 775 03a5 02       		.uleb128 0x2
 776 03a6 79       		.byte	0x79
 777 03a7 00       		.sleb128 0
 778 03a8 00       		.byte	0
 779 03a9 13       		.uleb128 0x13
 780 03aa B2000000 		.4byte	.LVL23
 781 03ae 06060000 		.4byte	0x606
 782 03b2 BD030000 		.4byte	0x3bd
 783 03b6 14       		.uleb128 0x14
 784 03b7 01       		.uleb128 0x1
 785 03b8 50       		.byte	0x50
 786 03b9 02       		.uleb128 0x2
 787 03ba 74       		.byte	0x74
 788 03bb 00       		.sleb128 0
 789 03bc 00       		.byte	0
ARM GAS  C:\Users\Lory\AppData\Local\Temp\ccDT4Ixc.s 			page 18


 790 03bd 13       		.uleb128 0x13
 791 03be B8000000 		.4byte	.LVL24
 792 03c2 11060000 		.4byte	0x611
 793 03c6 D1030000 		.4byte	0x3d1
 794 03ca 14       		.uleb128 0x14
 795 03cb 01       		.uleb128 0x1
 796 03cc 50       		.byte	0x50
 797 03cd 02       		.uleb128 0x2
 798 03ce 74       		.byte	0x74
 799 03cf 00       		.sleb128 0
 800 03d0 00       		.byte	0
 801 03d1 15       		.uleb128 0x15
 802 03d2 BC000000 		.4byte	.LVL25
 803 03d6 1C060000 		.4byte	0x61c
 804 03da 13       		.uleb128 0x13
 805 03db C6000000 		.4byte	.LVL26
 806 03df 27060000 		.4byte	0x627
 807 03e3 EE030000 		.4byte	0x3ee
 808 03e7 14       		.uleb128 0x14
 809 03e8 01       		.uleb128 0x1
 810 03e9 50       		.byte	0x50
 811 03ea 02       		.uleb128 0x2
 812 03eb 74       		.byte	0x74
 813 03ec 00       		.sleb128 0
 814 03ed 00       		.byte	0
 815 03ee 15       		.uleb128 0x15
 816 03ef CA000000 		.4byte	.LVL27
 817 03f3 14050000 		.4byte	0x514
 818 03f7 00       		.byte	0
 819 03f8 17       		.uleb128 0x17
 820 03f9 89020000 		.4byte	.LASF34
 821 03fd 06       		.byte	0x6
 822 03fe 1207     		.2byte	0x712
 823 0400 04040000 		.4byte	0x404
 824 0404 05       		.uleb128 0x5
 825 0405 A2000000 		.4byte	0xa2
 826 0409 08       		.uleb128 0x8
 827 040a 8C000000 		.4byte	0x8c
 828 040e 19040000 		.4byte	0x419
 829 0412 09       		.uleb128 0x9
 830 0413 C9000000 		.4byte	0xc9
 831 0417 BF       		.byte	0xbf
 832 0418 00       		.byte	0
 833 0419 18       		.uleb128 0x18
 834 041a C4020000 		.4byte	.LASF35
 835 041e 07       		.byte	0x7
 836 041f 1A       		.byte	0x1a
 837 0420 09040000 		.4byte	0x409
 838 0424 05       		.uleb128 0x5
 839 0425 03       		.byte	0x3
 840 0426 00000000 		.4byte	IMU_DataBuffer
 841 042a 08       		.uleb128 0x8
 842 042b 8C000000 		.4byte	0x8c
 843 042f 3B040000 		.4byte	0x43b
 844 0433 19       		.uleb128 0x19
 845 0434 C9000000 		.4byte	0xc9
 846 0438 1F01     		.2byte	0x11f
ARM GAS  C:\Users\Lory\AppData\Local\Temp\ccDT4Ixc.s 			page 19


 847 043a 00       		.byte	0
 848 043b 18       		.uleb128 0x18
 849 043c 4B010000 		.4byte	.LASF36
 850 0440 07       		.byte	0x7
 851 0441 1C       		.byte	0x1c
 852 0442 2A040000 		.4byte	0x42a
 853 0446 05       		.uleb128 0x5
 854 0447 03       		.byte	0x3
 855 0448 00000000 		.4byte	IMU_log_queue
 856 044c 08       		.uleb128 0x8
 857 044d 8C000000 		.4byte	0x8c
 858 0451 5C040000 		.4byte	0x45c
 859 0455 09       		.uleb128 0x9
 860 0456 C9000000 		.4byte	0xc9
 861 045a 02       		.byte	0x2
 862 045b 00       		.byte	0
 863 045c 18       		.uleb128 0x18
 864 045d 8C000000 		.4byte	.LASF37
 865 0461 08       		.byte	0x8
 866 0462 21       		.byte	0x21
 867 0463 4C040000 		.4byte	0x44c
 868 0467 05       		.uleb128 0x5
 869 0468 03       		.byte	0x3
 870 0469 00000000 		.4byte	RGB_DataBuffer
 871 046d 18       		.uleb128 0x18
 872 046e 00000000 		.4byte	.LASF38
 873 0472 05       		.byte	0x5
 874 0473 23       		.byte	0x23
 875 0474 D0000000 		.4byte	0xd0
 876 0478 05       		.uleb128 0x5
 877 0479 03       		.byte	0x3
 878 047a 00000000 		.4byte	IMU_data_ready_flag
 879 047e 18       		.uleb128 0x18
 880 047f 6A000000 		.4byte	.LASF39
 881 0483 05       		.byte	0x5
 882 0484 24       		.byte	0x24
 883 0485 D0000000 		.4byte	0xd0
 884 0489 05       		.uleb128 0x5
 885 048a 03       		.byte	0x3
 886 048b 00000000 		.4byte	IMU_over_threshold_flag
 887 048f 18       		.uleb128 0x18
 888 0490 44030000 		.4byte	.LASF40
 889 0494 05       		.byte	0x5
 890 0495 27       		.byte	0x27
 891 0496 A0040000 		.4byte	0x4a0
 892 049a 05       		.uleb128 0x5
 893 049b 03       		.byte	0x3
 894 049c 00000000 		.4byte	button_state
 895 04a0 05       		.uleb128 0x5
 896 04a1 48010000 		.4byte	0x148
 897 04a5 08       		.uleb128 0x8
 898 04a6 BB000000 		.4byte	0xbb
 899 04aa B5040000 		.4byte	0x4b5
 900 04ae 09       		.uleb128 0x9
 901 04af C9000000 		.4byte	0xc9
 902 04b3 63       		.byte	0x63
 903 04b4 00       		.byte	0
ARM GAS  C:\Users\Lory\AppData\Local\Temp\ccDT4Ixc.s 			page 20


 904 04b5 18       		.uleb128 0x18
 905 04b6 E3000000 		.4byte	.LASF41
 906 04ba 01       		.byte	0x1
 907 04bb 17       		.byte	0x17
 908 04bc A5040000 		.4byte	0x4a5
 909 04c0 05       		.uleb128 0x5
 910 04c1 03       		.byte	0x3
 911 04c2 00000000 		.4byte	bufferUART
 912 04c6 1A       		.uleb128 0x1a
 913 04c7 E7020000 		.4byte	.LASF42
 914 04cb E7020000 		.4byte	.LASF42
 915 04cf 07       		.byte	0x7
 916 04d0 F7       		.byte	0xf7
 917 04d1 1A       		.uleb128 0x1a
 918 04d2 72020000 		.4byte	.LASF43
 919 04d6 72020000 		.4byte	.LASF43
 920 04da 04       		.byte	0x4
 921 04db 22       		.byte	0x22
 922 04dc 1A       		.uleb128 0x1a
 923 04dd 30000000 		.4byte	.LASF44
 924 04e1 30000000 		.4byte	.LASF44
 925 04e5 09       		.byte	0x9
 926 04e6 C4       		.byte	0xc4
 927 04e7 1A       		.uleb128 0x1a
 928 04e8 47000000 		.4byte	.LASF45
 929 04ec 47000000 		.4byte	.LASF45
 930 04f0 09       		.byte	0x9
 931 04f1 D4       		.byte	0xd4
 932 04f2 1B       		.uleb128 0x1b
 933 04f3 27030000 		.4byte	.LASF46
 934 04f7 27030000 		.4byte	.LASF46
 935 04fb 07       		.byte	0x7
 936 04fc 0701     		.2byte	0x107
 937 04fe 1A       		.uleb128 0x1a
 938 04ff 13010000 		.4byte	.LASF47
 939 0503 13010000 		.4byte	.LASF47
 940 0507 09       		.byte	0x9
 941 0508 B2       		.byte	0xb2
 942 0509 1A       		.uleb128 0x1a
 943 050a D2000000 		.4byte	.LASF48
 944 050e D2000000 		.4byte	.LASF48
 945 0512 04       		.byte	0x4
 946 0513 24       		.byte	0x24
 947 0514 1A       		.uleb128 0x1a
 948 0515 C1010000 		.4byte	.LASF49
 949 0519 C1010000 		.4byte	.LASF49
 950 051d 07       		.byte	0x7
 951 051e F9       		.byte	0xf9
 952 051f 1A       		.uleb128 0x1a
 953 0520 9F020000 		.4byte	.LASF50
 954 0524 9F020000 		.4byte	.LASF50
 955 0528 0A       		.byte	0xa
 956 0529 54       		.byte	0x54
 957 052a 1A       		.uleb128 0x1a
 958 052b DB010000 		.4byte	.LASF51
 959 052f DB010000 		.4byte	.LASF51
 960 0533 0B       		.byte	0xb
ARM GAS  C:\Users\Lory\AppData\Local\Temp\ccDT4Ixc.s 			page 21


 961 0534 4D       		.byte	0x4d
 962 0535 1A       		.uleb128 0x1a
 963 0536 9B000000 		.4byte	.LASF52
 964 053a 9B000000 		.4byte	.LASF52
 965 053e 0C       		.byte	0xc
 966 053f 4D       		.byte	0x4d
 967 0540 1A       		.uleb128 0x1a
 968 0541 5C040000 		.4byte	.LASF53
 969 0545 5C040000 		.4byte	.LASF53
 970 0549 0D       		.byte	0xd
 971 054a 76       		.byte	0x76
 972 054b 1A       		.uleb128 0x1a
 973 054c 00050000 		.4byte	.LASF54
 974 0550 00050000 		.4byte	.LASF54
 975 0554 07       		.byte	0x7
 976 0555 EF       		.byte	0xef
 977 0556 1A       		.uleb128 0x1a
 978 0557 34030000 		.4byte	.LASF55
 979 055b 34030000 		.4byte	.LASF55
 980 055f 0E       		.byte	0xe
 981 0560 18       		.byte	0x18
 982 0561 1A       		.uleb128 0x1a
 983 0562 AE010000 		.4byte	.LASF56
 984 0566 AE010000 		.4byte	.LASF56
 985 056a 0F       		.byte	0xf
 986 056b 18       		.byte	0x18
 987 056c 1A       		.uleb128 0x1a
 988 056d 14000000 		.4byte	.LASF57
 989 0571 14000000 		.4byte	.LASF57
 990 0575 10       		.byte	0x10
 991 0576 18       		.byte	0x18
 992 0577 1A       		.uleb128 0x1a
 993 0578 9B010000 		.4byte	.LASF58
 994 057c 9B010000 		.4byte	.LASF58
 995 0580 11       		.byte	0x11
 996 0581 5A       		.byte	0x5a
 997 0582 1A       		.uleb128 0x1a
 998 0583 76010000 		.4byte	.LASF59
 999 0587 76010000 		.4byte	.LASF59
 1000 058b 12       		.byte	0x12
 1001 058c 5A       		.byte	0x5a
 1002 058d 1A       		.uleb128 0x1a
 1003 058e 65010000 		.4byte	.LASF60
 1004 0592 65010000 		.4byte	.LASF60
 1005 0596 13       		.byte	0x13
 1006 0597 5A       		.byte	0x5a
 1007 0598 1A       		.uleb128 0x1a
 1008 0599 82030000 		.4byte	.LASF61
 1009 059d 82030000 		.4byte	.LASF61
 1010 05a1 14       		.byte	0x14
 1011 05a2 3A       		.byte	0x3a
 1012 05a3 1A       		.uleb128 0x1a
 1013 05a4 AE030000 		.4byte	.LASF62
 1014 05a8 AE030000 		.4byte	.LASF62
 1015 05ac 08       		.byte	0x8
 1016 05ad 16       		.byte	0x16
 1017 05ae 1A       		.uleb128 0x1a
ARM GAS  C:\Users\Lory\AppData\Local\Temp\ccDT4Ixc.s 			page 22


 1018 05af 6F030000 		.4byte	.LASF63
 1019 05b3 6F030000 		.4byte	.LASF63
 1020 05b7 09       		.byte	0x9
 1021 05b8 DA       		.byte	0xda
 1022 05b9 1A       		.uleb128 0x1a
 1023 05ba B7030000 		.4byte	.LASF64
 1024 05be B7030000 		.4byte	.LASF64
 1025 05c2 08       		.byte	0x8
 1026 05c3 19       		.byte	0x19
 1027 05c4 1A       		.uleb128 0x1a
 1028 05c5 13050000 		.4byte	.LASF65
 1029 05c9 13050000 		.4byte	.LASF65
 1030 05cd 08       		.byte	0x8
 1031 05ce 18       		.byte	0x18
 1032 05cf 1A       		.uleb128 0x1a
 1033 05d0 D3020000 		.4byte	.LASF66
 1034 05d4 D3020000 		.4byte	.LASF66
 1035 05d8 15       		.byte	0x15
 1036 05d9 1C       		.byte	0x1c
 1037 05da 1A       		.uleb128 0x1a
 1038 05db F8010000 		.4byte	.LASF67
 1039 05df F8010000 		.4byte	.LASF67
 1040 05e3 08       		.byte	0x8
 1041 05e4 1A       		.byte	0x1a
 1042 05e5 1A       		.uleb128 0x1a
 1043 05e6 AA020000 		.4byte	.LASF68
 1044 05ea AA020000 		.4byte	.LASF68
 1045 05ee 09       		.byte	0x9
 1046 05ef 94       		.byte	0x94
 1047 05f0 1A       		.uleb128 0x1a
 1048 05f1 92010000 		.4byte	.LASF69
 1049 05f5 92010000 		.4byte	.LASF69
 1050 05f9 08       		.byte	0x8
 1051 05fa 17       		.byte	0x17
 1052 05fb 1A       		.uleb128 0x1a
 1053 05fc 51030000 		.4byte	.LASF70
 1054 0600 51030000 		.4byte	.LASF70
 1055 0604 09       		.byte	0x9
 1056 0605 99       		.byte	0x99
 1057 0606 1A       		.uleb128 0x1a
 1058 0607 25050000 		.4byte	.LASF71
 1059 060b 25050000 		.4byte	.LASF71
 1060 060f 07       		.byte	0x7
 1061 0610 F1       		.byte	0xf1
 1062 0611 1A       		.uleb128 0x1a
 1063 0612 B9000000 		.4byte	.LASF72
 1064 0616 B9000000 		.4byte	.LASF72
 1065 061a 07       		.byte	0x7
 1066 061b F5       		.byte	0xf5
 1067 061c 1A       		.uleb128 0x1a
 1068 061d F6020000 		.4byte	.LASF73
 1069 0621 F6020000 		.4byte	.LASF73
 1070 0625 09       		.byte	0x9
 1071 0626 9E       		.byte	0x9e
 1072 0627 1A       		.uleb128 0x1a
 1073 0628 EE000000 		.4byte	.LASF74
 1074 062c EE000000 		.4byte	.LASF74
ARM GAS  C:\Users\Lory\AppData\Local\Temp\ccDT4Ixc.s 			page 23


 1075 0630 07       		.byte	0x7
 1076 0631 F3       		.byte	0xf3
 1077 0632 00       		.byte	0
 1078              		.section	.debug_abbrev,"",%progbits
 1079              	.Ldebug_abbrev0:
 1080 0000 01       		.uleb128 0x1
 1081 0001 11       		.uleb128 0x11
 1082 0002 01       		.byte	0x1
 1083 0003 25       		.uleb128 0x25
 1084 0004 0E       		.uleb128 0xe
 1085 0005 13       		.uleb128 0x13
 1086 0006 0B       		.uleb128 0xb
 1087 0007 03       		.uleb128 0x3
 1088 0008 0E       		.uleb128 0xe
 1089 0009 1B       		.uleb128 0x1b
 1090 000a 0E       		.uleb128 0xe
 1091 000b 55       		.uleb128 0x55
 1092 000c 17       		.uleb128 0x17
 1093 000d 11       		.uleb128 0x11
 1094 000e 01       		.uleb128 0x1
 1095 000f 10       		.uleb128 0x10
 1096 0010 17       		.uleb128 0x17
 1097 0011 00       		.byte	0
 1098 0012 00       		.byte	0
 1099 0013 02       		.uleb128 0x2
 1100 0014 24       		.uleb128 0x24
 1101 0015 00       		.byte	0
 1102 0016 0B       		.uleb128 0xb
 1103 0017 0B       		.uleb128 0xb
 1104 0018 3E       		.uleb128 0x3e
 1105 0019 0B       		.uleb128 0xb
 1106 001a 03       		.uleb128 0x3
 1107 001b 0E       		.uleb128 0xe
 1108 001c 00       		.byte	0
 1109 001d 00       		.byte	0
 1110 001e 03       		.uleb128 0x3
 1111 001f 16       		.uleb128 0x16
 1112 0020 00       		.byte	0
 1113 0021 03       		.uleb128 0x3
 1114 0022 0E       		.uleb128 0xe
 1115 0023 3A       		.uleb128 0x3a
 1116 0024 0B       		.uleb128 0xb
 1117 0025 3B       		.uleb128 0x3b
 1118 0026 0B       		.uleb128 0xb
 1119 0027 49       		.uleb128 0x49
 1120 0028 13       		.uleb128 0x13
 1121 0029 00       		.byte	0
 1122 002a 00       		.byte	0
 1123 002b 04       		.uleb128 0x4
 1124 002c 24       		.uleb128 0x24
 1125 002d 00       		.byte	0
 1126 002e 0B       		.uleb128 0xb
 1127 002f 0B       		.uleb128 0xb
 1128 0030 3E       		.uleb128 0x3e
 1129 0031 0B       		.uleb128 0xb
 1130 0032 03       		.uleb128 0x3
 1131 0033 08       		.uleb128 0x8
ARM GAS  C:\Users\Lory\AppData\Local\Temp\ccDT4Ixc.s 			page 24


 1132 0034 00       		.byte	0
 1133 0035 00       		.byte	0
 1134 0036 05       		.uleb128 0x5
 1135 0037 35       		.uleb128 0x35
 1136 0038 00       		.byte	0
 1137 0039 49       		.uleb128 0x49
 1138 003a 13       		.uleb128 0x13
 1139 003b 00       		.byte	0
 1140 003c 00       		.byte	0
 1141 003d 06       		.uleb128 0x6
 1142 003e 13       		.uleb128 0x13
 1143 003f 01       		.byte	0x1
 1144 0040 0B       		.uleb128 0xb
 1145 0041 0B       		.uleb128 0xb
 1146 0042 3A       		.uleb128 0x3a
 1147 0043 0B       		.uleb128 0xb
 1148 0044 3B       		.uleb128 0x3b
 1149 0045 0B       		.uleb128 0xb
 1150 0046 01       		.uleb128 0x1
 1151 0047 13       		.uleb128 0x13
 1152 0048 00       		.byte	0
 1153 0049 00       		.byte	0
 1154 004a 07       		.uleb128 0x7
 1155 004b 0D       		.uleb128 0xd
 1156 004c 00       		.byte	0
 1157 004d 03       		.uleb128 0x3
 1158 004e 0E       		.uleb128 0xe
 1159 004f 3A       		.uleb128 0x3a
 1160 0050 0B       		.uleb128 0xb
 1161 0051 3B       		.uleb128 0x3b
 1162 0052 0B       		.uleb128 0xb
 1163 0053 49       		.uleb128 0x49
 1164 0054 13       		.uleb128 0x13
 1165 0055 38       		.uleb128 0x38
 1166 0056 0B       		.uleb128 0xb
 1167 0057 00       		.byte	0
 1168 0058 00       		.byte	0
 1169 0059 08       		.uleb128 0x8
 1170 005a 01       		.uleb128 0x1
 1171 005b 01       		.byte	0x1
 1172 005c 49       		.uleb128 0x49
 1173 005d 13       		.uleb128 0x13
 1174 005e 01       		.uleb128 0x1
 1175 005f 13       		.uleb128 0x13
 1176 0060 00       		.byte	0
 1177 0061 00       		.byte	0
 1178 0062 09       		.uleb128 0x9
 1179 0063 21       		.uleb128 0x21
 1180 0064 00       		.byte	0
 1181 0065 49       		.uleb128 0x49
 1182 0066 13       		.uleb128 0x13
 1183 0067 2F       		.uleb128 0x2f
 1184 0068 0B       		.uleb128 0xb
 1185 0069 00       		.byte	0
 1186 006a 00       		.byte	0
 1187 006b 0A       		.uleb128 0xa
 1188 006c 04       		.uleb128 0x4
ARM GAS  C:\Users\Lory\AppData\Local\Temp\ccDT4Ixc.s 			page 25


 1189 006d 01       		.byte	0x1
 1190 006e 0B       		.uleb128 0xb
 1191 006f 0B       		.uleb128 0xb
 1192 0070 49       		.uleb128 0x49
 1193 0071 13       		.uleb128 0x13
 1194 0072 3A       		.uleb128 0x3a
 1195 0073 0B       		.uleb128 0xb
 1196 0074 3B       		.uleb128 0x3b
 1197 0075 0B       		.uleb128 0xb
 1198 0076 01       		.uleb128 0x1
 1199 0077 13       		.uleb128 0x13
 1200 0078 00       		.byte	0
 1201 0079 00       		.byte	0
 1202 007a 0B       		.uleb128 0xb
 1203 007b 28       		.uleb128 0x28
 1204 007c 00       		.byte	0
 1205 007d 03       		.uleb128 0x3
 1206 007e 0E       		.uleb128 0xe
 1207 007f 1C       		.uleb128 0x1c
 1208 0080 0B       		.uleb128 0xb
 1209 0081 00       		.byte	0
 1210 0082 00       		.byte	0
 1211 0083 0C       		.uleb128 0xc
 1212 0084 2E       		.uleb128 0x2e
 1213 0085 01       		.byte	0x1
 1214 0086 3F       		.uleb128 0x3f
 1215 0087 19       		.uleb128 0x19
 1216 0088 03       		.uleb128 0x3
 1217 0089 0E       		.uleb128 0xe
 1218 008a 3A       		.uleb128 0x3a
 1219 008b 0B       		.uleb128 0xb
 1220 008c 3B       		.uleb128 0x3b
 1221 008d 0B       		.uleb128 0xb
 1222 008e 27       		.uleb128 0x27
 1223 008f 19       		.uleb128 0x19
 1224 0090 49       		.uleb128 0x49
 1225 0091 13       		.uleb128 0x13
 1226 0092 8701     		.uleb128 0x87
 1227 0094 19       		.uleb128 0x19
 1228 0095 11       		.uleb128 0x11
 1229 0096 01       		.uleb128 0x1
 1230 0097 12       		.uleb128 0x12
 1231 0098 06       		.uleb128 0x6
 1232 0099 40       		.uleb128 0x40
 1233 009a 18       		.uleb128 0x18
 1234 009b 9742     		.uleb128 0x2117
 1235 009d 19       		.uleb128 0x19
 1236 009e 01       		.uleb128 0x1
 1237 009f 13       		.uleb128 0x13
 1238 00a0 00       		.byte	0
 1239 00a1 00       		.byte	0
 1240 00a2 0D       		.uleb128 0xd
 1241 00a3 34       		.uleb128 0x34
 1242 00a4 00       		.byte	0
 1243 00a5 03       		.uleb128 0x3
 1244 00a6 0E       		.uleb128 0xe
 1245 00a7 3A       		.uleb128 0x3a
ARM GAS  C:\Users\Lory\AppData\Local\Temp\ccDT4Ixc.s 			page 26


 1246 00a8 0B       		.uleb128 0xb
 1247 00a9 3B       		.uleb128 0x3b
 1248 00aa 0B       		.uleb128 0xb
 1249 00ab 49       		.uleb128 0x49
 1250 00ac 13       		.uleb128 0x13
 1251 00ad 02       		.uleb128 0x2
 1252 00ae 17       		.uleb128 0x17
 1253 00af 00       		.byte	0
 1254 00b0 00       		.byte	0
 1255 00b1 0E       		.uleb128 0xe
 1256 00b2 0B       		.uleb128 0xb
 1257 00b3 01       		.byte	0x1
 1258 00b4 11       		.uleb128 0x11
 1259 00b5 01       		.uleb128 0x1
 1260 00b6 12       		.uleb128 0x12
 1261 00b7 06       		.uleb128 0x6
 1262 00b8 01       		.uleb128 0x1
 1263 00b9 13       		.uleb128 0x13
 1264 00ba 00       		.byte	0
 1265 00bb 00       		.byte	0
 1266 00bc 0F       		.uleb128 0xf
 1267 00bd 34       		.uleb128 0x34
 1268 00be 00       		.byte	0
 1269 00bf 03       		.uleb128 0x3
 1270 00c0 0E       		.uleb128 0xe
 1271 00c1 3A       		.uleb128 0x3a
 1272 00c2 0B       		.uleb128 0xb
 1273 00c3 3B       		.uleb128 0x3b
 1274 00c4 0B       		.uleb128 0xb
 1275 00c5 49       		.uleb128 0x49
 1276 00c6 13       		.uleb128 0x13
 1277 00c7 02       		.uleb128 0x2
 1278 00c8 18       		.uleb128 0x18
 1279 00c9 00       		.byte	0
 1280 00ca 00       		.byte	0
 1281 00cb 10       		.uleb128 0x10
 1282 00cc 34       		.uleb128 0x34
 1283 00cd 00       		.byte	0
 1284 00ce 03       		.uleb128 0x3
 1285 00cf 08       		.uleb128 0x8
 1286 00d0 3A       		.uleb128 0x3a
 1287 00d1 0B       		.uleb128 0xb
 1288 00d2 3B       		.uleb128 0x3b
 1289 00d3 0B       		.uleb128 0xb
 1290 00d4 49       		.uleb128 0x49
 1291 00d5 13       		.uleb128 0x13
 1292 00d6 02       		.uleb128 0x2
 1293 00d7 17       		.uleb128 0x17
 1294 00d8 00       		.byte	0
 1295 00d9 00       		.byte	0
 1296 00da 11       		.uleb128 0x11
 1297 00db 0B       		.uleb128 0xb
 1298 00dc 01       		.byte	0x1
 1299 00dd 11       		.uleb128 0x11
 1300 00de 01       		.uleb128 0x1
 1301 00df 12       		.uleb128 0x12
 1302 00e0 06       		.uleb128 0x6
ARM GAS  C:\Users\Lory\AppData\Local\Temp\ccDT4Ixc.s 			page 27


 1303 00e1 00       		.byte	0
 1304 00e2 00       		.byte	0
 1305 00e3 12       		.uleb128 0x12
 1306 00e4 34       		.uleb128 0x34
 1307 00e5 00       		.byte	0
 1308 00e6 03       		.uleb128 0x3
 1309 00e7 08       		.uleb128 0x8
 1310 00e8 3A       		.uleb128 0x3a
 1311 00e9 0B       		.uleb128 0xb
 1312 00ea 3B       		.uleb128 0x3b
 1313 00eb 0B       		.uleb128 0xb
 1314 00ec 49       		.uleb128 0x49
 1315 00ed 13       		.uleb128 0x13
 1316 00ee 02       		.uleb128 0x2
 1317 00ef 18       		.uleb128 0x18
 1318 00f0 00       		.byte	0
 1319 00f1 00       		.byte	0
 1320 00f2 13       		.uleb128 0x13
 1321 00f3 898201   		.uleb128 0x4109
 1322 00f6 01       		.byte	0x1
 1323 00f7 11       		.uleb128 0x11
 1324 00f8 01       		.uleb128 0x1
 1325 00f9 31       		.uleb128 0x31
 1326 00fa 13       		.uleb128 0x13
 1327 00fb 01       		.uleb128 0x1
 1328 00fc 13       		.uleb128 0x13
 1329 00fd 00       		.byte	0
 1330 00fe 00       		.byte	0
 1331 00ff 14       		.uleb128 0x14
 1332 0100 8A8201   		.uleb128 0x410a
 1333 0103 00       		.byte	0
 1334 0104 02       		.uleb128 0x2
 1335 0105 18       		.uleb128 0x18
 1336 0106 9142     		.uleb128 0x2111
 1337 0108 18       		.uleb128 0x18
 1338 0109 00       		.byte	0
 1339 010a 00       		.byte	0
 1340 010b 15       		.uleb128 0x15
 1341 010c 898201   		.uleb128 0x4109
 1342 010f 00       		.byte	0
 1343 0110 11       		.uleb128 0x11
 1344 0111 01       		.uleb128 0x1
 1345 0112 31       		.uleb128 0x31
 1346 0113 13       		.uleb128 0x13
 1347 0114 00       		.byte	0
 1348 0115 00       		.byte	0
 1349 0116 16       		.uleb128 0x16
 1350 0117 898201   		.uleb128 0x4109
 1351 011a 01       		.byte	0x1
 1352 011b 11       		.uleb128 0x11
 1353 011c 01       		.uleb128 0x1
 1354 011d 31       		.uleb128 0x31
 1355 011e 13       		.uleb128 0x13
 1356 011f 00       		.byte	0
 1357 0120 00       		.byte	0
 1358 0121 17       		.uleb128 0x17
 1359 0122 34       		.uleb128 0x34
ARM GAS  C:\Users\Lory\AppData\Local\Temp\ccDT4Ixc.s 			page 28


 1360 0123 00       		.byte	0
 1361 0124 03       		.uleb128 0x3
 1362 0125 0E       		.uleb128 0xe
 1363 0126 3A       		.uleb128 0x3a
 1364 0127 0B       		.uleb128 0xb
 1365 0128 3B       		.uleb128 0x3b
 1366 0129 05       		.uleb128 0x5
 1367 012a 49       		.uleb128 0x49
 1368 012b 13       		.uleb128 0x13
 1369 012c 3F       		.uleb128 0x3f
 1370 012d 19       		.uleb128 0x19
 1371 012e 3C       		.uleb128 0x3c
 1372 012f 19       		.uleb128 0x19
 1373 0130 00       		.byte	0
 1374 0131 00       		.byte	0
 1375 0132 18       		.uleb128 0x18
 1376 0133 34       		.uleb128 0x34
 1377 0134 00       		.byte	0
 1378 0135 03       		.uleb128 0x3
 1379 0136 0E       		.uleb128 0xe
 1380 0137 3A       		.uleb128 0x3a
 1381 0138 0B       		.uleb128 0xb
 1382 0139 3B       		.uleb128 0x3b
 1383 013a 0B       		.uleb128 0xb
 1384 013b 49       		.uleb128 0x49
 1385 013c 13       		.uleb128 0x13
 1386 013d 3F       		.uleb128 0x3f
 1387 013e 19       		.uleb128 0x19
 1388 013f 02       		.uleb128 0x2
 1389 0140 18       		.uleb128 0x18
 1390 0141 00       		.byte	0
 1391 0142 00       		.byte	0
 1392 0143 19       		.uleb128 0x19
 1393 0144 21       		.uleb128 0x21
 1394 0145 00       		.byte	0
 1395 0146 49       		.uleb128 0x49
 1396 0147 13       		.uleb128 0x13
 1397 0148 2F       		.uleb128 0x2f
 1398 0149 05       		.uleb128 0x5
 1399 014a 00       		.byte	0
 1400 014b 00       		.byte	0
 1401 014c 1A       		.uleb128 0x1a
 1402 014d 2E       		.uleb128 0x2e
 1403 014e 00       		.byte	0
 1404 014f 3F       		.uleb128 0x3f
 1405 0150 19       		.uleb128 0x19
 1406 0151 3C       		.uleb128 0x3c
 1407 0152 19       		.uleb128 0x19
 1408 0153 6E       		.uleb128 0x6e
 1409 0154 0E       		.uleb128 0xe
 1410 0155 03       		.uleb128 0x3
 1411 0156 0E       		.uleb128 0xe
 1412 0157 3A       		.uleb128 0x3a
 1413 0158 0B       		.uleb128 0xb
 1414 0159 3B       		.uleb128 0x3b
 1415 015a 0B       		.uleb128 0xb
 1416 015b 00       		.byte	0
ARM GAS  C:\Users\Lory\AppData\Local\Temp\ccDT4Ixc.s 			page 29


 1417 015c 00       		.byte	0
 1418 015d 1B       		.uleb128 0x1b
 1419 015e 2E       		.uleb128 0x2e
 1420 015f 00       		.byte	0
 1421 0160 3F       		.uleb128 0x3f
 1422 0161 19       		.uleb128 0x19
 1423 0162 3C       		.uleb128 0x3c
 1424 0163 19       		.uleb128 0x19
 1425 0164 6E       		.uleb128 0x6e
 1426 0165 0E       		.uleb128 0xe
 1427 0166 03       		.uleb128 0x3
 1428 0167 0E       		.uleb128 0xe
 1429 0168 3A       		.uleb128 0x3a
 1430 0169 0B       		.uleb128 0xb
 1431 016a 3B       		.uleb128 0x3b
 1432 016b 05       		.uleb128 0x5
 1433 016c 00       		.byte	0
 1434 016d 00       		.byte	0
 1435 016e 00       		.byte	0
 1436              		.section	.debug_loc,"",%progbits
 1437              	.Ldebug_loc0:
 1438              	.LLST0:
 1439 0000 60000000 		.4byte	.LVL13
 1440 0004 64000000 		.4byte	.LVL14
 1441 0008 0200     		.2byte	0x2
 1442 000a 30       		.byte	0x30
 1443 000b 9F       		.byte	0x9f
 1444 000c 64000000 		.4byte	.LVL14
 1445 0010 6C010000 		.4byte	.LFE64
 1446 0014 0100     		.2byte	0x1
 1447 0016 59       		.byte	0x59
 1448 0017 00000000 		.4byte	0
 1449 001b 00000000 		.4byte	0
 1450              	.LLST1:
 1451 001f E2000000 		.4byte	.LVL29
 1452 0023 EB000000 		.4byte	.LVL30-1
 1453 0027 0100     		.2byte	0x1
 1454 0029 50       		.byte	0x50
 1455 002a 00000000 		.4byte	0
 1456 002e 00000000 		.4byte	0
 1457              	.LLST2:
 1458 0032 F4000000 		.4byte	.LVL33
 1459 0036 F8000000 		.4byte	.LVL34
 1460 003a 0200     		.2byte	0x2
 1461 003c 30       		.byte	0x30
 1462 003d 9F       		.byte	0x9f
 1463 003e F8000000 		.4byte	.LVL34
 1464 0042 3C010000 		.4byte	.LVL39
 1465 0046 0100     		.2byte	0x1
 1466 0048 57       		.byte	0x57
 1467 0049 3E010000 		.4byte	.LVL40
 1468 004d 6C010000 		.4byte	.LFE64
 1469 0051 0100     		.2byte	0x1
 1470 0053 57       		.byte	0x57
 1471 0054 00000000 		.4byte	0
 1472 0058 00000000 		.4byte	0
 1473              		.section	.debug_aranges,"",%progbits
ARM GAS  C:\Users\Lory\AppData\Local\Temp\ccDT4Ixc.s 			page 30


 1474 0000 1C000000 		.4byte	0x1c
 1475 0004 0200     		.2byte	0x2
 1476 0006 00000000 		.4byte	.Ldebug_info0
 1477 000a 04       		.byte	0x4
 1478 000b 00       		.byte	0
 1479 000c 0000     		.2byte	0
 1480 000e 0000     		.2byte	0
 1481 0010 00000000 		.4byte	.LFB64
 1482 0014 6C010000 		.4byte	.LFE64-.LFB64
 1483 0018 00000000 		.4byte	0
 1484 001c 00000000 		.4byte	0
 1485              		.section	.debug_ranges,"",%progbits
 1486              	.Ldebug_ranges0:
 1487 0000 00000000 		.4byte	.LFB64
 1488 0004 6C010000 		.4byte	.LFE64
 1489 0008 00000000 		.4byte	0
 1490 000c 00000000 		.4byte	0
 1491              		.section	.debug_line,"",%progbits
 1492              	.Ldebug_line0:
 1493 0000 AF020000 		.section	.debug_str,"MS",%progbits,1
 1493      02004302 
 1493      00000201 
 1493      FB0E0D00 
 1493      01010101 
 1494              	.LASF38:
 1495 0000 494D555F 		.ascii	"IMU_data_ready_flag\000"
 1495      64617461 
 1495      5F726561 
 1495      64795F66 
 1495      6C616700 
 1496              	.LASF57:
 1497 0014 4953525F 		.ascii	"ISR_START_StartEx\000"
 1497      53544152 
 1497      545F5374 
 1497      61727445 
 1497      7800
 1498              	.LASF22:
 1499 0026 74696D65 		.ascii	"timestamp\000"
 1499      7374616D 
 1499      7000
 1500              	.LASF44:
 1501 0030 45455052 		.ascii	"EEPROM_storeLogMessage\000"
 1501      4F4D5F73 
 1501      746F7265 
 1501      4C6F674D 
 1501      65737361 
 1502              	.LASF45:
 1503 0047 45455052 		.ascii	"EEPROM_retrieveLogMessage\000"
 1503      4F4D5F72 
 1503      65747269 
 1503      6576654C 
 1503      6F674D65 
 1504              	.LASF28:
 1505 0061 62757474 		.ascii	"button_t\000"
 1505      6F6E5F74 
 1505      00
 1506              	.LASF39:
ARM GAS  C:\Users\Lory\AppData\Local\Temp\ccDT4Ixc.s 			page 31


 1507 006a 494D555F 		.ascii	"IMU_over_threshold_flag\000"
 1507      6F766572 
 1507      5F746872 
 1507      6573686F 
 1507      6C645F66 
 1508              	.LASF2:
 1509 0082 73686F72 		.ascii	"short int\000"
 1509      7420696E 
 1509      7400
 1510              	.LASF37:
 1511 008c 5247425F 		.ascii	"RGB_DataBuffer\000"
 1511      44617461 
 1511      42756666 
 1511      657200
 1512              	.LASF52:
 1513 009b 5350494D 		.ascii	"SPIM_EEPROM_Start\000"
 1513      5F454550 
 1513      524F4D5F 
 1513      53746172 
 1513      7400
 1514              	.LASF31:
 1515 00ad 6C6F675F 		.ascii	"log_id\000"
 1515      696400
 1516              	.LASF78:
 1517 00b4 6D61696E 		.ascii	"main\000"
 1517      00
 1518              	.LASF72:
 1519 00b9 494D555F 		.ascii	"IMU_StoreFIFO\000"
 1519      53746F72 
 1519      65464946 
 1519      4F00
 1520              	.LASF4:
 1521 00c7 5F5F7569 		.ascii	"__uint16_t\000"
 1521      6E743136 
 1521      5F7400
 1522              	.LASF48:
 1523 00d2 4C4F475F 		.ascii	"LOG_getTimestamp\000"
 1523      67657454 
 1523      696D6573 
 1523      74616D70 
 1523      00
 1524              	.LASF41:
 1525 00e3 62756666 		.ascii	"bufferUART\000"
 1525      65725541 
 1525      525400
 1526              	.LASF74:
 1527 00ee 494D555F 		.ascii	"IMU_DataSend\000"
 1527      44617461 
 1527      53656E64 
 1527      00
 1528              	.LASF29:
 1529 00fb 73656E64 		.ascii	"send_flag\000"
 1529      5F666C61 
 1529      6700
 1530              	.LASF12:
 1531 0105 75696E74 		.ascii	"uint8_t\000"
 1531      385F7400 
ARM GAS  C:\Users\Lory\AppData\Local\Temp\ccDT4Ixc.s 			page 32


 1532              	.LASF15:
 1533 010d 666C6F61 		.ascii	"float\000"
 1533      7400
 1534              	.LASF47:
 1535 0113 45455052 		.ascii	"EEPROM_retrieveLogCount\000"
 1535      4F4D5F72 
 1535      65747269 
 1535      6576654C 
 1535      6F67436F 
 1536              	.LASF30:
 1537 012b 696E745F 		.ascii	"int_reg\000"
 1537      72656700 
 1538              	.LASF9:
 1539 0133 6C6F6E67 		.ascii	"long long int\000"
 1539      206C6F6E 
 1539      6720696E 
 1539      7400
 1540              	.LASF25:
 1541 0141 53544F50 		.ascii	"STOP_MODE\000"
 1541      5F4D4F44 
 1541      4500
 1542              	.LASF36:
 1543 014b 494D555F 		.ascii	"IMU_log_queue\000"
 1543      6C6F675F 
 1543      71756575 
 1543      6500
 1544              	.LASF33:
 1545 0159 6C6F675F 		.ascii	"log_message\000"
 1545      6D657373 
 1545      61676500 
 1546              	.LASF60:
 1547 0165 4D41494E 		.ascii	"MAIN_TIMER_Start\000"
 1547      5F54494D 
 1547      45525F53 
 1547      74617274 
 1547      00
 1548              	.LASF59:
 1549 0176 434C4943 		.ascii	"CLICK_TIMER_Start\000"
 1549      4B5F5449 
 1549      4D45525F 
 1549      53746172 
 1549      7400
 1550              	.LASF3:
 1551 0188 5F5F7569 		.ascii	"__uint8_t\000"
 1551      6E74385F 
 1551      7400
 1552              	.LASF69:
 1553 0192 5247425F 		.ascii	"RGB_Stop\000"
 1553      53746F70 
 1553      00
 1554              	.LASF58:
 1555 019b 42555454 		.ascii	"BUTTON_TIMER_Start\000"
 1555      4F4E5F54 
 1555      494D4552 
 1555      5F537461 
 1555      727400
 1556              	.LASF56:
ARM GAS  C:\Users\Lory\AppData\Local\Temp\ccDT4Ixc.s 			page 33


 1557 01ae 4953525F 		.ascii	"ISR_CONFIG_StartEx\000"
 1557      434F4E46 
 1557      49475F53 
 1557      74617274 
 1557      457800
 1558              	.LASF49:
 1559 01c1 494D555F 		.ascii	"IMU_ResetFIFO\000"
 1559      52657365 
 1559      74464946 
 1559      4F00
 1560              	.LASF18:
 1561 01cf 6C6F6E67 		.ascii	"long double\000"
 1561      20646F75 
 1561      626C6500 
 1562              	.LASF51:
 1563 01db 5350494D 		.ascii	"SPIM_IMU_Start\000"
 1563      5F494D55 
 1563      5F537461 
 1563      727400
 1564              	.LASF1:
 1565 01ea 756E7369 		.ascii	"unsigned char\000"
 1565      676E6564 
 1565      20636861 
 1565      7200
 1566              	.LASF67:
 1567 01f8 5247425F 		.ascii	"RGB_sendFlagNotify\000"
 1567      73656E64 
 1567      466C6167 
 1567      4E6F7469 
 1567      667900
 1568              	.LASF20:
 1569 020b 6C6F6749 		.ascii	"logID\000"
 1569      4400
 1570              	.LASF0:
 1571 0211 7369676E 		.ascii	"signed char\000"
 1571      65642063 
 1571      68617200 
 1572              	.LASF14:
 1573 021d 696E7433 		.ascii	"int32_t\000"
 1573      325F7400 
 1574              	.LASF10:
 1575 0225 6C6F6E67 		.ascii	"long long unsigned int\000"
 1575      206C6F6E 
 1575      6720756E 
 1575      7369676E 
 1575      65642069 
 1576              	.LASF11:
 1577 023c 756E7369 		.ascii	"unsigned int\000"
 1577      676E6564 
 1577      20696E74 
 1577      00
 1578              	.LASF13:
 1579 0249 75696E74 		.ascii	"uint16_t\000"
 1579      31365F74 
 1579      00
 1580              	.LASF24:
 1581 0252 6C6F675F 		.ascii	"log_t\000"
ARM GAS  C:\Users\Lory\AppData\Local\Temp\ccDT4Ixc.s 			page 34


 1581      7400
 1582              	.LASF5:
 1583 0258 73686F72 		.ascii	"short unsigned int\000"
 1583      7420756E 
 1583      7369676E 
 1583      65642069 
 1583      6E7400
 1584              	.LASF21:
 1585 026b 696E7452 		.ascii	"intReg\000"
 1585      656700
 1586              	.LASF43:
 1587 0272 4C4F475F 		.ascii	"LOG_createMessage\000"
 1587      63726561 
 1587      74654D65 
 1587      73736167 
 1587      6500
 1588              	.LASF17:
 1589 0284 63686172 		.ascii	"char\000"
 1589      00
 1590              	.LASF34:
 1591 0289 49544D5F 		.ascii	"ITM_RxBuffer\000"
 1591      52784275 
 1591      66666572 
 1591      00
 1592              	.LASF7:
 1593 0296 6C6F6E67 		.ascii	"long int\000"
 1593      20696E74 
 1593      00
 1594              	.LASF50:
 1595 029f 55415254 		.ascii	"UART_Start\000"
 1595      5F537461 
 1595      727400
 1596              	.LASF68:
 1597 02aa 45455052 		.ascii	"EEPROM_retrieveConfigFlag\000"
 1597      4F4D5F72 
 1597      65747269 
 1597      65766543 
 1597      6F6E6669 
 1598              	.LASF35:
 1599 02c4 494D555F 		.ascii	"IMU_DataBuffer\000"
 1599      44617461 
 1599      42756666 
 1599      657200
 1600              	.LASF66:
 1601 02d3 504F545F 		.ascii	"POT_Read_Value\000"
 1601      52656164 
 1601      5F56616C 
 1601      756500
 1602              	.LASF23:
 1603 02e2 64617461 		.ascii	"data\000"
 1603      00
 1604              	.LASF42:
 1605 02e7 494D555F 		.ascii	"IMU_getPayload\000"
 1605      67657450 
 1605      61796C6F 
 1605      616400
 1606              	.LASF73:
ARM GAS  C:\Users\Lory\AppData\Local\Temp\ccDT4Ixc.s 			page 35


 1607 02f6 45455052 		.ascii	"EEPROM_retrieveSendFlag\000"
 1607      4F4D5F72 
 1607      65747269 
 1607      65766553 
 1607      656E6446 
 1608              	.LASF76:
 1609 030e 6D61696E 		.ascii	"main.c\000"
 1609      2E6300
 1610              	.LASF8:
 1611 0315 6C6F6E67 		.ascii	"long unsigned int\000"
 1611      20756E73 
 1611      69676E65 
 1611      6420696E 
 1611      7400
 1612              	.LASF46:
 1613 0327 494D555F 		.ascii	"IMU_ReadByte\000"
 1613      52656164 
 1613      42797465 
 1613      00
 1614              	.LASF55:
 1615 0334 4953525F 		.ascii	"ISR_IMU_StartEx\000"
 1615      494D555F 
 1615      53746172 
 1615      74457800 
 1616              	.LASF40:
 1617 0344 62757474 		.ascii	"button_state\000"
 1617      6F6E5F73 
 1617      74617465 
 1617      00
 1618              	.LASF70:
 1619 0351 45455052 		.ascii	"EEPROM_saveSendFlag\000"
 1619      4F4D5F73 
 1619      61766553 
 1619      656E6446 
 1619      6C616700 
 1620              	.LASF6:
 1621 0365 5F5F696E 		.ascii	"__int32_t\000"
 1621      7433325F 
 1621      7400
 1622              	.LASF63:
 1623 036f 45455052 		.ascii	"EEPROM_resetMemory\000"
 1623      4F4D5F72 
 1623      65736574 
 1623      4D656D6F 
 1623      727900
 1624              	.LASF61:
 1625 0382 4144435F 		.ascii	"ADC_DELSIG_Start\000"
 1625      44454C53 
 1625      49475F53 
 1625      74617274 
 1625      00
 1626              	.LASF19:
 1627 0393 73697A65 		.ascii	"sizetype\000"
 1627      74797065 
 1627      00
 1628              	.LASF26:
 1629 039c 53544152 		.ascii	"START_MODE\000"
ARM GAS  C:\Users\Lory\AppData\Local\Temp\ccDT4Ixc.s 			page 36


 1629      545F4D4F 
 1629      444500
 1630              	.LASF16:
 1631 03a7 646F7562 		.ascii	"double\000"
 1631      6C6500
 1632              	.LASF62:
 1633 03ae 5247425F 		.ascii	"RGB_Init\000"
 1633      496E6974 
 1633      00
 1634              	.LASF64:
 1635 03b7 5247425F 		.ascii	"RGB_Driver\000"
 1635      44726976 
 1635      657200
 1636              	.LASF75:
 1637 03c2 474E5520 		.ascii	"GNU C11 5.4.1 20160609 (release) [ARM/embedded-5-br"
 1637      43313120 
 1637      352E342E 
 1637      31203230 
 1637      31363036 
 1638 03f5 616E6368 		.ascii	"anch revision 237715] -mcpu=cortex-m3 -mthumb -g -O"
 1638      20726576 
 1638      6973696F 
 1638      6E203233 
 1638      37373135 
 1639 0428 67202D66 		.ascii	"g -ffunction-sections -ffat-lto-objects\000"
 1639      66756E63 
 1639      74696F6E 
 1639      2D736563 
 1639      74696F6E 
 1640              	.LASF27:
 1641 0450 434F4E46 		.ascii	"CONFIG_MODE\000"
 1641      49475F4D 
 1641      4F444500 
 1642              	.LASF53:
 1643 045c 43794465 		.ascii	"CyDelay\000"
 1643      6C617900 
 1644              	.LASF77:
 1645 0464 433A5C55 		.ascii	"C:\\Users\\Lory\\Desktop\\info_projects\\git_reposi"
 1645      73657273 
 1645      5C4C6F72 
 1645      795C4465 
 1645      736B746F 
 1646 0492 746F7269 		.ascii	"tories\\PSoC-Final-Project\\AY1920_II_HW_FINAL_CARZ"
 1646      65735C50 
 1646      536F432D 
 1646      46696E61 
 1646      6C2D5072 
 1647 04c3 414E4947 		.ascii	"ANIGA_GUALNIERA\\AY1920_II_HW_FINAL_CARZANIGA_GUALN"
 1647      415F4755 
 1647      414C4E49 
 1647      4552415C 
 1647      41593139 
 1648 04f5 49455241 		.ascii	"IERA.cydsn\000"
 1648      2E637964 
 1648      736E00
 1649              	.LASF54:
 1650 0500 494D555F 		.ascii	"IMU_RegistersSetup\000"
ARM GAS  C:\Users\Lory\AppData\Local\Temp\ccDT4Ixc.s 			page 37


 1650      52656769 
 1650      73746572 
 1650      73536574 
 1650      757000
 1651              	.LASF65:
 1652 0513 5247425F 		.ascii	"RGB_Start\000"
 1652      53746172 
 1652      7400
 1653              	.LASF32:
 1654 051d 7061796C 		.ascii	"payload\000"
 1654      6F616400 
 1655              	.LASF71:
 1656 0525 494D555F 		.ascii	"IMU_ReadFIFO\000"
 1656      52656164 
 1656      4649464F 
 1656      00
 1657              		.ident	"GCC: (GNU Tools for ARM Embedded Processors) 5.4.1 20160609 (release) [ARM/embedded-5-bran
