ARM GAS  C:\Users\Lory\AppData\Local\Temp\ccy3KFcl.s 			page 1


   1              		.syntax unified
   2              		.cpu cortex-m3
   3              		.fpu softvfp
   4              		.eabi_attribute 20, 1
   5              		.eabi_attribute 21, 1
   6              		.eabi_attribute 23, 3
   7              		.eabi_attribute 24, 1
   8              		.eabi_attribute 25, 1
   9              		.eabi_attribute 26, 1
  10              		.eabi_attribute 30, 1
  11              		.eabi_attribute 34, 1
  12              		.eabi_attribute 18, 4
  13              		.thumb
  14              		.syntax unified
  15              		.file	"RGB_Driver.c"
  16              		.text
  17              	.Ltext0:
  18              		.cfi_sections	.debug_frame
  19              		.section	.text.RGB_Stop,"ax",%progbits
  20              		.align	2
  21              		.global	RGB_Stop
  22              		.thumb
  23              		.thumb_func
  24              		.type	RGB_Stop, %function
  25              	RGB_Stop:
  26              	.LFB65:
  27              		.file 1 "RGB_Driver.c"
   1:RGB_Driver.c  **** /* ========================================
   2:RGB_Driver.c  ****  *
   3:RGB_Driver.c  ****  * This file contains utility functions used
   4:RGB_Driver.c  ****  * to drive the RGB LED based on IMU data as
   5:RGB_Driver.c  ****  * well as the PSoC on-board LED used for
   6:RGB_Driver.c  ****  * user notifications.
   7:RGB_Driver.c  ****  *
   8:RGB_Driver.c  ****  * RGB_Driver: high level function that enable
   9:RGB_Driver.c  ****  * LED driving based on IMU data coming from LIS3DH.
  10:RGB_Driver.c  ****  *
  11:RGB_Driver.c  ****  * RGB_Start: initialize and start both PWM_RG
  12:RGB_Driver.c  ****  * and PWM_B to drive the RGB LED.
  13:RGB_Driver.c  ****  *
  14:RGB_Driver.c  ****  * RGB_Stop: Disable both PWM_RG and PWM_B
  15:RGB_Driver.c  ****  * turning off the RGB LED.
  16:RGB_Driver.c  ****  *
  17:RGB_Driver.c  ****  * PWM_Driver: set the PWM compare values 
  18:RGB_Driver.c  ****  * to change the duty cycles of all LED channels.
  19:RGB_Driver.c  ****  *
  20:RGB_Driver.c  ****  * IMU_Data_Process: map raw IMU data to cover
  21:RGB_Driver.c  ****  * the full range of the LED by taking the
  22:RGB_Driver.c  ****  * absolute value of each axis, doubling it
  23:RGB_Driver.c  ****  * and negate the RGB value to drive common
  24:RGB_Driver.c  ****  * anode LED.
  25:RGB_Driver.c  ****  *
  26:RGB_Driver.c  ****  * Absolute_value: light weight abs function
  27:RGB_Driver.c  ****  * that does not use conditional statements.
  28:RGB_Driver.c  ****  *
  29:RGB_Driver.c  ****  * LED_Notify: based on the internal state,
  30:RGB_Driver.c  ****  * commute the on-board LED blinking pattern
ARM GAS  C:\Users\Lory\AppData\Local\Temp\ccy3KFcl.s 			page 2


  31:RGB_Driver.c  ****  * to notify the user of the current mode:
  32:RGB_Driver.c  ****  * -> STOP_MODE: LED off
  33:RGB_Driver.c  ****  * -> START_MODE: LED on
  34:RGB_Driver.c  ****  * -> CONFIG_MODE: LED blink
  35:RGB_Driver.c  ****  *
  36:RGB_Driver.c  ****  * ========================================
  37:RGB_Driver.c  **** */
  38:RGB_Driver.c  **** 
  39:RGB_Driver.c  **** /* Project dependencies. */
  40:RGB_Driver.c  **** #include "RGB_Driver.h"
  41:RGB_Driver.c  **** 
  42:RGB_Driver.c  **** /*
  43:RGB_Driver.c  ****  * Initialize and start RGB pulse width modulators with 
  44:RGB_Driver.c  ****  * configured settings.
  45:RGB_Driver.c  ****  */
  46:RGB_Driver.c  **** void RGB_Init(void)
  47:RGB_Driver.c  **** {
  48:RGB_Driver.c  ****     // Check if enable bit isn't already set
  49:RGB_Driver.c  ****     if (!(PWM_RG_ReadControlRegister() & PWM_RG_CTRL_ENABLE))
  50:RGB_Driver.c  ****     {
  51:RGB_Driver.c  ****         // Enable red/green PWM
  52:RGB_Driver.c  ****         PWM_RG_Start();
  53:RGB_Driver.c  ****     }
  54:RGB_Driver.c  ****     
  55:RGB_Driver.c  ****     // Check if enable bit isn't already set
  56:RGB_Driver.c  ****     if (!(PWM_B_ReadControlRegister() & PWM_B_CTRL_ENABLE))
  57:RGB_Driver.c  ****     {
  58:RGB_Driver.c  ****         // Enable blue PWM
  59:RGB_Driver.c  ****         PWM_B_Start();
  60:RGB_Driver.c  ****     }
  61:RGB_Driver.c  ****     
  62:RGB_Driver.c  ****     // Turn LED off
  63:RGB_Driver.c  ****     RGB_Stop();
  64:RGB_Driver.c  **** }
  65:RGB_Driver.c  **** 
  66:RGB_Driver.c  **** /*
  67:RGB_Driver.c  ****  * Stop RGB pulse width modulators if not already paused,
  68:RGB_Driver.c  ****  * do nothing otherwise.
  69:RGB_Driver.c  ****  */
  70:RGB_Driver.c  **** void RGB_Stop(void)
  71:RGB_Driver.c  **** {
  28              		.loc 1 71 0
  29              		.cfi_startproc
  30              		@ args = 0, pretend = 0, frame = 0
  31              		@ frame_needed = 0, uses_anonymous_args = 0
  32 0000 08B5     		push	{r3, lr}
  33              		.cfi_def_cfa_offset 8
  34              		.cfi_offset 3, -8
  35              		.cfi_offset 14, -4
  72:RGB_Driver.c  ****     // Turn off LED red channel 
  73:RGB_Driver.c  ****     if (PWM_RG_ReadCompare1() != PWM_COMPARE_STOP)
  36              		.loc 1 73 0
  37 0002 FFF7FEFF 		bl	PWM_RG_ReadCompare1
  38              	.LVL0:
  39 0006 10B1     		cbz	r0, .L2
  74:RGB_Driver.c  ****     {
  75:RGB_Driver.c  ****         PWM_RG_WriteCompare1(PWM_COMPARE_STOP);
ARM GAS  C:\Users\Lory\AppData\Local\Temp\ccy3KFcl.s 			page 3


  40              		.loc 1 75 0
  41 0008 0020     		movs	r0, #0
  42 000a FFF7FEFF 		bl	PWM_RG_WriteCompare1
  43              	.LVL1:
  44              	.L2:
  76:RGB_Driver.c  ****     }
  77:RGB_Driver.c  ****     
  78:RGB_Driver.c  ****     // Turn off LED green channel 
  79:RGB_Driver.c  ****     if (PWM_RG_ReadCompare2() != PWM_COMPARE_STOP)
  45              		.loc 1 79 0
  46 000e FFF7FEFF 		bl	PWM_RG_ReadCompare2
  47              	.LVL2:
  48 0012 10B1     		cbz	r0, .L3
  80:RGB_Driver.c  ****     {
  81:RGB_Driver.c  ****         PWM_RG_WriteCompare2(PWM_COMPARE_STOP);
  49              		.loc 1 81 0
  50 0014 0020     		movs	r0, #0
  51 0016 FFF7FEFF 		bl	PWM_RG_WriteCompare2
  52              	.LVL3:
  53              	.L3:
  82:RGB_Driver.c  ****     }
  83:RGB_Driver.c  ****     
  84:RGB_Driver.c  ****     // Turn off LED blue channel 
  85:RGB_Driver.c  ****     if (PWM_B_ReadCompare() != PWM_COMPARE_STOP)
  54              		.loc 1 85 0
  55 001a FFF7FEFF 		bl	PWM_B_ReadCompare
  56              	.LVL4:
  57 001e 10B1     		cbz	r0, .L1
  86:RGB_Driver.c  ****     {
  87:RGB_Driver.c  ****         PWM_B_WriteCompare(PWM_COMPARE_STOP);
  58              		.loc 1 87 0
  59 0020 0020     		movs	r0, #0
  60 0022 FFF7FEFF 		bl	PWM_B_WriteCompare
  61              	.LVL5:
  62              	.L1:
  63 0026 08BD     		pop	{r3, pc}
  64              		.cfi_endproc
  65              	.LFE65:
  66              		.size	RGB_Stop, .-RGB_Stop
  67              		.section	.text.RGB_Init,"ax",%progbits
  68              		.align	2
  69              		.global	RGB_Init
  70              		.thumb
  71              		.thumb_func
  72              		.type	RGB_Init, %function
  73              	RGB_Init:
  74              	.LFB64:
  47:RGB_Driver.c  ****     // Check if enable bit isn't already set
  75              		.loc 1 47 0
  76              		.cfi_startproc
  77              		@ args = 0, pretend = 0, frame = 0
  78              		@ frame_needed = 0, uses_anonymous_args = 0
  79 0000 08B5     		push	{r3, lr}
  80              		.cfi_def_cfa_offset 8
  81              		.cfi_offset 3, -8
  82              		.cfi_offset 14, -4
  49:RGB_Driver.c  ****     {
ARM GAS  C:\Users\Lory\AppData\Local\Temp\ccy3KFcl.s 			page 4


  83              		.loc 1 49 0
  84 0002 FFF7FEFF 		bl	PWM_RG_ReadControlRegister
  85              	.LVL6:
  86 0006 10F0800F 		tst	r0, #128
  87 000a 01D1     		bne	.L7
  52:RGB_Driver.c  ****     }
  88              		.loc 1 52 0
  89 000c FFF7FEFF 		bl	PWM_RG_Start
  90              	.LVL7:
  91              	.L7:
  56:RGB_Driver.c  ****     {
  92              		.loc 1 56 0
  93 0010 FFF7FEFF 		bl	PWM_B_ReadControlRegister
  94              	.LVL8:
  95 0014 10F0800F 		tst	r0, #128
  96 0018 01D1     		bne	.L8
  59:RGB_Driver.c  ****     }
  97              		.loc 1 59 0
  98 001a FFF7FEFF 		bl	PWM_B_Start
  99              	.LVL9:
 100              	.L8:
  63:RGB_Driver.c  **** }
 101              		.loc 1 63 0
 102 001e FFF7FEFF 		bl	RGB_Stop
 103              	.LVL10:
 104 0022 08BD     		pop	{r3, pc}
 105              		.cfi_endproc
 106              	.LFE64:
 107              		.size	RGB_Init, .-RGB_Init
 108              		.section	.text.PWM_Driver,"ax",%progbits
 109              		.align	2
 110              		.global	PWM_Driver
 111              		.thumb
 112              		.thumb_func
 113              		.type	PWM_Driver, %function
 114              	PWM_Driver:
 115              	.LFB68:
  88:RGB_Driver.c  ****     }
  89:RGB_Driver.c  **** }
  90:RGB_Driver.c  **** 
  91:RGB_Driver.c  **** /*
  92:RGB_Driver.c  ****  * Drive LED RGB by setting PWM duty cycles based
  93:RGB_Driver.c  ****  * on xyz-axes IMU data so that:
  94:RGB_Driver.c  ****  * -> X value drives RED channel
  95:RGB_Driver.c  ****  * -> Y value drives BLUE channel
  96:RGB_Driver.c  ****  * -> Z value drives GREEN channel
  97:RGB_Driver.c  ****  */
  98:RGB_Driver.c  **** void RGB_Driver(uint8_t* dataPtr)
  99:RGB_Driver.c  **** {   
 100:RGB_Driver.c  ****     // Apply moving average filter
 101:RGB_Driver.c  ****     Moving_Average(dataPtr, RGB_DataBuffer, 32);
 102:RGB_Driver.c  ****     
 103:RGB_Driver.c  ****     // Process IMU data in place
 104:RGB_Driver.c  ****     RGB_dataProcess(RGB_DataBuffer);
 105:RGB_Driver.c  ****     
 106:RGB_Driver.c  ****     // Set PWM compare values
 107:RGB_Driver.c  ****     PWM_Driver(RGB_DataBuffer);
ARM GAS  C:\Users\Lory\AppData\Local\Temp\ccy3KFcl.s 			page 5


 108:RGB_Driver.c  **** }
 109:RGB_Driver.c  **** 
 110:RGB_Driver.c  **** /*
 111:RGB_Driver.c  ****  * Drive LED blue channel base on flag value:
 112:RGB_Driver.c  ****  * 1 -> turn on
 113:RGB_Driver.c  ****  * 0 -> turn off
 114:RGB_Driver.c  ****  */
 115:RGB_Driver.c  **** void RGB_sendFlagNotify(uint8_t flag)
 116:RGB_Driver.c  **** {
 117:RGB_Driver.c  ****     // Drive blue channel only
 118:RGB_Driver.c  ****     uint8_t buffer[3] = {0, PWM_CYCLE_LENGTH * flag, 0};
 119:RGB_Driver.c  ****     PWM_Driver(buffer);
 120:RGB_Driver.c  **** }
 121:RGB_Driver.c  **** 
 122:RGB_Driver.c  **** /*
 123:RGB_Driver.c  ****  * Write PWM_RG and PWM_B compare values.
 124:RGB_Driver.c  ****  */
 125:RGB_Driver.c  **** void PWM_Driver(uint8* dataPtr)
 126:RGB_Driver.c  **** {
 116              		.loc 1 126 0
 117              		.cfi_startproc
 118              		@ args = 0, pretend = 0, frame = 0
 119              		@ frame_needed = 0, uses_anonymous_args = 0
 120              	.LVL11:
 121 0000 10B5     		push	{r4, lr}
 122              		.cfi_def_cfa_offset 8
 123              		.cfi_offset 4, -8
 124              		.cfi_offset 14, -4
 125 0002 0446     		mov	r4, r0
 127:RGB_Driver.c  ****     // Set red channel PWM compare value
 128:RGB_Driver.c  ****     PWM_RG_WriteCompare1(dataPtr[0]);
 126              		.loc 1 128 0
 127 0004 0078     		ldrb	r0, [r0]	@ zero_extendqisi2
 128              	.LVL12:
 129 0006 FFF7FEFF 		bl	PWM_RG_WriteCompare1
 130              	.LVL13:
 129:RGB_Driver.c  ****     
 130:RGB_Driver.c  ****     // Set green channel PWM compare value
 131:RGB_Driver.c  ****     PWM_RG_WriteCompare2(dataPtr[2]);
 131              		.loc 1 131 0
 132 000a A078     		ldrb	r0, [r4, #2]	@ zero_extendqisi2
 133 000c FFF7FEFF 		bl	PWM_RG_WriteCompare2
 134              	.LVL14:
 132:RGB_Driver.c  ****     
 133:RGB_Driver.c  ****     //Set blue channel PWM compare value
 134:RGB_Driver.c  ****     PWM_B_WriteCompare(dataPtr[1]);
 135              		.loc 1 134 0
 136 0010 6078     		ldrb	r0, [r4, #1]	@ zero_extendqisi2
 137 0012 FFF7FEFF 		bl	PWM_B_WriteCompare
 138              	.LVL15:
 139 0016 10BD     		pop	{r4, pc}
 140              		.cfi_endproc
 141              	.LFE68:
 142              		.size	PWM_Driver, .-PWM_Driver
 143              		.section	.text.RGB_sendFlagNotify,"ax",%progbits
 144              		.align	2
 145              		.global	RGB_sendFlagNotify
ARM GAS  C:\Users\Lory\AppData\Local\Temp\ccy3KFcl.s 			page 6


 146              		.thumb
 147              		.thumb_func
 148              		.type	RGB_sendFlagNotify, %function
 149              	RGB_sendFlagNotify:
 150              	.LFB67:
 116:RGB_Driver.c  ****     // Drive blue channel only
 151              		.loc 1 116 0
 152              		.cfi_startproc
 153              		@ args = 0, pretend = 0, frame = 8
 154              		@ frame_needed = 0, uses_anonymous_args = 0
 155              	.LVL16:
 156 0000 00B5     		push	{lr}
 157              		.cfi_def_cfa_offset 4
 158              		.cfi_offset 14, -4
 159 0002 83B0     		sub	sp, sp, #12
 160              		.cfi_def_cfa_offset 16
 118:RGB_Driver.c  ****     PWM_Driver(buffer);
 161              		.loc 1 118 0
 162 0004 0023     		movs	r3, #0
 163 0006 8DF80430 		strb	r3, [sp, #4]
 164 000a 4042     		negs	r0, r0
 165              	.LVL17:
 166 000c 8DF80500 		strb	r0, [sp, #5]
 167 0010 8DF80630 		strb	r3, [sp, #6]
 119:RGB_Driver.c  **** }
 168              		.loc 1 119 0
 169 0014 01A8     		add	r0, sp, #4
 170 0016 FFF7FEFF 		bl	PWM_Driver
 171              	.LVL18:
 120:RGB_Driver.c  **** 
 172              		.loc 1 120 0
 173 001a 03B0     		add	sp, sp, #12
 174              		.cfi_def_cfa_offset 4
 175              		@ sp needed
 176 001c 5DF804FB 		ldr	pc, [sp], #4
 177              		.cfi_endproc
 178              	.LFE67:
 179              		.size	RGB_sendFlagNotify, .-RGB_sendFlagNotify
 180              		.section	.text.Moving_Average,"ax",%progbits
 181              		.align	2
 182              		.global	Moving_Average
 183              		.thumb
 184              		.thumb_func
 185              		.type	Moving_Average, %function
 186              	Moving_Average:
 187              	.LFB70:
 135:RGB_Driver.c  **** }
 136:RGB_Driver.c  **** 
 137:RGB_Driver.c  **** /*
 138:RGB_Driver.c  ****  * Process IMU data in place to map full LED range.
 139:RGB_Driver.c  ****  */
 140:RGB_Driver.c  **** void RGB_dataProcess(uint8_t* dataPtr)
 141:RGB_Driver.c  **** {   
 142:RGB_Driver.c  ****     // For all 3 channels
 143:RGB_Driver.c  ****     for (uint8_t i=0; i<3; i++)
 144:RGB_Driver.c  ****     {
 145:RGB_Driver.c  ****         // Take absolute value
ARM GAS  C:\Users\Lory\AppData\Local\Temp\ccy3KFcl.s 			page 7


 146:RGB_Driver.c  ****         dataPtr[i] = Absolute_Value(dataPtr[i]);
 147:RGB_Driver.c  ****         
 148:RGB_Driver.c  ****         // Avoid variable overflow
 149:RGB_Driver.c  ****         if (dataPtr[i] > 127)
 150:RGB_Driver.c  ****         {
 151:RGB_Driver.c  ****             dataPtr[i] = 127;
 152:RGB_Driver.c  ****         }
 153:RGB_Driver.c  ****         
 154:RGB_Driver.c  ****         // Multiply by 2 to use full range of uint8
 155:RGB_Driver.c  ****         dataPtr[i] *= 2;
 156:RGB_Driver.c  ****         
 157:RGB_Driver.c  ****         // Get negated value to drive common anode LED
 158:RGB_Driver.c  ****         dataPtr[i] = ((uint8_t)dataPtr[i]);
 159:RGB_Driver.c  ****     }
 160:RGB_Driver.c  **** }
 161:RGB_Driver.c  **** 
 162:RGB_Driver.c  **** /*
 163:RGB_Driver.c  ****  * Compute moving average filter across window.
 164:RGB_Driver.c  ****  */
 165:RGB_Driver.c  **** void Moving_Average(uint8_t* dataPtr, uint8_t* filtPtr, uint8_t windowSize)
 166:RGB_Driver.c  **** {
 188              		.loc 1 166 0
 189              		.cfi_startproc
 190              		@ args = 0, pretend = 0, frame = 8
 191              		@ frame_needed = 0, uses_anonymous_args = 0
 192              		@ link register save eliminated.
 193              	.LVL19:
 194 0000 F0B4     		push	{r4, r5, r6, r7}
 195              		.cfi_def_cfa_offset 16
 196              		.cfi_offset 4, -16
 197              		.cfi_offset 5, -12
 198              		.cfi_offset 6, -8
 199              		.cfi_offset 7, -4
 200 0002 82B0     		sub	sp, sp, #8
 201              		.cfi_def_cfa_offset 24
 167:RGB_Driver.c  ****     int16_t dataSum[3] = {0,0,0};
 202              		.loc 1 167 0
 203 0004 0026     		movs	r6, #0
 204 0006 ADF80060 		strh	r6, [sp]	@ movhi
 205 000a ADF80260 		strh	r6, [sp, #2]	@ movhi
 206 000e ADF80460 		strh	r6, [sp, #4]	@ movhi
 207              	.LVL20:
 208              	.LBB2:
 168:RGB_Driver.c  ****     
 169:RGB_Driver.c  ****     // For all sample in window
 170:RGB_Driver.c  ****     for (uint8_t i=0; i<windowSize; i++)
 209              		.loc 1 170 0
 210 0012 15E0     		b	.L15
 211              	.LVL21:
 212              	.L16:
 213              	.LBB3:
 214              	.LBB4:
 171:RGB_Driver.c  ****     {
 172:RGB_Driver.c  ****         // For all 3 channels
 173:RGB_Driver.c  ****         for (uint8_t j=0; j<3; j++)
 174:RGB_Driver.c  ****         {
 175:RGB_Driver.c  ****             // Sum the sample
ARM GAS  C:\Users\Lory\AppData\Local\Temp\ccy3KFcl.s 			page 8


 176:RGB_Driver.c  ****             int8_t tmp = dataPtr[1+i*6+j*2];
 215              		.loc 1 176 0 discriminator 3
 216 0014 06EB4605 		add	r5, r6, r6, lsl #1
 217 0018 6B00     		lsls	r3, r5, #1
 218 001a 0133     		adds	r3, r3, #1
 219 001c 6500     		lsls	r5, r4, #1
 220 001e 2B44     		add	r3, r3, r5
 221 0020 C756     		ldrsb	r7, [r0, r3]
 222              	.LVL22:
 177:RGB_Driver.c  ****             dataSum[j] += (int16_t)tmp;
 223              		.loc 1 177 0 discriminator 3
 224 0022 02AB     		add	r3, sp, #8
 225 0024 2B44     		add	r3, r3, r5
 226 0026 33F8085C 		ldrh	r5, [r3, #-8]
 227 002a 3D44     		add	r5, r5, r7
 228 002c 23F8085C 		strh	r5, [r3, #-8]	@ movhi
 229              	.LBE4:
 173:RGB_Driver.c  ****         {
 230              		.loc 1 173 0 discriminator 3
 231 0030 0134     		adds	r4, r4, #1
 232              	.LVL23:
 233 0032 E4B2     		uxtb	r4, r4
 234              	.LVL24:
 235 0034 00E0     		b	.L17
 236              	.LVL25:
 237              	.L20:
 238              	.LBE3:
 239 0036 0024     		movs	r4, #0
 240              	.L17:
 241              	.LVL26:
 242              	.LBB5:
 173:RGB_Driver.c  ****         {
 243              		.loc 1 173 0 is_stmt 0 discriminator 1
 244 0038 022C     		cmp	r4, #2
 245 003a EBD9     		bls	.L16
 246              	.LBE5:
 170:RGB_Driver.c  ****     {
 247              		.loc 1 170 0 is_stmt 1 discriminator 2
 248 003c 0136     		adds	r6, r6, #1
 249              	.LVL27:
 250 003e F6B2     		uxtb	r6, r6
 251              	.LVL28:
 252              	.L15:
 170:RGB_Driver.c  ****     {
 253              		.loc 1 170 0 is_stmt 0 discriminator 1
 254 0040 9642     		cmp	r6, r2
 255 0042 F8D3     		bcc	.L20
 256 0044 0023     		movs	r3, #0
 257 0046 09E0     		b	.L18
 258              	.LVL29:
 259              	.L19:
 260              	.LBE2:
 261              	.LBB6:
 178:RGB_Driver.c  ****         }
 179:RGB_Driver.c  ****     }
 180:RGB_Driver.c  ****     
 181:RGB_Driver.c  ****     // For all 3 channels
ARM GAS  C:\Users\Lory\AppData\Local\Temp\ccy3KFcl.s 			page 9


 182:RGB_Driver.c  ****     for (uint8_t i=0; i<3; i++)
 183:RGB_Driver.c  ****     {
 184:RGB_Driver.c  ****         // Assign window average value
 185:RGB_Driver.c  ****         filtPtr[i] = (uint8_t)(dataSum[i]/windowSize);
 262              		.loc 1 185 0 is_stmt 1 discriminator 3
 263 0048 02A8     		add	r0, sp, #8
 264 004a 00EB4300 		add	r0, r0, r3, lsl #1
 265 004e 30F9080C 		ldrsh	r0, [r0, #-8]
 266 0052 90FBF2F0 		sdiv	r0, r0, r2
 267 0056 C854     		strb	r0, [r1, r3]
 182:RGB_Driver.c  ****     {
 268              		.loc 1 182 0 discriminator 3
 269 0058 0133     		adds	r3, r3, #1
 270              	.LVL30:
 271 005a DBB2     		uxtb	r3, r3
 272              	.LVL31:
 273              	.L18:
 182:RGB_Driver.c  ****     {
 274              		.loc 1 182 0 is_stmt 0 discriminator 1
 275 005c 022B     		cmp	r3, #2
 276 005e F3D9     		bls	.L19
 277              	.LBE6:
 186:RGB_Driver.c  ****     }
 187:RGB_Driver.c  **** }
 278              		.loc 1 187 0 is_stmt 1
 279 0060 02B0     		add	sp, sp, #8
 280              		.cfi_def_cfa_offset 16
 281              		@ sp needed
 282 0062 F0BC     		pop	{r4, r5, r6, r7}
 283              		.cfi_restore 7
 284              		.cfi_restore 6
 285              		.cfi_restore 5
 286              		.cfi_restore 4
 287              		.cfi_def_cfa_offset 0
 288              	.LVL32:
 289 0064 7047     		bx	lr
 290              		.cfi_endproc
 291              	.LFE70:
 292              		.size	Moving_Average, .-Moving_Average
 293 0066 00BF     		.section	.text.Absolute_Value,"ax",%progbits
 294              		.align	2
 295              		.global	Absolute_Value
 296              		.thumb
 297              		.thumb_func
 298              		.type	Absolute_Value, %function
 299              	Absolute_Value:
 300              	.LFB71:
 188:RGB_Driver.c  **** 
 189:RGB_Driver.c  **** /*
 190:RGB_Driver.c  ****  * Get absolute value of int8_t variable without
 191:RGB_Driver.c  ****  * conditional jumps.
 192:RGB_Driver.c  ****  */
 193:RGB_Driver.c  **** uint8_t Absolute_Value(int8_t value)
 194:RGB_Driver.c  **** {
 301              		.loc 1 194 0
 302              		.cfi_startproc
 303              		@ args = 0, pretend = 0, frame = 0
ARM GAS  C:\Users\Lory\AppData\Local\Temp\ccy3KFcl.s 			page 10


 304              		@ frame_needed = 0, uses_anonymous_args = 0
 305              		@ link register save eliminated.
 306              	.LVL33:
 195:RGB_Driver.c  ****     // Get sign bit
 196:RGB_Driver.c  ****     const int8_t mask = value >> 7;
 307              		.loc 1 196 0
 308 0000 C317     		asrs	r3, r0, #31
 309              	.LVL34:
 197:RGB_Driver.c  ****     
 198:RGB_Driver.c  ****     // Compute abs value
 199:RGB_Driver.c  ****     return (uint8_t)((value + mask) ^ mask);
 310              		.loc 1 199 0
 311 0002 1844     		add	r0, r0, r3
 312              	.LVL35:
 313 0004 5840     		eors	r0, r0, r3
 200:RGB_Driver.c  **** }
 314              		.loc 1 200 0
 315 0006 C0B2     		uxtb	r0, r0
 316 0008 7047     		bx	lr
 317              		.cfi_endproc
 318              	.LFE71:
 319              		.size	Absolute_Value, .-Absolute_Value
 320 000a 00BF     		.section	.text.RGB_dataProcess,"ax",%progbits
 321              		.align	2
 322              		.global	RGB_dataProcess
 323              		.thumb
 324              		.thumb_func
 325              		.type	RGB_dataProcess, %function
 326              	RGB_dataProcess:
 327              	.LFB69:
 141:RGB_Driver.c  ****     // For all 3 channels
 328              		.loc 1 141 0
 329              		.cfi_startproc
 330              		@ args = 0, pretend = 0, frame = 0
 331              		@ frame_needed = 0, uses_anonymous_args = 0
 332              	.LVL36:
 333 0000 70B5     		push	{r4, r5, r6, lr}
 334              		.cfi_def_cfa_offset 16
 335              		.cfi_offset 4, -16
 336              		.cfi_offset 5, -12
 337              		.cfi_offset 6, -8
 338              		.cfi_offset 14, -4
 339 0002 0546     		mov	r5, r0
 340              	.LVL37:
 341              	.LBB7:
 143:RGB_Driver.c  ****     {
 342              		.loc 1 143 0
 343 0004 0024     		movs	r4, #0
 344 0006 0EE0     		b	.L24
 345              	.LVL38:
 346              	.L26:
 146:RGB_Driver.c  ****         
 347              		.loc 1 146 0
 348 0008 2E19     		adds	r6, r5, r4
 349 000a 2857     		ldrsb	r0, [r5, r4]
 350 000c FFF7FEFF 		bl	Absolute_Value
 351              	.LVL39:
ARM GAS  C:\Users\Lory\AppData\Local\Temp\ccy3KFcl.s 			page 11


 352 0010 2855     		strb	r0, [r5, r4]
 149:RGB_Driver.c  ****         {
 353              		.loc 1 149 0
 354 0012 10F0800F 		tst	r0, #128
 355 0016 01D0     		beq	.L25
 151:RGB_Driver.c  ****         }
 356              		.loc 1 151 0
 357 0018 7F23     		movs	r3, #127
 358 001a 2B55     		strb	r3, [r5, r4]
 359              	.L25:
 155:RGB_Driver.c  ****         
 360              		.loc 1 155 0 discriminator 2
 361 001c 3378     		ldrb	r3, [r6]	@ zero_extendqisi2
 362 001e 5B00     		lsls	r3, r3, #1
 363 0020 3370     		strb	r3, [r6]
 143:RGB_Driver.c  ****     {
 364              		.loc 1 143 0 discriminator 2
 365 0022 0134     		adds	r4, r4, #1
 366              	.LVL40:
 367 0024 E4B2     		uxtb	r4, r4
 368              	.LVL41:
 369              	.L24:
 143:RGB_Driver.c  ****     {
 370              		.loc 1 143 0 is_stmt 0 discriminator 1
 371 0026 022C     		cmp	r4, #2
 372 0028 EED9     		bls	.L26
 373              	.LBE7:
 160:RGB_Driver.c  **** 
 374              		.loc 1 160 0 is_stmt 1
 375 002a 70BD     		pop	{r4, r5, r6, pc}
 376              		.cfi_endproc
 377              	.LFE69:
 378              		.size	RGB_dataProcess, .-RGB_dataProcess
 379              		.section	.text.RGB_Driver,"ax",%progbits
 380              		.align	2
 381              		.global	RGB_Driver
 382              		.thumb
 383              		.thumb_func
 384              		.type	RGB_Driver, %function
 385              	RGB_Driver:
 386              	.LFB66:
  99:RGB_Driver.c  ****     // Apply moving average filter
 387              		.loc 1 99 0
 388              		.cfi_startproc
 389              		@ args = 0, pretend = 0, frame = 0
 390              		@ frame_needed = 0, uses_anonymous_args = 0
 391              	.LVL42:
 392 0000 10B5     		push	{r4, lr}
 393              		.cfi_def_cfa_offset 8
 394              		.cfi_offset 4, -8
 395              		.cfi_offset 14, -4
 101:RGB_Driver.c  ****     
 396              		.loc 1 101 0
 397 0002 064C     		ldr	r4, .L30
 398 0004 2022     		movs	r2, #32
 399 0006 2146     		mov	r1, r4
 400 0008 FFF7FEFF 		bl	Moving_Average
ARM GAS  C:\Users\Lory\AppData\Local\Temp\ccy3KFcl.s 			page 12


 401              	.LVL43:
 104:RGB_Driver.c  ****     
 402              		.loc 1 104 0
 403 000c 2046     		mov	r0, r4
 404 000e FFF7FEFF 		bl	RGB_dataProcess
 405              	.LVL44:
 107:RGB_Driver.c  **** }
 406              		.loc 1 107 0
 407 0012 2046     		mov	r0, r4
 408 0014 FFF7FEFF 		bl	PWM_Driver
 409              	.LVL45:
 410 0018 10BD     		pop	{r4, pc}
 411              	.L31:
 412 001a 00BF     		.align	2
 413              	.L30:
 414 001c 00000000 		.word	RGB_DataBuffer
 415              		.cfi_endproc
 416              	.LFE66:
 417              		.size	RGB_Driver, .-RGB_Driver
 418              		.comm	RGB_DataBuffer,3,4
 419              		.text
 420              	.Letext0:
 421              		.file 2 "c:\\program files (x86)\\cypress\\psoc creator\\4.3\\psoc creator\\import\\gnu\\arm\\5.4.
 422              		.file 3 "c:\\program files (x86)\\cypress\\psoc creator\\4.3\\psoc creator\\import\\gnu\\arm\\5.4.
 423              		.file 4 "Generated_Source\\PSoC5/cytypes.h"
 424              		.file 5 "Generated_Source\\PSoC5/core_cm3.h"
 425              		.file 6 "RGB_Driver.h"
 426              		.file 7 "Generated_Source\\PSoC5/PWM_RG.h"
 427              		.file 8 "Generated_Source\\PSoC5/PWM_B.h"
 428              		.section	.debug_info,"",%progbits
 429              	.Ldebug_info0:
 430 0000 6C040000 		.4byte	0x46c
 431 0004 0400     		.2byte	0x4
 432 0006 00000000 		.4byte	.Ldebug_abbrev0
 433 000a 04       		.byte	0x4
 434 000b 01       		.uleb128 0x1
 435 000c A6000000 		.4byte	.LASF50
 436 0010 0C       		.byte	0xc
 437 0011 77010000 		.4byte	.LASF51
 438 0015 B6020000 		.4byte	.LASF52
 439 0019 18000000 		.4byte	.Ldebug_ranges0+0x18
 440 001d 00000000 		.4byte	0
 441 0021 00000000 		.4byte	.Ldebug_line0
 442 0025 02       		.uleb128 0x2
 443 0026 12000000 		.4byte	.LASF0
 444 002a 02       		.byte	0x2
 445 002b 1B       		.byte	0x1b
 446 002c 30000000 		.4byte	0x30
 447 0030 03       		.uleb128 0x3
 448 0031 01       		.byte	0x1
 449 0032 06       		.byte	0x6
 450 0033 81030000 		.4byte	.LASF2
 451 0037 02       		.uleb128 0x2
 452 0038 1B000000 		.4byte	.LASF1
 453 003c 02       		.byte	0x2
 454 003d 1D       		.byte	0x1d
 455 003e 42000000 		.4byte	0x42
ARM GAS  C:\Users\Lory\AppData\Local\Temp\ccy3KFcl.s 			page 13


 456 0042 03       		.uleb128 0x3
 457 0043 01       		.byte	0x1
 458 0044 08       		.byte	0x8
 459 0045 98000000 		.4byte	.LASF3
 460 0049 02       		.uleb128 0x2
 461 004a DD010000 		.4byte	.LASF4
 462 004e 02       		.byte	0x2
 463 004f 29       		.byte	0x29
 464 0050 54000000 		.4byte	0x54
 465 0054 03       		.uleb128 0x3
 466 0055 02       		.byte	0x2
 467 0056 05       		.byte	0x5
 468 0057 A5020000 		.4byte	.LASF5
 469 005b 03       		.uleb128 0x3
 470 005c 02       		.byte	0x2
 471 005d 07       		.byte	0x7
 472 005e 5B010000 		.4byte	.LASF6
 473 0062 02       		.uleb128 0x2
 474 0063 2B000000 		.4byte	.LASF7
 475 0067 02       		.byte	0x2
 476 0068 3F       		.byte	0x3f
 477 0069 6D000000 		.4byte	0x6d
 478 006d 03       		.uleb128 0x3
 479 006e 04       		.byte	0x4
 480 006f 05       		.byte	0x5
 481 0070 3A000000 		.4byte	.LASF8
 482 0074 03       		.uleb128 0x3
 483 0075 04       		.byte	0x4
 484 0076 07       		.byte	0x7
 485 0077 3C010000 		.4byte	.LASF9
 486 007b 03       		.uleb128 0x3
 487 007c 08       		.byte	0x8
 488 007d 05       		.byte	0x5
 489 007e 57020000 		.4byte	.LASF10
 490 0082 03       		.uleb128 0x3
 491 0083 08       		.byte	0x8
 492 0084 07       		.byte	0x7
 493 0085 04020000 		.4byte	.LASF11
 494 0089 04       		.uleb128 0x4
 495 008a 04       		.byte	0x4
 496 008b 05       		.byte	0x5
 497 008c 696E7400 		.ascii	"int\000"
 498 0090 03       		.uleb128 0x3
 499 0091 04       		.byte	0x4
 500 0092 07       		.byte	0x7
 501 0093 EC010000 		.4byte	.LASF12
 502 0097 02       		.uleb128 0x2
 503 0098 80000000 		.4byte	.LASF13
 504 009c 03       		.byte	0x3
 505 009d 14       		.byte	0x14
 506 009e 25000000 		.4byte	0x25
 507 00a2 02       		.uleb128 0x2
 508 00a3 1B020000 		.4byte	.LASF14
 509 00a7 03       		.byte	0x3
 510 00a8 18       		.byte	0x18
 511 00a9 37000000 		.4byte	0x37
 512 00ad 02       		.uleb128 0x2
ARM GAS  C:\Users\Lory\AppData\Local\Temp\ccy3KFcl.s 			page 14


 513 00ae 3E020000 		.4byte	.LASF15
 514 00b2 03       		.byte	0x3
 515 00b3 20       		.byte	0x20
 516 00b4 49000000 		.4byte	0x49
 517 00b8 02       		.uleb128 0x2
 518 00b9 46020000 		.4byte	.LASF16
 519 00bd 03       		.byte	0x3
 520 00be 2C       		.byte	0x2c
 521 00bf 62000000 		.4byte	0x62
 522 00c3 05       		.uleb128 0x5
 523 00c4 72000000 		.4byte	.LASF17
 524 00c8 04       		.byte	0x4
 525 00c9 E401     		.2byte	0x1e4
 526 00cb 42000000 		.4byte	0x42
 527 00cf 03       		.uleb128 0x3
 528 00d0 04       		.byte	0x4
 529 00d1 04       		.byte	0x4
 530 00d2 87000000 		.4byte	.LASF18
 531 00d6 03       		.uleb128 0x3
 532 00d7 08       		.byte	0x8
 533 00d8 04       		.byte	0x4
 534 00d9 6B000000 		.4byte	.LASF19
 535 00dd 03       		.uleb128 0x3
 536 00de 01       		.byte	0x1
 537 00df 08       		.byte	0x8
 538 00e0 6E020000 		.4byte	.LASF20
 539 00e4 03       		.uleb128 0x3
 540 00e5 08       		.byte	0x8
 541 00e6 04       		.byte	0x4
 542 00e7 75030000 		.4byte	.LASF21
 543 00eb 03       		.uleb128 0x3
 544 00ec 04       		.byte	0x4
 545 00ed 07       		.byte	0x7
 546 00ee 4E020000 		.4byte	.LASF22
 547 00f2 06       		.uleb128 0x6
 548 00f3 65020000 		.4byte	.LASF23
 549 00f7 01       		.byte	0x1
 550 00f8 46       		.byte	0x46
 551 00f9 00000000 		.4byte	.LFB65
 552 00fd 28000000 		.4byte	.LFE65-.LFB65
 553 0101 01       		.uleb128 0x1
 554 0102 9C       		.byte	0x9c
 555 0103 58010000 		.4byte	0x158
 556 0107 07       		.uleb128 0x7
 557 0108 06000000 		.4byte	.LVL0
 558 010c 01040000 		.4byte	0x401
 559 0110 08       		.uleb128 0x8
 560 0111 0E000000 		.4byte	.LVL1
 561 0115 0C040000 		.4byte	0x40c
 562 0119 23010000 		.4byte	0x123
 563 011d 09       		.uleb128 0x9
 564 011e 01       		.uleb128 0x1
 565 011f 50       		.byte	0x50
 566 0120 01       		.uleb128 0x1
 567 0121 30       		.byte	0x30
 568 0122 00       		.byte	0
 569 0123 07       		.uleb128 0x7
ARM GAS  C:\Users\Lory\AppData\Local\Temp\ccy3KFcl.s 			page 15


 570 0124 12000000 		.4byte	.LVL2
 571 0128 17040000 		.4byte	0x417
 572 012c 08       		.uleb128 0x8
 573 012d 1A000000 		.4byte	.LVL3
 574 0131 22040000 		.4byte	0x422
 575 0135 3F010000 		.4byte	0x13f
 576 0139 09       		.uleb128 0x9
 577 013a 01       		.uleb128 0x1
 578 013b 50       		.byte	0x50
 579 013c 01       		.uleb128 0x1
 580 013d 30       		.byte	0x30
 581 013e 00       		.byte	0
 582 013f 07       		.uleb128 0x7
 583 0140 1E000000 		.4byte	.LVL4
 584 0144 2D040000 		.4byte	0x42d
 585 0148 0A       		.uleb128 0xa
 586 0149 26000000 		.4byte	.LVL5
 587 014d 38040000 		.4byte	0x438
 588 0151 09       		.uleb128 0x9
 589 0152 01       		.uleb128 0x1
 590 0153 50       		.byte	0x50
 591 0154 01       		.uleb128 0x1
 592 0155 30       		.byte	0x30
 593 0156 00       		.byte	0
 594 0157 00       		.byte	0
 595 0158 06       		.uleb128 0x6
 596 0159 6E010000 		.4byte	.LASF24
 597 015d 01       		.byte	0x1
 598 015e 2E       		.byte	0x2e
 599 015f 00000000 		.4byte	.LFB64
 600 0163 24000000 		.4byte	.LFE64-.LFB64
 601 0167 01       		.uleb128 0x1
 602 0168 9C       		.byte	0x9c
 603 0169 9B010000 		.4byte	0x19b
 604 016d 07       		.uleb128 0x7
 605 016e 06000000 		.4byte	.LVL6
 606 0172 43040000 		.4byte	0x443
 607 0176 07       		.uleb128 0x7
 608 0177 10000000 		.4byte	.LVL7
 609 017b 4E040000 		.4byte	0x44e
 610 017f 07       		.uleb128 0x7
 611 0180 14000000 		.4byte	.LVL8
 612 0184 59040000 		.4byte	0x459
 613 0188 07       		.uleb128 0x7
 614 0189 1E000000 		.4byte	.LVL9
 615 018d 64040000 		.4byte	0x464
 616 0191 07       		.uleb128 0x7
 617 0192 22000000 		.4byte	.LVL10
 618 0196 F2000000 		.4byte	0xf2
 619 019a 00       		.byte	0
 620 019b 06       		.uleb128 0x6
 621 019c F9010000 		.4byte	.LASF25
 622 01a0 01       		.byte	0x1
 623 01a1 7D       		.byte	0x7d
 624 01a2 00000000 		.4byte	.LFB68
 625 01a6 18000000 		.4byte	.LFE68-.LFB68
 626 01aa 01       		.uleb128 0x1
ARM GAS  C:\Users\Lory\AppData\Local\Temp\ccy3KFcl.s 			page 16


 627 01ab 9C       		.byte	0x9c
 628 01ac DB010000 		.4byte	0x1db
 629 01b0 0B       		.uleb128 0xb
 630 01b1 34010000 		.4byte	.LASF27
 631 01b5 01       		.byte	0x1
 632 01b6 7D       		.byte	0x7d
 633 01b7 DB010000 		.4byte	0x1db
 634 01bb 00000000 		.4byte	.LLST0
 635 01bf 07       		.uleb128 0x7
 636 01c0 0A000000 		.4byte	.LVL13
 637 01c4 0C040000 		.4byte	0x40c
 638 01c8 07       		.uleb128 0x7
 639 01c9 10000000 		.4byte	.LVL14
 640 01cd 22040000 		.4byte	0x422
 641 01d1 07       		.uleb128 0x7
 642 01d2 16000000 		.4byte	.LVL15
 643 01d6 38040000 		.4byte	0x438
 644 01da 00       		.byte	0
 645 01db 0C       		.uleb128 0xc
 646 01dc 04       		.byte	0x4
 647 01dd C3000000 		.4byte	0xc3
 648 01e1 06       		.uleb128 0x6
 649 01e2 CA010000 		.4byte	.LASF26
 650 01e6 01       		.byte	0x1
 651 01e7 73       		.byte	0x73
 652 01e8 00000000 		.4byte	.LFB67
 653 01ec 20000000 		.4byte	.LFE67-.LFB67
 654 01f0 01       		.uleb128 0x1
 655 01f1 9C       		.byte	0x9c
 656 01f2 24020000 		.4byte	0x224
 657 01f6 0B       		.uleb128 0xb
 658 01f7 E7010000 		.4byte	.LASF28
 659 01fb 01       		.byte	0x1
 660 01fc 73       		.byte	0x73
 661 01fd A2000000 		.4byte	0xa2
 662 0201 1E000000 		.4byte	.LLST1
 663 0205 0D       		.uleb128 0xd
 664 0206 AF020000 		.4byte	.LASF32
 665 020a 01       		.byte	0x1
 666 020b 76       		.byte	0x76
 667 020c 24020000 		.4byte	0x224
 668 0210 02       		.uleb128 0x2
 669 0211 91       		.byte	0x91
 670 0212 74       		.sleb128 -12
 671 0213 0A       		.uleb128 0xa
 672 0214 1A000000 		.4byte	.LVL18
 673 0218 9B010000 		.4byte	0x19b
 674 021c 09       		.uleb128 0x9
 675 021d 01       		.uleb128 0x1
 676 021e 50       		.byte	0x50
 677 021f 02       		.uleb128 0x2
 678 0220 91       		.byte	0x91
 679 0221 74       		.sleb128 -12
 680 0222 00       		.byte	0
 681 0223 00       		.byte	0
 682 0224 0E       		.uleb128 0xe
 683 0225 A2000000 		.4byte	0xa2
ARM GAS  C:\Users\Lory\AppData\Local\Temp\ccy3KFcl.s 			page 17


 684 0229 34020000 		.4byte	0x234
 685 022d 0F       		.uleb128 0xf
 686 022e EB000000 		.4byte	0xeb
 687 0232 02       		.byte	0x2
 688 0233 00       		.byte	0
 689 0234 06       		.uleb128 0x6
 690 0235 96020000 		.4byte	.LASF29
 691 0239 01       		.byte	0x1
 692 023a A5       		.byte	0xa5
 693 023b 00000000 		.4byte	.LFB70
 694 023f 66000000 		.4byte	.LFE70-.LFB70
 695 0243 01       		.uleb128 0x1
 696 0244 9C       		.byte	0x9c
 697 0245 DF020000 		.4byte	0x2df
 698 0249 0B       		.uleb128 0xb
 699 024a 34010000 		.4byte	.LASF27
 700 024e 01       		.byte	0x1
 701 024f A5       		.byte	0xa5
 702 0250 DF020000 		.4byte	0x2df
 703 0254 3F000000 		.4byte	.LLST2
 704 0258 10       		.uleb128 0x10
 705 0259 78000000 		.4byte	.LASF30
 706 025d 01       		.byte	0x1
 707 025e A5       		.byte	0xa5
 708 025f DF020000 		.4byte	0x2df
 709 0263 01       		.uleb128 0x1
 710 0264 51       		.byte	0x51
 711 0265 10       		.uleb128 0x10
 712 0266 A7030000 		.4byte	.LASF31
 713 026a 01       		.byte	0x1
 714 026b A5       		.byte	0xa5
 715 026c A2000000 		.4byte	0xa2
 716 0270 01       		.uleb128 0x1
 717 0271 52       		.byte	0x52
 718 0272 0D       		.uleb128 0xd
 719 0273 6D030000 		.4byte	.LASF33
 720 0277 01       		.byte	0x1
 721 0278 A7       		.byte	0xa7
 722 0279 E5020000 		.4byte	0x2e5
 723 027d 02       		.uleb128 0x2
 724 027e 91       		.byte	0x91
 725 027f 68       		.sleb128 -24
 726 0280 11       		.uleb128 0x11
 727 0281 12000000 		.4byte	.LBB2
 728 0285 36000000 		.4byte	.LBE2-.LBB2
 729 0289 C7020000 		.4byte	0x2c7
 730 028d 12       		.uleb128 0x12
 731 028e 6900     		.ascii	"i\000"
 732 0290 01       		.byte	0x1
 733 0291 AA       		.byte	0xaa
 734 0292 A2000000 		.4byte	0xa2
 735 0296 60000000 		.4byte	.LLST3
 736 029a 13       		.uleb128 0x13
 737 029b 00000000 		.4byte	.Ldebug_ranges0+0
 738 029f 12       		.uleb128 0x12
 739 02a0 6A00     		.ascii	"j\000"
 740 02a2 01       		.byte	0x1
ARM GAS  C:\Users\Lory\AppData\Local\Temp\ccy3KFcl.s 			page 18


 741 02a3 AD       		.byte	0xad
 742 02a4 A2000000 		.4byte	0xa2
 743 02a8 8A000000 		.4byte	.LLST4
 744 02ac 14       		.uleb128 0x14
 745 02ad 14000000 		.4byte	.LBB4
 746 02b1 1C000000 		.4byte	.LBE4-.LBB4
 747 02b5 12       		.uleb128 0x12
 748 02b6 746D7000 		.ascii	"tmp\000"
 749 02ba 01       		.byte	0x1
 750 02bb B0       		.byte	0xb0
 751 02bc 97000000 		.4byte	0x97
 752 02c0 B3000000 		.4byte	.LLST5
 753 02c4 00       		.byte	0
 754 02c5 00       		.byte	0
 755 02c6 00       		.byte	0
 756 02c7 14       		.uleb128 0x14
 757 02c8 48000000 		.4byte	.LBB6
 758 02cc 18000000 		.4byte	.LBE6-.LBB6
 759 02d0 12       		.uleb128 0x12
 760 02d1 6900     		.ascii	"i\000"
 761 02d3 01       		.byte	0x1
 762 02d4 B6       		.byte	0xb6
 763 02d5 A2000000 		.4byte	0xa2
 764 02d9 C6000000 		.4byte	.LLST6
 765 02dd 00       		.byte	0
 766 02de 00       		.byte	0
 767 02df 0C       		.uleb128 0xc
 768 02e0 04       		.byte	0x4
 769 02e1 A2000000 		.4byte	0xa2
 770 02e5 0E       		.uleb128 0xe
 771 02e6 AD000000 		.4byte	0xad
 772 02ea F5020000 		.4byte	0x2f5
 773 02ee 0F       		.uleb128 0xf
 774 02ef EB000000 		.4byte	0xeb
 775 02f3 02       		.byte	0x2
 776 02f4 00       		.byte	0
 777 02f5 15       		.uleb128 0x15
 778 02f6 5E030000 		.4byte	.LASF53
 779 02fa 01       		.byte	0x1
 780 02fb C1       		.byte	0xc1
 781 02fc A2000000 		.4byte	0xa2
 782 0300 00000000 		.4byte	.LFB71
 783 0304 0A000000 		.4byte	.LFE71-.LFB71
 784 0308 01       		.uleb128 0x1
 785 0309 9C       		.byte	0x9c
 786 030a 2B030000 		.4byte	0x32b
 787 030e 0B       		.uleb128 0xb
 788 030f 25000000 		.4byte	.LASF34
 789 0313 01       		.byte	0x1
 790 0314 C1       		.byte	0xc1
 791 0315 97000000 		.4byte	0x97
 792 0319 E4000000 		.4byte	.LLST7
 793 031d 0D       		.uleb128 0xd
 794 031e 35000000 		.4byte	.LASF35
 795 0322 01       		.byte	0x1
 796 0323 C4       		.byte	0xc4
 797 0324 2B030000 		.4byte	0x32b
ARM GAS  C:\Users\Lory\AppData\Local\Temp\ccy3KFcl.s 			page 19


 798 0328 01       		.uleb128 0x1
 799 0329 53       		.byte	0x53
 800 032a 00       		.byte	0
 801 032b 16       		.uleb128 0x16
 802 032c 97000000 		.4byte	0x97
 803 0330 06       		.uleb128 0x6
 804 0331 73020000 		.4byte	.LASF36
 805 0335 01       		.byte	0x1
 806 0336 8C       		.byte	0x8c
 807 0337 00000000 		.4byte	.LFB69
 808 033b 2C000000 		.4byte	.LFE69-.LFB69
 809 033f 01       		.uleb128 0x1
 810 0340 9C       		.byte	0x9c
 811 0341 75030000 		.4byte	0x375
 812 0345 0B       		.uleb128 0xb
 813 0346 34010000 		.4byte	.LASF27
 814 034a 01       		.byte	0x1
 815 034b 8C       		.byte	0x8c
 816 034c DF020000 		.4byte	0x2df
 817 0350 05010000 		.4byte	.LLST8
 818 0354 14       		.uleb128 0x14
 819 0355 04000000 		.4byte	.LBB7
 820 0359 26000000 		.4byte	.LBE7-.LBB7
 821 035d 12       		.uleb128 0x12
 822 035e 6900     		.ascii	"i\000"
 823 0360 01       		.byte	0x1
 824 0361 8F       		.byte	0x8f
 825 0362 A2000000 		.4byte	0xa2
 826 0366 23010000 		.4byte	.LLST9
 827 036a 07       		.uleb128 0x7
 828 036b 10000000 		.4byte	.LVL39
 829 036f F5020000 		.4byte	0x2f5
 830 0373 00       		.byte	0
 831 0374 00       		.byte	0
 832 0375 06       		.uleb128 0x6
 833 0376 8D000000 		.4byte	.LASF37
 834 037a 01       		.byte	0x1
 835 037b 62       		.byte	0x62
 836 037c 00000000 		.4byte	.LFB66
 837 0380 20000000 		.4byte	.LFE66-.LFB66
 838 0384 01       		.uleb128 0x1
 839 0385 9C       		.byte	0x9c
 840 0386 DF030000 		.4byte	0x3df
 841 038a 0B       		.uleb128 0xb
 842 038b 34010000 		.4byte	.LASF27
 843 038f 01       		.byte	0x1
 844 0390 62       		.byte	0x62
 845 0391 DF020000 		.4byte	0x2df
 846 0395 4D010000 		.4byte	.LLST10
 847 0399 08       		.uleb128 0x8
 848 039a 0C000000 		.4byte	.LVL43
 849 039e 34020000 		.4byte	0x234
 850 03a2 BA030000 		.4byte	0x3ba
 851 03a6 09       		.uleb128 0x9
 852 03a7 01       		.uleb128 0x1
 853 03a8 50       		.byte	0x50
 854 03a9 03       		.uleb128 0x3
ARM GAS  C:\Users\Lory\AppData\Local\Temp\ccy3KFcl.s 			page 20


 855 03aa F3       		.byte	0xf3
 856 03ab 01       		.uleb128 0x1
 857 03ac 50       		.byte	0x50
 858 03ad 09       		.uleb128 0x9
 859 03ae 01       		.uleb128 0x1
 860 03af 51       		.byte	0x51
 861 03b0 02       		.uleb128 0x2
 862 03b1 74       		.byte	0x74
 863 03b2 00       		.sleb128 0
 864 03b3 09       		.uleb128 0x9
 865 03b4 01       		.uleb128 0x1
 866 03b5 52       		.byte	0x52
 867 03b6 02       		.uleb128 0x2
 868 03b7 08       		.byte	0x8
 869 03b8 20       		.byte	0x20
 870 03b9 00       		.byte	0
 871 03ba 08       		.uleb128 0x8
 872 03bb 12000000 		.4byte	.LVL44
 873 03bf 30030000 		.4byte	0x330
 874 03c3 CE030000 		.4byte	0x3ce
 875 03c7 09       		.uleb128 0x9
 876 03c8 01       		.uleb128 0x1
 877 03c9 50       		.byte	0x50
 878 03ca 02       		.uleb128 0x2
 879 03cb 74       		.byte	0x74
 880 03cc 00       		.sleb128 0
 881 03cd 00       		.byte	0
 882 03ce 0A       		.uleb128 0xa
 883 03cf 18000000 		.4byte	.LVL45
 884 03d3 9B010000 		.4byte	0x19b
 885 03d7 09       		.uleb128 0x9
 886 03d8 01       		.uleb128 0x1
 887 03d9 50       		.byte	0x50
 888 03da 02       		.uleb128 0x2
 889 03db 74       		.byte	0x74
 890 03dc 00       		.sleb128 0
 891 03dd 00       		.byte	0
 892 03de 00       		.byte	0
 893 03df 17       		.uleb128 0x17
 894 03e0 84010000 		.4byte	.LASF38
 895 03e4 05       		.byte	0x5
 896 03e5 1207     		.2byte	0x712
 897 03e7 EB030000 		.4byte	0x3eb
 898 03eb 18       		.uleb128 0x18
 899 03ec B8000000 		.4byte	0xb8
 900 03f0 19       		.uleb128 0x19
 901 03f1 91010000 		.4byte	.LASF39
 902 03f5 06       		.byte	0x6
 903 03f6 21       		.byte	0x21
 904 03f7 24020000 		.4byte	0x224
 905 03fb 05       		.uleb128 0x5
 906 03fc 03       		.byte	0x3
 907 03fd 00000000 		.4byte	RGB_DataBuffer
 908 0401 1A       		.uleb128 0x1a
 909 0402 43000000 		.4byte	.LASF40
 910 0406 43000000 		.4byte	.LASF40
 911 040a 07       		.byte	0x7
ARM GAS  C:\Users\Lory\AppData\Local\Temp\ccy3KFcl.s 			page 21


 912 040b C9       		.byte	0xc9
 913 040c 1A       		.uleb128 0x1a
 914 040d A0010000 		.4byte	.LASF41
 915 0411 A0010000 		.4byte	.LASF41
 916 0415 07       		.byte	0x7
 917 0416 C7       		.byte	0xc7
 918 0417 1A       		.uleb128 0x1a
 919 0418 57000000 		.4byte	.LASF42
 920 041c 57000000 		.4byte	.LASF42
 921 0420 07       		.byte	0x7
 922 0421 CC       		.byte	0xcc
 923 0422 1A       		.uleb128 0x1a
 924 0423 B5010000 		.4byte	.LASF43
 925 0427 B5010000 		.4byte	.LASF43
 926 042b 07       		.byte	0x7
 927 042c CA       		.byte	0xca
 928 042d 1A       		.uleb128 0x1a
 929 042e 00000000 		.4byte	.LASF44
 930 0432 00000000 		.4byte	.LASF44
 931 0436 08       		.byte	0x8
 932 0437 C5       		.byte	0xc5
 933 0438 1A       		.uleb128 0x1a
 934 0439 83020000 		.4byte	.LASF45
 935 043d 83020000 		.4byte	.LASF45
 936 0441 08       		.byte	0x8
 937 0442 C3       		.byte	0xc3
 938 0443 1A       		.uleb128 0x1a
 939 0444 23020000 		.4byte	.LASF46
 940 0448 23020000 		.4byte	.LASF46
 941 044c 07       		.byte	0x7
 942 044d 9D       		.byte	0x9d
 943 044e 1A       		.uleb128 0x1a
 944 044f 4E010000 		.4byte	.LASF47
 945 0453 4E010000 		.4byte	.LASF47
 946 0457 07       		.byte	0x7
 947 0458 92       		.byte	0x92
 948 0459 1A       		.uleb128 0x1a
 949 045a 8D030000 		.4byte	.LASF48
 950 045e 8D030000 		.4byte	.LASF48
 951 0462 08       		.byte	0x8
 952 0463 9D       		.byte	0x9d
 953 0464 1A       		.uleb128 0x1a
 954 0465 52030000 		.4byte	.LASF49
 955 0469 52030000 		.4byte	.LASF49
 956 046d 08       		.byte	0x8
 957 046e 92       		.byte	0x92
 958 046f 00       		.byte	0
 959              		.section	.debug_abbrev,"",%progbits
 960              	.Ldebug_abbrev0:
 961 0000 01       		.uleb128 0x1
 962 0001 11       		.uleb128 0x11
 963 0002 01       		.byte	0x1
 964 0003 25       		.uleb128 0x25
 965 0004 0E       		.uleb128 0xe
 966 0005 13       		.uleb128 0x13
 967 0006 0B       		.uleb128 0xb
 968 0007 03       		.uleb128 0x3
ARM GAS  C:\Users\Lory\AppData\Local\Temp\ccy3KFcl.s 			page 22


 969 0008 0E       		.uleb128 0xe
 970 0009 1B       		.uleb128 0x1b
 971 000a 0E       		.uleb128 0xe
 972 000b 55       		.uleb128 0x55
 973 000c 17       		.uleb128 0x17
 974 000d 11       		.uleb128 0x11
 975 000e 01       		.uleb128 0x1
 976 000f 10       		.uleb128 0x10
 977 0010 17       		.uleb128 0x17
 978 0011 00       		.byte	0
 979 0012 00       		.byte	0
 980 0013 02       		.uleb128 0x2
 981 0014 16       		.uleb128 0x16
 982 0015 00       		.byte	0
 983 0016 03       		.uleb128 0x3
 984 0017 0E       		.uleb128 0xe
 985 0018 3A       		.uleb128 0x3a
 986 0019 0B       		.uleb128 0xb
 987 001a 3B       		.uleb128 0x3b
 988 001b 0B       		.uleb128 0xb
 989 001c 49       		.uleb128 0x49
 990 001d 13       		.uleb128 0x13
 991 001e 00       		.byte	0
 992 001f 00       		.byte	0
 993 0020 03       		.uleb128 0x3
 994 0021 24       		.uleb128 0x24
 995 0022 00       		.byte	0
 996 0023 0B       		.uleb128 0xb
 997 0024 0B       		.uleb128 0xb
 998 0025 3E       		.uleb128 0x3e
 999 0026 0B       		.uleb128 0xb
 1000 0027 03       		.uleb128 0x3
 1001 0028 0E       		.uleb128 0xe
 1002 0029 00       		.byte	0
 1003 002a 00       		.byte	0
 1004 002b 04       		.uleb128 0x4
 1005 002c 24       		.uleb128 0x24
 1006 002d 00       		.byte	0
 1007 002e 0B       		.uleb128 0xb
 1008 002f 0B       		.uleb128 0xb
 1009 0030 3E       		.uleb128 0x3e
 1010 0031 0B       		.uleb128 0xb
 1011 0032 03       		.uleb128 0x3
 1012 0033 08       		.uleb128 0x8
 1013 0034 00       		.byte	0
 1014 0035 00       		.byte	0
 1015 0036 05       		.uleb128 0x5
 1016 0037 16       		.uleb128 0x16
 1017 0038 00       		.byte	0
 1018 0039 03       		.uleb128 0x3
 1019 003a 0E       		.uleb128 0xe
 1020 003b 3A       		.uleb128 0x3a
 1021 003c 0B       		.uleb128 0xb
 1022 003d 3B       		.uleb128 0x3b
 1023 003e 05       		.uleb128 0x5
 1024 003f 49       		.uleb128 0x49
 1025 0040 13       		.uleb128 0x13
ARM GAS  C:\Users\Lory\AppData\Local\Temp\ccy3KFcl.s 			page 23


 1026 0041 00       		.byte	0
 1027 0042 00       		.byte	0
 1028 0043 06       		.uleb128 0x6
 1029 0044 2E       		.uleb128 0x2e
 1030 0045 01       		.byte	0x1
 1031 0046 3F       		.uleb128 0x3f
 1032 0047 19       		.uleb128 0x19
 1033 0048 03       		.uleb128 0x3
 1034 0049 0E       		.uleb128 0xe
 1035 004a 3A       		.uleb128 0x3a
 1036 004b 0B       		.uleb128 0xb
 1037 004c 3B       		.uleb128 0x3b
 1038 004d 0B       		.uleb128 0xb
 1039 004e 27       		.uleb128 0x27
 1040 004f 19       		.uleb128 0x19
 1041 0050 11       		.uleb128 0x11
 1042 0051 01       		.uleb128 0x1
 1043 0052 12       		.uleb128 0x12
 1044 0053 06       		.uleb128 0x6
 1045 0054 40       		.uleb128 0x40
 1046 0055 18       		.uleb128 0x18
 1047 0056 9742     		.uleb128 0x2117
 1048 0058 19       		.uleb128 0x19
 1049 0059 01       		.uleb128 0x1
 1050 005a 13       		.uleb128 0x13
 1051 005b 00       		.byte	0
 1052 005c 00       		.byte	0
 1053 005d 07       		.uleb128 0x7
 1054 005e 898201   		.uleb128 0x4109
 1055 0061 00       		.byte	0
 1056 0062 11       		.uleb128 0x11
 1057 0063 01       		.uleb128 0x1
 1058 0064 31       		.uleb128 0x31
 1059 0065 13       		.uleb128 0x13
 1060 0066 00       		.byte	0
 1061 0067 00       		.byte	0
 1062 0068 08       		.uleb128 0x8
 1063 0069 898201   		.uleb128 0x4109
 1064 006c 01       		.byte	0x1
 1065 006d 11       		.uleb128 0x11
 1066 006e 01       		.uleb128 0x1
 1067 006f 31       		.uleb128 0x31
 1068 0070 13       		.uleb128 0x13
 1069 0071 01       		.uleb128 0x1
 1070 0072 13       		.uleb128 0x13
 1071 0073 00       		.byte	0
 1072 0074 00       		.byte	0
 1073 0075 09       		.uleb128 0x9
 1074 0076 8A8201   		.uleb128 0x410a
 1075 0079 00       		.byte	0
 1076 007a 02       		.uleb128 0x2
 1077 007b 18       		.uleb128 0x18
 1078 007c 9142     		.uleb128 0x2111
 1079 007e 18       		.uleb128 0x18
 1080 007f 00       		.byte	0
 1081 0080 00       		.byte	0
 1082 0081 0A       		.uleb128 0xa
ARM GAS  C:\Users\Lory\AppData\Local\Temp\ccy3KFcl.s 			page 24


 1083 0082 898201   		.uleb128 0x4109
 1084 0085 01       		.byte	0x1
 1085 0086 11       		.uleb128 0x11
 1086 0087 01       		.uleb128 0x1
 1087 0088 31       		.uleb128 0x31
 1088 0089 13       		.uleb128 0x13
 1089 008a 00       		.byte	0
 1090 008b 00       		.byte	0
 1091 008c 0B       		.uleb128 0xb
 1092 008d 05       		.uleb128 0x5
 1093 008e 00       		.byte	0
 1094 008f 03       		.uleb128 0x3
 1095 0090 0E       		.uleb128 0xe
 1096 0091 3A       		.uleb128 0x3a
 1097 0092 0B       		.uleb128 0xb
 1098 0093 3B       		.uleb128 0x3b
 1099 0094 0B       		.uleb128 0xb
 1100 0095 49       		.uleb128 0x49
 1101 0096 13       		.uleb128 0x13
 1102 0097 02       		.uleb128 0x2
 1103 0098 17       		.uleb128 0x17
 1104 0099 00       		.byte	0
 1105 009a 00       		.byte	0
 1106 009b 0C       		.uleb128 0xc
 1107 009c 0F       		.uleb128 0xf
 1108 009d 00       		.byte	0
 1109 009e 0B       		.uleb128 0xb
 1110 009f 0B       		.uleb128 0xb
 1111 00a0 49       		.uleb128 0x49
 1112 00a1 13       		.uleb128 0x13
 1113 00a2 00       		.byte	0
 1114 00a3 00       		.byte	0
 1115 00a4 0D       		.uleb128 0xd
 1116 00a5 34       		.uleb128 0x34
 1117 00a6 00       		.byte	0
 1118 00a7 03       		.uleb128 0x3
 1119 00a8 0E       		.uleb128 0xe
 1120 00a9 3A       		.uleb128 0x3a
 1121 00aa 0B       		.uleb128 0xb
 1122 00ab 3B       		.uleb128 0x3b
 1123 00ac 0B       		.uleb128 0xb
 1124 00ad 49       		.uleb128 0x49
 1125 00ae 13       		.uleb128 0x13
 1126 00af 02       		.uleb128 0x2
 1127 00b0 18       		.uleb128 0x18
 1128 00b1 00       		.byte	0
 1129 00b2 00       		.byte	0
 1130 00b3 0E       		.uleb128 0xe
 1131 00b4 01       		.uleb128 0x1
 1132 00b5 01       		.byte	0x1
 1133 00b6 49       		.uleb128 0x49
 1134 00b7 13       		.uleb128 0x13
 1135 00b8 01       		.uleb128 0x1
 1136 00b9 13       		.uleb128 0x13
 1137 00ba 00       		.byte	0
 1138 00bb 00       		.byte	0
 1139 00bc 0F       		.uleb128 0xf
ARM GAS  C:\Users\Lory\AppData\Local\Temp\ccy3KFcl.s 			page 25


 1140 00bd 21       		.uleb128 0x21
 1141 00be 00       		.byte	0
 1142 00bf 49       		.uleb128 0x49
 1143 00c0 13       		.uleb128 0x13
 1144 00c1 2F       		.uleb128 0x2f
 1145 00c2 0B       		.uleb128 0xb
 1146 00c3 00       		.byte	0
 1147 00c4 00       		.byte	0
 1148 00c5 10       		.uleb128 0x10
 1149 00c6 05       		.uleb128 0x5
 1150 00c7 00       		.byte	0
 1151 00c8 03       		.uleb128 0x3
 1152 00c9 0E       		.uleb128 0xe
 1153 00ca 3A       		.uleb128 0x3a
 1154 00cb 0B       		.uleb128 0xb
 1155 00cc 3B       		.uleb128 0x3b
 1156 00cd 0B       		.uleb128 0xb
 1157 00ce 49       		.uleb128 0x49
 1158 00cf 13       		.uleb128 0x13
 1159 00d0 02       		.uleb128 0x2
 1160 00d1 18       		.uleb128 0x18
 1161 00d2 00       		.byte	0
 1162 00d3 00       		.byte	0
 1163 00d4 11       		.uleb128 0x11
 1164 00d5 0B       		.uleb128 0xb
 1165 00d6 01       		.byte	0x1
 1166 00d7 11       		.uleb128 0x11
 1167 00d8 01       		.uleb128 0x1
 1168 00d9 12       		.uleb128 0x12
 1169 00da 06       		.uleb128 0x6
 1170 00db 01       		.uleb128 0x1
 1171 00dc 13       		.uleb128 0x13
 1172 00dd 00       		.byte	0
 1173 00de 00       		.byte	0
 1174 00df 12       		.uleb128 0x12
 1175 00e0 34       		.uleb128 0x34
 1176 00e1 00       		.byte	0
 1177 00e2 03       		.uleb128 0x3
 1178 00e3 08       		.uleb128 0x8
 1179 00e4 3A       		.uleb128 0x3a
 1180 00e5 0B       		.uleb128 0xb
 1181 00e6 3B       		.uleb128 0x3b
 1182 00e7 0B       		.uleb128 0xb
 1183 00e8 49       		.uleb128 0x49
 1184 00e9 13       		.uleb128 0x13
 1185 00ea 02       		.uleb128 0x2
 1186 00eb 17       		.uleb128 0x17
 1187 00ec 00       		.byte	0
 1188 00ed 00       		.byte	0
 1189 00ee 13       		.uleb128 0x13
 1190 00ef 0B       		.uleb128 0xb
 1191 00f0 01       		.byte	0x1
 1192 00f1 55       		.uleb128 0x55
 1193 00f2 17       		.uleb128 0x17
 1194 00f3 00       		.byte	0
 1195 00f4 00       		.byte	0
 1196 00f5 14       		.uleb128 0x14
ARM GAS  C:\Users\Lory\AppData\Local\Temp\ccy3KFcl.s 			page 26


 1197 00f6 0B       		.uleb128 0xb
 1198 00f7 01       		.byte	0x1
 1199 00f8 11       		.uleb128 0x11
 1200 00f9 01       		.uleb128 0x1
 1201 00fa 12       		.uleb128 0x12
 1202 00fb 06       		.uleb128 0x6
 1203 00fc 00       		.byte	0
 1204 00fd 00       		.byte	0
 1205 00fe 15       		.uleb128 0x15
 1206 00ff 2E       		.uleb128 0x2e
 1207 0100 01       		.byte	0x1
 1208 0101 3F       		.uleb128 0x3f
 1209 0102 19       		.uleb128 0x19
 1210 0103 03       		.uleb128 0x3
 1211 0104 0E       		.uleb128 0xe
 1212 0105 3A       		.uleb128 0x3a
 1213 0106 0B       		.uleb128 0xb
 1214 0107 3B       		.uleb128 0x3b
 1215 0108 0B       		.uleb128 0xb
 1216 0109 27       		.uleb128 0x27
 1217 010a 19       		.uleb128 0x19
 1218 010b 49       		.uleb128 0x49
 1219 010c 13       		.uleb128 0x13
 1220 010d 11       		.uleb128 0x11
 1221 010e 01       		.uleb128 0x1
 1222 010f 12       		.uleb128 0x12
 1223 0110 06       		.uleb128 0x6
 1224 0111 40       		.uleb128 0x40
 1225 0112 18       		.uleb128 0x18
 1226 0113 9742     		.uleb128 0x2117
 1227 0115 19       		.uleb128 0x19
 1228 0116 01       		.uleb128 0x1
 1229 0117 13       		.uleb128 0x13
 1230 0118 00       		.byte	0
 1231 0119 00       		.byte	0
 1232 011a 16       		.uleb128 0x16
 1233 011b 26       		.uleb128 0x26
 1234 011c 00       		.byte	0
 1235 011d 49       		.uleb128 0x49
 1236 011e 13       		.uleb128 0x13
 1237 011f 00       		.byte	0
 1238 0120 00       		.byte	0
 1239 0121 17       		.uleb128 0x17
 1240 0122 34       		.uleb128 0x34
 1241 0123 00       		.byte	0
 1242 0124 03       		.uleb128 0x3
 1243 0125 0E       		.uleb128 0xe
 1244 0126 3A       		.uleb128 0x3a
 1245 0127 0B       		.uleb128 0xb
 1246 0128 3B       		.uleb128 0x3b
 1247 0129 05       		.uleb128 0x5
 1248 012a 49       		.uleb128 0x49
 1249 012b 13       		.uleb128 0x13
 1250 012c 3F       		.uleb128 0x3f
 1251 012d 19       		.uleb128 0x19
 1252 012e 3C       		.uleb128 0x3c
 1253 012f 19       		.uleb128 0x19
ARM GAS  C:\Users\Lory\AppData\Local\Temp\ccy3KFcl.s 			page 27


 1254 0130 00       		.byte	0
 1255 0131 00       		.byte	0
 1256 0132 18       		.uleb128 0x18
 1257 0133 35       		.uleb128 0x35
 1258 0134 00       		.byte	0
 1259 0135 49       		.uleb128 0x49
 1260 0136 13       		.uleb128 0x13
 1261 0137 00       		.byte	0
 1262 0138 00       		.byte	0
 1263 0139 19       		.uleb128 0x19
 1264 013a 34       		.uleb128 0x34
 1265 013b 00       		.byte	0
 1266 013c 03       		.uleb128 0x3
 1267 013d 0E       		.uleb128 0xe
 1268 013e 3A       		.uleb128 0x3a
 1269 013f 0B       		.uleb128 0xb
 1270 0140 3B       		.uleb128 0x3b
 1271 0141 0B       		.uleb128 0xb
 1272 0142 49       		.uleb128 0x49
 1273 0143 13       		.uleb128 0x13
 1274 0144 3F       		.uleb128 0x3f
 1275 0145 19       		.uleb128 0x19
 1276 0146 02       		.uleb128 0x2
 1277 0147 18       		.uleb128 0x18
 1278 0148 00       		.byte	0
 1279 0149 00       		.byte	0
 1280 014a 1A       		.uleb128 0x1a
 1281 014b 2E       		.uleb128 0x2e
 1282 014c 00       		.byte	0
 1283 014d 3F       		.uleb128 0x3f
 1284 014e 19       		.uleb128 0x19
 1285 014f 3C       		.uleb128 0x3c
 1286 0150 19       		.uleb128 0x19
 1287 0151 6E       		.uleb128 0x6e
 1288 0152 0E       		.uleb128 0xe
 1289 0153 03       		.uleb128 0x3
 1290 0154 0E       		.uleb128 0xe
 1291 0155 3A       		.uleb128 0x3a
 1292 0156 0B       		.uleb128 0xb
 1293 0157 3B       		.uleb128 0x3b
 1294 0158 0B       		.uleb128 0xb
 1295 0159 00       		.byte	0
 1296 015a 00       		.byte	0
 1297 015b 00       		.byte	0
 1298              		.section	.debug_loc,"",%progbits
 1299              	.Ldebug_loc0:
 1300              	.LLST0:
 1301 0000 00000000 		.4byte	.LVL11
 1302 0004 06000000 		.4byte	.LVL12
 1303 0008 0100     		.2byte	0x1
 1304 000a 50       		.byte	0x50
 1305 000b 06000000 		.4byte	.LVL12
 1306 000f 18000000 		.4byte	.LFE68
 1307 0013 0100     		.2byte	0x1
 1308 0015 54       		.byte	0x54
 1309 0016 00000000 		.4byte	0
 1310 001a 00000000 		.4byte	0
ARM GAS  C:\Users\Lory\AppData\Local\Temp\ccy3KFcl.s 			page 28


 1311              	.LLST1:
 1312 001e 00000000 		.4byte	.LVL16
 1313 0022 0C000000 		.4byte	.LVL17
 1314 0026 0100     		.2byte	0x1
 1315 0028 50       		.byte	0x50
 1316 0029 0C000000 		.4byte	.LVL17
 1317 002d 20000000 		.4byte	.LFE67
 1318 0031 0400     		.2byte	0x4
 1319 0033 F3       		.byte	0xf3
 1320 0034 01       		.uleb128 0x1
 1321 0035 50       		.byte	0x50
 1322 0036 9F       		.byte	0x9f
 1323 0037 00000000 		.4byte	0
 1324 003b 00000000 		.4byte	0
 1325              	.LLST2:
 1326 003f 00000000 		.4byte	.LVL19
 1327 0043 48000000 		.4byte	.LVL29
 1328 0047 0100     		.2byte	0x1
 1329 0049 50       		.byte	0x50
 1330 004a 48000000 		.4byte	.LVL29
 1331 004e 66000000 		.4byte	.LFE70
 1332 0052 0400     		.2byte	0x4
 1333 0054 F3       		.byte	0xf3
 1334 0055 01       		.uleb128 0x1
 1335 0056 50       		.byte	0x50
 1336 0057 9F       		.byte	0x9f
 1337 0058 00000000 		.4byte	0
 1338 005c 00000000 		.4byte	0
 1339              	.LLST3:
 1340 0060 12000000 		.4byte	.LVL20
 1341 0064 14000000 		.4byte	.LVL21
 1342 0068 0200     		.2byte	0x2
 1343 006a 30       		.byte	0x30
 1344 006b 9F       		.byte	0x9f
 1345 006c 14000000 		.4byte	.LVL21
 1346 0070 3E000000 		.4byte	.LVL27
 1347 0074 0100     		.2byte	0x1
 1348 0076 56       		.byte	0x56
 1349 0077 40000000 		.4byte	.LVL28
 1350 007b 64000000 		.4byte	.LVL32
 1351 007f 0100     		.2byte	0x1
 1352 0081 56       		.byte	0x56
 1353 0082 00000000 		.4byte	0
 1354 0086 00000000 		.4byte	0
 1355              	.LLST4:
 1356 008a 14000000 		.4byte	.LVL21
 1357 008e 32000000 		.4byte	.LVL23
 1358 0092 0100     		.2byte	0x1
 1359 0094 54       		.byte	0x54
 1360 0095 34000000 		.4byte	.LVL24
 1361 0099 36000000 		.4byte	.LVL25
 1362 009d 0100     		.2byte	0x1
 1363 009f 54       		.byte	0x54
 1364 00a0 38000000 		.4byte	.LVL26
 1365 00a4 40000000 		.4byte	.LVL28
 1366 00a8 0100     		.2byte	0x1
 1367 00aa 54       		.byte	0x54
ARM GAS  C:\Users\Lory\AppData\Local\Temp\ccy3KFcl.s 			page 29


 1368 00ab 00000000 		.4byte	0
 1369 00af 00000000 		.4byte	0
 1370              	.LLST5:
 1371 00b3 22000000 		.4byte	.LVL22
 1372 00b7 36000000 		.4byte	.LVL25
 1373 00bb 0100     		.2byte	0x1
 1374 00bd 57       		.byte	0x57
 1375 00be 00000000 		.4byte	0
 1376 00c2 00000000 		.4byte	0
 1377              	.LLST6:
 1378 00c6 48000000 		.4byte	.LVL29
 1379 00ca 5A000000 		.4byte	.LVL30
 1380 00ce 0100     		.2byte	0x1
 1381 00d0 53       		.byte	0x53
 1382 00d1 5C000000 		.4byte	.LVL31
 1383 00d5 66000000 		.4byte	.LFE70
 1384 00d9 0100     		.2byte	0x1
 1385 00db 53       		.byte	0x53
 1386 00dc 00000000 		.4byte	0
 1387 00e0 00000000 		.4byte	0
 1388              	.LLST7:
 1389 00e4 00000000 		.4byte	.LVL33
 1390 00e8 04000000 		.4byte	.LVL35
 1391 00ec 0100     		.2byte	0x1
 1392 00ee 50       		.byte	0x50
 1393 00ef 04000000 		.4byte	.LVL35
 1394 00f3 0A000000 		.4byte	.LFE71
 1395 00f7 0400     		.2byte	0x4
 1396 00f9 F3       		.byte	0xf3
 1397 00fa 01       		.uleb128 0x1
 1398 00fb 50       		.byte	0x50
 1399 00fc 9F       		.byte	0x9f
 1400 00fd 00000000 		.4byte	0
 1401 0101 00000000 		.4byte	0
 1402              	.LLST8:
 1403 0105 00000000 		.4byte	.LVL36
 1404 0109 08000000 		.4byte	.LVL38
 1405 010d 0100     		.2byte	0x1
 1406 010f 50       		.byte	0x50
 1407 0110 08000000 		.4byte	.LVL38
 1408 0114 2C000000 		.4byte	.LFE69
 1409 0118 0100     		.2byte	0x1
 1410 011a 55       		.byte	0x55
 1411 011b 00000000 		.4byte	0
 1412 011f 00000000 		.4byte	0
 1413              	.LLST9:
 1414 0123 04000000 		.4byte	.LVL37
 1415 0127 08000000 		.4byte	.LVL38
 1416 012b 0200     		.2byte	0x2
 1417 012d 30       		.byte	0x30
 1418 012e 9F       		.byte	0x9f
 1419 012f 08000000 		.4byte	.LVL38
 1420 0133 24000000 		.4byte	.LVL40
 1421 0137 0100     		.2byte	0x1
 1422 0139 54       		.byte	0x54
 1423 013a 26000000 		.4byte	.LVL41
 1424 013e 2C000000 		.4byte	.LFE69
ARM GAS  C:\Users\Lory\AppData\Local\Temp\ccy3KFcl.s 			page 30


 1425 0142 0100     		.2byte	0x1
 1426 0144 54       		.byte	0x54
 1427 0145 00000000 		.4byte	0
 1428 0149 00000000 		.4byte	0
 1429              	.LLST10:
 1430 014d 00000000 		.4byte	.LVL42
 1431 0151 0B000000 		.4byte	.LVL43-1
 1432 0155 0100     		.2byte	0x1
 1433 0157 50       		.byte	0x50
 1434 0158 0B000000 		.4byte	.LVL43-1
 1435 015c 20000000 		.4byte	.LFE66
 1436 0160 0400     		.2byte	0x4
 1437 0162 F3       		.byte	0xf3
 1438 0163 01       		.uleb128 0x1
 1439 0164 50       		.byte	0x50
 1440 0165 9F       		.byte	0x9f
 1441 0166 00000000 		.4byte	0
 1442 016a 00000000 		.4byte	0
 1443              		.section	.debug_aranges,"",%progbits
 1444 0000 54000000 		.4byte	0x54
 1445 0004 0200     		.2byte	0x2
 1446 0006 00000000 		.4byte	.Ldebug_info0
 1447 000a 04       		.byte	0x4
 1448 000b 00       		.byte	0
 1449 000c 0000     		.2byte	0
 1450 000e 0000     		.2byte	0
 1451 0010 00000000 		.4byte	.LFB65
 1452 0014 28000000 		.4byte	.LFE65-.LFB65
 1453 0018 00000000 		.4byte	.LFB64
 1454 001c 24000000 		.4byte	.LFE64-.LFB64
 1455 0020 00000000 		.4byte	.LFB68
 1456 0024 18000000 		.4byte	.LFE68-.LFB68
 1457 0028 00000000 		.4byte	.LFB67
 1458 002c 20000000 		.4byte	.LFE67-.LFB67
 1459 0030 00000000 		.4byte	.LFB70
 1460 0034 66000000 		.4byte	.LFE70-.LFB70
 1461 0038 00000000 		.4byte	.LFB71
 1462 003c 0A000000 		.4byte	.LFE71-.LFB71
 1463 0040 00000000 		.4byte	.LFB69
 1464 0044 2C000000 		.4byte	.LFE69-.LFB69
 1465 0048 00000000 		.4byte	.LFB66
 1466 004c 20000000 		.4byte	.LFE66-.LFB66
 1467 0050 00000000 		.4byte	0
 1468 0054 00000000 		.4byte	0
 1469              		.section	.debug_ranges,"",%progbits
 1470              	.Ldebug_ranges0:
 1471 0000 14000000 		.4byte	.LBB3
 1472 0004 36000000 		.4byte	.LBE3
 1473 0008 38000000 		.4byte	.LBB5
 1474 000c 3C000000 		.4byte	.LBE5
 1475 0010 00000000 		.4byte	0
 1476 0014 00000000 		.4byte	0
 1477 0018 00000000 		.4byte	.LFB65
 1478 001c 28000000 		.4byte	.LFE65
 1479 0020 00000000 		.4byte	.LFB64
 1480 0024 24000000 		.4byte	.LFE64
 1481 0028 00000000 		.4byte	.LFB68
ARM GAS  C:\Users\Lory\AppData\Local\Temp\ccy3KFcl.s 			page 31


 1482 002c 18000000 		.4byte	.LFE68
 1483 0030 00000000 		.4byte	.LFB67
 1484 0034 20000000 		.4byte	.LFE67
 1485 0038 00000000 		.4byte	.LFB70
 1486 003c 66000000 		.4byte	.LFE70
 1487 0040 00000000 		.4byte	.LFB71
 1488 0044 0A000000 		.4byte	.LFE71
 1489 0048 00000000 		.4byte	.LFB69
 1490 004c 2C000000 		.4byte	.LFE69
 1491 0050 00000000 		.4byte	.LFB66
 1492 0054 20000000 		.4byte	.LFE66
 1493 0058 00000000 		.4byte	0
 1494 005c 00000000 		.4byte	0
 1495              		.section	.debug_line,"",%progbits
 1496              	.Ldebug_line0:
 1497 0000 67020000 		.section	.debug_str,"MS",%progbits,1
 1497      02007901 
 1497      00000201 
 1497      FB0E0D00 
 1497      01010101 
 1498              	.LASF44:
 1499 0000 50574D5F 		.ascii	"PWM_B_ReadCompare\000"
 1499      425F5265 
 1499      6164436F 
 1499      6D706172 
 1499      6500
 1500              	.LASF0:
 1501 0012 5F5F696E 		.ascii	"__int8_t\000"
 1501      74385F74 
 1501      00
 1502              	.LASF1:
 1503 001b 5F5F7569 		.ascii	"__uint8_t\000"
 1503      6E74385F 
 1503      7400
 1504              	.LASF34:
 1505 0025 76616C75 		.ascii	"value\000"
 1505      6500
 1506              	.LASF7:
 1507 002b 5F5F696E 		.ascii	"__int32_t\000"
 1507      7433325F 
 1507      7400
 1508              	.LASF35:
 1509 0035 6D61736B 		.ascii	"mask\000"
 1509      00
 1510              	.LASF8:
 1511 003a 6C6F6E67 		.ascii	"long int\000"
 1511      20696E74 
 1511      00
 1512              	.LASF40:
 1513 0043 50574D5F 		.ascii	"PWM_RG_ReadCompare1\000"
 1513      52475F52 
 1513      65616443 
 1513      6F6D7061 
 1513      72653100 
 1514              	.LASF42:
 1515 0057 50574D5F 		.ascii	"PWM_RG_ReadCompare2\000"
 1515      52475F52 
ARM GAS  C:\Users\Lory\AppData\Local\Temp\ccy3KFcl.s 			page 32


 1515      65616443 
 1515      6F6D7061 
 1515      72653200 
 1516              	.LASF19:
 1517 006b 646F7562 		.ascii	"double\000"
 1517      6C6500
 1518              	.LASF17:
 1519 0072 75696E74 		.ascii	"uint8\000"
 1519      3800
 1520              	.LASF30:
 1521 0078 66696C74 		.ascii	"filtPtr\000"
 1521      50747200 
 1522              	.LASF13:
 1523 0080 696E7438 		.ascii	"int8_t\000"
 1523      5F7400
 1524              	.LASF18:
 1525 0087 666C6F61 		.ascii	"float\000"
 1525      7400
 1526              	.LASF37:
 1527 008d 5247425F 		.ascii	"RGB_Driver\000"
 1527      44726976 
 1527      657200
 1528              	.LASF3:
 1529 0098 756E7369 		.ascii	"unsigned char\000"
 1529      676E6564 
 1529      20636861 
 1529      7200
 1530              	.LASF50:
 1531 00a6 474E5520 		.ascii	"GNU C11 5.4.1 20160609 (release) [ARM/embedded-5-br"
 1531      43313120 
 1531      352E342E 
 1531      31203230 
 1531      31363036 
 1532 00d9 616E6368 		.ascii	"anch revision 237715] -mcpu=cortex-m3 -mthumb -g -O"
 1532      20726576 
 1532      6973696F 
 1532      6E203233 
 1532      37373135 
 1533 010c 67202D66 		.ascii	"g -ffunction-sections -ffat-lto-objects\000"
 1533      66756E63 
 1533      74696F6E 
 1533      2D736563 
 1533      74696F6E 
 1534              	.LASF27:
 1535 0134 64617461 		.ascii	"dataPtr\000"
 1535      50747200 
 1536              	.LASF9:
 1537 013c 6C6F6E67 		.ascii	"long unsigned int\000"
 1537      20756E73 
 1537      69676E65 
 1537      6420696E 
 1537      7400
 1538              	.LASF47:
 1539 014e 50574D5F 		.ascii	"PWM_RG_Start\000"
 1539      52475F53 
 1539      74617274 
 1539      00
ARM GAS  C:\Users\Lory\AppData\Local\Temp\ccy3KFcl.s 			page 33


 1540              	.LASF6:
 1541 015b 73686F72 		.ascii	"short unsigned int\000"
 1541      7420756E 
 1541      7369676E 
 1541      65642069 
 1541      6E7400
 1542              	.LASF24:
 1543 016e 5247425F 		.ascii	"RGB_Init\000"
 1543      496E6974 
 1543      00
 1544              	.LASF51:
 1545 0177 5247425F 		.ascii	"RGB_Driver.c\000"
 1545      44726976 
 1545      65722E63 
 1545      00
 1546              	.LASF38:
 1547 0184 49544D5F 		.ascii	"ITM_RxBuffer\000"
 1547      52784275 
 1547      66666572 
 1547      00
 1548              	.LASF39:
 1549 0191 5247425F 		.ascii	"RGB_DataBuffer\000"
 1549      44617461 
 1549      42756666 
 1549      657200
 1550              	.LASF41:
 1551 01a0 50574D5F 		.ascii	"PWM_RG_WriteCompare1\000"
 1551      52475F57 
 1551      72697465 
 1551      436F6D70 
 1551      61726531 
 1552              	.LASF43:
 1553 01b5 50574D5F 		.ascii	"PWM_RG_WriteCompare2\000"
 1553      52475F57 
 1553      72697465 
 1553      436F6D70 
 1553      61726532 
 1554              	.LASF26:
 1555 01ca 5247425F 		.ascii	"RGB_sendFlagNotify\000"
 1555      73656E64 
 1555      466C6167 
 1555      4E6F7469 
 1555      667900
 1556              	.LASF4:
 1557 01dd 5F5F696E 		.ascii	"__int16_t\000"
 1557      7431365F 
 1557      7400
 1558              	.LASF28:
 1559 01e7 666C6167 		.ascii	"flag\000"
 1559      00
 1560              	.LASF12:
 1561 01ec 756E7369 		.ascii	"unsigned int\000"
 1561      676E6564 
 1561      20696E74 
 1561      00
 1562              	.LASF25:
 1563 01f9 50574D5F 		.ascii	"PWM_Driver\000"
ARM GAS  C:\Users\Lory\AppData\Local\Temp\ccy3KFcl.s 			page 34


 1563      44726976 
 1563      657200
 1564              	.LASF11:
 1565 0204 6C6F6E67 		.ascii	"long long unsigned int\000"
 1565      206C6F6E 
 1565      6720756E 
 1565      7369676E 
 1565      65642069 
 1566              	.LASF14:
 1567 021b 75696E74 		.ascii	"uint8_t\000"
 1567      385F7400 
 1568              	.LASF46:
 1569 0223 50574D5F 		.ascii	"PWM_RG_ReadControlRegister\000"
 1569      52475F52 
 1569      65616443 
 1569      6F6E7472 
 1569      6F6C5265 
 1570              	.LASF15:
 1571 023e 696E7431 		.ascii	"int16_t\000"
 1571      365F7400 
 1572              	.LASF16:
 1573 0246 696E7433 		.ascii	"int32_t\000"
 1573      325F7400 
 1574              	.LASF22:
 1575 024e 73697A65 		.ascii	"sizetype\000"
 1575      74797065 
 1575      00
 1576              	.LASF10:
 1577 0257 6C6F6E67 		.ascii	"long long int\000"
 1577      206C6F6E 
 1577      6720696E 
 1577      7400
 1578              	.LASF23:
 1579 0265 5247425F 		.ascii	"RGB_Stop\000"
 1579      53746F70 
 1579      00
 1580              	.LASF20:
 1581 026e 63686172 		.ascii	"char\000"
 1581      00
 1582              	.LASF36:
 1583 0273 5247425F 		.ascii	"RGB_dataProcess\000"
 1583      64617461 
 1583      50726F63 
 1583      65737300 
 1584              	.LASF45:
 1585 0283 50574D5F 		.ascii	"PWM_B_WriteCompare\000"
 1585      425F5772 
 1585      69746543 
 1585      6F6D7061 
 1585      726500
 1586              	.LASF29:
 1587 0296 4D6F7669 		.ascii	"Moving_Average\000"
 1587      6E675F41 
 1587      76657261 
 1587      676500
 1588              	.LASF5:
 1589 02a5 73686F72 		.ascii	"short int\000"
ARM GAS  C:\Users\Lory\AppData\Local\Temp\ccy3KFcl.s 			page 35


 1589      7420696E 
 1589      7400
 1590              	.LASF32:
 1591 02af 62756666 		.ascii	"buffer\000"
 1591      657200
 1592              	.LASF52:
 1593 02b6 433A5C55 		.ascii	"C:\\Users\\Lory\\Desktop\\info_projects\\git_reposi"
 1593      73657273 
 1593      5C4C6F72 
 1593      795C4465 
 1593      736B746F 
 1594 02e4 746F7269 		.ascii	"tories\\PSoC-Final-Project\\AY1920_II_HW_FINAL_CARZ"
 1594      65735C50 
 1594      536F432D 
 1594      46696E61 
 1594      6C2D5072 
 1595 0315 414E4947 		.ascii	"ANIGA_GUALNIERA\\AY1920_II_HW_FINAL_CARZANIGA_GUALN"
 1595      415F4755 
 1595      414C4E49 
 1595      4552415C 
 1595      41593139 
 1596 0347 49455241 		.ascii	"IERA.cydsn\000"
 1596      2E637964 
 1596      736E00
 1597              	.LASF49:
 1598 0352 50574D5F 		.ascii	"PWM_B_Start\000"
 1598      425F5374 
 1598      61727400 
 1599              	.LASF53:
 1600 035e 4162736F 		.ascii	"Absolute_Value\000"
 1600      6C757465 
 1600      5F56616C 
 1600      756500
 1601              	.LASF33:
 1602 036d 64617461 		.ascii	"dataSum\000"
 1602      53756D00 
 1603              	.LASF21:
 1604 0375 6C6F6E67 		.ascii	"long double\000"
 1604      20646F75 
 1604      626C6500 
 1605              	.LASF2:
 1606 0381 7369676E 		.ascii	"signed char\000"
 1606      65642063 
 1606      68617200 
 1607              	.LASF48:
 1608 038d 50574D5F 		.ascii	"PWM_B_ReadControlRegister\000"
 1608      425F5265 
 1608      6164436F 
 1608      6E74726F 
 1608      6C526567 
 1609              	.LASF31:
 1610 03a7 77696E64 		.ascii	"windowSize\000"
 1610      6F775369 
 1610      7A6500
 1611              		.ident	"GCC: (GNU Tools for ARM Embedded Processors) 5.4.1 20160609 (release) [ARM/embedded-5-bran
